#
# There is insufficient memory for the Java Runtime Environment to continue.
# Native memory allocation (mmap) failed to map 164102144 bytes for committing reserved memory.
# Possible reasons:
#   The system is out of physical RAM or swap space
#   In 32 bit mode, the process size limit was hit
# Possible solutions:
#   Reduce memory load on the system
#   Increase physical memory or swap space
#   Check if swap backing store is full
#   Use 64 bit Java on a 64 bit OS
#   Decrease Java heap size (-Xmx/-Xms)
#   Decrease number of Java threads
#   Decrease Java thread stack sizes (-Xss)
#   Set larger code cache with -XX:ReservedCodeCacheSize=
# This output file may be truncated or incomplete.
#
#  Out of Memory Error (os_linux.cpp:2627), pid=2902, tid=0x00007f6c34bfb700
#
# JRE version: OpenJDK Runtime Environment (8.0_92-b14) (build 1.8.0_92-b14)
# Java VM: OpenJDK 64-Bit Server VM (25.92-b14 mixed mode linux-amd64 compressed oops)
# Core dump written. Default location: /data/repos/OSTMap/batch_processing/core or core.2902
#

---------------  T H R E A D  ---------------

Current thread (0x00007f6c44083000):  VMThread [stack: 0x00007f6c34afb000,0x00007f6c34bfc000] [id=2912]

Stack: [0x00007f6c34afb000,0x00007f6c34bfc000],  sp=0x00007f6c34bfa4c0,  free space=1021k
Native frames: (J=compiled Java code, j=interpreted, Vv=VM code, C=native code)
V  [libjvm.so+0xa596cb]
V  [libjvm.so+0x4c344c]
V  [libjvm.so+0x8aa3f0]
V  [libjvm.so+0x8a491e]
V  [libjvm.so+0x91e90b]
V  [libjvm.so+0x91fc43]
V  [libjvm.so+0x91c31b]
V  [libjvm.so+0x91c5cc]
V  [libjvm.so+0x8ce953]
V  [libjvm.so+0xa5b312]
V  [libjvm.so+0xa602e7]
V  [libjvm.so+0xa5db2c]
V  [libjvm.so+0xa5ef0f]
V  [libjvm.so+0xa5f401]
V  [libjvm.so+0x8a7902]

VM_Operation (0x00007f6c4cd3c560): ParallelGCFailedAllocation, mode: safepoint, requested by thread 0x00007f6c44015800


---------------  P R O C E S S  ---------------

Java Threads: ( => current thread )
  0x00007f6c452c6800 JavaThread "Timer-0" daemon [_thread_blocked, id=3391, stack(0x00007f6bba7a6000,0x00007f6bba8a7000)]
  0x00007f6c452b9800 JavaThread "BLOB Server listener at 36881" daemon [_thread_in_native, id=3390, stack(0x00007f6bba8a7000,0x00007f6bba9a8000)]
  0x00007f6bdc001800 JavaThread "flink-akka.actor.default-dispatcher-4" daemon [_thread_blocked, id=3389, stack(0x00007f6bbb5e2000,0x00007f6bbb6e3000)]
  0x00007f6c451e6000 JavaThread "flink-akka.actor.default-dispatcher-3" daemon [_thread_blocked, id=3388, stack(0x00007f6bbb8ec000,0x00007f6bbb9ed000)]
  0x00007f6c4514c800 JavaThread "flink-akka.actor.default-dispatcher-2" daemon [_thread_blocked, id=3387, stack(0x00007f6c24ad6000,0x00007f6c24bd7000)]
  0x00007f6c44fb2000 JavaThread "flink-scheduler-1" daemon [_thread_blocked, id=3386, stack(0x00007f6c249d5000,0x00007f6c24ad6000)]
  0x00007f6c44d3a000 JavaThread "process reaper" daemon [_thread_blocked, id=3372, stack(0x00007f6bbb1a9000,0x00007f6bbb1e2000)]
  0x00007f6c44d39000 JavaThread "process reaper" daemon [_thread_blocked, id=3369, stack(0x00007f6c24034000,0x00007f6c2406d000)]
  0x00007f6c44ab2000 JavaThread "Thrift Connection Pool Checker" daemon [_thread_blocked, id=3212, stack(0x00007f6bbbbed000,0x00007f6bbbcee000)]
  0x00007f6c4493b800 JavaThread "main-EventThread" daemon [_thread_blocked, id=3207, stack(0x00007f6bbbcee000,0x00007f6bbbdef000)]
  0x00007f6c44940800 JavaThread "main-SendThread(localhost.localdomain:44936)" daemon [_thread_in_native, id=3206, stack(0x00007f6c2406d000,0x00007f6c2416e000)]
  0x00007f6c443fe800 JavaThread "process reaper" daemon [_thread_blocked, id=3167, stack(0x00007f6c24bd7000,0x00007f6c24c10000)]
  0x00007f6c443f6800 JavaThread "Thread-12" daemon [_thread_in_native, id=3164, stack(0x00007f6c24c10000,0x00007f6c24d11000)]
  0x00007f6c443f6000 JavaThread "Thread-11" daemon [_thread_in_native, id=3163, stack(0x00007f6c24d11000,0x00007f6c24e12000)]
  0x00007f6c448e6000 JavaThread "process reaper" daemon [_thread_in_native, id=3045, stack(0x00007f6c24e12000,0x00007f6c24e4b000)]
  0x00007f6c448e3800 JavaThread "Thread-8" daemon [_thread_in_native, id=3038, stack(0x00007f6c24e4b000,0x00007f6c24f4c000)]
  0x00007f6c448e1800 JavaThread "Thread-7" daemon [_thread_in_native, id=3037, stack(0x00007f6c24f4c000,0x00007f6c2504d000)]
  0x00007f6c448e0000 JavaThread "process reaper" daemon [_thread_in_native, id=3036, stack(0x00007f6c2504d000,0x00007f6c25086000)]
  0x00007f6c448df000 JavaThread "Thread-6" daemon [_thread_in_native, id=3029, stack(0x00007f6c25086000,0x00007f6c25187000)]
  0x00007f6c441b2000 JavaThread "Thread-5" daemon [_thread_in_native, id=3028, stack(0x00007f6c25187000,0x00007f6c25288000)]
  0x00007f6c44a84000 JavaThread "process reaper" daemon [_thread_in_native, id=2974, stack(0x00007f6c25288000,0x00007f6c252c1000)]
  0x00007f6c44a80000 JavaThread "Thread-2" daemon [_thread_in_native, id=2938, stack(0x00007f6c252c1000,0x00007f6c253c2000)]
  0x00007f6c44a7e000 JavaThread "Thread-1" daemon [_thread_in_native, id=2937, stack(0x00007f6c253c2000,0x00007f6c254c3000)]
  0x00007f6c44a7c800 JavaThread "SimpleTimer-0" daemon [_thread_blocked, id=2936, stack(0x00007f6c254c3000,0x00007f6c255c4000)]
  0x00007f6c44a72000 JavaThread "process reaper" daemon [_thread_in_native, id=2930, stack(0x00007f6c255c4000,0x00007f6c255fd000)]
  0x00007f6c44104800 JavaThread "Monitor Ctrl-Break" daemon [_thread_in_native, id=2927, stack(0x00007f6c2603e000,0x00007f6c2613f000)]
  0x00007f6c440cc800 JavaThread "Service Thread" daemon [_thread_blocked, id=2925, stack(0x00007f6c340de000,0x00007f6c341df000)]
  0x00007f6c440c9800 JavaThread "C1 CompilerThread2" daemon [_thread_blocked, id=2924, stack(0x00007f6c341df000,0x00007f6c342e0000)]
  0x00007f6c440c7800 JavaThread "C2 CompilerThread1" daemon [_thread_blocked, id=2923, stack(0x00007f6c342e0000,0x00007f6c343e1000)]
  0x00007f6c440c4800 JavaThread "C2 CompilerThread0" daemon [_thread_blocked, id=2922, stack(0x00007f6c343e1000,0x00007f6c344e2000)]
  0x00007f6c440c3000 JavaThread "Signal Dispatcher" daemon [_thread_blocked, id=2921, stack(0x00007f6c344e2000,0x00007f6c345e3000)]
  0x00007f6c4408f800 JavaThread "Finalizer" daemon [_thread_blocked, id=2914, stack(0x00007f6c348f9000,0x00007f6c349fa000)]
  0x00007f6c4408a800 JavaThread "Reference Handler" daemon [_thread_blocked, id=2913, stack(0x00007f6c349fa000,0x00007f6c34afb000)]
  0x00007f6c44015800 JavaThread "main" [_thread_blocked, id=2905, stack(0x00007f6c4cc3f000,0x00007f6c4cd40000)]

Other Threads:
=>0x00007f6c44083000 VMThread [stack: 0x00007f6c34afb000,0x00007f6c34bfc000] [id=2912]
  0x00007f6c440cf000 WatcherThread [stack: 0x00007f6c2613f000,0x00007f6c26240000] [id=2926]

VM state:at safepoint (normal execution)

VM Mutex/Monitor currently owned by a thread:  ([mutex/lock_event])
[0x00007f6c44013690] Threads_lock - owner thread: 0x00007f6c44083000
[0x00007f6c44013b90] Heap_lock - owner thread: 0x00007f6c44015800

Heap:
 PSYoungGen      total 127488K, used 8183K [0x00000000ec300000, 0x00000000f4780000, 0x0000000100000000)
  eden space 119296K, 0% used [0x00000000ec300000,0x00000000ec300000,0x00000000f3780000)
  from space 8192K, 99% used [0x00000000f3780000,0x00000000f3f7de40,0x00000000f3f80000)
  to   space 5120K, 0% used [0x00000000f4280000,0x00000000f4280000,0x00000000f4780000)
 ParOldGen       total 61440K, used 61183K [0x00000000c4800000, 0x00000000c8400000, 0x00000000ec300000)
  object space 61440K, 99% used [0x00000000c4800000,0x00000000c83bfcd8,0x00000000c8400000)
 Metaspace       used 26158K, capacity 26444K, committed 26752K, reserved 1073152K
  class space    used 3510K, capacity 3598K, committed 3712K, reserved 1048576K

Card table byte_map: [0x00007f6c49d2f000,0x00007f6c49f0c000] byte_map_base: 0x00007f6c4970b000

Marking Bits: (ParMarkBitMap*) 0x00007f6c4bf52540
 Begin Bits: [0x00007f6c26240000, 0x00007f6c27120000)
 End Bits:   [0x00007f6c27120000, 0x00007f6c28000000)

Polling page: 0x00007f6c4cd75000

CodeCache: size=245760Kb used=5091Kb max_used=5091Kb free=240668Kb
 bounds [0x00007f6c35000000, 0x00007f6c35500000, 0x00007f6c44000000]
 total_blobs=2002 nmethods=1568 adapters=348
 compilation: enabled

Compilation events (10 events):
Event: 19,662 Thread 0x00007f6c440c9800 1678       3       org.apache.flink.core.memory.HeapMemorySegment$HeapMemorySegmentFactory::wrapPooledHeapMemory (10 bytes)
Event: 19,663 Thread 0x00007f6c440c9800 nmethod 1678 0x00007f6c354fce50 code [0x00007f6c354fcfe0, 0x00007f6c354fd3b8]
Event: 19,663 Thread 0x00007f6c440c9800 1680       3       java.util.concurrent.ArrayBlockingQueue::checkNotNull (13 bytes)
Event: 19,663 Thread 0x00007f6c440c9800 nmethod 1680 0x00007f6c354fd5d0 code [0x00007f6c354fd740, 0x00007f6c354fd968]
Event: 19,663 Thread 0x00007f6c440c9800 1679       3       org.apache.flink.core.memory.HeapMemorySegment::<init> (18 bytes)
Event: 19,663 Thread 0x00007f6c440c9800 nmethod 1679 0x00007f6c354fda50 code [0x00007f6c354fdbe0, 0x00007f6c354fded8]
Event: 19,663 Thread 0x00007f6c440c9800 1681       3       java.util.concurrent.ArrayBlockingQueue::enqueue (53 bytes)
Event: 19,664 Thread 0x00007f6c440c9800 nmethod 1681 0x00007f6c354fe050 code [0x00007f6c354fe200, 0x00007f6c354fe7a8]
Event: 19,664 Thread 0x00007f6c440c9800 1682       3       org.apache.flink.core.memory.MemorySegment::<init> (56 bytes)
Event: 19,665 Thread 0x00007f6c440c9800 nmethod 1682 0x00007f6c354fea50 code [0x00007f6c354febe0, 0x00007f6c354feee8]

GC Heap History (10 events):
Event: 18,702 GC heap after
Heap after GC invocations=6 (full 0):
 PSYoungGen      total 69120K, used 5206K [0x00000000ec300000, 0x00000000f0e00000, 0x0000000100000000)
  eden space 61440K, 0% used [0x00000000ec300000,0x00000000ec300000,0x00000000eff00000)
  from space 7680K, 67% used [0x00000000f0680000,0x00000000f0b95b78,0x00000000f0e00000)
  to   space 7680K, 0% used [0x00000000eff00000,0x00000000eff00000,0x00000000f0680000)
 ParOldGen       total 40960K, used 10531K [0x00000000c4800000, 0x00000000c7000000, 0x00000000ec300000)
  object space 40960K, 25% used [0x00000000c4800000,0x00000000c5248da8,0x00000000c7000000)
 Metaspace       used 20034K, capacity 20268K, committed 20608K, reserved 1067008K
  class space    used 2521K, capacity 2606K, committed 2688K, reserved 1048576K
}
Event: 18,788 GC heap before
{Heap before GC invocations=7 (full 0):
 PSYoungGen      total 69120K, used 14663K [0x00000000ec300000, 0x00000000f0e00000, 0x0000000100000000)
  eden space 61440K, 15% used [0x00000000ec300000,0x00000000ecc3c2e8,0x00000000eff00000)
  from space 7680K, 67% used [0x00000000f0680000,0x00000000f0b95b78,0x00000000f0e00000)
  to   space 7680K, 0% used [0x00000000eff00000,0x00000000eff00000,0x00000000f0680000)
 ParOldGen       total 40960K, used 10531K [0x00000000c4800000, 0x00000000c7000000, 0x00000000ec300000)
  object space 40960K, 25% used [0x00000000c4800000,0x00000000c5248da8,0x00000000c7000000)
 Metaspace       used 20839K, capacity 21036K, committed 21248K, reserved 1067008K
  class space    used 2659K, capacity 2734K, committed 2816K, reserved 1048576K
Event: 18,793 GC heap after
Heap after GC invocations=7 (full 0):
 PSYoungGen      total 69120K, used 2386K [0x00000000ec300000, 0x00000000f4a00000, 0x0000000100000000)
  eden space 61440K, 0% used [0x00000000ec300000,0x00000000ec300000,0x00000000eff00000)
  from space 7680K, 31% used [0x00000000eff00000,0x00000000f0154b80,0x00000000f0680000)
  to   space 7680K, 0% used [0x00000000f4280000,0x00000000f4280000,0x00000000f4a00000)
 ParOldGen       total 40960K, used 11625K [0x00000000c4800000, 0x00000000c7000000, 0x00000000ec300000)
  object space 40960K, 28% used [0x00000000c4800000,0x00000000c535a420,0x00000000c7000000)
 Metaspace       used 20839K, capacity 21036K, committed 21248K, reserved 1067008K
  class space    used 2659K, capacity 2734K, committed 2816K, reserved 1048576K
}
Event: 18,793 GC heap before
{Heap before GC invocations=8 (full 1):
 PSYoungGen      total 69120K, used 2386K [0x00000000ec300000, 0x00000000f4a00000, 0x0000000100000000)
  eden space 61440K, 0% used [0x00000000ec300000,0x00000000ec300000,0x00000000eff00000)
  from space 7680K, 31% used [0x00000000eff00000,0x00000000f0154b80,0x00000000f0680000)
  to   space 7680K, 0% used [0x00000000f4280000,0x00000000f4280000,0x00000000f4a00000)
 ParOldGen       total 40960K, used 11625K [0x00000000c4800000, 0x00000000c7000000, 0x00000000ec300000)
  object space 40960K, 28% used [0x00000000c4800000,0x00000000c535a420,0x00000000c7000000)
 Metaspace       used 20839K, capacity 21036K, committed 21248K, reserved 1067008K
  class space    used 2659K, capacity 2734K, committed 2816K, reserved 1048576K
Event: 18,829 GC heap after
Heap after GC invocations=8 (full 1):
 PSYoungGen      total 69120K, used 0K [0x00000000ec300000, 0x00000000f4a00000, 0x0000000100000000)
  eden space 61440K, 0% used [0x00000000ec300000,0x00000000ec300000,0x00000000eff00000)
  from space 7680K, 0% used [0x00000000eff00000,0x00000000eff00000,0x00000000f0680000)
  to   space 7680K, 0% used [0x00000000f4280000,0x00000000f4280000,0x00000000f4a00000)
 ParOldGen       total 26624K, used 5311K [0x00000000c4800000, 0x00000000c6200000, 0x00000000ec300000)
  object space 26624K, 19% used [0x00000000c4800000,0x00000000c4d2fee8,0x00000000c6200000)
 Metaspace       used 20839K, capacity 21036K, committed 21248K, reserved 1067008K
  class space    used 2659K, capacity 2734K, committed 2816K, reserved 1048576K
}
Event: 18,845 GC heap before
{Heap before GC invocations=9 (full 1):
 PSYoungGen      total 69120K, used 3109K [0x00000000ec300000, 0x00000000f4a00000, 0x0000000100000000)
  eden space 61440K, 5% used [0x00000000ec300000,0x00000000ec6096e0,0x00000000eff00000)
  from space 7680K, 0% used [0x00000000eff00000,0x00000000eff00000,0x00000000f0680000)
  to   space 7680K, 0% used [0x00000000f4280000,0x00000000f4280000,0x00000000f4a00000)
 ParOldGen       total 26624K, used 5311K [0x00000000c4800000, 0x00000000c6200000, 0x00000000ec300000)
  object space 26624K, 19% used [0x00000000c4800000,0x00000000c4d2fee8,0x00000000c6200000)
 Metaspace       used 20956K, capacity 21196K, committed 21504K, reserved 1069056K
  class space    used 2679K, capacity 2766K, committed 2816K, reserved 1048576K
Event: 18,847 GC heap after
Heap after GC invocations=9 (full 1):
 PSYoungGen      total 124416K, used 197K [0x00000000ec300000, 0x00000000f4780000, 0x0000000100000000)
  eden space 119296K, 0% used [0x00000000ec300000,0x00000000ec300000,0x00000000f3780000)
  from space 5120K, 3% used [0x00000000f4280000,0x00000000f42b14d8,0x00000000f4780000)
  to   space 8192K, 0% used [0x00000000f3780000,0x00000000f3780000,0x00000000f3f80000)
 ParOldGen       total 26624K, used 5311K [0x00000000c4800000, 0x00000000c6200000, 0x00000000ec300000)
  object space 26624K, 19% used [0x00000000c4800000,0x00000000c4d2fee8,0x00000000c6200000)
 Metaspace       used 20956K, capacity 21196K, committed 21504K, reserved 1069056K
  class space    used 2679K, capacity 2766K, committed 2816K, reserved 1048576K
}
Event: 18,847 GC heap before
{Heap before GC invocations=10 (full 2):
 PSYoungGen      total 124416K, used 197K [0x00000000ec300000, 0x00000000f4780000, 0x0000000100000000)
  eden space 119296K, 0% used [0x00000000ec300000,0x00000000ec300000,0x00000000f3780000)
  from space 5120K, 3% used [0x00000000f4280000,0x00000000f42b14d8,0x00000000f4780000)
  to   space 8192K, 0% used [0x00000000f3780000,0x00000000f3780000,0x00000000f3f80000)
 ParOldGen       total 26624K, used 5311K [0x00000000c4800000, 0x00000000c6200000, 0x00000000ec300000)
  object space 26624K, 19% used [0x00000000c4800000,0x00000000c4d2fee8,0x00000000c6200000)
 Metaspace       used 20956K, capacity 21196K, committed 21504K, reserved 1069056K
  class space    used 2679K, capacity 2766K, committed 2816K, reserved 1048576K
Event: 18,868 GC heap after
Heap after GC invocations=10 (full 2):
 PSYoungGen      total 124416K, used 0K [0x00000000ec300000, 0x00000000f4780000, 0x0000000100000000)
  eden space 119296K, 0% used [0x00000000ec300000,0x00000000ec300000,0x00000000f3780000)
  from space 5120K, 0% used [0x00000000f4280000,0x00000000f4280000,0x00000000f4780000)
  to   space 8192K, 0% used [0x00000000f3780000,0x00000000f3780000,0x00000000f3f80000)
 ParOldGen       total 26624K, used 4783K [0x00000000c4800000, 0x00000000c6200000, 0x00000000ec300000)
  object space 26624K, 17% used [0x00000000c4800000,0x00000000c4cabe18,0x00000000c6200000)
 Metaspace       used 20956K, capacity 21196K, committed 21504K, reserved 1069056K
  class space    used 2679K, capacity 2766K, committed 2816K, reserved 1048576K
}
Event: 19,685 GC heap before
{Heap before GC invocations=11 (full 2):
 PSYoungGen      total 124416K, used 119296K [0x00000000ec300000, 0x00000000f4780000, 0x0000000100000000)
  eden space 119296K, 100% used [0x00000000ec300000,0x00000000f3780000,0x00000000f3780000)
  from space 5120K, 0% used [0x00000000f4280000,0x00000000f4280000,0x00000000f4780000)
  to   space 8192K, 0% used [0x00000000f3780000,0x00000000f3780000,0x00000000f3f80000)
 ParOldGen       total 26624K, used 4783K [0x00000000c4800000, 0x00000000c6200000, 0x00000000ec300000)
  object space 26624K, 17% used [0x00000000c4800000,0x00000000c4cabe18,0x00000000c6200000)
 Metaspace       used 26158K, capacity 26444K, committed 26752K, reserved 1073152K
  class space    used 3510K, capacity 3598K, committed 3712K, reserved 1048576K

Deoptimization events (10 events):
Event: 18,307 Thread 0x00007f6c44015800 Uncommon trap: reason=range_check action=make_not_entrant pc=0x00007f6c353e4bc0 method=sun.reflect.generics.parser.SignatureParser.current()C @ 34
Event: 19,050 Thread 0x00007f6c44015800 Uncommon trap: reason=bimorphic action=maybe_recompile pc=0x00007f6c35342a60 method=java.util.HashMap.putVal(ILjava/lang/Object;Ljava/lang/Object;ZZ)Ljava/lang/Object; @ 203
Event: 19,050 Thread 0x00007f6c44015800 Uncommon trap: reason=bimorphic action=maybe_recompile pc=0x00007f6c35342a60 method=java.util.HashMap.putVal(ILjava/lang/Object;Ljava/lang/Object;ZZ)Ljava/lang/Object; @ 203
Event: 19,050 Thread 0x00007f6c44015800 Uncommon trap: reason=bimorphic action=maybe_recompile pc=0x00007f6c35342a60 method=java.util.HashMap.putVal(ILjava/lang/Object;Ljava/lang/Object;ZZ)Ljava/lang/Object; @ 203
Event: 19,050 Thread 0x00007f6c44015800 Uncommon trap: reason=bimorphic action=maybe_recompile pc=0x00007f6c35342a60 method=java.util.HashMap.putVal(ILjava/lang/Object;Ljava/lang/Object;ZZ)Ljava/lang/Object; @ 203
Event: 19,053 Thread 0x00007f6c44015800 Uncommon trap: reason=unstable_if action=reinterpret pc=0x00007f6c3534eb68 method=sun.nio.cs.UTF_8$Decoder.decodeArrayLoop(Ljava/nio/ByteBuffer;Ljava/nio/CharBuffer;)Ljava/nio/charset/CoderResult; @ 84
Event: 19,069 Thread 0x00007f6c44015800 Uncommon trap: reason=unstable_if action=reinterpret pc=0x00007f6c35497ce4 method=java.io.BufferedReader.read()I @ 19
Event: 19,076 Thread 0x00007f6c44015800 Uncommon trap: reason=unstable_if action=reinterpret pc=0x00007f6c35494bec method=java.io.BufferedReader.read()I @ 19
Event: 19,076 Thread 0x00007f6c44015800 Uncommon trap: reason=unstable_if action=reinterpret pc=0x00007f6c35351cf0 method=sun.nio.cs.UTF_8$Decoder.decodeArrayLoop(Ljava/nio/ByteBuffer;Ljava/nio/CharBuffer;)Ljava/nio/charset/CoderResult; @ 84
Event: 19,443 Thread 0x00007f6c44015800 Uncommon trap: reason=unstable_if action=reinterpret pc=0x00007f6c3515f38c method=java.lang.ThreadLocal$ThreadLocalMap.getEntry(Ljava/lang/ThreadLocal;)Ljava/lang/ThreadLocal$ThreadLocalMap$Entry; @ 29

Internal exceptions (10 events):
Event: 3,165 Thread 0x00007f6c44015800 Exception <a 'java/net/ConnectException'> (0x00000000ecae85b8) thrown at [/build/java8-openjdk/src/jdk8u-jdk8u92-b14/hotspot/src/share/vm/prims/jni.cpp, line 709]
Event: 3,416 Thread 0x00007f6c44015800 Exception <a 'java/net/ConnectException'> (0x00000000ecae9000) thrown at [/build/java8-openjdk/src/jdk8u-jdk8u92-b14/hotspot/src/share/vm/prims/jni.cpp, line 709]
Event: 3,666 Thread 0x00007f6c44015800 Exception <a 'java/net/ConnectException'> (0x00000000ecae9a48) thrown at [/build/java8-openjdk/src/jdk8u-jdk8u92-b14/hotspot/src/share/vm/prims/jni.cpp, line 709]
Event: 11,793 Thread 0x00007f6c44940800 Exception <a 'java/net/ConnectException'> (0x00000000ed130108) thrown at [/build/java8-openjdk/src/jdk8u-jdk8u92-b14/hotspot/src/share/vm/prims/jni.cpp, line 709]
Event: 12,642 Thread 0x00007f6c44015800 Implicit null exception at 0x00007f6c35280f35 to 0x00007f6c35281291
Event: 12,897 Thread 0x00007f6c44015800 Implicit null exception at 0x00007f6c351c7d75 to 0x00007f6c351c80ed
Event: 18,307 Thread 0x00007f6c44015800 Exception <a 'java/lang/ArrayIndexOutOfBoundsException': 289> (0x00000000edfc2ce0) thrown at [/build/java8-openjdk/src/jdk8u-jdk8u92-b14/hotspot/src/share/vm/interpreter/interpreterRuntime.cpp, line 366]
Event: 18,308 Thread 0x00007f6c44015800 Exception <a 'java/lang/ArrayIndexOutOfBoundsException': 83> (0x00000000edfc44d0) thrown at [/build/java8-openjdk/src/jdk8u-jdk8u92-b14/hotspot/src/share/vm/interpreter/interpreterRuntime.cpp, line 366]
Event: 18,308 Thread 0x00007f6c44015800 Exception <a 'java/lang/ArrayIndexOutOfBoundsException': 130> (0x00000000edfc61d8) thrown at [/build/java8-openjdk/src/jdk8u-jdk8u92-b14/hotspot/src/share/vm/interpreter/interpreterRuntime.cpp, line 366]
Event: 18,406 Thread 0x00007f6c44015800 Exception <a 'java/lang/NoSuchMethodError': <clinit>> (0x00000000ec51cdb0) thrown at [/build/java8-openjdk/src/jdk8u-jdk8u92-b14/hotspot/src/share/vm/prims/jni.cpp, line 1613]

Events (10 events):
Event: 19,651 loading class org/apache/flink/runtime/io/network/buffer/NetworkBufferPool done
Event: 19,652 loading class org/apache/flink/runtime/io/network/buffer/BufferPoolFactory
Event: 19,652 loading class org/apache/flink/runtime/io/network/buffer/BufferPoolFactory done
Event: 19,653 loading class org/apache/flink/runtime/io/network/buffer/BufferPool
Event: 19,653 loading class org/apache/flink/runtime/io/network/buffer/BufferPool done
Event: 19,653 loading class org/apache/flink/runtime/io/network/buffer/BufferProvider
Event: 19,653 loading class org/apache/flink/runtime/io/network/buffer/BufferProvider done
Event: 19,654 loading class org/apache/flink/runtime/io/network/buffer/BufferRecycler
Event: 19,654 loading class org/apache/flink/runtime/io/network/buffer/BufferRecycler done
Event: 19,685 Executing VM operation: ParallelGCFailedAllocation


Dynamic libraries:
00400000-00401000 r-xp 00000000 00:12 1527358                            /usr/lib/jvm/java-8-openjdk/jre/bin/java
00600000-00601000 rw-p 00000000 00:12 1527358                            /usr/lib/jvm/java-8-openjdk/jre/bin/java
01e2a000-01e6c000 rw-p 00000000 00:00 0                                  [heap]
c4800000-c8400000 rw-p 00000000 00:00 0 
c8400000-ec300000 ---p 00000000 00:00 0 
ec300000-f4780000 rw-p 00000000 00:00 0 
fe400000-100000000 ---p 00000000 00:00 0 
100000000-1003a0000 rw-p 00000000 00:00 0 
1003a0000-140000000 ---p 00000000 00:00 0 
7f6bb4000000-7f6bb4021000 rw-p 00000000 00:00 0 
7f6bb4021000-7f6bb8000000 ---p 00000000 00:00 0 
7f6bba5a6000-7f6bba626000 rw-p 00000000 00:00 0 
7f6bba626000-7f6bba7a6000 ---p 00000000 00:00 0 
7f6bba7a6000-7f6bba7a9000 ---p 00000000 00:00 0 
7f6bba7a9000-7f6bba8a7000 rw-p 00000000 00:00 0 
7f6bba8a7000-7f6bba8aa000 ---p 00000000 00:00 0 
7f6bba8aa000-7f6bbaba8000 rw-p 00000000 00:00 0 
7f6bbaba8000-7f6bbada8000 rw-p 00000000 00:00 0 
7f6bbada8000-7f6bbafa8000 rw-p 00000000 00:00 0 
7f6bbafa8000-7f6bbafa9000 r-xp 00000000 00:12 1527330                    /usr/lib/jvm/java-8-openjdk/jre/lib/amd64/libjaas_unix.so
7f6bbafa9000-7f6bbb1a8000 ---p 00001000 00:12 1527330                    /usr/lib/jvm/java-8-openjdk/jre/lib/amd64/libjaas_unix.so
7f6bbb1a8000-7f6bbb1a9000 rw-p 00000000 00:12 1527330                    /usr/lib/jvm/java-8-openjdk/jre/lib/amd64/libjaas_unix.so
7f6bbb1a9000-7f6bbb1ac000 ---p 00000000 00:00 0 
7f6bbb1ac000-7f6bbb3e2000 rw-p 00000000 00:00 0 
7f6bbb3e2000-7f6bbb5e2000 rw-p 00000000 00:00 0 
7f6bbb5e2000-7f6bbb5e5000 ---p 00000000 00:00 0 
7f6bbb5e5000-7f6bbb6e3000 rw-p 00000000 00:00 0 
7f6bbb6e3000-7f6bbb6eb000 r-xp 00000000 00:12 1527335                    /usr/lib/jvm/java-8-openjdk/jre/lib/amd64/libmanagement.so
7f6bbb6eb000-7f6bbb8eb000 ---p 00008000 00:12 1527335                    /usr/lib/jvm/java-8-openjdk/jre/lib/amd64/libmanagement.so
7f6bbb8eb000-7f6bbb8ec000 rw-p 00008000 00:12 1527335                    /usr/lib/jvm/java-8-openjdk/jre/lib/amd64/libmanagement.so
7f6bbb8ec000-7f6bbb8ef000 ---p 00000000 00:00 0 
7f6bbb8ef000-7f6bbbbed000 rw-p 00000000 00:00 0 
7f6bbbbed000-7f6bbbbf0000 ---p 00000000 00:00 0 
7f6bbbbf0000-7f6bbbcee000 rw-p 00000000 00:00 0 
7f6bbbcee000-7f6bbbcf1000 ---p 00000000 00:00 0 
7f6bbbcf1000-7f6bbbdef000 rw-p 00000000 00:00 0 
7f6bbbdef000-7f6bbbe00000 r-xp 00000000 00:12 1527339                    /usr/lib/jvm/java-8-openjdk/jre/lib/amd64/libnio.so
7f6bbbe00000-7f6bbbfff000 ---p 00011000 00:12 1527339                    /usr/lib/jvm/java-8-openjdk/jre/lib/amd64/libnio.so
7f6bbbfff000-7f6bbc000000 rw-p 00010000 00:12 1527339                    /usr/lib/jvm/java-8-openjdk/jre/lib/amd64/libnio.so
7f6bbc000000-7f6bbc021000 rw-p 00000000 00:00 0 
7f6bbc021000-7f6bc0000000 ---p 00000000 00:00 0 
7f6bc0000000-7f6bc0021000 rw-p 00000000 00:00 0 
7f6bc0021000-7f6bc4000000 ---p 00000000 00:00 0 
7f6bc4000000-7f6bc4021000 rw-p 00000000 00:00 0 
7f6bc4021000-7f6bc8000000 ---p 00000000 00:00 0 
7f6bc8000000-7f6bc8092000 rw-p 00000000 00:00 0 
7f6bc8092000-7f6bcc000000 ---p 00000000 00:00 0 
7f6bcc000000-7f6bcc021000 rw-p 00000000 00:00 0 
7f6bcc021000-7f6bd0000000 ---p 00000000 00:00 0 
7f6bd0000000-7f6bd0021000 rw-p 00000000 00:00 0 
7f6bd0021000-7f6bd4000000 ---p 00000000 00:00 0 
7f6bd4000000-7f6bd4021000 rw-p 00000000 00:00 0 
7f6bd4021000-7f6bd8000000 ---p 00000000 00:00 0 
7f6bd8000000-7f6bd8021000 rw-p 00000000 00:00 0 
7f6bd8021000-7f6bdc000000 ---p 00000000 00:00 0 
7f6bdc000000-7f6bdc03c000 rw-p 00000000 00:00 0 
7f6bdc03c000-7f6be0000000 ---p 00000000 00:00 0 
7f6be0000000-7f6be005b000 rw-p 00000000 00:00 0 
7f6be005b000-7f6be4000000 ---p 00000000 00:00 0 
7f6be4000000-7f6be4021000 rw-p 00000000 00:00 0 
7f6be4021000-7f6be8000000 ---p 00000000 00:00 0 
7f6be8000000-7f6be802b000 rw-p 00000000 00:00 0 
7f6be802b000-7f6bec000000 ---p 00000000 00:00 0 
7f6bec000000-7f6bec021000 rw-p 00000000 00:00 0 
7f6bec021000-7f6bf0000000 ---p 00000000 00:00 0 
7f6bf0000000-7f6bf0021000 rw-p 00000000 00:00 0 
7f6bf0021000-7f6bf4000000 ---p 00000000 00:00 0 
7f6bf4000000-7f6bf4021000 rw-p 00000000 00:00 0 
7f6bf4021000-7f6bf8000000 ---p 00000000 00:00 0 
7f6bf8000000-7f6bf8021000 rw-p 00000000 00:00 0 
7f6bf8021000-7f6bfc000000 ---p 00000000 00:00 0 
7f6bfc000000-7f6bfc021000 rw-p 00000000 00:00 0 
7f6bfc021000-7f6c00000000 ---p 00000000 00:00 0 
7f6c00000000-7f6c00021000 rw-p 00000000 00:00 0 
7f6c00021000-7f6c04000000 ---p 00000000 00:00 0 
7f6c04000000-7f6c04d35000 rw-p 00000000 00:00 0 
7f6c04d35000-7f6c08000000 ---p 00000000 00:00 0 
7f6c08000000-7f6c0826d000 rw-p 00000000 00:00 0 
7f6c0826d000-7f6c0c000000 ---p 00000000 00:00 0 
7f6c0c000000-7f6c0c021000 rw-p 00000000 00:00 0 
7f6c0c021000-7f6c10000000 ---p 00000000 00:00 0 
7f6c10000000-7f6c10dfc000 rw-p 00000000 00:00 0 
7f6c10dfc000-7f6c14000000 ---p 00000000 00:00 0 
7f6c14000000-7f6c14021000 rw-p 00000000 00:00 0 
7f6c14021000-7f6c18000000 ---p 00000000 00:00 0 
7f6c18000000-7f6c18021000 rw-p 00000000 00:00 0 
7f6c18021000-7f6c1c000000 ---p 00000000 00:00 0 
7f6c1c000000-7f6c1c188000 rw-p 00000000 00:00 0 
7f6c1c188000-7f6c20000000 ---p 00000000 00:00 0 
7f6c20000000-7f6c20021000 rw-p 00000000 00:00 0 
7f6c20021000-7f6c24000000 ---p 00000000 00:00 0 
7f6c24034000-7f6c24037000 ---p 00000000 00:00 0 
7f6c24037000-7f6c2406d000 rw-p 00000000 00:00 0 
7f6c2406d000-7f6c24070000 ---p 00000000 00:00 0 
7f6c24070000-7f6c2436e000 rw-p 00000000 00:00 0 
7f6c2436e000-7f6c24372000 r-xp 00000000 00:12 943900                     /usr/lib/libcap.so.2.25
7f6c24372000-7f6c24571000 ---p 00004000 00:12 943900                     /usr/lib/libcap.so.2.25
7f6c24571000-7f6c24572000 rw-p 00003000 00:12 943900                     /usr/lib/libcap.so.2.25
7f6c24572000-7f6c24582000 r-xp 00000000 00:12 992291                     /usr/lib/libnss_myhostname.so.2
7f6c24582000-7f6c24583000 ---p 00010000 00:12 992291                     /usr/lib/libnss_myhostname.so.2
7f6c24583000-7f6c24585000 r--p 00010000 00:12 992291                     /usr/lib/libnss_myhostname.so.2
7f6c24585000-7f6c24586000 rw-p 00012000 00:12 992291                     /usr/lib/libnss_myhostname.so.2
7f6c24586000-7f6c2459a000 r-xp 00000000 00:12 1709148                    /usr/lib/libresolv-2.23.so
7f6c2459a000-7f6c24799000 ---p 00014000 00:12 1709148                    /usr/lib/libresolv-2.23.so
7f6c24799000-7f6c2479a000 r--p 00013000 00:12 1709148                    /usr/lib/libresolv-2.23.so
7f6c2479a000-7f6c2479b000 rw-p 00014000 00:12 1709148                    /usr/lib/libresolv-2.23.so
7f6c2479b000-7f6c2479d000 rw-p 00000000 00:00 0 
7f6c2479d000-7f6c247a2000 r-xp 00000000 00:12 1709140                    /usr/lib/libnss_dns-2.23.so
7f6c247a2000-7f6c249a1000 ---p 00005000 00:12 1709140                    /usr/lib/libnss_dns-2.23.so
7f6c249a1000-7f6c249a2000 r--p 00004000 00:12 1709140                    /usr/lib/libnss_dns-2.23.so
7f6c249a2000-7f6c249a3000 rw-p 00005000 00:12 1709140                    /usr/lib/libnss_dns-2.23.so
7f6c249d5000-7f6c249d8000 ---p 00000000 00:00 0 
7f6c249d8000-7f6c24ad6000 rw-p 00000000 00:00 0 
7f6c24ad6000-7f6c24ad9000 ---p 00000000 00:00 0 
7f6c24ad9000-7f6c24bd7000 rw-p 00000000 00:00 0 
7f6c24bd7000-7f6c24bda000 ---p 00000000 00:00 0 
7f6c24bda000-7f6c24c10000 rw-p 00000000 00:00 0 
7f6c24c10000-7f6c24c13000 ---p 00000000 00:00 0 
7f6c24c13000-7f6c24d11000 rw-p 00000000 00:00 0 
7f6c24d11000-7f6c24d14000 ---p 00000000 00:00 0 
7f6c24d14000-7f6c24e12000 rw-p 00000000 00:00 0 
7f6c24e12000-7f6c24e15000 ---p 00000000 00:00 0 
7f6c24e15000-7f6c24e4b000 rw-p 00000000 00:00 0 
7f6c24e4b000-7f6c24e4e000 ---p 00000000 00:00 0 
7f6c24e4e000-7f6c24f4c000 rw-p 00000000 00:00 0 
7f6c24f4c000-7f6c24f4f000 ---p 00000000 00:00 0 
7f6c24f4f000-7f6c2504d000 rw-p 00000000 00:00 0 
7f6c2504d000-7f6c25050000 ---p 00000000 00:00 0 
7f6c25050000-7f6c25086000 rw-p 00000000 00:00 0 
7f6c25086000-7f6c25089000 ---p 00000000 00:00 0 
7f6c25089000-7f6c25187000 rw-p 00000000 00:00 0 
7f6c25187000-7f6c2518a000 ---p 00000000 00:00 0 
7f6c2518a000-7f6c25288000 rw-p 00000000 00:00 0 
7f6c25288000-7f6c2528b000 ---p 00000000 00:00 0 
7f6c2528b000-7f6c252c1000 rw-p 00000000 00:00 0 
7f6c252c1000-7f6c252c4000 ---p 00000000 00:00 0 
7f6c252c4000-7f6c253c2000 rw-p 00000000 00:00 0 
7f6c253c2000-7f6c253c5000 ---p 00000000 00:00 0 
7f6c253c5000-7f6c254c3000 rw-p 00000000 00:00 0 
7f6c254c3000-7f6c254c6000 ---p 00000000 00:00 0 
7f6c254c6000-7f6c255c4000 rw-p 00000000 00:00 0 
7f6c255c4000-7f6c255c7000 ---p 00000000 00:00 0 
7f6c255c7000-7f6c255fd000 rw-p 00000000 00:00 0 
7f6c255fd000-7f6c25601000 r--s 00097000 00:12 1527267                    /usr/lib/jvm/java-8-openjdk/jre/lib/jsse.jar
7f6c25601000-7f6c25606000 r--s 00034000 00:12 1510685                    /home/mrblati/.gradle/caches/modules-2/files-2.1/commons-beanutils/commons-beanutils/1.8.3/686ef3410bcf4ab8ce7fd0b899e832aaba5facf7/commons-beanutils-1.8.3.jar
7f6c25606000-7f6c2560a000 r--s 00034000 00:12 1510709                    /home/mrblati/.gradle/caches/modules-2/files-2.1/com.fasterxml.jackson.core/jackson-core/2.4.2/ceb72830d95c512b4b300a38f29febc85bdf6e4b/jackson-core-2.4.2.jar
7f6c2560a000-7f6c2560b000 r--s 00006000 00:12 1510623                    /home/mrblati/.gradle/caches/modules-2/files-2.1/org.codehaus.jackson/jackson-xc/1.9.13/e3480072bc95c202476ffa1de99ff7ee9149f29c/jackson-xc-1.9.13.jar
7f6c2560b000-7f6c2560c000 r--s 00004000 00:12 1510620                    /home/mrblati/.gradle/caches/modules-2/files-2.1/org.codehaus.jackson/jackson-jaxrs/1.9.13/534d72d2b9d6199dd531dfb27083dd4844082bba/jackson-jaxrs-1.9.13.jar
7f6c2560c000-7f6c2567e000 r--s 0065b000 00:12 1510703                    /home/mrblati/.gradle/caches/modules-2/files-2.1/org.scala-lang/scala-library/2.10.5/57ac67a6cf6fd591e235c62f8893438e8d10431d/scala-library-2.10.5.jar
7f6c2567e000-7f6c25696000 r--s 00115000 00:12 1510700                    /home/mrblati/.gradle/caches/modules-2/files-2.1/io.netty/netty/3.8.0.Final/65e00948a33493081e4f6a8619d82ab3d4024af1/netty-3.8.0.Final.jar
7f6c25696000-7f6c2569a000 r--s 00020000 00:12 1510688                    /home/mrblati/.gradle/caches/modules-2/files-2.1/commons-digester/commons-digester/1.8.1/3dec9b9c7ea9342d4dbe8c38560080d85b44a015/commons-digester-1.8.1.jar
7f6c2569a000-7f6c256a1000 r--s 0004f000 00:12 1510682                    /home/mrblati/.gradle/caches/modules-2/files-2.1/commons-configuration/commons-configuration/1.7/3559d47ea9e5f46d8cdc6503f08344b67b255dfd/commons-configuration-1.7.jar
7f6c256a1000-7f6c256a5000 r--s 00028000 00:12 1510375                    /home/mrblati/.gradle/caches/modules-2/files-2.1/org.mortbay.jetty/jetty-util/6.1.26/e5642fe0399814e1687d55a3862aa5a3417226a9/jetty-util-6.1.26.jar
7f6c256a5000-7f6c256aa000 r--s 0002a000 00:12 1510477                    /home/mrblati/.gradle/caches/modules-2/files-2.1/com.google.code.gson/gson/2.2.4/a60a5e993c98c864010053cb901b7eab25306568/gson-2.2.4.jar
7f6c256aa000-7f6c256af000 r--s 00041000 00:12 1510679                    /home/mrblati/.gradle/caches/modules-2/files-2.1/commons-lang/commons-lang/2.6/ce1edb914c94ebc388f086c6827e8bdeec71ac2/commons-lang-2.6.jar
7f6c256af000-7f6c256bc000 r--s 00083000 00:12 1510691                    /home/mrblati/.gradle/caches/modules-2/files-2.1/commons-collections/commons-collections/3.2.2/8ad72fe39fa8c91eaaf12aadb21e0c3661fe26d5/commons-collections-3.2.2.jar
7f6c256bc000-7f6c256c3000 r--s 0003a000 00:12 1533608                    /home/mrblati/.gradle/caches/modules-2/files-2.1/commons-codec/commons-codec/1.9/9ce04e34240f674bc72680f8b843b1457383161a/commons-codec-1.9.jar
7f6c256c3000-7f6c256c5000 r--s 0000e000 00:12 1533605                    /home/mrblati/.gradle/caches/modules-2/files-2.1/commons-logging/commons-logging/1.2/4bfc12adfe4842bf07b657f0369c4cb522955686/commons-logging-1.2.jar
7f6c256c5000-7f6c256ce000 r--s 0006f000 00:12 1510670                    /home/mrblati/.gradle/caches/modules-2/files-2.1/log4j/log4j/1.2.17/5af35056b4d257e4b64b9e8069c0746e8b08629f/log4j-1.2.17.jar
7f6c256ce000-7f6c256d0000 r--s 00001000 00:12 1510673                    /home/mrblati/.gradle/caches/modules-2/files-2.1/org.slf4j/slf4j-log4j12/1.7.10/b3eeae7d1765f988a1f45ea81517191315c69c9e/slf4j-log4j12-1.7.10.jar
7f6c256d0000-7f6c256e3000 r--s 000df000 00:12 1533602                    /home/mrblati/.gradle/caches/modules-2/files-2.1/org.apache.commons/commons-math/2.2/4877b85d388275f994a5cfc7eceb73a8045d3006/commons-math-2.2.jar
7f6c256e3000-7f6c256e4000 r--s 00007000 00:12 1510667                    /home/mrblati/.gradle/caches/modules-2/files-2.1/org.slf4j/slf4j-api/1.7.10/5b338f206827d88acd890739f400a9b7664e5984/slf4j-api-1.7.10.jar
7f6c256e4000-7f6c256ed000 r--s 0007c000 00:12 1589361                    /home/mrblati/.gradle/caches/modules-2/files-2.1/org.apache.zookeeper/zookeeper/3.4.6.2.4.0.0-169/886384fad1b76bf6b473037f9270ff70d4a74bd/zookeeper-3.4.6.2.4.0.0-169-tests.jar
7f6c256ed000-7f6c256f9000 r--s 000b6000 00:12 1510302                    /home/mrblati/.gradle/caches/modules-2/files-2.1/org.apache.zookeeper/zookeeper/3.4.6.2.4.0.0-169/6bf9b52c5e142383b2dbaa36a2405613d7d414ad/zookeeper-3.4.6.2.4.0.0-169.jar
7f6c256f9000-7f6c256ff000 r--s 0004e000 00:12 1589358                    /home/mrblati/.gradle/caches/modules-2/files-2.1/de.ruedigermoeller/fst/2.24/479ba6ffefaef7005511930c3cce721c5a67ecd3/fst-2.24.jar
7f6c256ff000-7f6c25701000 r--s 00012000 00:12 1510652                    /home/mrblati/.gradle/caches/modules-2/files-2.1/org.apache.directory.api/api-util/1.0.0-M20/a871abf060b3cf83fc6dc4d7e3d151fce50ac3cb/api-util-1.0.0-M20.jar
7f6c25701000-7f6c25703000 r--s 00003000 00:12 1510649                    /home/mrblati/.gradle/caches/modules-2/files-2.1/org.apache.directory.api/api-asn1-api/1.0.0-M20/5e6486ffa3125ba44dc410ead166e1d6ba8ac76d/api-asn1-api-1.0.0-M20.jar
7f6c25703000-7f6c25704000 r--s 0000a000 00:12 1510646                    /home/mrblati/.gradle/caches/modules-2/files-2.1/org.apache.directory.server/apacheds-i18n/2.0.0-M15/71c61c84683152ec2a6a65f3f96fe534e304fa22/apacheds-i18n-2.0.0-M15.jar
7f6c25704000-7f6c25709000 r--s 00038000 00:12 1589355                    /home/mrblati/.gradle/caches/modules-2/files-2.1/org.apache.hadoop/hadoop-yarn-server-applicationhistoryservice/2.7.1.2.4.0.0-169/30fcec5237d868cdb5d290a3323e81917e8dc26d/hadoop-yarn-server-applicationhistoryservice-2.7.1.2.4.0.0-169.jar
7f6c25709000-7f6c2570c000 r--s 00016000 00:12 1510655                    /home/mrblati/.gradle/caches/modules-2/files-2.1/org.apache.hadoop/hadoop-yarn-registry/2.7.1.2.4.0.0-169/21a6d46bfa0ffe6fbb6d7e602654e85baccfe12e/hadoop-yarn-registry-2.7.1.2.4.0.0-169.jar
7f6c2570c000-7f6c2570f000 r--s 00007000 00:12 1510640                    /home/mrblati/.gradle/caches/modules-2/files-2.1/com.fasterxml.jackson.core/jackson-annotations/2.4.0/d6a66c7a5f01cf500377bd669507a08cfeba882a/jackson-annotations-2.4.0.jar
7f6c2570f000-7f6c25716000 r--s 0003e000 00:12 1510523                    /home/mrblati/.gradle/caches/modules-2/files-2.1/org.sonatype.sisu.inject/cglib/2.2.1-v20090111/7ce5e983fd0e6c78346f4c9cbfa39d83049dda2/cglib-2.2.1-v20090111.jar
7f6c25716000-7f6c25717000 r--s 00003000 00:12 1510634                    /home/mrblati/.gradle/caches/modules-2/files-2.1/com.sun.jersey.contribs/jersey-guice/1.9/5963c28c47df7e5d6ad34cec80c071c368777f7b/jersey-guice-1.9.jar
7f6c25717000-7f6c2571a000 r--s 0001d000 00:12 1510617                    /home/mrblati/.gradle/caches/modules-2/files-2.1/com.sun.jersey/jersey-client/1.9/d3c4b2b5f89db32c96ceddcb863684821910a7bb/jersey-client-1.9.jar
7f6c2571a000-7f6c2571e000 r--s 0002a000 00:12 1510594                    /home/mrblati/.gradle/caches/modules-2/files-2.1/org.apache.hadoop/hadoop-yarn-client/2.7.1.2.4.0.0-169/9734539df6a20cada4e42bbb6118070aac73f000/hadoop-yarn-client-2.7.1.2.4.0.0-169.jar
7f6c2571e000-7f6c25726000 r--s 00028000 00:12 1510562                    /home/mrblati/.gradle/caches/modules-2/files-2.1/xml-apis/xml-apis/1.3.04/90b215f48fe42776c8c7f6e3509ec54e84fd65ef/xml-apis-1.3.04.jar
7f6c25726000-7f6c25727000 r--s 0000f000 00:12 1510558                    /home/mrblati/.gradle/caches/modules-2/files-2.1/com.squareup.okio/okio/1.4.0/5b72bf48563ea8410e650de14aa33ff69a3e8c35/okio-1.4.0.jar
7f6c25727000-7f6c2572d000 r--s 00028000 00:12 1510547                    /home/mrblati/.gradle/caches/modules-2/files-2.1/org.apache.curator/curator-framework/2.7.1/8c7b1eeb78e43bb91ea737111ba3dec0512be876/curator-framework-2.7.1.jar
7f6c2572d000-7f6c2573f000 r--s 00097000 00:12 1510541                    /home/mrblati/.gradle/caches/modules-2/files-2.1/org.apache.directory.server/apacheds-kerberos-codec/2.0.0-M15/1c16e4e477183641c5f0dd5cdecd27ec331bacb5/apacheds-kerberos-codec-2.0.0-M15.jar
7f6c2573f000-7f6c25740000 r--s 0000a000 00:12 1510637                    /home/mrblati/.gradle/caches/modules-2/files-2.1/asm/asm/3.1/c157def142714c544bdea2e6144645702adf7097/asm-3.1.jar
7f6c25740000-7f6c25753000 r--s 000c7000 00:12 1510661                    /home/mrblati/.gradle/caches/modules-2/files-2.1/com.sun.xml.bind/jaxb-impl/2.2.3-1/56baae106392040a45a06d4a41099173425da1e6/jaxb-impl-2.2.3-1.jar
7f6c25753000-7f6c25755000 r--s 0000f000 00:12 1510658                    /home/mrblati/.gradle/caches/modules-2/files-2.1/org.codehaus.jettison/jettison/1.1/1a01a2a1218fcf9faa2cc2a6ced025bdea687262/jettison-1.1.jar
7f6c25755000-7f6c2576c000 r--s 0012f000 00:12 1589346                    /home/mrblati/.gradle/caches/modules-2/files-2.1/org.apache.hadoop/hadoop-yarn-server-resourcemanager/2.7.1.2.4.0.0-169/f64c73ce4c07a84e01648bb95962402c4ea86297/hadoop-yarn-server-resourcemanager-2.7.1.2.4.0.0-169.jar
7f6c2576c000-7f6c2577b000 r--s 000a8000 00:12 1510613                    /home/mrblati/.gradle/caches/modules-2/files-2.1/org.apache.hadoop/hadoop-yarn-server-nodemanager/2.7.1.2.4.0.0-169/345470cb59a1ce154ed7a76ff9f74d248c392132/hadoop-yarn-server-nodemanager-2.7.1.2.4.0.0-169.jar
7f6c2577b000-7f6c25782000 r--s 0005e000 00:12 1510610                    /home/mrblati/.gradle/caches/modules-2/files-2.1/org.apache.hadoop/hadoop-yarn-server-common/2.7.1.2.4.0.0-169/8ce0573456a4b39a9589f398b6ac01961caea59c/hadoop-yarn-server-common-2.7.1.2.4.0.0-169.jar
7f6c25782000-7f6c25784000 r--s 0000b000 00:12 1510535                    /home/mrblati/.gradle/caches/modules-2/files-2.1/com.twitter/chill-java/0.7.4/c4c005297ce8b29749edecd06f97329f25df70d/chill-java-0.7.4.jar
7f6c25784000-7f6c25795000 r--s 000f6000 00:12 1510532                    /home/mrblati/.gradle/caches/modules-2/files-2.1/com.fasterxml.jackson.core/jackson-databind/2.4.2/8e31266a272ad25ac4c089734d93e8d811652c1f/jackson-databind-2.4.2.jar
7f6c25795000-7f6c25797000 r--s 0000a000 00:12 1510529                    /home/mrblati/.gradle/caches/modules-2/files-2.1/org.uncommons.maths/uncommons-maths/1.2.2a/e4e84f879d4160be9508aa3904516ec30c39e815/uncommons-maths-1.2.2a.jar
7f6c25797000-7f6c2579b000 r--s 00032000 00:12 1510526                    /home/mrblati/.gradle/caches/modules-2/files-2.1/com.typesafe/config/1.2.1/f771f71fdae3df231bcd54d5ca2d57f0bf93f467/config-1.2.1.jar
7f6c2579b000-7f6c2579e000 r--s 00019000 00:12 1510423                    /home/mrblati/.gradle/caches/modules-2/files-2.1/commons-el/commons-el/1.0/1df2c042b3f2de0124750241ac6c886dbfa2cc2c/commons-el-1.0.jar
7f6c2579e000-7f6c257a0000 r--s 00000000 00:12 1510420                    /home/mrblati/.gradle/caches/modules-2/files-2.1/aopalliance/aopalliance/1.0/235ba8b489512805ac13a8f9ea77a1ca5ebe3e8/aopalliance-1.0.jar
7f6c257a0000-7f6c257a1000 r--s 00000000 00:12 1510417                    /home/mrblati/.gradle/caches/modules-2/files-2.1/javax.inject/javax.inject/1/6975da39a7040257bd51d21a231b76c915872d38/javax.inject-1.jar
7f6c257a1000-7f6c257b0000 r--s 0009f000 00:12 1510414                    /home/mrblati/.gradle/caches/modules-2/files-2.1/com.google.inject/guice/3.0/9d84f15fe35e2c716a02979fb62f50a29f38aefa/guice-3.0.jar
7f6c257b0000-7f6c257b2000 r--s 0000e000 00:12 1510411                    /home/mrblati/.gradle/caches/modules-2/files-2.1/javax.activation/activation/1.1/e6cb541461c2834bdea3eb920f1884d1eb508b50/activation-1.1.jar
7f6c257b2000-7f6c257b4000 r--s 00004000 00:12 1510408                    /home/mrblati/.gradle/caches/modules-2/files-2.1/javax.xml.stream/stax-api/1.0-2/d6337b0de8b25e53e81b922352fbea9f9f57ba0b/stax-api-1.0-2.jar
7f6c257b4000-7f6c257b7000 r--s 00017000 00:12 1510405                    /home/mrblati/.gradle/caches/modules-2/files-2.1/javax.xml.bind/jaxb-api/2.2.2/aeb3021ca93dde265796d82015beecdcff95bf09/jaxb-api-2.2.2.jar
7f6c257b7000-7f6c257b9000 r--s 00005000 00:12 1510399                    /home/mrblati/.gradle/caches/modules-2/files-2.1/commons-beanutils/commons-beanutils-bean-collections/1.8.3/6f74b866fb9e744b6a4064ceeef5fb6803675435/commons-beanutils-bean-collections-1.8.3.jar
7f6c257b9000-7f6c257bd000 r--s 00014000 00:12 1510396                    /home/mrblati/.gradle/caches/modules-2/files-2.1/org.tukaani/xz/1.0/ecff5cb8b1189514c9d1d8d68eb77ac372e000c9/xz-1.0.jar
7f6c257bd000-7f6c257bf000 r--s 00130000 00:12 1510387                    /home/mrblati/.gradle/caches/modules-2/files-2.1/org.xerial.snappy/snappy-java/1.0.5/10cb4550360a0ec6b80f09a5209d00b6058e82bf/snappy-java-1.0.5.jar
7f6c257bf000-7f6c257c1000 r--s 00006000 00:12 1510384                    /home/mrblati/.gradle/caches/modules-2/files-2.1/com.thoughtworks.paranamer/paranamer/2.3/4a85963a752c0a2f715c3924bfc686865e7e1bc6/paranamer-2.3.jar
7f6c257c1000-7f6c257c2000 r--s 00004000 00:12 1510381                    /home/mrblati/.gradle/caches/modules-2/files-2.1/com.jamesmurty.utils/java-xmlbuilder/0.4/ac5962e48cdee3a0a6e1f8e00fcb594747ac5aaf/java-xmlbuilder-0.4.jar
7f6c257c2000-7f6c257c4000 r--s 00009000 00:12 1510520                    /home/mrblati/.gradle/caches/modules-2/files-2.1/org.objenesis/objenesis/2.1/87c0ea803b69252868d09308b4618f766f135a96/objenesis-2.1.jar
7f6c257c4000-7f6c257c6000 r--s 00000000 00:12 1510517                    /home/mrblati/.gradle/caches/modules-2/files-2.1/com.esotericsoftware.minlog/minlog/1.2/59bfcd171d82f9981a5e242b9e840191f650e209/minlog-1.2.jar
7f6c257c6000-7f6c257c9000 r--s 00016000 00:12 1510514                    /home/mrblati/.gradle/caches/modules-2/files-2.1/javax.servlet.jsp/jsp-api/2.1/63f943103f250ef1f3a4d5e94d145a0f961f5316/jsp-api-2.1.jar
7f6c257c9000-7f6c257e1000 r--s 00189000 00:12 1510511                    /home/mrblati/.gradle/caches/modules-2/files-2.1/org.apache.hadoop/hadoop-yarn-common/2.7.1.2.4.0.0-169/6e9caedbe206e8d5687a2914b7c13d001bf33d01/hadoop-yarn-common-2.7.1.2.4.0.0-169.jar
7f6c257e1000-7f6c257e3000 r--s 0000e000 00:12 1589349                    /home/mrblati/.gradle/caches/modules-2/files-2.1/com.google.inject.extensions/guice-servlet/3.0/610cde0e8da5a8b7d8efb8f0b8987466ffebaaf9/guice-servlet-3.0.jar
7f6c257e3000-7f6c257e5000 r--s 0000a000 00:12 1510504                    /home/mrblati/.gradle/caches/modules-2/files-2.1/org.apache.hadoop/hadoop-mapreduce-client-shuffle/2.7.1.2.4.0.0-169/f2bb843935abe8e79c7ae2caea91c2f30f4fe199/hadoop-mapreduce-client-shuffle-2.7.1.2.4.0.0-169.jar
7f6c257e5000-7f6c257e7000 r--s 00007000 00:12 1589352                    /home/mrblati/.gradle/caches/modules-2/files-2.1/org.apache.hadoop/hadoop-yarn-server-web-proxy/2.7.1.2.4.0.0-169/a74b7634068e4fd311a34888916c7e51808ee6a9/hadoop-yarn-server-web-proxy-2.7.1.2.4.0.0-169.jar
7f6c257e7000-7f6c257f4000 r--s 000ab000 00:12 1510501                    /home/mrblati/.gradle/caches/modules-2/files-2.1/org.apache.hadoop/hadoop-mapreduce-client-common/2.7.1.2.4.0.0-169/e32ef97f66302ebcf18f708218b3420ef52a98ef/hadoop-mapreduce-client-common-2.7.1.2.4.0.0-169.jar
7f6c257f4000-7f6c257f7000 r--s 000fd000 00:12 1510498                    /home/mrblati/.gradle/caches/modules-2/files-2.1/org.fusesource.leveldbjni/leveldbjni-all/1.8/707350a2eeb1fa2ed77a32ddb3893ed308e941db/leveldbjni-all-1.8.jar
7f6c257f7000-7f6c2580f000 r--s 00115000 00:12 1510495                    /home/mrblati/.gradle/caches/modules-2/files-2.1/xerces/xercesImpl/2.9.1/7bc7e49ddfe4fb5f193ed37ecc96c12292c8ceb6/xercesImpl-2.9.1.jar
7f6c2580f000-7f6c25810000 r--s 00005000 00:12 1510402                    /home/mrblati/.gradle/caches/modules-2/files-2.1/commons-daemon/commons-daemon/1.0.13/750856a1fdb3ddf721ccf73c3518e4211cffc3a3/commons-daemon-1.0.13.jar
7f6c25810000-7f6c25815000 r--s 00049000 00:12 1510492                    /home/mrblati/.gradle/caches/modules-2/files-2.1/com.squareup.okhttp/okhttp/2.4.0/40340c0748190fe897baf7bffbc1b282734294e5/okhttp-2.4.0.jar
7f6c25815000-7f6c2581a000 r--s 00036000 00:12 1510393                    /home/mrblati/.gradle/caches/modules-2/files-2.1/org.apache.commons/commons-compress/1.4.1/b02e84a993d88568417536240e970c4b809126fd/commons-compress-1.4.1.jar
7f6c2581a000-7f6c2581d000 r--s 00006000 00:12 1510489                    /home/mrblati/.gradle/caches/modules-2/files-2.1/com.google.code.findbugs/jsr305/3.0.0/5871fb60dc68d67da54a663c3fd636a10a532948/jsr305-3.0.0.jar
7f6c2581d000-7f6c25825000 r--s 0003b000 00:12 1510486                    /home/mrblati/.gradle/caches/modules-2/files-2.1/org.apache.curator/curator-recipes/2.7.1/a2c180efc6a38a4f8c9197eb35bb4eb5716cd2fa/curator-recipes-2.7.1.jar
7f6c25825000-7f6c25827000 r--s 0000f000 00:12 1510483                    /home/mrblati/.gradle/caches/modules-2/files-2.1/org.apache.curator/curator-client/2.7.1/a591dfc085db3e9d4d480381cc7e6ae8a26b34af/curator-client-2.7.1.jar
7f6c25827000-7f6c2582a000 r--s 0002b000 00:12 1510390                    /home/mrblati/.gradle/caches/modules-2/files-2.1/com.jcraft/jsch/0.1.42/a86104b0f2e0c0bab5b0df836065823a99b5e334/jsch-0.1.42.jar
7f6c2582a000-7f6c2582c000 r--s 00010000 00:12 1510480                    /home/mrblati/.gradle/caches/modules-2/files-2.1/org.apache.hadoop/hadoop-auth/2.7.1.2.4.0.0-169/8ecb129f3c50aa41dcee58408a95a76a3c5197d5/hadoop-auth-2.7.1.2.4.0.0-169.jar
7f6c2582c000-7f6c2583a000 r--s 000b1000 00:12 1510697                    /home/mrblati/.gradle/caches/modules-2/files-2.1/org.codehaus.jackson/jackson-mapper-asl/1.9.13/1ee2f2bed0e5dd29d1cb155a166e6f8d50bbddb7/jackson-mapper-asl-1.9.13.jar
7f6c2583a000-7f6c2583e000 r--s 00035000 00:12 1510694                    /home/mrblati/.gradle/caches/modules-2/files-2.1/org.codehaus.jackson/jackson-core-asl/1.9.13/3c304d70f42f832e0a86d45bd437f692129299a4/jackson-core-asl-1.9.13.jar
7f6c2583e000-7f6c25847000 r--s 00086000 00:12 1510471                    /home/mrblati/.gradle/caches/modules-2/files-2.1/com.microsoft.windowsazure.storage/microsoft-windowsazure-storage-sdk/0.6.0/d228312b4b4036140f4149aa699d52a832dfb4d7/microsoft-windowsazure-storage-sdk-0.6.0.jar
7f6c25847000-7f6c25850000 r--s 0007b000 00:12 1510664                    /home/mrblati/.gradle/caches/modules-2/files-2.1/net.java.dev.jets3t/jets3t/0.9.0/792bc96ee7e57b89f472aa0cb5a31015b9f59c96/jets3t-0.9.0.jar
7f6c25850000-7f6c25862000 r--s 0009d000 00:12 1510627                    /home/mrblati/.gradle/caches/modules-2/files-2.1/com.sun.jersey/jersey-server/1.9/3a6ea7cc5e15c824953f9f3ece2201b634d90d18/jersey-server-1.9.jar
7f6c25862000-7f6c25866000 r--s 00021000 00:12 1510631                    /home/mrblati/.gradle/caches/modules-2/files-2.1/com.sun.jersey/jersey-json/1.9/1aa73e1896bcc7013fed247157d7f676226eb432/jersey-json-1.9.jar
7f6c25866000-7f6c25870000 r--s 00066000 00:12 1510378                    /home/mrblati/.gradle/caches/modules-2/files-2.1/com.sun.jersey/jersey-core/1.9/8341846f18187013bb9e27e46b7ee00a6395daf4/jersey-core-1.9.jar
7f6c25870000-7f6c25876000 r--s 0007e000 00:12 1532030                    /home/mrblati/.gradle/caches/modules-2/files-2.1/org.mortbay.jetty/jetty/6.1.26.hwx/d9960f657e71772000a346e587218f9c2d87fb65/jetty-6.1.26.hwx.jar
7f6c25876000-7f6c25878000 r--s 00018000 00:12 1510372                    /home/mrblati/.gradle/caches/modules-2/files-2.1/javax.servlet/servlet-api/2.5/5959582d97d8b61f4d154ca9e495aafd16726e34/servlet-api-2.5.jar
7f6c25878000-7f6c2587d000 r--s 0003e000 00:12 1510369                    /home/mrblati/.gradle/caches/modules-2/files-2.1/commons-net/commons-net/3.1/2298164a7c2484406f2aa5ac85b205d39019896f/commons-net-3.1.jar
7f6c2587d000-7f6c25883000 r--s 00045000 00:12 1510468                    /home/mrblati/.gradle/caches/modules-2/files-2.1/commons-httpclient/commons-httpclient/3.1/964cd74171f427720480efdec40a7c7f6e58426a/commons-httpclient-3.1.jar
7f6c25883000-7f6c25884000 r--s 00003000 00:12 1510366                    /home/mrblati/.gradle/caches/modules-2/files-2.1/xmlenc/xmlenc/0.52/d82554efbe65906d83b3d97bd7509289e9db561a/xmlenc-0.52.jar
7f6c25884000-7f6c25886000 r--s 00005000 00:12 1510465                    /home/mrblati/.gradle/caches/modules-2/files-2.1/regexp/regexp/1.3/973df2b78b67bcd3144c3dbbb88da691065a3f8d/regexp-1.3.jar
7f6c25886000-7f6c25888000 r--s 00008000 00:12 1510462                    /home/mrblati/.gradle/caches/modules-2/files-2.1/org.apache.maven.scm/maven-scm-provider-svn-commons/1.4/54bc1dc24c5d205b4d251a83f4ea63808c21a628/maven-scm-provider-svn-commons-1.4.jar
7f6c25888000-7f6c2588d000 r--s 00039000 00:12 1510459                    /home/mrblati/.gradle/caches/modules-2/files-2.1/org.codehaus.plexus/plexus-utils/1.5.6/8fb6b798a4036048b3005e058553bf21a87802ed/plexus-utils-1.5.6.jar
7f6c2588d000-7f6c25891000 r--s 00025000 00:12 1589343                    /home/mrblati/.gradle/caches/modules-2/files-2.1/org.apache.hadoop/hadoop-mapreduce-client-hs/2.7.1.2.4.0.0-169/c8d8aa2843212cd476a422b38697e0a0eed95075/hadoop-mapreduce-client-hs-2.7.1.2.4.0.0-169.jar
7f6c25891000-7f6c25892000 r--s 0000c000 00:12 1589340                    /home/mrblati/.gradle/caches/modules-2/files-2.1/org.apache.hadoop/hadoop-yarn-server-tests/2.7.1.2.4.0.0-169/299859cb47bd381c72f80aecbe0acda58e2bea93/hadoop-yarn-server-tests-2.7.1.2.4.0.0-169-tests.jar
7f6c25892000-7f6c2589a000 r--s 0007b000 00:12 1510474                    /home/mrblati/.gradle/caches/modules-2/files-2.1/com.google.protobuf/protobuf-java/2.5.0/a10732c76bfacdbd633a7eb0f7968b1059a65dfa/protobuf-java-2.5.0.jar
7f6c2589a000-7f6c2589d000 r--s 00016000 00:12 1589337                    /home/mrblati/.gradle/caches/modules-2/files-2.1/org.eclipse.jetty/jetty-io/9.1.5.v20140505/6a509d6bb87ecd5d86d799fd4a3e75a61f0c6ee6/jetty-io-9.1.5.v20140505.jar
7f6c2589d000-7f6c258a0000 r--s 00017000 00:12 1589334                    /home/mrblati/.gradle/caches/modules-2/files-2.1/org.eclipse.jetty/jetty-http/9.1.5.v20140505/a2458ef5c368dd4027d64beed1e5e1b2c1cbebc7/jetty-http-9.1.5.v20140505.jar
7f6c258a0000-7f6c258a6000 r--s 0004e000 00:12 1589331                    /home/mrblati/.gradle/caches/modules-2/files-2.1/org.eclipse.jetty/jetty-util/9.1.5.v20140505/9d2a23b732c015cc568ec725564543230ee6a7ec/jetty-util-9.1.5.v20140505.jar
7f6c258a6000-7f6c258a9000 r--s 00019000 00:12 1589328                    /home/mrblati/.gradle/caches/modules-2/files-2.1/org.eclipse.jetty/jetty-servlet/9.1.5.v20140505/7465c90bd6ed51668f624f6328c2a0bee6be2d45/jetty-servlet-9.1.5.v20140505.jar
7f6c258a9000-7f6c258af000 r--s 0005d000 00:12 1589325                    /home/mrblati/.gradle/caches/modules-2/files-2.1/org.eclipse.jetty/jetty-server/9.1.5.v20140505/73c06d9399cf17b52b3d75def3d1d36638dcd607/jetty-server-9.1.5.v20140505.jar
7f6c258af000-7f6c258b2000 r--s 00015000 00:12 1589322                    /home/mrblati/.gradle/caches/modules-2/files-2.1/org.eclipse.jetty/jetty-security/9.1.5.v20140505/7e228ab14f0b3f12780144bc01b1b81c42c84df9/jetty-security-9.1.5.v20140505.jar
7f6c258b2000-7f6c258b6000 r--s 0003d000 00:12 1589319                    /home/mrblati/.gradle/caches/modules-2/files-2.1/org.apache.accumulo/accumulo-shell/1.7.0.2.4.0.0-169/ebaf3ed140c02e37870fccae076c200bb7c0a76c/accumulo-shell-1.7.0.2.4.0.0-169.jar
7f6c258b6000-7f6c258b9000 r--s 00015000 00:12 1589316                    /home/mrblati/.gradle/caches/modules-2/files-2.1/javax.servlet/javax.servlet-api/3.1.0/3cd63d075497751784b2fa84be59432f4905bf7c/javax.servlet-api-3.1.0.jar
7f6c258b9000-7f6c258be000 r--s 00032000 00:12 1510456                    /home/mrblati/.gradle/caches/modules-2/files-2.1/com.twitter/chill_2.10/0.7.4/9cc9031c9070171da0cbd8a3037656ef70bd65eb/chill_2.10-0.7.4.jar
7f6c258be000-7f6c258bf000 r--s 00003000 00:12 1510453                    /home/mrblati/.gradle/caches/modules-2/files-2.1/io.dropwizard.metrics/metrics-json/3.1.0/47b1c72af77ca81771422269b807ef6198392741/metrics-json-3.1.0.jar
7f6c258bf000-7f6c258c1000 r--s 00007000 00:12 1510450                    /home/mrblati/.gradle/caches/modules-2/files-2.1/io.dropwizard.metrics/metrics-jvm/3.1.0/56b1ed0c306cc938515d3e321b59f4f836f6892a/metrics-jvm-3.1.0.jar
7f6c258c1000-7f6c258c5000 r--s 00018000 00:12 1510447                    /home/mrblati/.gradle/caches/modules-2/files-2.1/io.dropwizard.metrics/metrics-core/3.1.0/40e16d596ca49964a88bbce2261e387895b3499e/metrics-core-3.1.0.jar
7f6c258c5000-7f6c258c9000 r--s 0001b000 00:12 1510444                    /home/mrblati/.gradle/caches/modules-2/files-2.1/com.github.scopt/scopt_2.10/3.2.0/46c4d16a8691f31a80d70237f18de74995d917c8/scopt_2.10-3.2.0.jar
7f6c258c9000-7f6c258ca000 r--s 00001000 00:12 1510441                    /home/mrblati/.gradle/caches/modules-2/files-2.1/org.clapper/grizzled-slf4j_2.10/1.0.2/a996fb026bba0b470d29b251c9f6d482d6d8ecec/grizzled-slf4j_2.10-1.0.2.jar
7f6c258ca000-7f6c258cb000 r--s 00003000 00:12 1510438                    /home/mrblati/.gradle/caches/modules-2/files-2.1/com.typesafe.akka/akka-slf4j_2.10/2.3.7/ac3ca6d382ced97a8797bc2e47c89880eee7884b/akka-slf4j_2.10-2.3.7.jar
7f6c258cb000-7f6c258e0000 r--s 00134000 00:12 1510435                    /home/mrblati/.gradle/caches/modules-2/files-2.1/com.typesafe.akka/akka-remote_2.10/2.3.7/d5603ae49eefde410f5e75f41b4f60bee61b7bfd/akka-remote_2.10-2.3.7.jar
7f6c258e0000-7f6c25905000 r--s 00253000 00:12 1510432                    /home/mrblati/.gradle/caches/modules-2/files-2.1/com.typesafe.akka/akka-actor_2.10/2.3.7/b20f18109689918f05238deea29e681946d30ef7/akka-actor_2.10-2.3.7.jar
7f6c25905000-7f6c2590f000 r--s 000a5000 00:12 1510429                    /home/mrblati/.gradle/caches/modules-2/files-2.1/org.javassist/javassist/3.18.2-GA/1180a90fbad732b60fb728a6bbe8fcb3151423d7/javassist-3.18.2-GA.jar
7f6c2590f000-7f6c2592f000 r--s 001ba000 00:12 1510426                    /home/mrblati/.gradle/caches/modules-2/files-2.1/io.netty/netty-all/4.0.27.Final/3356bba317ac7875014930344bb6e4a592e72e61/netty-all-4.0.27.Final.jar
7f6c2592f000-7f6c25957000 rw-p 00000000 00:00 0 
7f6c25957000-7f6c25a7c000 r--s 01055000 00:12 1510309                    /home/mrblati/.gradle/caches/modules-2/files-2.1/org.apache.flink/flink-shaded-hadoop2/1.0.0/ec937bdfb4d34247c16c81cd9780f80b9b2727af/flink-shaded-hadoop2-1.0.0.jar
7f6c25a7c000-7f6c25a84000 r--s 00060000 00:12 1510363                    /home/mrblati/.gradle/caches/modules-2/files-2.1/org.apache.avro/avro/1.7.6/2b02bff72cffe2c52d336ccbb9cfe8d0fc59be7e/avro-1.7.6.jar
7f6c25a84000-7f6c25a8a000 r--s 0004d000 00:12 1510360                    /home/mrblati/.gradle/caches/modules-2/files-2.1/com.esotericsoftware.kryo/kryo/2.24.0/c6b206e80cfd97e66a1364003724491c757b92f/kryo-2.24.0.jar
7f6c25a8a000-7f6c25a8b000 r--s 00002000 00:12 1510357                    /home/mrblati/.gradle/caches/modules-2/files-2.1/org.apache.flink/flink-annotations/1.0.0/bf4ad9ba82052bb642be1c9e3bf313081534817a/flink-annotations-1.0.0.jar
7f6c25a8b000-7f6c25a8d000 r--s 00003000 00:12 1510354                    /home/mrblati/.gradle/caches/modules-2/files-2.1/org.apache.hadoop/hadoop-annotations/2.7.1.2.4.0.0-169/d26d25a7e19f8f47ad08b41506d9cde783afbc11/hadoop-annotations-2.7.1.2.4.0.0-169.jar
7f6c25a8d000-7f6c25aa4000 r--s 00160000 00:12 1589292                    /home/mrblati/.gradle/caches/modules-2/files-2.1/org.apache.hadoop/hadoop-mapreduce-client-jobclient/2.7.1.2.4.0.0-169/edf923397a840b58594831098d9d9753411d537d/hadoop-mapreduce-client-jobclient-2.7.1.2.4.0.0-169-tests.jar
7f6c25aa4000-7f6c25aa6000 r--s 00008000 00:12 1510351                    /home/mrblati/.gradle/caches/modules-2/files-2.1/org.apache.hadoop/hadoop-mapreduce-client-jobclient/2.7.1.2.4.0.0-169/63df0ab69b6d2ede77c497db87d1c39796ae6f04/hadoop-mapreduce-client-jobclient-2.7.1.2.4.0.0-169.jar
7f6c25aa6000-7f6c25abf000 r--s 0015e000 00:12 1510348                    /home/mrblati/.gradle/caches/modules-2/files-2.1/org.apache.hadoop/hadoop-mapreduce-client-core/2.7.1.2.4.0.0-169/61dd1bb75991364f3f78c51d358e3ab3ae8097b1/hadoop-mapreduce-client-core-2.7.1.2.4.0.0-169.jar
7f6c25abf000-7f6c25add000 r--s 001e5000 00:12 1510345                    /home/mrblati/.gradle/caches/modules-2/files-2.1/org.apache.hadoop/hadoop-yarn-api/2.7.1.2.4.0.0-169/3352865b8e5b584a40e2ee572cb0a0c6f398611c/hadoop-yarn-api-2.7.1.2.4.0.0-169.jar
7f6c25add000-7f6c25ae7000 r--s 00074000 00:12 1510342                    /home/mrblati/.gradle/caches/modules-2/files-2.1/org.apache.hadoop/hadoop-mapreduce-client-app/2.7.1.2.4.0.0-169/d7a24f2cfd08699afe7160826e23a075370ed107/hadoop-mapreduce-client-app-2.7.1.2.4.0.0-169.jar
7f6c25ae7000-7f6c25b0b000 r--s 00311000 00:12 1589289                    /home/mrblati/.gradle/caches/modules-2/files-2.1/org.apache.hadoop/hadoop-hdfs/2.7.1.2.4.0.0-169/6d30c87e5a98c1884e733569f1a47fe8d87fd2b0/hadoop-hdfs-2.7.1.2.4.0.0-169-tests.jar
7f6c25b0b000-7f6c25b76000 r--s 00786000 00:12 1510339                    /home/mrblati/.gradle/caches/modules-2/files-2.1/org.apache.hadoop/hadoop-hdfs/2.7.1.2.4.0.0-169/d6658485dbe2b061e1f54d57d4362ade6949b646/hadoop-hdfs-2.7.1.2.4.0.0-169.jar
7f6c25b76000-7f6c25b93000 r--s 001b4000 00:12 1589286                    /home/mrblati/.gradle/caches/modules-2/files-2.1/org.apache.hadoop/hadoop-common/2.7.1.2.4.0.0-169/39b3205ccb8eea9e9e78fc8b71f2ce0010847629/hadoop-common-2.7.1.2.4.0.0-169-tests.jar
7f6c25b93000-7f6c25bca000 r--s 00319000 00:12 1510336                    /home/mrblati/.gradle/caches/modules-2/files-2.1/org.apache.hadoop/hadoop-common/2.7.1.2.4.0.0-169/92996f543e4e968c37f36b1e9f3c3f0032e96ea7/hadoop-common-2.7.1.2.4.0.0-169.jar
7f6c25bca000-7f6c25bcd000 r--s 0000f000 00:12 1510333                    /home/mrblati/.gradle/caches/modules-2/files-2.1/org.apache.maven.scm/maven-scm-provider-svnexe/1.4/b3213b40157b701ba079b738baac391e41418c18/maven-scm-provider-svnexe-1.4.jar
7f6c25bcd000-7f6c25bd1000 r--s 00014000 00:12 1510330                    /home/mrblati/.gradle/caches/modules-2/files-2.1/org.apache.maven.scm/maven-scm-api/1.4/e294693ce217bd6f470b728127854e6ca787fd29/maven-scm-api-1.4.jar
7f6c25bd1000-7f6c25bd2000 r--s 00000000 00:12 1589313                    /home/mrblati/.gradle/caches/modules-2/files-2.1/org.apache.hadoop/hadoop-minicluster/2.7.1.2.4.0.0-169/cd8d35537a69e09c8a1d141d1bba8f3b64f7a86e/hadoop-minicluster-2.7.1.2.4.0.0-169.jar
7f6c25bd2000-7f6c25bd9000 r--s 0006f000 00:12 1589310                    /home/mrblati/.gradle/caches/modules-2/files-2.1/org.apache.accumulo/accumulo-tserver/1.7.0.2.4.0.0-169/f65d6ef94a40966d281d7e694f273eef872e3365/accumulo-tserver-1.7.0.2.4.0.0-169.jar
7f6c25bd9000-7f6c25bdc000 r--s 00020000 00:12 1589307                    /home/mrblati/.gradle/caches/modules-2/files-2.1/org.apache.accumulo/accumulo-tracer/1.7.0.2.4.0.0-169/7132506395ca2509e61b58aca9ccb67ece0076af/accumulo-tracer-1.7.0.2.4.0.0-169.jar
7f6c25bdc000-7f6c25be7000 r--s 0009a000 00:12 1589304                    /home/mrblati/.gradle/caches/modules-2/files-2.1/org.apache.accumulo/accumulo-server-base/1.7.0.2.4.0.0-169/ad51e7486441055e86082925de41a50a025725ff/accumulo-server-base-1.7.0.2.4.0.0-169.jar
7f6c25be7000-7f6c25beb000 r--s 00059000 00:12 1589301                    /home/mrblati/.gradle/caches/modules-2/files-2.1/org.apache.accumulo/accumulo-monitor/1.7.0.2.4.0.0-169/61e80783f6dffe0835ff59734603d3d8cdc442b4/accumulo-monitor-1.7.0.2.4.0.0-169.jar
7f6c25beb000-7f6c25bef000 r--s 00042000 00:12 1589298                    /home/mrblati/.gradle/caches/modules-2/files-2.1/org.apache.accumulo/accumulo-master/1.7.0.2.4.0.0-169/aa8719491283e3c5cacf8ca2e8d97e104db916f0/accumulo-master-1.7.0.2.4.0.0-169.jar
7f6c25bef000-7f6c25bf1000 r--s 0000d000 00:12 1589295                    /home/mrblati/.gradle/caches/modules-2/files-2.1/org.apache.accumulo/accumulo-gc/1.7.0.2.4.0.0-169/eb3d9df675bcc5cc768ed1706c36e12b45045765/accumulo-gc-1.7.0.2.4.0.0-169.jar
7f6c25bf1000-7f6c25bf3000 r--s 00009000 00:12 1507336                    /home/mrblati/.gradle/caches/modules-2/files-2.1/org.hamcrest/hamcrest-core/1.3/42a25dc3219429f0e5d060061f71acb49bf010a0/hamcrest-core-1.3.jar
7f6c25bf3000-7f6c25bfa000 r--s 00049000 00:12 1533599                    /home/mrblati/.gradle/caches/modules-2/files-2.1/org.apache.httpcomponents/httpcore/4.4.4/b31526a230871fbe285fbcbe2813f9c0839ae9b0/httpcore-4.4.4.jar
7f6c25bfa000-7f6c25bfc000 r--s 00009000 00:12 1510327                    /home/mrblati/.gradle/caches/modules-2/files-2.1/commons-cli/commons-cli/1.2/2bf96b7aa8b611c177d329452af1dc933e14501c/commons-cli-1.2.jar
7f6c25bfc000-7f6c25c3e000 r--s 002b2000 00:12 1510266                    /home/mrblati/.gradle/caches/modules-2/files-2.1/org.apache.flink/flink-java/1.0.0/7c03605642aa0bf75bd3bf58f7753aa2f58d9b7d/flink-java-1.0.0.jar
7f6c25c3e000-7f6c25c78000 r--s 00265000 00:12 1510324                    /home/mrblati/.gradle/caches/modules-2/files-2.1/org.apache.flink/flink-optimizer_2.10/1.0.0/638cb83da6408fcc03ea8117053775e6d8a07ca/flink-optimizer_2.10-1.0.0.jar
7f6c25c78000-7f6c25c7f000 r--s 0005e000 00:12 1510315                    /home/mrblati/.gradle/caches/modules-2/files-2.1/org.apache.commons/commons-lang3/3.3.2/90a3822c38ec8c996e84c16a3477ef632cbc87a3/commons-lang3-3.3.2.jar
7f6c25c7f000-7f6c25ca3000 r--s 001ce000 00:12 1510312                    /home/mrblati/.gradle/caches/modules-2/files-2.1/org.apache.commons/commons-math3/3.5/13af68e9a11576953f5c4b09436f8207be9d3a27/commons-math3-3.5.jar
7f6c25ca3000-7f6c25ca5000 r--s 0000a000 00:12 1533596                    /home/mrblati/.gradle/caches/modules-2/files-2.1/org.apache.sling/org.apache.sling.commons.json/2.0.6/77c543d494f4f767b949c4c37bc6d3168f3326a3/org.apache.sling.commons.json-2.0.6.jar
7f6c25ca5000-7f6c25d19000 r--s 004ba000 00:12 1510321                    /home/mrblati/.gradle/caches/modules-2/files-2.1/org.apache.flink/flink-runtime_2.10/1.0.0/289f9c14d8555a37f21e5b8ffe1a7c3c12a1adcd/flink-runtime_2.10-1.0.0.jar
7f6c25d19000-7f6c25d5d000 r--s 002d5000 00:12 1510305                    /home/mrblati/.gradle/caches/modules-2/files-2.1/org.apache.flink/flink-core/1.0.0/f19904b5ac1fbe4c245d1c3d8fb6dd577b3b926b/flink-core-1.0.0.jar
7f6c25d5d000-7f6c25d62000 r--s 00030000 00:12 1510299                    /home/mrblati/.gradle/caches/modules-2/files-2.1/org.apache.thrift/libthrift/0.9.1/16c9cccf08caa385b5fc93934cb3216fe6ac6a72/libthrift-0.9.1.jar
7f6c25d62000-7f6c25d7b000 r--s 00150000 00:12 1510296                    /home/mrblati/.gradle/caches/modules-2/files-2.1/org.apache.htrace/htrace-core/3.1.0-incubating/f73606e7c9ede5802335c290bf47490ad6d51df3/htrace-core-3.1.0-incubating.jar
7f6c25d7b000-7f6c25db1000 r--s 00224000 00:12 1533590                    /home/mrblati/.gradle/caches/modules-2/files-2.1/org.apache.flink/flink-connector-twitter_2.10/1.0.0/c0b721501e8d40ebacebdd3e242d800d99f54e06/flink-connector-twitter_2.10-1.0.0.jar
7f6c25db1000-7f6c25de8000 r--s 00225000 00:12 1510269                    /home/mrblati/.gradle/caches/modules-2/files-2.1/org.apache.flink/flink-clients_2.10/1.0.0/6f666dcfa3d1df29709a713ec3e08ae240b399ce/flink-clients_2.10-1.0.0.jar
7f6c25de8000-7f6c25e27000 r--s 00288000 00:12 1533587                    /home/mrblati/.gradle/caches/modules-2/files-2.1/org.apache.flink/flink-streaming-java_2.10/1.0.0/41273a5b5fd8e79aca39fc7efb2a63d5d29d3e76/flink-streaming-java_2.10-1.0.0.jar
7f6c25e27000-7f6c25e3d000 r-xp 00000000 00:12 1527328                    /usr/lib/jvm/java-8-openjdk/jre/lib/amd64/libnet.so
7f6c25e3d000-7f6c2603d000 ---p 00016000 00:12 1527328                    /usr/lib/jvm/java-8-openjdk/jre/lib/amd64/libnet.so
7f6c2603d000-7f6c2603e000 rw-p 00016000 00:12 1527328                    /usr/lib/jvm/java-8-openjdk/jre/lib/amd64/libnet.so
7f6c2603e000-7f6c26041000 ---p 00000000 00:00 0 
7f6c26041000-7f6c2613f000 rw-p 00000000 00:00 0 
7f6c2613f000-7f6c26140000 ---p 00000000 00:00 0 
7f6c26140000-7f6c28000000 rw-p 00000000 00:00 0 
7f6c28000000-7f6c28021000 rw-p 00000000 00:00 0 
7f6c28021000-7f6c2c000000 ---p 00000000 00:00 0 
7f6c2c000000-7f6c2c031000 rw-p 00000000 00:00 0 
7f6c2c031000-7f6c30000000 ---p 00000000 00:00 0 
7f6c30000000-7f6c30021000 rw-p 00000000 00:00 0 
7f6c30021000-7f6c34000000 ---p 00000000 00:00 0 
7f6c34000000-7f6c34001000 r--s 00001000 00:12 1510318                    /home/mrblati/.gradle/caches/modules-2/files-2.1/org.apache.flink/force-shading/1.0.0/476785c9014fbf68114eea410ea2ec35758aa686/force-shading-1.0.0.jar
7f6c34001000-7f6c34002000 r--s 00000000 00:12 1510293                    /home/mrblati/.gradle/caches/modules-2/files-2.1/org.apache.hadoop/hadoop-client/2.7.1.2.4.0.0-169/83c775f69b705f531cdcc8b58ac96e6ca83ee181/hadoop-client-2.7.1.2.4.0.0-169.jar
7f6c34002000-7f6c3400b000 r--s 0005d000 00:12 1510290                    /home/mrblati/.gradle/caches/modules-2/files-2.1/org.apache.commons/commons-vfs2/2.0/b5af3b9c96b060d77c68fa5ac9384b402dd58013/commons-vfs2-2.0.jar
7f6c3400b000-7f6c3400d000 r--s 0000e000 00:12 1510284                    /home/mrblati/.gradle/caches/modules-2/files-2.1/org.apache.accumulo/accumulo-start/1.7.0.2.4.0.0-169/c191b77dd3806b4e12b8e6afb3573a3ffb0247ca/accumulo-start-1.7.0.2.4.0.0-169.jar
7f6c3400d000-7f6c34010000 r--s 00019000 00:12 1510281                    /home/mrblati/.gradle/caches/modules-2/files-2.1/org.apache.accumulo/accumulo-fate/1.7.0.2.4.0.0-169/3aa65dcfd0dd8a1aa53d45070af55cc590c965f4/accumulo-fate-1.7.0.2.4.0.0-169.jar
7f6c34010000-7f6c34014000 r--s 0002a000 00:12 1510275                    /home/mrblati/.gradle/caches/modules-2/files-2.1/commons-io/commons-io/2.4/b1b6ea3b7e4aa4f492509a4952029cd8e48019ad/commons-io-2.4.jar
7f6c34014000-7f6c3401a000 r--s 00036000 00:12 1507330                    /home/mrblati/.gradle/caches/modules-2/files-2.1/junit/junit/4.11/4e031bb61df09069aeb2bffb4019e7a5034a4ee0/junit-4.11.jar
7f6c3401a000-7f6c34027000 r--s 000a7000 00:12 1533593                    /home/mrblati/.gradle/caches/modules-2/files-2.1/org.apache.httpcomponents/httpclient/4.5.2/733db77aa8d9b2d68015189df76ab06304406e50/httpclient-4.5.2.jar
7f6c34027000-7f6c34053000 r--s 00208000 00:12 1510263                    /home/mrblati/.gradle/caches/modules-2/files-2.1/com.google.guava/guava/19.0/6ce200f6b23222af3d8abb6b6459e6c44f4bb0e9/guava-19.0.jar
7f6c34053000-7f6c340ad000 r--s 00458000 00:12 1510260                    /home/mrblati/.gradle/caches/modules-2/files-2.1/org.apache.accumulo/accumulo-core/1.7.0.2.4.0.0-169/4f6d7c41bb075a72aeb9a0d8cb9e1c5ca2a90157/accumulo-core-1.7.0.2.4.0.0-169.jar
7f6c340ad000-7f6c340de000 rw-p 00000000 00:00 0 
7f6c340de000-7f6c340e1000 ---p 00000000 00:00 0 
7f6c340e1000-7f6c341df000 rw-p 00000000 00:00 0 
7f6c341df000-7f6c341e2000 ---p 00000000 00:00 0 
7f6c341e2000-7f6c342e0000 rw-p 00000000 00:00 0 
7f6c342e0000-7f6c342e3000 ---p 00000000 00:00 0 
7f6c342e3000-7f6c343e1000 rw-p 00000000 00:00 0 
7f6c343e1000-7f6c343e4000 ---p 00000000 00:00 0 
7f6c343e4000-7f6c344e2000 rw-p 00000000 00:00 0 
7f6c344e2000-7f6c344e5000 ---p 00000000 00:00 0 
7f6c344e5000-7f6c345e3000 rw-p 00000000 00:00 0 
7f6c345e3000-7f6c348f9000 r--p 00000000 00:12 1709414                    /usr/lib/locale/locale-archive
7f6c348f9000-7f6c348fc000 ---p 00000000 00:00 0 
7f6c348fc000-7f6c349fa000 rw-p 00000000 00:00 0 
7f6c349fa000-7f6c349fd000 ---p 00000000 00:00 0 
7f6c349fd000-7f6c34afb000 rw-p 00000000 00:00 0 
7f6c34afb000-7f6c34afc000 ---p 00000000 00:00 0 
7f6c34afc000-7f6c35000000 rw-p 00000000 00:00 0 
7f6c35000000-7f6c35500000 rwxp 00000000 00:00 0 
7f6c35500000-7f6c44000000 ---p 00000000 00:00 0 
7f6c44000000-7f6c4532a000 rw-p 00000000 00:00 0 
7f6c4532a000-7f6c48000000 ---p 00000000 00:00 0 
7f6c48000000-7f6c48013000 r--s 00345000 00:12 1527268                    /usr/lib/jvm/java-8-openjdk/jre/lib/resources.jar
7f6c48013000-7f6c48bce000 rw-p 00000000 00:00 0 
7f6c48bce000-7f6c48d9b000 r--s 03bec000 00:12 1527269                    /usr/lib/jvm/java-8-openjdk/jre/lib/rt.jar
7f6c48d9b000-7f6c497ed000 rw-p 00000000 00:00 0 
7f6c497ed000-7f6c497ee000 ---p 00000000 00:00 0 
7f6c497ee000-7f6c498ee000 rw-p 00000000 00:00 0 
7f6c498ee000-7f6c498ef000 ---p 00000000 00:00 0 
7f6c498ef000-7f6c499ef000 rw-p 00000000 00:00 0 
7f6c499ef000-7f6c499f0000 ---p 00000000 00:00 0 
7f6c499f0000-7f6c49af0000 rw-p 00000000 00:00 0 
7f6c49af0000-7f6c49af1000 ---p 00000000 00:00 0 
7f6c49af1000-7f6c49c0f000 rw-p 00000000 00:00 0 
7f6c49c0f000-7f6c49d2f000 ---p 00000000 00:00 0 
7f6c49d2f000-7f6c49d4d000 rw-p 00000000 00:00 0 
7f6c49d4d000-7f6c49e6c000 ---p 00000000 00:00 0 
7f6c49e6c000-7f6c49eaf000 rw-p 00000000 00:00 0 
7f6c49eaf000-7f6c49f0b000 ---p 00000000 00:00 0 
7f6c49f0b000-7f6c49f20000 rw-p 00000000 00:00 0 
7f6c49f20000-7f6c4a2cc000 ---p 00000000 00:00 0 
7f6c4a2cc000-7f6c4a2d4000 r-xp 00000000 00:12 1527326                    /usr/lib/jvm/java-8-openjdk/jre/lib/amd64/libzip.so
7f6c4a2d4000-7f6c4a4d3000 ---p 00008000 00:12 1527326                    /usr/lib/jvm/java-8-openjdk/jre/lib/amd64/libzip.so
7f6c4a4d3000-7f6c4a4d4000 rw-p 00007000 00:12 1527326                    /usr/lib/jvm/java-8-openjdk/jre/lib/amd64/libzip.so
7f6c4a4d4000-7f6c4a4df000 r-xp 00000000 00:12 1709141                    /usr/lib/libnss_files-2.23.so
7f6c4a4df000-7f6c4a6de000 ---p 0000b000 00:12 1709141                    /usr/lib/libnss_files-2.23.so
7f6c4a6de000-7f6c4a6df000 r--p 0000a000 00:12 1709141                    /usr/lib/libnss_files-2.23.so
7f6c4a6df000-7f6c4a6e0000 rw-p 0000b000 00:12 1709141                    /usr/lib/libnss_files-2.23.so
7f6c4a6e0000-7f6c4a6e6000 rw-p 00000000 00:00 0 
7f6c4a6e6000-7f6c4a712000 r-xp 00000000 00:12 1527325                    /usr/lib/jvm/java-8-openjdk/jre/lib/amd64/libjava.so
7f6c4a712000-7f6c4a912000 ---p 0002c000 00:12 1527325                    /usr/lib/jvm/java-8-openjdk/jre/lib/amd64/libjava.so
7f6c4a912000-7f6c4a914000 rw-p 0002c000 00:12 1527325                    /usr/lib/jvm/java-8-openjdk/jre/lib/amd64/libjava.so
7f6c4a914000-7f6c4a921000 r-xp 00000000 00:12 1527318                    /usr/lib/jvm/java-8-openjdk/jre/lib/amd64/libverify.so
7f6c4a921000-7f6c4ab20000 ---p 0000d000 00:12 1527318                    /usr/lib/jvm/java-8-openjdk/jre/lib/amd64/libverify.so
7f6c4ab20000-7f6c4ab22000 rw-p 0000c000 00:12 1527318                    /usr/lib/jvm/java-8-openjdk/jre/lib/amd64/libverify.so
7f6c4ab22000-7f6c4ab29000 r-xp 00000000 00:12 1709149                    /usr/lib/librt-2.23.so
7f6c4ab29000-7f6c4ad28000 ---p 00007000 00:12 1709149                    /usr/lib/librt-2.23.so
7f6c4ad28000-7f6c4ad29000 r--p 00006000 00:12 1709149                    /usr/lib/librt-2.23.so
7f6c4ad29000-7f6c4ad2a000 rw-p 00007000 00:12 1709149                    /usr/lib/librt-2.23.so
7f6c4ad2a000-7f6c4ae2d000 r-xp 00000000 00:12 1709146                    /usr/lib/libm-2.23.so
7f6c4ae2d000-7f6c4b02c000 ---p 00103000 00:12 1709146                    /usr/lib/libm-2.23.so
7f6c4b02c000-7f6c4b02d000 r--p 00102000 00:12 1709146                    /usr/lib/libm-2.23.so
7f6c4b02d000-7f6c4b02e000 rw-p 00103000 00:12 1709146                    /usr/lib/libm-2.23.so
7f6c4b02e000-7f6c4bc83000 r-xp 00000000 00:12 1527349                    /usr/lib/jvm/java-8-openjdk/jre/lib/amd64/server/libjvm.so
7f6c4bc83000-7f6c4be83000 ---p 00c55000 00:12 1527349                    /usr/lib/jvm/java-8-openjdk/jre/lib/amd64/server/libjvm.so
7f6c4be83000-7f6c4bf3f000 rw-p 00c55000 00:12 1527349                    /usr/lib/jvm/java-8-openjdk/jre/lib/amd64/server/libjvm.so
7f6c4bf3f000-7f6c4bf6f000 rw-p 00000000 00:00 0 
7f6c4bf6f000-7f6c4c106000 r-xp 00000000 00:12 1709092                    /usr/lib/libc-2.23.so
7f6c4c106000-7f6c4c306000 ---p 00197000 00:12 1709092                    /usr/lib/libc-2.23.so
7f6c4c306000-7f6c4c30a000 r--p 00197000 00:12 1709092                    /usr/lib/libc-2.23.so
7f6c4c30a000-7f6c4c30c000 rw-p 0019b000 00:12 1709092                    /usr/lib/libc-2.23.so
7f6c4c30c000-7f6c4c310000 rw-p 00000000 00:00 0 
7f6c4c310000-7f6c4c312000 r-xp 00000000 00:12 1709145                    /usr/lib/libdl-2.23.so
7f6c4c312000-7f6c4c512000 ---p 00002000 00:12 1709145                    /usr/lib/libdl-2.23.so
7f6c4c512000-7f6c4c513000 r--p 00002000 00:12 1709145                    /usr/lib/libdl-2.23.so
7f6c4c513000-7f6c4c514000 rw-p 00003000 00:12 1709145                    /usr/lib/libdl-2.23.so
7f6c4c514000-7f6c4c521000 r-xp 00000000 00:12 1527346                    /usr/lib/jvm/java-8-openjdk/jre/lib/amd64/jli/libjli.so
7f6c4c521000-7f6c4c720000 ---p 0000d000 00:12 1527346                    /usr/lib/jvm/java-8-openjdk/jre/lib/amd64/jli/libjli.so
7f6c4c720000-7f6c4c721000 rw-p 0000c000 00:12 1527346                    /usr/lib/jvm/java-8-openjdk/jre/lib/amd64/jli/libjli.so
7f6c4c721000-7f6c4c736000 r-xp 00000000 00:12 7053                       /usr/lib/libz.so.1.2.8
7f6c4c736000-7f6c4c935000 ---p 00015000 00:12 7053                       /usr/lib/libz.so.1.2.8
7f6c4c935000-7f6c4c936000 r--p 00014000 00:12 7053                       /usr/lib/libz.so.1.2.8
7f6c4c936000-7f6c4c937000 rw-p 00015000 00:12 7053                       /usr/lib/libz.so.1.2.8
7f6c4c937000-7f6c4c94f000 r-xp 00000000 00:12 1709073                    /usr/lib/libpthread-2.23.so
7f6c4c94f000-7f6c4cb4e000 ---p 00018000 00:12 1709073                    /usr/lib/libpthread-2.23.so
7f6c4cb4e000-7f6c4cb4f000 r--p 00017000 00:12 1709073                    /usr/lib/libpthread-2.23.so
7f6c4cb4f000-7f6c4cb50000 rw-p 00018000 00:12 1709073                    /usr/lib/libpthread-2.23.so
7f6c4cb50000-7f6c4cb54000 rw-p 00000000 00:00 0 
7f6c4cb54000-7f6c4cb77000 r-xp 00000000 00:12 1709091                    /usr/lib/ld-2.23.so
7f6c4cb77000-7f6c4cb7a000 r--s 00030000 00:12 1510278                    /home/mrblati/.gradle/caches/modules-2/files-2.1/jline/jline/2.11/9504d5e2da5d78237239c5226e8200ec21182040/jline-2.11.jar
7f6c4cb7a000-7f6c4cc3f000 rw-p 00000000 00:00 0 
7f6c4cc3f000-7f6c4cc42000 ---p 00000000 00:00 0 
7f6c4cc42000-7f6c4cd44000 rw-p 00000000 00:00 0 
7f6c4cd44000-7f6c4cd46000 r--s 0000d000 00:12 1510272                    /home/mrblati/.gradle/caches/modules-2/files-2.1/com.beust/jcommander/1.32/d85d7f3b1895c02065b5f96cd02e514dd233a1aa/jcommander-1.32.jar
7f6c4cd46000-7f6c4cd48000 r--s 00013000 00:12 1589283                    /home/mrblati/.gradle/caches/modules-2/files-2.1/org.apache.accumulo/accumulo-minicluster/1.7.0.2.4.0.0-169/97d04dc25388118e3cd9010795d2f52eb3096cdd/accumulo-minicluster-1.7.0.2.4.0.0-169.jar
7f6c4cd48000-7f6c4cd49000 r--s 00000000 00:12 1527264                    /usr/lib/jvm/java-8-openjdk/jre/lib/management-agent.jar
7f6c4cd49000-7f6c4cd4d000 r--s 00097000 00:12 1527267                    /usr/lib/jvm/java-8-openjdk/jre/lib/jsse.jar
7f6c4cd4d000-7f6c4cd50000 r--s 00015000 00:12 1527263                    /usr/lib/jvm/java-8-openjdk/jre/lib/jce.jar
7f6c4cd50000-7f6c4cd55000 r--s 002f9000 00:12 1527266                    /usr/lib/jvm/java-8-openjdk/jre/lib/charsets.jar
7f6c4cd55000-7f6c4cd57000 r--s 00023000 00:12 1736047                    /usr/share/intellijidea-ce/plugins/junit/lib/junit-rt.jar
7f6c4cd57000-7f6c4cd59000 r--s 0001e000 00:12 1736178                    /usr/share/intellijidea-ce/lib/idea_rt.jar
7f6c4cd59000-7f6c4cd6c000 rw-p 00000000 00:00 0 
7f6c4cd6c000-7f6c4cd74000 rw-s 00000000 00:26 43813                      /tmp/hsperfdata_mrblati/2902
7f6c4cd74000-7f6c4cd75000 rw-p 00000000 00:00 0 
7f6c4cd75000-7f6c4cd76000 ---p 00000000 00:00 0 
7f6c4cd76000-7f6c4cd77000 rw-p 00000000 00:00 0 
7f6c4cd77000-7f6c4cd78000 r--p 00023000 00:12 1709091                    /usr/lib/ld-2.23.so
7f6c4cd78000-7f6c4cd79000 rw-p 00024000 00:12 1709091                    /usr/lib/ld-2.23.so
7f6c4cd79000-7f6c4cd7a000 rw-p 00000000 00:00 0 
7ffe24e42000-7ffe24e6a000 rw-p 00000000 00:00 0                          [stack]
7ffe24e75000-7ffe24e78000 r--p 00000000 00:00 0                          [vvar]
7ffe24e78000-7ffe24e7a000 r-xp 00000000 00:00 0                          [vdso]
ffffffffff600000-ffffffffff601000 r-xp 00000000 00:00 0                  [vsyscall]

VM Arguments:
jvm_args: -ea -Didea.launcher.port=7533 -Didea.launcher.bin.path=/usr/share/intellijidea-ce/bin -Didea.junit.sm_runner -Dfile.encoding=UTF-8 
java_command: com.intellij.rt.execution.application.AppMain com.intellij.rt.execution.junit.JUnitStarter -ideVersion5 org.iidp.ostmap.batch_processing.areacalc.FlatMapsAndReduceTest,testCalcProcess
java_class_path (initial): /usr/share/intellijidea-ce/lib/idea_rt.jar:/usr/share/intellijidea-ce/plugins/junit/lib/junit-rt.jar:/usr/lib/jvm/java-8-openjdk/jre/lib/charsets.jar:/usr/lib/jvm/java-8-openjdk/jre/lib/ext/cldrdata.jar:/usr/lib/jvm/java-8-openjdk/jre/lib/ext/dnsns.jar:/usr/lib/jvm/java-8-openjdk/jre/lib/ext/jaccess.jar:/usr/lib/jvm/java-8-openjdk/jre/lib/ext/localedata.jar:/usr/lib/jvm/java-8-openjdk/jre/lib/ext/nashorn.jar:/usr/lib/jvm/java-8-openjdk/jre/lib/ext/sunec.jar:/usr/lib/jvm/java-8-openjdk/jre/lib/ext/sunjce_provider.jar:/usr/lib/jvm/java-8-openjdk/jre/lib/ext/sunpkcs11.jar:/usr/lib/jvm/java-8-openjdk/jre/lib/ext/zipfs.jar:/usr/lib/jvm/java-8-openjdk/jre/lib/jce.jar:/usr/lib/jvm/java-8-openjdk/jre/lib/jsse.jar:/usr/lib/jvm/java-8-openjdk/jre/lib/management-agent.jar:/usr/lib/jvm/java-8-openjdk/jre/lib/resources.jar:/usr/lib/jvm/java-8-openjdk/jre/lib/rt.jar:/data/repos/OSTMap/batch_processing/build/classes/test:/data/repos/OSTMap/batch_processing/build/classes/main:/data/repos/OSTMap/commons/build/classes/main:/home/mrblati/.gradle/caches/modules-2/files-2.1/org.apache.accumulo/accumulo-core/1.7.0.2.4.0.0-169/4f6d7c41bb075a72aeb9a0d8cb9e1c5ca2a90157/accumulo-core-1.7.0.2.4.0.0-169.jar:/home/mrblati/.gradle/caches/modules-2/files-2.1/com.google.guava/guava/19.0/6ce200f6b23222af3d8abb6b6459e6c44f4bb0e9/guava-19.0.jar:/home/mrblati/.gradle/caches/modules-2/files-2.1/org.apache.flink/flink-streaming-java_2.10/1.0.0/41273a5b5fd8e79aca39fc7efb2a63d5d29d3e76/flink-streaming-java_2.10-1.0.0.jar:/home/mrblati/.gradle/caches/modules-2/files-2.1/org.apache.flink/flink-clients_2.10/1.0.0/6f666dcfa3d1df29709a713ec3e08ae240b399ce/flink-clients_2.10-1.0.0.jar:/home/mrblati/.gradle/caches/modules-2/files-2.1/org.apache.flink/flink-connector-twitter_2.10/1.0.0/c0b721501e8d40ebacebdd3e242d800d99f54e06/flink-connector-twitter_2.10-1.0.0.jar:/home/mrblati/.gradle/caches/modules-2/files-2.1/org.apache.httpcomponents/httpclient/4.5.2/733db77aa8d9b2d68015189df76ab0
Launcher Type: SUN_STANDARD

Environment Variables:
PATH=/usr/local/sbin:/usr/local/bin:/usr/bin:/opt/android-sdk/platform-tools:/opt/android-sdk/tools:/usr/lib/jvm/default/bin:/usr/bin/site_perl:/usr/bin/vendor_perl:/usr/bin/core_perl
USERNAME=mrblati
LD_LIBRARY_PATH=.:
SHELL=/bin/bash
DISPLAY=:0

Signal Handlers:
SIGSEGV: [libjvm.so+0xa5a220], sa_mask[0]=11111111011111111101111111111110, sa_flags=SA_RESTART|SA_SIGINFO
SIGBUS: [libjvm.so+0xa5a220], sa_mask[0]=11111111011111111101111111111110, sa_flags=SA_RESTART|SA_SIGINFO
SIGFPE: [libjvm.so+0x8a5a90], sa_mask[0]=11111111011111111101111111111110, sa_flags=SA_RESTART|SA_SIGINFO
SIGPIPE: [libjvm.so+0x8a5a90], sa_mask[0]=11111111011111111101111111111110, sa_flags=SA_RESTART|SA_SIGINFO
SIGXFSZ: [libjvm.so+0x8a5a90], sa_mask[0]=11111111011111111101111111111110, sa_flags=SA_RESTART|SA_SIGINFO
SIGILL: [libjvm.so+0x8a5a90], sa_mask[0]=11111111011111111101111111111110, sa_flags=SA_RESTART|SA_SIGINFO
SIGUSR1: SIG_DFL, sa_mask[0]=00000000000000000000000000000000, sa_flags=none
SIGUSR2: [libjvm.so+0x8a5940], sa_mask[0]=00100000000000000000000000000000, sa_flags=SA_RESTART|SA_SIGINFO
SIGHUP: [libjvm.so+0x8a5e10], sa_mask[0]=11111111011111111101111111111110, sa_flags=SA_RESTART|SA_SIGINFO
SIGINT: [libjvm.so+0x8a5e10], sa_mask[0]=11111111011111111101111111111110, sa_flags=SA_RESTART|SA_SIGINFO
SIGTERM: [libjvm.so+0x8a5e10], sa_mask[0]=11111111011111111101111111111110, sa_flags=SA_RESTART|SA_SIGINFO
SIGQUIT: [libjvm.so+0x8a5e10], sa_mask[0]=11111111011111111101111111111110, sa_flags=SA_RESTART|SA_SIGINFO


---------------  S Y S T E M  ---------------

OS:NAME="Arch Linux"
ID=arch
PRETTY_NAME="Arch Linux"
ANSI_COLOR="0;36"
HOME_URL="https://www.archlinux.org/"
SUPPORT_URL="https://bbs.archlinux.org/"
BUG_REPORT_URL="https://bugs.archlinux.org/"


uname:Linux 4.5.4-1-ARCH #1 SMP PREEMPT Wed May 11 22:21:28 CEST 2016 x86_64
libc:glibc 2.23 NPTL 2.23 
rlimit: STACK 8192k, CORE infinity, NPROC 14403, NOFILE 4096, AS infinity
load average:2,22 1,55 1,08

/proc/meminfo:
MemTotal:        3893484 kB
MemFree:          107348 kB
MemAvailable:      69328 kB
Buffers:             240 kB
Cached:           365784 kB
SwapCached:            0 kB
Active:          3323500 kB
Inactive:         284524 kB
Active(anon):    3262064 kB
Inactive(anon):   216412 kB
Active(file):      61436 kB
Inactive(file):    68112 kB
Unevictable:           0 kB
Mlocked:               0 kB
SwapTotal:             0 kB
SwapFree:              0 kB
Dirty:              9816 kB
Writeback:             0 kB
AnonPages:       3242128 kB
Mapped:           102264 kB
Shmem:            236080 kB
Slab:              78708 kB
SReclaimable:      38940 kB
SUnreclaim:        39768 kB
KernelStack:       14624 kB
PageTables:        34608 kB
NFS_Unstable:          0 kB
Bounce:                0 kB
WritebackTmp:          0 kB
CommitLimit:     1946740 kB
Committed_AS:    7350044 kB
VmallocTotal:   34359738367 kB
VmallocUsed:           0 kB
VmallocChunk:          0 kB
HardwareCorrupted:     0 kB
AnonHugePages:    913408 kB
HugePages_Total:       0
HugePages_Free:        0
HugePages_Rsvd:        0
HugePages_Surp:        0
Hugepagesize:       2048 kB
DirectMap4k:      100664 kB
DirectMap2M:     3936256 kB


CPU:total 4 (2 cores per cpu, 2 threads per core) family 6 model 58 stepping 9, cmov, cx8, fxsr, mmx, sse, sse2, sse3, ssse3, sse4.1, sse4.2, popcnt, avx, clmul, erms, ht, tsc, tscinvbit, tscinv

/proc/cpuinfo:
processor	: 0
vendor_id	: GenuineIntel
cpu family	: 6
model		: 58
model name	: Intel(R) Core(TM) i5-3210M CPU @ 2.50GHz
stepping	: 9
microcode	: 0x12
cpu MHz		: 2900.000
cache size	: 3072 KB
physical id	: 0
siblings	: 4
core id		: 0
cpu cores	: 2
apicid		: 0
initial apicid	: 0
fpu		: yes
fpu_exception	: yes
cpuid level	: 13
wp		: yes
flags		: fpu vme de pse tsc msr pae mce cx8 apic sep mtrr pge mca cmov pat pse36 clflush dts acpi mmx fxsr sse sse2 ss ht tm pbe syscall nx rdtscp lm constant_tsc arch_perfmon pebs bts rep_good nopl xtopology nonstop_tsc aperfmperf eagerfpu pni pclmulqdq dtes64 monitor ds_cpl vmx est tm2 ssse3 cx16 xtpr pdcm pcid sse4_1 sse4_2 x2apic popcnt tsc_deadline_timer xsave avx f16c rdrand lahf_lm epb tpr_shadow vnmi flexpriority ept vpid fsgsbase smep erms xsaveopt dtherm ida arat pln pts
bugs		:
bogomips	: 4990.50
clflush size	: 64
cache_alignment	: 64
address sizes	: 36 bits physical, 48 bits virtual
power management:

processor	: 1
vendor_id	: GenuineIntel
cpu family	: 6
model		: 58
model name	: Intel(R) Core(TM) i5-3210M CPU @ 2.50GHz
stepping	: 9
microcode	: 0x12
cpu MHz		: 2899.902
cache size	: 3072 KB
physical id	: 0
siblings	: 4
core id		: 0
cpu cores	: 2
apicid		: 1
initial apicid	: 1
fpu		: yes
fpu_exception	: yes
cpuid level	: 13
wp		: yes
flags		: fpu vme de pse tsc msr pae mce cx8 apic sep mtrr pge mca cmov pat pse36 clflush dts acpi mmx fxsr sse sse2 ss ht tm pbe syscall nx rdtscp lm constant_tsc arch_perfmon pebs bts rep_good nopl xtopology nonstop_tsc aperfmperf eagerfpu pni pclmulqdq dtes64 monitor ds_cpl vmx est tm2 ssse3 cx16 xtpr pdcm pcid sse4_1 sse4_2 x2apic popcnt tsc_deadline_timer xsave avx f16c rdrand lahf_lm epb tpr_shadow vnmi flexpriority ept vpid fsgsbase smep erms xsaveopt dtherm ida arat pln pts
bugs		:
bogomips	: 4990.50
clflush size	: 64
cache_alignment	: 64
address sizes	: 36 bits physical, 48 bits virtual
power management:

processor	: 2
vendor_id	: GenuineIntel
cpu family	: 6
model		: 58
model name	: Intel(R) Core(TM) i5-3210M CPU @ 2.50GHz
stepping	: 9
microcode	: 0x12
cpu MHz		: 2900.000
cache size	: 3072 KB
physical id	: 0
siblings	: 4
core id		: 1
cpu cores	: 2
apicid		: 2
initial apicid	: 2
fpu		: yes
fpu_exception	: yes
cpuid level	: 13
wp		: yes
flags		: fpu vme de pse tsc msr pae mce cx8 apic sep mtrr pge mca cmov pat pse36 clflush dts acpi mmx fxsr sse sse2 ss ht tm pbe syscall nx rdtscp lm constant_tsc arch_perfmon pebs bts rep_good nopl xtopology nonstop_tsc aperfmperf eagerfpu pni pclmulqdq dtes64 monitor ds_cpl vmx est tm2 ssse3 cx16 xtpr pdcm pcid sse4_1 sse4_2 x2apic popcnt tsc_deadline_timer xsave avx f16c rdrand lahf_lm epb tpr_shadow vnmi flexpriority ept vpid fsgsbase smep erms xsaveopt dtherm ida arat pln pts
bugs		:
bogomips	: 4990.50
clflush size	: 64
cache_alignment	: 64
address sizes	: 36 bits physical, 48 bits virtual
power management:

processor	: 3
vendor_id	: GenuineIntel
cpu family	: 6
model		: 58
model name	: Intel(R) Core(TM) i5-3210M CPU @ 2.50GHz
stepping	: 9
microcode	: 0x12
cpu MHz		: 2907.910
cache size	: 3072 KB
physical id	: 0
siblings	: 4
core id		: 1
cpu cores	: 2
apicid		: 3
initial apicid	: 3
fpu		: yes
fpu_exception	: yes
cpuid level	: 13
wp		: yes
flags		: fpu vme de pse tsc msr pae mce cx8 apic sep mtrr pge mca cmov pat pse36 clflush dts acpi mmx fxsr sse sse2 ss ht tm pbe syscall nx rdtscp lm constant_tsc arch_perfmon pebs bts rep_good nopl xtopology nonstop_tsc aperfmperf eagerfpu pni pclmulqdq dtes64 monitor ds_cpl vmx est tm2 ssse3 cx16 xtpr pdcm pcid sse4_1 sse4_2 x2apic popcnt tsc_deadline_timer xsave avx f16c rdrand lahf_lm epb tpr_shadow vnmi flexpriority ept vpid fsgsbase smep erms xsaveopt dtherm ida arat pln pts
bugs		:
bogomips	: 4990.50
clflush size	: 64
cache_alignment	: 64
address sizes	: 36 bits physical, 48 bits virtual
power management:



Memory: 4k page, physical 3893484k(107348k free), swap 0k(0k free)

vm_info: OpenJDK 64-Bit Server VM (25.92-b14) for linux-amd64 JRE (1.8.0_92-b14), built on Apr 24 2016 15:02:36 by "builduser" with gcc 5.3.0

time: Sun May 15 16:41:35 2016
elapsed time: 19 seconds (0d 0h 0m 19s)

