#
# There is insufficient memory for the Java Runtime Environment to continue.
# Native memory allocation (mmap) failed to map 33554432 bytes for committing reserved memory.
# Possible reasons:
#   The system is out of physical RAM or swap space
#   In 32 bit mode, the process size limit was hit
# Possible solutions:
#   Reduce memory load on the system
#   Increase physical memory or swap space
#   Check if swap backing store is full
#   Use 64 bit Java on a 64 bit OS
#   Decrease Java heap size (-Xmx/-Xms)
#   Decrease number of Java threads
#   Decrease Java thread stack sizes (-Xss)
#   Set larger code cache with -XX:ReservedCodeCacheSize=
# This output file may be truncated or incomplete.
#
#  Out of Memory Error (os_linux.cpp:2627), pid=3572, tid=0x00007f4bef9af700
#
# JRE version:  (8.0_92-b14) (build )
# Java VM: OpenJDK 64-Bit Server VM (25.92-b14 mixed mode linux-amd64 compressed oops)
# Core dump written. Default location: /data/repos/OSTMap/batch_processing/core or core.3572
#

---------------  T H R E A D  ---------------

Current thread (0x00007f4be8015000):  JavaThread "Unknown thread" [_thread_in_vm, id=3576, stack(0x00007f4bef8af000,0x00007f4bef9b0000)]

Stack: [0x00007f4bef8af000,0x00007f4bef9b0000],  sp=0x00007f4bef9ae650,  free space=1021k
Native frames: (J=compiled Java code, j=interpreted, Vv=VM code, C=native code)
V  [libjvm.so+0xa596cb]
V  [libjvm.so+0x4c344c]
V  [libjvm.so+0x8aa3f0]
V  [libjvm.so+0x8a491e]
V  [libjvm.so+0xa55fe4]
V  [libjvm.so+0x49afb1]
V  [libjvm.so+0x4a27ab]
V  [libjvm.so+0x5b4901]
V  [libjvm.so+0x5b4f22]
V  [libjvm.so+0xa1d199]
V  [libjvm.so+0xa1d3e2]
V  [libjvm.so+0x60cc5f]
V  [libjvm.so+0xa02b2a]
V  [libjvm.so+0x681e1f]  JNI_CreateJavaVM+0x5f
C  [libjli.so+0x2d1f]
C  [libpthread.so.0+0x7474]  start_thread+0xc4


---------------  P R O C E S S  ---------------

Java Threads: ( => current thread )

Other Threads:

=>0x00007f4be8015000 (exited) JavaThread "Unknown thread" [_thread_in_vm, id=3576, stack(0x00007f4bef8af000,0x00007f4bef9b0000)]

VM state:not at safepoint (not fully initialized)

VM Mutex/Monitor currently owned by a thread: None

GC Heap History (0 events):
No events

Deoptimization events (0 events):
No events

Internal exceptions (0 events):
No events

Events (0 events):
No events


Dynamic libraries:
00400000-00401000 r-xp 00000000 00:12 1527358                            /usr/lib/jvm/java-8-openjdk/jre/bin/java
00600000-00601000 rw-p 00000000 00:12 1527358                            /usr/lib/jvm/java-8-openjdk/jre/bin/java
01f8f000-01fb0000 rw-p 00000000 00:00 0                                  [heap]
f8000000-f9400000 rw-p 00000000 00:00 0 
f9400000-faaa0000 ---p 00000000 00:00 0 
faaa0000-fd2a0000 rw-p 00000000 00:00 0 
fd2a0000-100000000 ---p 00000000 00:00 0 
7f4bc4000000-7f4bc4021000 rw-p 00000000 00:00 0 
7f4bc4021000-7f4bc8000000 ---p 00000000 00:00 0 
7f4bcc000000-7f4bcc021000 rw-p 00000000 00:00 0 
7f4bcc021000-7f4bd0000000 ---p 00000000 00:00 0 
7f4bd0000000-7f4bd0021000 rw-p 00000000 00:00 0 
7f4bd0021000-7f4bd4000000 ---p 00000000 00:00 0 
7f4bd4000000-7f4bd4021000 rw-p 00000000 00:00 0 
7f4bd4021000-7f4bd8000000 ---p 00000000 00:00 0 
7f4bd9000000-7f4bd9270000 rwxp 00000000 00:00 0 
7f4bd9270000-7f4be8000000 ---p 00000000 00:00 0 
7f4be8000000-7f4be8085000 rw-p 00000000 00:00 0 
7f4be8085000-7f4bec000000 ---p 00000000 00:00 0 
7f4bec430000-7f4bec98a000 rw-p 00000000 00:00 0 
7f4bec98a000-7f4bec98b000 ---p 00000000 00:00 0 
7f4bec98b000-7f4beca8b000 rw-p 00000000 00:00 0 
7f4beca8b000-7f4beca8c000 ---p 00000000 00:00 0 
7f4beca8c000-7f4becb8c000 rw-p 00000000 00:00 0 
7f4becb8c000-7f4becb8d000 ---p 00000000 00:00 0 
7f4becb8d000-7f4becc8d000 rw-p 00000000 00:00 0 
7f4becc8d000-7f4becc8e000 ---p 00000000 00:00 0 
7f4becc8e000-7f4becd98000 rw-p 00000000 00:00 0 
7f4becd98000-7f4bed14e000 ---p 00000000 00:00 0 
7f4bed14e000-7f4bed156000 r-xp 00000000 00:12 1527326                    /usr/lib/jvm/java-8-openjdk/jre/lib/amd64/libzip.so
7f4bed156000-7f4bed355000 ---p 00008000 00:12 1527326                    /usr/lib/jvm/java-8-openjdk/jre/lib/amd64/libzip.so
7f4bed355000-7f4bed356000 rw-p 00007000 00:12 1527326                    /usr/lib/jvm/java-8-openjdk/jre/lib/amd64/libzip.so
7f4bed356000-7f4bed382000 r-xp 00000000 00:12 1527325                    /usr/lib/jvm/java-8-openjdk/jre/lib/amd64/libjava.so
7f4bed382000-7f4bed582000 ---p 0002c000 00:12 1527325                    /usr/lib/jvm/java-8-openjdk/jre/lib/amd64/libjava.so
7f4bed582000-7f4bed584000 rw-p 0002c000 00:12 1527325                    /usr/lib/jvm/java-8-openjdk/jre/lib/amd64/libjava.so
7f4bed584000-7f4bed591000 r-xp 00000000 00:12 1527318                    /usr/lib/jvm/java-8-openjdk/jre/lib/amd64/libverify.so
7f4bed591000-7f4bed790000 ---p 0000d000 00:12 1527318                    /usr/lib/jvm/java-8-openjdk/jre/lib/amd64/libverify.so
7f4bed790000-7f4bed792000 rw-p 0000c000 00:12 1527318                    /usr/lib/jvm/java-8-openjdk/jre/lib/amd64/libverify.so
7f4bed792000-7f4bed799000 r-xp 00000000 00:12 1709149                    /usr/lib/librt-2.23.so
7f4bed799000-7f4bed998000 ---p 00007000 00:12 1709149                    /usr/lib/librt-2.23.so
7f4bed998000-7f4bed999000 r--p 00006000 00:12 1709149                    /usr/lib/librt-2.23.so
7f4bed999000-7f4bed99a000 rw-p 00007000 00:12 1709149                    /usr/lib/librt-2.23.so
7f4bed99a000-7f4beda9d000 r-xp 00000000 00:12 1709146                    /usr/lib/libm-2.23.so
7f4beda9d000-7f4bedc9c000 ---p 00103000 00:12 1709146                    /usr/lib/libm-2.23.so
7f4bedc9c000-7f4bedc9d000 r--p 00102000 00:12 1709146                    /usr/lib/libm-2.23.so
7f4bedc9d000-7f4bedc9e000 rw-p 00103000 00:12 1709146                    /usr/lib/libm-2.23.so
7f4bedc9e000-7f4bee8f3000 r-xp 00000000 00:12 1527349                    /usr/lib/jvm/java-8-openjdk/jre/lib/amd64/server/libjvm.so
7f4bee8f3000-7f4beeaf3000 ---p 00c55000 00:12 1527349                    /usr/lib/jvm/java-8-openjdk/jre/lib/amd64/server/libjvm.so
7f4beeaf3000-7f4beebaf000 rw-p 00c55000 00:12 1527349                    /usr/lib/jvm/java-8-openjdk/jre/lib/amd64/server/libjvm.so
7f4beebaf000-7f4beebdf000 rw-p 00000000 00:00 0 
7f4beebdf000-7f4beed76000 r-xp 00000000 00:12 1709092                    /usr/lib/libc-2.23.so
7f4beed76000-7f4beef76000 ---p 00197000 00:12 1709092                    /usr/lib/libc-2.23.so
7f4beef76000-7f4beef7a000 r--p 00197000 00:12 1709092                    /usr/lib/libc-2.23.so
7f4beef7a000-7f4beef7c000 rw-p 0019b000 00:12 1709092                    /usr/lib/libc-2.23.so
7f4beef7c000-7f4beef80000 rw-p 00000000 00:00 0 
7f4beef80000-7f4beef82000 r-xp 00000000 00:12 1709145                    /usr/lib/libdl-2.23.so
7f4beef82000-7f4bef182000 ---p 00002000 00:12 1709145                    /usr/lib/libdl-2.23.so
7f4bef182000-7f4bef183000 r--p 00002000 00:12 1709145                    /usr/lib/libdl-2.23.so
7f4bef183000-7f4bef184000 rw-p 00003000 00:12 1709145                    /usr/lib/libdl-2.23.so
7f4bef184000-7f4bef191000 r-xp 00000000 00:12 1527346                    /usr/lib/jvm/java-8-openjdk/jre/lib/amd64/jli/libjli.so
7f4bef191000-7f4bef390000 ---p 0000d000 00:12 1527346                    /usr/lib/jvm/java-8-openjdk/jre/lib/amd64/jli/libjli.so
7f4bef390000-7f4bef391000 rw-p 0000c000 00:12 1527346                    /usr/lib/jvm/java-8-openjdk/jre/lib/amd64/jli/libjli.so
7f4bef391000-7f4bef3a6000 r-xp 00000000 00:12 7053                       /usr/lib/libz.so.1.2.8
7f4bef3a6000-7f4bef5a5000 ---p 00015000 00:12 7053                       /usr/lib/libz.so.1.2.8
7f4bef5a5000-7f4bef5a6000 r--p 00014000 00:12 7053                       /usr/lib/libz.so.1.2.8
7f4bef5a6000-7f4bef5a7000 rw-p 00015000 00:12 7053                       /usr/lib/libz.so.1.2.8
7f4bef5a7000-7f4bef5bf000 r-xp 00000000 00:12 1709073                    /usr/lib/libpthread-2.23.so
7f4bef5bf000-7f4bef7be000 ---p 00018000 00:12 1709073                    /usr/lib/libpthread-2.23.so
7f4bef7be000-7f4bef7bf000 r--p 00017000 00:12 1709073                    /usr/lib/libpthread-2.23.so
7f4bef7bf000-7f4bef7c0000 rw-p 00018000 00:12 1709073                    /usr/lib/libpthread-2.23.so
7f4bef7c0000-7f4bef7c4000 rw-p 00000000 00:00 0 
7f4bef7c4000-7f4bef7e7000 r-xp 00000000 00:12 1709091                    /usr/lib/ld-2.23.so
7f4bef843000-7f4bef858000 rw-p 00000000 00:00 0 
7f4bef858000-7f4bef86e000 ---p 00000000 00:00 0 
7f4bef86e000-7f4bef878000 rw-p 00000000 00:00 0 
7f4bef878000-7f4bef883000 ---p 00000000 00:00 0 
7f4bef883000-7f4bef898000 rw-p 00000000 00:00 0 
7f4bef898000-7f4bef8ae000 ---p 00000000 00:00 0 
7f4bef8ae000-7f4bef8af000 rw-p 00000000 00:00 0 
7f4bef8af000-7f4bef8b2000 ---p 00000000 00:00 0 
7f4bef8b2000-7f4bef9b4000 rw-p 00000000 00:00 0 
7f4bef9d6000-7f4bef9e5000 rw-p 00000000 00:00 0 
7f4bef9e5000-7f4bef9e6000 r--p 00000000 00:00 0 
7f4bef9e6000-7f4bef9e7000 rw-p 00000000 00:00 0 
7f4bef9e7000-7f4bef9e8000 r--p 00023000 00:12 1709091                    /usr/lib/ld-2.23.so
7f4bef9e8000-7f4bef9e9000 rw-p 00024000 00:12 1709091                    /usr/lib/ld-2.23.so
7f4bef9e9000-7f4bef9ea000 rw-p 00000000 00:00 0 
7ffe95737000-7ffe9575f000 rw-p 00000000 00:00 0                          [stack]
7ffe957c5000-7ffe957c8000 r--p 00000000 00:00 0                          [vvar]
7ffe957c8000-7ffe957ca000 r-xp 00000000 00:00 0                          [vdso]
ffffffffff600000-ffffffffff601000 r-xp 00000000 00:00 0                  [vsyscall]

VM Arguments:
jvm_args: -Dproc=TabletServer -Xmx134217728 -XX:+UseConcMarkSweepGC -XX:CMSInitiatingOccupancyFraction=75 -Dapple.awt.UIElement=true -Djava.net.preferIPv4Stack=true -XX:+PerfDisableSharedMem -XX:+AlwaysPreTouch 
java_command: org.apache.accumulo.start.Main org.apache.accumulo.tserver.TabletServer
java_class_path (initial): /tmp/junit2954427859595201502/conf:/usr/share/intellijidea-ce/lib/idea_rt.jar:/usr/share/intellijidea-ce/plugins/junit/lib/junit-rt.jar:/usr/lib/jvm/java-8-openjdk/jre/lib/charsets.jar:/usr/lib/jvm/java-8-openjdk/jre/lib/ext/cldrdata.jar:/usr/lib/jvm/java-8-openjdk/jre/lib/ext/dnsns.jar:/usr/lib/jvm/java-8-openjdk/jre/lib/ext/jaccess.jar:/usr/lib/jvm/java-8-openjdk/jre/lib/ext/localedata.jar:/usr/lib/jvm/java-8-openjdk/jre/lib/ext/nashorn.jar:/usr/lib/jvm/java-8-openjdk/jre/lib/ext/sunec.jar:/usr/lib/jvm/java-8-openjdk/jre/lib/ext/sunjce_provider.jar:/usr/lib/jvm/java-8-openjdk/jre/lib/ext/sunpkcs11.jar:/usr/lib/jvm/java-8-openjdk/jre/lib/ext/zipfs.jar:/usr/lib/jvm/java-8-openjdk/jre/lib/jce.jar:/usr/lib/jvm/java-8-openjdk/jre/lib/jsse.jar:/usr/lib/jvm/java-8-openjdk/jre/lib/management-agent.jar:/usr/lib/jvm/java-8-openjdk/jre/lib/resources.jar:/usr/lib/jvm/java-8-openjdk/jre/lib/rt.jar:/data/repos/OSTMap/batch_processing/build/classes/test:/data/repos/OSTMap/batch_processing/build/classes/main:/data/repos/OSTMap/commons/build/classes/main:/home/mrblati/.gradle/caches/modules-2/files-2.1/org.apache.accumulo/accumulo-core/1.7.0.2.4.0.0-169/4f6d7c41bb075a72aeb9a0d8cb9e1c5ca2a90157/accumulo-core-1.7.0.2.4.0.0-169.jar:/home/mrblati/.gradle/caches/modules-2/files-2.1/com.google.guava/guava/19.0/6ce200f6b23222af3d8abb6b6459e6c44f4bb0e9/guava-19.0.jar:/home/mrblati/.gradle/caches/modules-2/files-2.1/org.apache.flink/flink-streaming-java_2.10/1.0.0/41273a5b5fd8e79aca39fc7efb2a63d5d29d3e76/flink-streaming-java_2.10-1.0.0.jar:/home/mrblati/.gradle/caches/modules-2/files-2.1/org.apache.flink/flink-clients_2.10/1.0.0/6f666dcfa3d1df29709a713ec3e08ae240b399ce/flink-clients_2.10-1.0.0.jar:/home/mrblati/.gradle/caches/modules-2/files-2.1/org.apache.flink/flink-connector-twitter_2.10/1.0.0/c0b721501e8d40ebacebdd3e242d800d99f54e06/flink-connector-twitter_2.10-1.0.0.jar:/home/mrblati/.gradle/caches/modules-2/files-2.1/org.apache.httpcomponents/httpclient/4
Launcher Type: SUN_STANDARD

Environment Variables:
PATH=/usr/local/sbin:/usr/local/bin:/usr/bin:/opt/android-sdk/platform-tools:/opt/android-sdk/tools:/usr/lib/jvm/default/bin:/usr/bin/site_perl:/usr/bin/vendor_perl:/usr/bin/core_perl
USERNAME=mrblati
LD_LIBRARY_PATH=
SHELL=/bin/bash
DISPLAY=:0
DYLD_LIBRARY_PATH=

Signal Handlers:
SIGSEGV: [libjvm.so+0xa5a220], sa_mask[0]=11111111011111111101111111111110, sa_flags=SA_RESTART|SA_SIGINFO
SIGBUS: [libjvm.so+0xa5a220], sa_mask[0]=11111111011111111101111111111110, sa_flags=SA_RESTART|SA_SIGINFO
SIGFPE: [libjvm.so+0x8a5a90], sa_mask[0]=11111111011111111101111111111110, sa_flags=SA_RESTART|SA_SIGINFO
SIGPIPE: [libjvm.so+0x8a5a90], sa_mask[0]=11111111011111111101111111111110, sa_flags=SA_RESTART|SA_SIGINFO
SIGXFSZ: [libjvm.so+0x8a5a90], sa_mask[0]=11111111011111111101111111111110, sa_flags=SA_RESTART|SA_SIGINFO
SIGILL: [libjvm.so+0x8a5a90], sa_mask[0]=11111111011111111101111111111110, sa_flags=SA_RESTART|SA_SIGINFO
SIGUSR1: SIG_DFL, sa_mask[0]=00000000000000000000000000000000, sa_flags=none
SIGUSR2: [libjvm.so+0x8a5940], sa_mask[0]=00100000000000000000000000000000, sa_flags=SA_RESTART|SA_SIGINFO
SIGHUP: SIG_DFL, sa_mask[0]=00000000000000000000000000000000, sa_flags=none
SIGINT: SIG_DFL, sa_mask[0]=00000000000000000000000000000000, sa_flags=none
SIGTERM: SIG_DFL, sa_mask[0]=00000000000000000000000000000000, sa_flags=none
SIGQUIT: SIG_DFL, sa_mask[0]=00000000000000000000000000000000, sa_flags=none


---------------  S Y S T E M  ---------------

OS:NAME="Arch Linux"
ID=arch
PRETTY_NAME="Arch Linux"
ANSI_COLOR="0;36"
HOME_URL="https://www.archlinux.org/"
SUPPORT_URL="https://bbs.archlinux.org/"
BUG_REPORT_URL="https://bugs.archlinux.org/"


uname:Linux 4.5.4-1-ARCH #1 SMP PREEMPT Wed May 11 22:21:28 CEST 2016 x86_64
libc:glibc 2.23 NPTL 2.23 
rlimit: STACK 8192k, CORE infinity, NPROC 14403, NOFILE 4096, AS infinity
load average:3.92 1.94 1.23

/proc/meminfo:
MemTotal:        3893484 kB
MemFree:          118044 kB
MemAvailable:      77272 kB
Buffers:             112 kB
Cached:           361104 kB
SwapCached:            0 kB
Active:          3322792 kB
Inactive:         276320 kB
Active(anon):    3258644 kB
Inactive(anon):   215396 kB
Active(file):      64148 kB
Inactive(file):    60924 kB
Unevictable:           0 kB
Mlocked:               0 kB
SwapTotal:             0 kB
SwapFree:              0 kB
Dirty:              1436 kB
Writeback:           624 kB
AnonPages:       3238840 kB
Mapped:            84940 kB
Shmem:            235160 kB
Slab:              78772 kB
SReclaimable:      37920 kB
SUnreclaim:        40852 kB
KernelStack:       13760 kB
PageTables:        35008 kB
NFS_Unstable:          0 kB
Bounce:                0 kB
WritebackTmp:          0 kB
CommitLimit:     1946740 kB
Committed_AS:    7274532 kB
VmallocTotal:   34359738367 kB
VmallocUsed:           0 kB
VmallocChunk:          0 kB
HardwareCorrupted:     0 kB
AnonHugePages:    864256 kB
HugePages_Total:       0
HugePages_Free:        0
HugePages_Rsvd:        0
HugePages_Surp:        0
Hugepagesize:       2048 kB
DirectMap4k:      100664 kB
DirectMap2M:     3936256 kB


CPU:total 4 (2 cores per cpu, 2 threads per core) family 6 model 58 stepping 9, cmov, cx8, fxsr, mmx, sse, sse2, sse3, ssse3, sse4.1, sse4.2, popcnt, avx, clmul, erms, ht, tsc, tscinvbit, tscinv

/proc/cpuinfo:
processor	: 0
vendor_id	: GenuineIntel
cpu family	: 6
model		: 58
model name	: Intel(R) Core(TM) i5-3210M CPU @ 2.50GHz
stepping	: 9
microcode	: 0x12
cpu MHz		: 2318.066
cache size	: 3072 KB
physical id	: 0
siblings	: 4
core id		: 0
cpu cores	: 2
apicid		: 0
initial apicid	: 0
fpu		: yes
fpu_exception	: yes
cpuid level	: 13
wp		: yes
flags		: fpu vme de pse tsc msr pae mce cx8 apic sep mtrr pge mca cmov pat pse36 clflush dts acpi mmx fxsr sse sse2 ss ht tm pbe syscall nx rdtscp lm constant_tsc arch_perfmon pebs bts rep_good nopl xtopology nonstop_tsc aperfmperf eagerfpu pni pclmulqdq dtes64 monitor ds_cpl vmx est tm2 ssse3 cx16 xtpr pdcm pcid sse4_1 sse4_2 x2apic popcnt tsc_deadline_timer xsave avx f16c rdrand lahf_lm epb tpr_shadow vnmi flexpriority ept vpid fsgsbase smep erms xsaveopt dtherm ida arat pln pts
bugs		:
bogomips	: 4990.50
clflush size	: 64
cache_alignment	: 64
address sizes	: 36 bits physical, 48 bits virtual
power management:

processor	: 1
vendor_id	: GenuineIntel
cpu family	: 6
model		: 58
model name	: Intel(R) Core(TM) i5-3210M CPU @ 2.50GHz
stepping	: 9
microcode	: 0x12
cpu MHz		: 2880.859
cache size	: 3072 KB
physical id	: 0
siblings	: 4
core id		: 0
cpu cores	: 2
apicid		: 1
initial apicid	: 1
fpu		: yes
fpu_exception	: yes
cpuid level	: 13
wp		: yes
flags		: fpu vme de pse tsc msr pae mce cx8 apic sep mtrr pge mca cmov pat pse36 clflush dts acpi mmx fxsr sse sse2 ss ht tm pbe syscall nx rdtscp lm constant_tsc arch_perfmon pebs bts rep_good nopl xtopology nonstop_tsc aperfmperf eagerfpu pni pclmulqdq dtes64 monitor ds_cpl vmx est tm2 ssse3 cx16 xtpr pdcm pcid sse4_1 sse4_2 x2apic popcnt tsc_deadline_timer xsave avx f16c rdrand lahf_lm epb tpr_shadow vnmi flexpriority ept vpid fsgsbase smep erms xsaveopt dtherm ida arat pln pts
bugs		:
bogomips	: 4990.50
clflush size	: 64
cache_alignment	: 64
address sizes	: 36 bits physical, 48 bits virtual
power management:

processor	: 2
vendor_id	: GenuineIntel
cpu family	: 6
model		: 58
model name	: Intel(R) Core(TM) i5-3210M CPU @ 2.50GHz
stepping	: 9
microcode	: 0x12
cpu MHz		: 2870.312
cache size	: 3072 KB
physical id	: 0
siblings	: 4
core id		: 1
cpu cores	: 2
apicid		: 2
initial apicid	: 2
fpu		: yes
fpu_exception	: yes
cpuid level	: 13
wp		: yes
flags		: fpu vme de pse tsc msr pae mce cx8 apic sep mtrr pge mca cmov pat pse36 clflush dts acpi mmx fxsr sse sse2 ss ht tm pbe syscall nx rdtscp lm constant_tsc arch_perfmon pebs bts rep_good nopl xtopology nonstop_tsc aperfmperf eagerfpu pni pclmulqdq dtes64 monitor ds_cpl vmx est tm2 ssse3 cx16 xtpr pdcm pcid sse4_1 sse4_2 x2apic popcnt tsc_deadline_timer xsave avx f16c rdrand lahf_lm epb tpr_shadow vnmi flexpriority ept vpid fsgsbase smep erms xsaveopt dtherm ida arat pln pts
bugs		:
bogomips	: 4990.50
clflush size	: 64
cache_alignment	: 64
address sizes	: 36 bits physical, 48 bits virtual
power management:

processor	: 3
vendor_id	: GenuineIntel
cpu family	: 6
model		: 58
model name	: Intel(R) Core(TM) i5-3210M CPU @ 2.50GHz
stepping	: 9
microcode	: 0x12
cpu MHz		: 2727.246
cache size	: 3072 KB
physical id	: 0
siblings	: 4
core id		: 1
cpu cores	: 2
apicid		: 3
initial apicid	: 3
fpu		: yes
fpu_exception	: yes
cpuid level	: 13
wp		: yes
flags		: fpu vme de pse tsc msr pae mce cx8 apic sep mtrr pge mca cmov pat pse36 clflush dts acpi mmx fxsr sse sse2 ss ht tm pbe syscall nx rdtscp lm constant_tsc arch_perfmon pebs bts rep_good nopl xtopology nonstop_tsc aperfmperf eagerfpu pni pclmulqdq dtes64 monitor ds_cpl vmx est tm2 ssse3 cx16 xtpr pdcm pcid sse4_1 sse4_2 x2apic popcnt tsc_deadline_timer xsave avx f16c rdrand lahf_lm epb tpr_shadow vnmi flexpriority ept vpid fsgsbase smep erms xsaveopt dtherm ida arat pln pts
bugs		:
bogomips	: 4990.50
clflush size	: 64
cache_alignment	: 64
address sizes	: 36 bits physical, 48 bits virtual
power management:



Memory: 4k page, physical 3893484k(118044k free), swap 0k(0k free)

vm_info: OpenJDK 64-Bit Server VM (25.92-b14) for linux-amd64 JRE (1.8.0_92-b14), built on Apr 24 2016 15:02:36 by "builduser" with gcc 5.3.0

time: Sun May 15 16:42:38 2016
elapsed time: 4 seconds (0d 0h 0m 4s)

