#
# There is insufficient memory for the Java Runtime Environment to continue.
# Native memory allocation (mmap) failed to map 120061952 bytes for committing reserved memory.
# Possible reasons:
#   The system is out of physical RAM or swap space
#   In 32 bit mode, the process size limit was hit
# Possible solutions:
#   Reduce memory load on the system
#   Increase physical memory or swap space
#   Check if swap backing store is full
#   Use 64 bit Java on a 64 bit OS
#   Decrease Java heap size (-Xmx/-Xms)
#   Decrease number of Java threads
#   Decrease Java thread stack sizes (-Xss)
#   Set larger code cache with -XX:ReservedCodeCacheSize=
# This output file may be truncated or incomplete.
#
#  Out of Memory Error (os_linux.cpp:2627), pid=8582, tid=0x00007f8cff7f7700
#
# JRE version: OpenJDK Runtime Environment (8.0_92-b14) (build 1.8.0_92-b14)
# Java VM: OpenJDK 64-Bit Server VM (25.92-b14 mixed mode linux-amd64 compressed oops)
# Core dump written. Default location: /data/repos/OSTMap/batch_processing/core or core.8582
#

---------------  T H R E A D  ---------------

Current thread (0x00007f8d1c083000):  VMThread [stack: 0x00007f8cff6f7000,0x00007f8cff7f8000] [id=8588]

Stack: [0x00007f8cff6f7000,0x00007f8cff7f8000],  sp=0x00007f8cff7f6480,  free space=1021k
Native frames: (J=compiled Java code, j=interpreted, Vv=VM code, C=native code)
V  [libjvm.so+0xa596cb]
V  [libjvm.so+0x4c344c]
V  [libjvm.so+0x8aa3f0]
V  [libjvm.so+0x8a491e]
V  [libjvm.so+0x91e90b]
V  [libjvm.so+0x90df9a]
V  [libjvm.so+0x90e1a3]
V  [libjvm.so+0x90eb08]
V  [libjvm.so+0x914dce]
V  [libjvm.so+0x91c78d]
V  [libjvm.so+0x8ce953]
V  [libjvm.so+0xa5b312]
V  [libjvm.so+0xa602e7]
V  [libjvm.so+0xa5db2c]
V  [libjvm.so+0xa5ef0f]
V  [libjvm.so+0xa5f401]
V  [libjvm.so+0x8a7902]

VM_Operation (0x00007f8c920a32b0): ParallelGCFailedAllocation, mode: safepoint, requested by thread 0x00007f8ce4003800


---------------  P R O C E S S  ---------------

Java Threads: ( => current thread )
  0x00007f8ce4009800 JavaThread "CHAIN GroupReduce (GroupReduce at run(Calculator.java:100)) -> FlatMap (FlatMap at run(Calculator.java:102)) (1/4)" daemon [_thread_blocked, id=9095, stack(0x00007f8c9139a000,0x00007f8c9149b000)]
  0x00007f8ce4007800 JavaThread "CHAIN GroupReduce (GroupReduce at run(Calculator.java:100)) -> FlatMap (FlatMap at run(Calculator.java:102)) (3/4)" daemon [_thread_blocked, id=9094, stack(0x00007f8c9149b000,0x00007f8c9159c000)]
  0x00007f8ce4006800 JavaThread "CHAIN GroupReduce (GroupReduce at run(Calculator.java:100)) -> FlatMap (FlatMap at run(Calculator.java:102)) (4/4)" daemon [_thread_blocked, id=9093, stack(0x00007f8c9159c000,0x00007f8c9169d000)]
  0x00007f8ce4003800 JavaThread "CHAIN GroupReduce (GroupReduce at run(Calculator.java:100)) -> FlatMap (FlatMap at run(Calculator.java:102)) (2/4)" daemon [_thread_blocked, id=9092, stack(0x00007f8c91fa4000,0x00007f8c920a5000)]
  0x0000000001f55800 JavaThread "ForkJoinPool-4-worker-3" daemon [_thread_blocked, id=9090, stack(0x00007f8c91da2000,0x00007f8c91ea3000)]
  0x00007f8d1d440000 JavaThread "ForkJoinPool-4-worker-5" daemon [_thread_blocked, id=9089, stack(0x00007f8c91ea3000,0x00007f8c91fa4000)]
  0x00007f8cf424a800 JavaThread "ForkJoinPool-4-worker-7" daemon [_thread_blocked, id=9088, stack(0x00007f8c9169d000,0x00007f8c9179e000)]
  0x00007f8cb4025000 JavaThread "flink-akka.actor.default-dispatcher-9" daemon [_thread_blocked, id=9086, stack(0x00007f8c9199e000,0x00007f8c91a9f000)]
  0x00007f8cb81a9000 JavaThread "flink-akka.actor.default-dispatcher-8" daemon [_thread_blocked, id=9085, stack(0x00007f8c91a9f000,0x00007f8c91ba0000)]
  0x00007f8cac08c000 JavaThread "flink-akka.actor.default-dispatcher-7" daemon [_thread_blocked, id=9084, stack(0x00007f8c91ba0000,0x00007f8c91ca1000)]
  0x00007f8cac088800 JavaThread "flink-akka.actor.default-dispatcher-6" daemon [_thread_blocked, id=9083, stack(0x00007f8c91ca1000,0x00007f8c91da2000)]
  0x00007f8cb81a7800 JavaThread "flink-akka.actor.default-dispatcher-5" daemon [_thread_blocked, id=9078, stack(0x00007f8c921a6000,0x00007f8c922a7000)]
  0x00007f8cd0002000 JavaThread "ForkJoinPool-1-worker-3" daemon [_thread_blocked, id=9076, stack(0x00007f8c924a7000,0x00007f8c925a8000)]
  0x00007f8cb8197800 JavaThread "Timer-1" daemon [_thread_blocked, id=9075, stack(0x00007f8c925a8000,0x00007f8c926a9000)]
  0x00007f8cac029800 JavaThread "ForkJoinPool-3-worker-7" daemon [_thread_blocked, id=9074, stack(0x00007f8c926a9000,0x00007f8c927aa000)]
  0x00007f8ccc007800 JavaThread "ForkJoinPool-3-worker-1" daemon [_thread_blocked, id=9073, stack(0x00007f8c927aa000,0x00007f8c928ab000)]
  0x00007f8cac028000 JavaThread "ForkJoinPool-3-worker-3" daemon [_thread_blocked, id=9072, stack(0x00007f8c928ab000,0x00007f8c929ac000)]
  0x00007f8cac018000 JavaThread "ForkJoinPool-3-worker-5" daemon [_thread_blocked, id=9071, stack(0x00007f8cfd44d000,0x00007f8cfd54e000)]
  0x00007f8d1c92a800 JavaThread "ForkJoinPool-1-worker-7" daemon [_thread_blocked, id=9070, stack(0x00007f8cfd54e000,0x00007f8cfd64f000)]
  0x00007f8d1d353800 JavaThread "IOManager reader thread #1" daemon [_thread_blocked, id=9069, stack(0x00007f8c929ac000,0x00007f8c92aad000)]
  0x00007f8d1d352800 JavaThread "IOManager writer thread #1" daemon [_thread_blocked, id=9068, stack(0x00007f8c92aad000,0x00007f8c92bae000)]
  0x00007f8d1d2b6800 JavaThread "Timer-0" daemon [_thread_blocked, id=9067, stack(0x00007f8c92ffb000,0x00007f8c930fc000)]
  0x00007f8d1d265000 JavaThread "BLOB Server listener at 36209" daemon [_thread_in_native, id=9066, stack(0x00007f8c930fc000,0x00007f8c931fd000)]
  0x00007f8cac013800 JavaThread "flink-akka.actor.default-dispatcher-4" daemon [_thread_blocked, id=9056, stack(0x00007f8c931fd000,0x00007f8c932fe000)]
  0x00007f8d1d14d000 JavaThread "flink-akka.actor.default-dispatcher-3" daemon [_thread_blocked, id=9055, stack(0x00007f8c932fe000,0x00007f8c933ff000)]
  0x00007f8d1d13d000 JavaThread "flink-akka.actor.default-dispatcher-2" daemon [_thread_blocked, id=9052, stack(0x00007f8cfc0c7000,0x00007f8cfc1c8000)]
  0x00007f8d1cffa800 JavaThread "flink-scheduler-1" daemon [_thread_blocked, id=9049, stack(0x00007f8cfc3d1000,0x00007f8cfc4d2000)]
  0x00007f8d1cd7e000 JavaThread "process reaper" daemon [_thread_blocked, id=9045, stack(0x00007f8cfc08e000,0x00007f8cfc0c7000)]
  0x00007f8d1caab800 JavaThread "Thrift Connection Pool Checker" daemon [_thread_blocked, id=8898, stack(0x00007f8cfc6d2000,0x00007f8cfc7d3000)]
  0x00007f8d1ca7d800 JavaThread "main-EventThread" daemon [_thread_blocked, id=8893, stack(0x00007f8cfc7d3000,0x00007f8cfc8d4000)]
  0x00007f8d1ca98000 JavaThread "main-SendThread(localhost.localdomain:46403)" daemon [_thread_in_native, id=8892, stack(0x00007f8cfc8d4000,0x00007f8cfc9d5000)]
  0x00007f8d1c927000 JavaThread "process reaper" daemon [_thread_blocked, id=8862, stack(0x00007f8cfd64f000,0x00007f8cfd688000)]
  0x00007f8d1c926000 JavaThread "Thread-12" daemon [_thread_in_native, id=8851, stack(0x00007f8cfd789000,0x00007f8cfd88a000)]
  0x00007f8d1c925800 JavaThread "Thread-11" daemon [_thread_in_native, id=8849, stack(0x00007f8cfd688000,0x00007f8cfd789000)]
  0x00007f8d1c0d6000 JavaThread "process reaper" daemon [_thread_in_native, id=8733, stack(0x00007f8cfd88a000,0x00007f8cfd8c3000)]
  0x00007f8d1c8e4800 JavaThread "Thread-8" daemon [_thread_in_native, id=8725, stack(0x00007f8cfd8c3000,0x00007f8cfd9c4000)]
  0x00007f8d1c8e2800 JavaThread "Thread-7" daemon [_thread_in_native, id=8724, stack(0x00007f8cfd9c4000,0x00007f8cfdac5000)]
  0x00007f8d1c8e1000 JavaThread "process reaper" daemon [_thread_in_native, id=8723, stack(0x00007f8cfdac5000,0x00007f8cfdafe000)]
  0x00007f8d1c8e0000 JavaThread "Thread-6" daemon [_thread_in_native, id=8716, stack(0x00007f8cfdafe000,0x00007f8cfdbff000)]
  0x00007f8d1c8df800 JavaThread "Thread-5" daemon [_thread_in_native, id=8715, stack(0x00007f8cfdbff000,0x00007f8cfdd00000)]
  0x00007f8d1ca20000 JavaThread "process reaper" daemon [_thread_in_native, id=8661, stack(0x00007f8cfdd00000,0x00007f8cfdd39000)]
  0x00007f8d1ca1c000 JavaThread "Thread-2" daemon [_thread_in_native, id=8624, stack(0x00007f8cfdd39000,0x00007f8cfde3a000)]
  0x00007f8d1ca1a800 JavaThread "Thread-1" daemon [_thread_in_native, id=8623, stack(0x00007f8cfde3a000,0x00007f8cfdf3b000)]
  0x00007f8d1ca19000 JavaThread "SimpleTimer-0" daemon [_thread_blocked, id=8622, stack(0x00007f8cfdf3b000,0x00007f8cfe03c000)]
  0x00007f8d1ca0e800 JavaThread "process reaper" daemon [_thread_in_native, id=8616, stack(0x00007f8cfe03c000,0x00007f8cfe075000)]
  0x00007f8d1c103000 JavaThread "Monitor Ctrl-Break" daemon [_thread_in_native, id=8597, stack(0x00007f8cfead8000,0x00007f8cfebd9000)]
  0x00007f8d1c0cc800 JavaThread "Service Thread" daemon [_thread_blocked, id=8595, stack(0x00007f8cfecda000,0x00007f8cfeddb000)]
  0x00007f8d1c0c9800 JavaThread "C1 CompilerThread2" daemon [_thread_blocked, id=8594, stack(0x00007f8cfeddb000,0x00007f8cfeedc000)]
  0x00007f8d1c0c7800 JavaThread "C2 CompilerThread1" daemon [_thread_blocked, id=8593, stack(0x00007f8cfeedc000,0x00007f8cfefdd000)]
  0x00007f8d1c0c4800 JavaThread "C2 CompilerThread0" daemon [_thread_blocked, id=8592, stack(0x00007f8cfefdd000,0x00007f8cff0de000)]
  0x00007f8d1c0c3000 JavaThread "Signal Dispatcher" daemon [_thread_blocked, id=8591, stack(0x00007f8cff0de000,0x00007f8cff1df000)]
  0x00007f8d1c08f800 JavaThread "Finalizer" daemon [_thread_blocked, id=8590, stack(0x00007f8cff4f5000,0x00007f8cff5f6000)]
  0x00007f8d1c08a800 JavaThread "Reference Handler" daemon [_thread_blocked, id=8589, stack(0x00007f8cff5f6000,0x00007f8cff6f7000)]
  0x00007f8d1c015800 JavaThread "main" [_thread_blocked, id=8583, stack(0x00007f8d256b7000,0x00007f8d257b8000)]

Other Threads:
=>0x00007f8d1c083000 VMThread [stack: 0x00007f8cff6f7000,0x00007f8cff7f8000] [id=8588]
  0x00007f8d1c0cf000 WatcherThread [stack: 0x00007f8cfebd9000,0x00007f8cfecda000] [id=8596]

VM state:at safepoint (normal execution)

VM Mutex/Monitor currently owned by a thread:  ([mutex/lock_event])
[0x00007f8d1c012ff0] ExpandHeap_lock - owner thread: 0x00007f8d1c083000
[0x00007f8d1c013670] Threads_lock - owner thread: 0x00007f8d1c083000
[0x00007f8d1c013b70] Heap_lock - owner thread: 0x00007f8ce4003800

Heap:
 PSYoungGen      total 171520K, used 59388K [0x00000000ec300000, 0x0000000100000000, 0x0000000100000000)
  eden space 109568K, 0% used [0x00000000ec300000,0x00000000ec300000,0x00000000f2e00000)
  from space 61952K, 95% used [0x00000000fb100000,0x00000000feaff2f8,0x00000000fed80000)
  to   space 107520K, 0% used [0x00000000f2e00000,0x00000000f2e00000,0x00000000f9700000)
 ParOldGen       total 238080K, used 237903K [0x00000000c4800000, 0x00000000d3080000, 0x00000000ec300000)
  object space 238080K, 99% used [0x00000000c4800000,0x00000000d3053dc8,0x00000000d3080000)
 Metaspace       used 33452K, capacity 33792K, committed 34048K, reserved 1079296K
  class space    used 4442K, capacity 4536K, committed 4608K, reserved 1048576K

Card table byte_map: [0x00007f8d227a7000,0x00007f8d22984000] byte_map_base: 0x00007f8d22183000

Marking Bits: (ParMarkBitMap*) 0x00007f8d249ca540
 Begin Bits: [0x00007f8d204a5000, 0x00007f8d21385000)
 End Bits:   [0x00007f8d21385000, 0x00007f8d22265000)

Polling page: 0x00007f8d257ed000

CodeCache: size=245760Kb used=6158Kb max_used=6169Kb free=239601Kb
 bounds [0x00007f8d0d000000, 0x00007f8d0d620000, 0x00007f8d1c000000]
 total_blobs=2502 nmethods=2022 adapters=394
 compilation: enabled

Compilation events (10 events):
Event: 20,002 Thread 0x00007f8d1c0c9800 2270       1       akka.actor.LightArrayRevolverScheduler::TickDuration (5 bytes)
Event: 20,002 Thread 0x00007f8d1c0c9800 nmethod 2270 0x00007f8d0d6075d0 code [0x00007f8d0d607720, 0x00007f8d0d607830]
Event: 20,002 Thread 0x00007f8d1c0c9800 2271       1       org.apache.flink.runtime.instance.Slot::getInstance (5 bytes)
Event: 20,002 Thread 0x00007f8d1c0c9800 nmethod 2271 0x00007f8d0d607310 code [0x00007f8d0d607460, 0x00007f8d0d607570]
Event: 20,004 Thread 0x00007f8d1c0c7800 nmethod 2272 0x00007f8d0d60bb50 code [0x00007f8d0d60bda0, 0x00007f8d0d60c738]
Event: 20,203 Thread 0x00007f8d1c0c7800 2284       4       org.apache.flink.core.memory.MemorySegment::<init> (56 bytes)
Event: 20,205 Thread 0x00007f8d1c0c7800 nmethod 2284 0x00007f8d0d607050 code [0x00007f8d0d6071a0, 0x00007f8d0d607258]
Event: 20,207 Thread 0x00007f8d1c0c4800 nmethod 2281 0x00007f8d0d60af90 code [0x00007f8d0d60b120, 0x00007f8d0d60b618]
Event: 20,222 Thread 0x00007f8d1c0c7800 2286       4       org.apache.flink.runtime.memory.MemoryManager$HeapMemoryPool::allocateNewSegment (6 bytes)
Event: 20,226 Thread 0x00007f8d1c0c7800 nmethod 2286 0x00007f8d0d60ab10 code [0x00007f8d0d60ac60, 0x00007f8d0d60ae78]

GC Heap History (10 events):
Event: 19,637 GC heap after
Heap after GC invocations=15 (full 3):
 PSYoungGen      total 149504K, used 20470K [0x00000000ec300000, 0x00000000f8100000, 0x0000000100000000)
  eden space 129024K, 0% used [0x00000000ec300000,0x00000000ec300000,0x00000000f4100000)
  from space 20480K, 99% used [0x00000000f6d00000,0x00000000f80fd878,0x00000000f8100000)
  to   space 31744K, 0% used [0x00000000f4300000,0x00000000f4300000,0x00000000f6200000)
 ParOldGen       total 79872K, used 62584K [0x00000000c4800000, 0x00000000c9600000, 0x00000000ec300000)
  object space 79872K, 78% used [0x00000000c4800000,0x00000000c851e348,0x00000000c9600000)
 Metaspace       used 32564K, capacity 32886K, committed 33152K, reserved 1077248K
  class space    used 4324K, capacity 4433K, committed 4480K, reserved 1048576K
}
Event: 19,637 GC heap before
{Heap before GC invocations=16 (full 4):
 PSYoungGen      total 149504K, used 20470K [0x00000000ec300000, 0x00000000f8100000, 0x0000000100000000)
  eden space 129024K, 0% used [0x00000000ec300000,0x00000000ec300000,0x00000000f4100000)
  from space 20480K, 99% used [0x00000000f6d00000,0x00000000f80fd878,0x00000000f8100000)
  to   space 31744K, 0% used [0x00000000f4300000,0x00000000f4300000,0x00000000f6200000)
 ParOldGen       total 79872K, used 62584K [0x00000000c4800000, 0x00000000c9600000, 0x00000000ec300000)
  object space 79872K, 78% used [0x00000000c4800000,0x00000000c851e348,0x00000000c9600000)
 Metaspace       used 32564K, capacity 32886K, committed 33152K, reserved 1077248K
  class space    used 4324K, capacity 4433K, committed 4480K, reserved 1048576K
Event: 19,675 GC heap after
Heap after GC invocations=16 (full 4):
 PSYoungGen      total 149504K, used 0K [0x00000000ec300000, 0x00000000f8100000, 0x0000000100000000)
  eden space 129024K, 0% used [0x00000000ec300000,0x00000000ec300000,0x00000000f4100000)
  from space 20480K, 0% used [0x00000000f6d00000,0x00000000f6d00000,0x00000000f8100000)
  to   space 31744K, 0% used [0x00000000f4300000,0x00000000f4300000,0x00000000f6200000)
 ParOldGen       total 129024K, used 78511K [0x00000000c4800000, 0x00000000cc600000, 0x00000000ec300000)
  object space 129024K, 60% used [0x00000000c4800000,0x00000000c94abfc0,0x00000000cc600000)
 Metaspace       used 32564K, capacity 32886K, committed 33152K, reserved 1077248K
  class space    used 4324K, capacity 4433K, committed 4480K, reserved 1048576K
}
Event: 20,004 GC heap before
{Heap before GC invocations=17 (full 4):
 PSYoungGen      total 149504K, used 129024K [0x00000000ec300000, 0x00000000f8100000, 0x0000000100000000)
  eden space 129024K, 100% used [0x00000000ec300000,0x00000000f4100000,0x00000000f4100000)
  from space 20480K, 0% used [0x00000000f6d00000,0x00000000f6d00000,0x00000000f8100000)
  to   space 31744K, 0% used [0x00000000f4300000,0x00000000f4300000,0x00000000f6200000)
 ParOldGen       total 129024K, used 78511K [0x00000000c4800000, 0x00000000cc600000, 0x00000000ec300000)
  object space 129024K, 60% used [0x00000000c4800000,0x00000000c94abfc0,0x00000000cc600000)
 Metaspace       used 33382K, capacity 33722K, committed 34048K, reserved 1079296K
  class space    used 4433K, capacity 4535K, committed 4608K, reserved 1048576K
Event: 20,073 GC heap after
Heap after GC invocations=17 (full 4):
 PSYoungGen      total 162816K, used 31727K [0x00000000ec300000, 0x00000000fed80000, 0x0000000100000000)
  eden space 131072K, 0% used [0x00000000ec300000,0x00000000ec300000,0x00000000f4300000)
  from space 31744K, 99% used [0x00000000f4300000,0x00000000f61fbcb0,0x00000000f6200000)
  to   space 61952K, 0% used [0x00000000fb100000,0x00000000fb100000,0x00000000fed80000)
 ParOldGen       total 144384K, used 144096K [0x00000000c4800000, 0x00000000cd500000, 0x00000000ec300000)
  object space 144384K, 99% used [0x00000000c4800000,0x00000000cd4b83c8,0x00000000cd500000)
 Metaspace       used 33382K, capacity 33722K, committed 34048K, reserved 1079296K
  class space    used 4433K, capacity 4535K, committed 4608K, reserved 1048576K
}
Event: 20,073 GC heap before
{Heap before GC invocations=18 (full 5):
 PSYoungGen      total 162816K, used 31727K [0x00000000ec300000, 0x00000000fed80000, 0x0000000100000000)
  eden space 131072K, 0% used [0x00000000ec300000,0x00000000ec300000,0x00000000f4300000)
  from space 31744K, 99% used [0x00000000f4300000,0x00000000f61fbcb0,0x00000000f6200000)
  to   space 61952K, 0% used [0x00000000fb100000,0x00000000fb100000,0x00000000fed80000)
 ParOldGen       total 144384K, used 144096K [0x00000000c4800000, 0x00000000cd500000, 0x00000000ec300000)
  object space 144384K, 99% used [0x00000000c4800000,0x00000000cd4b83c8,0x00000000cd500000)
 Metaspace       used 33382K, capacity 33722K, committed 34048K, reserved 1079296K
  class space    used 4433K, capacity 4535K, committed 4608K, reserved 1048576K
Event: 20,198 GC heap after
Heap after GC invocations=18 (full 5):
 PSYoungGen      total 162816K, used 26092K [0x00000000ec300000, 0x00000000fed80000, 0x0000000100000000)
  eden space 131072K, 0% used [0x00000000ec300000,0x00000000ec300000,0x00000000f4300000)
  from space 31744K, 82% used [0x00000000f4300000,0x00000000f5c7b1d0,0x00000000f6200000)
  to   space 61952K, 0% used [0x00000000fb100000,0x00000000fb100000,0x00000000fed80000)
 ParOldGen       total 225280K, used 143939K [0x00000000c4800000, 0x00000000d2400000, 0x00000000ec300000)
  object space 225280K, 63% used [0x00000000c4800000,0x00000000cd490f30,0x00000000d2400000)
 Metaspace       used 33382K, capacity 33722K, committed 34048K, reserved 1079296K
  class space    used 4433K, capacity 4535K, committed 4608K, reserved 1048576K
}
Event: 20,232 GC heap before
{Heap before GC invocations=19 (full 5):
 PSYoungGen      total 162816K, used 157150K [0x00000000ec300000, 0x00000000fed80000, 0x0000000100000000)
  eden space 131072K, 99% used [0x00000000ec300000,0x00000000f42fc860,0x00000000f4300000)
  from space 31744K, 82% used [0x00000000f4300000,0x00000000f5c7b1d0,0x00000000f6200000)
  to   space 61952K, 0% used [0x00000000fb100000,0x00000000fb100000,0x00000000fed80000)
 ParOldGen       total 225280K, used 143939K [0x00000000c4800000, 0x00000000d2400000, 0x00000000ec300000)
  object space 225280K, 63% used [0x00000000c4800000,0x00000000cd490f30,0x00000000d2400000)
 Metaspace       used 33452K, capacity 33792K, committed 34048K, reserved 1079296K
  class space    used 4442K, capacity 4536K, committed 4608K, reserved 1048576K
Event: 20,322 GC heap after
Heap after GC invocations=19 (full 5):
 PSYoungGen      total 171520K, used 61950K [0x00000000ec300000, 0x0000000100000000, 0x0000000100000000)
  eden space 109568K, 0% used [0x00000000ec300000,0x00000000ec300000,0x00000000f2e00000)
  from space 61952K, 99% used [0x00000000fb100000,0x00000000fed7f860,0x00000000fed80000)
  to   space 107520K, 0% used [0x00000000f2e00000,0x00000000f2e00000,0x00000000f9700000)
 ParOldGen       total 238080K, used 236660K [0x00000000c4800000, 0x00000000d3080000, 0x00000000ec300000)
  object space 238080K, 99% used [0x00000000c4800000,0x00000000d2f1d1c0,0x00000000d3080000)
 Metaspace       used 33452K, capacity 33792K, committed 34048K, reserved 1079296K
  class space    used 4442K, capacity 4536K, committed 4608K, reserved 1048576K
}
Event: 20,322 GC heap before
{Heap before GC invocations=20 (full 6):
 PSYoungGen      total 171520K, used 61950K [0x00000000ec300000, 0x0000000100000000, 0x0000000100000000)
  eden space 109568K, 0% used [0x00000000ec300000,0x00000000ec300000,0x00000000f2e00000)
  from space 61952K, 99% used [0x00000000fb100000,0x00000000fed7f860,0x00000000fed80000)
  to   space 107520K, 0% used [0x00000000f2e00000,0x00000000f2e00000,0x00000000f9700000)
 ParOldGen       total 238080K, used 236660K [0x00000000c4800000, 0x00000000d3080000, 0x00000000ec300000)
  object space 238080K, 99% used [0x00000000c4800000,0x00000000d2f1d1c0,0x00000000d3080000)
 Metaspace       used 33452K, capacity 33792K, committed 34048K, reserved 1079296K
  class space    used 4442K, capacity 4536K, committed 4608K, reserved 1048576K

Deoptimization events (10 events):
Event: 19,048 Thread 0x00007f8d1c015800 Uncommon trap: reason=unstable_if action=reinterpret pc=0x00007f8d0d238dcc method=java.util.HashMap.hash(Ljava/lang/Object;)I @ 1
Event: 19,141 Thread 0x00007f8d1c015800 Uncommon trap: reason=unstable_if action=reinterpret pc=0x00007f8d0d45c060 method=java.util.WeakHashMap.expungeStaleEntries()V @ 9
Event: 19,377 Thread 0x00007f8d1d13d000 Uncommon trap: reason=unstable_if action=reinterpret pc=0x00007f8d0d48c4f0 method=java.lang.ClassLoader.getClassLoadingLock(Ljava/lang/String;)Ljava/lang/Object; @ 6
Event: 19,425 Thread 0x00007f8d1d13d000 Uncommon trap: reason=class_check action=maybe_recompile pc=0x00007f8d0d485020 method=java.util.zip.InflaterInputStream.read([BII)I @ 100
Event: 19,425 Thread 0x00007f8d1d13d000 Uncommon trap: reason=class_check action=maybe_recompile pc=0x00007f8d0d485020 method=java.util.zip.InflaterInputStream.read([BII)I @ 100
Event: 19,425 Thread 0x00007f8d1d13d000 Uncommon trap: reason=class_check action=maybe_recompile pc=0x00007f8d0d485020 method=java.util.zip.InflaterInputStream.read([BII)I @ 100
Event: 19,425 Thread 0x00007f8d1d13d000 Uncommon trap: reason=class_check action=maybe_recompile pc=0x00007f8d0d485020 method=java.util.zip.InflaterInputStream.read([BII)I @ 100
Event: 19,459 Thread 0x00007f8d1d13d000 Uncommon trap: reason=unstable_if action=reinterpret pc=0x00007f8d0d2dde50 method=java.net.URI$Parser.scan(IILjava/lang/String;Ljava/lang/String;)I @ 23
Event: 19,677 Thread 0x00007f8d1c08f800 Uncommon trap: reason=unstable_if action=reinterpret pc=0x00007f8d0d506e74 method=java.util.WeakHashMap.expungeStaleEntries()V @ 9
Event: 19,996 Thread 0x00007f8cac08c000 Uncommon trap: reason=unstable_if action=reinterpret pc=0x00007f8d0d5efa38 method=scala.concurrent.forkjoin.ForkJoinPool.scan(Lscala/concurrent/forkjoin/ForkJoinPool$WorkQueue;)Lscala/concurrent/forkjoin/ForkJoinTask; @ 638

Internal exceptions (10 events):
Event: 17,029 Thread 0x00007f8d1c015800 Exception <a 'java/lang/NoSuchMethodError': <clinit>> (0x00000000ec3a9e80) thrown at [/build/java8-openjdk/src/jdk8u-jdk8u92-b14/hotspot/src/share/vm/prims/jni.cpp, line 1613]
Event: 17,038 Thread 0x00007f8d1c015800 Exception <a 'java/lang/NoSuchMethodError': <clinit>> (0x00000000ec4304c8) thrown at [/build/java8-openjdk/src/jdk8u-jdk8u92-b14/hotspot/src/share/vm/prims/jni.cpp, line 1613]
Event: 17,044 Thread 0x00007f8d1c015800 Exception <a 'java/lang/NoSuchMethodError': <clinit>> (0x00000000ec469290) thrown at [/build/java8-openjdk/src/jdk8u-jdk8u92-b14/hotspot/src/share/vm/prims/jni.cpp, line 1613]
Event: 18,512 Thread 0x00007f8d1d14d000 Exception <a 'java/io/IOException'> (0x00000000ee2b23a0) thrown at [/build/java8-openjdk/src/jdk8u-jdk8u92-b14/hotspot/src/share/vm/prims/jni.cpp, line 709]
Event: 19,048 Thread 0x00007f8d1c015800 Implicit null exception at 0x00007f8d0d238bb5 to 0x00007f8d0d238dbd
Event: 19,178 Thread 0x00007f8d1c015800 Exception <a 'java/lang/NoSuchMethodError': <clinit>> (0x00000000f0dcee58) thrown at [/build/java8-openjdk/src/jdk8u-jdk8u92-b14/hotspot/src/share/vm/prims/jni.cpp, line 1613]
Event: 19,184 Thread 0x00007f8d1c015800 Exception <a 'java/lang/NoSuchMethodError': <clinit>> (0x00000000f0de1fb8) thrown at [/build/java8-openjdk/src/jdk8u-jdk8u92-b14/hotspot/src/share/vm/prims/jni.cpp, line 1613]
Event: 19,185 Thread 0x00007f8d1c015800 Exception <a 'java/lang/NoSuchMethodError': <clinit>> (0x00000000f0de2df0) thrown at [/build/java8-openjdk/src/jdk8u-jdk8u92-b14/hotspot/src/share/vm/prims/jni.cpp, line 1613]
Event: 19,198 Thread 0x00007f8d1c015800 Exception <a 'java/lang/NoSuchMethodError': <clinit>> (0x00000000f0e46b60) thrown at [/build/java8-openjdk/src/jdk8u-jdk8u92-b14/hotspot/src/share/vm/prims/jni.cpp, line 1613]
Event: 19,853 Thread 0x00007f8cb4025000 Exception <a 'java/lang/NoSuchMethodError': <clinit>> (0x00000000ed4dbff0) thrown at [/build/java8-openjdk/src/jdk8u-jdk8u92-b14/hotspot/src/share/vm/prims/jni.cpp, line 1613]

Events (10 events):
Event: 20,217 loading class org/apache/flink/runtime/memory/AbstractPagedInputView done
Event: 20,220 loading class org/apache/flink/runtime/operators/sort/UnilateralSortMerger$1
Event: 20,220 loading class org/apache/flink/runtime/operators/sort/UnilateralSortMerger$1 done
Event: 20,227 loading class org/apache/flink/runtime/operators/sort/IndexedSorter
Event: 20,227 loading class org/apache/flink/runtime/operators/sort/IndexedSorter done
Event: 20,228 loading class org/apache/flink/runtime/operators/sort/QuickSort
Event: 20,228 loading class org/apache/flink/runtime/operators/sort/QuickSort done
Event: 20,229 loading class org/apache/flink/runtime/operators/sort/HeapSort
Event: 20,230 loading class org/apache/flink/runtime/operators/sort/HeapSort done
Event: 20,232 Executing VM operation: ParallelGCFailedAllocation


Dynamic libraries:
00400000-00401000 r-xp 00000000 00:12 1527358                            /usr/lib/jvm/java-8-openjdk/jre/bin/java
00600000-00601000 rw-p 00000000 00:12 1527358                            /usr/lib/jvm/java-8-openjdk/jre/bin/java
01f30000-01f72000 rw-p 00000000 00:00 0                                  [heap]
c4800000-d3080000 rw-p 00000000 00:00 0 
da300000-ec300000 ---p 00000000 00:00 0 
ec300000-100000000 rw-p 00000000 00:00 0 
100000000-100480000 rw-p 00000000 00:00 0 
100480000-140000000 ---p 00000000 00:00 0 
7f8c8c000000-7f8c8c021000 rw-p 00000000 00:00 0 
7f8c8c021000-7f8c90000000 ---p 00000000 00:00 0 
7f8c9139a000-7f8c9139d000 ---p 00000000 00:00 0 
7f8c9139d000-7f8c9149b000 rw-p 00000000 00:00 0 
7f8c9149b000-7f8c9149e000 ---p 00000000 00:00 0 
7f8c9149e000-7f8c9159c000 rw-p 00000000 00:00 0 
7f8c9159c000-7f8c9159f000 ---p 00000000 00:00 0 
7f8c9159f000-7f8c9169d000 rw-p 00000000 00:00 0 
7f8c9169d000-7f8c916a0000 ---p 00000000 00:00 0 
7f8c916a0000-7f8c9185e000 rw-p 00000000 00:00 0 
7f8c9185e000-7f8c9199e000 ---p 00000000 00:00 0 
7f8c9199e000-7f8c919a1000 ---p 00000000 00:00 0 
7f8c919a1000-7f8c91a9f000 rw-p 00000000 00:00 0 
7f8c91a9f000-7f8c91aa2000 ---p 00000000 00:00 0 
7f8c91aa2000-7f8c91ba0000 rw-p 00000000 00:00 0 
7f8c91ba0000-7f8c91ba3000 ---p 00000000 00:00 0 
7f8c91ba3000-7f8c91ca1000 rw-p 00000000 00:00 0 
7f8c91ca1000-7f8c91ca4000 ---p 00000000 00:00 0 
7f8c91ca4000-7f8c91da2000 rw-p 00000000 00:00 0 
7f8c91da2000-7f8c91da5000 ---p 00000000 00:00 0 
7f8c91da5000-7f8c91ea3000 rw-p 00000000 00:00 0 
7f8c91ea3000-7f8c91ea6000 ---p 00000000 00:00 0 
7f8c91ea6000-7f8c91fa4000 rw-p 00000000 00:00 0 
7f8c91fa4000-7f8c91fa7000 ---p 00000000 00:00 0 
7f8c91fa7000-7f8c920a5000 rw-p 00000000 00:00 0 
7f8c920a5000-7f8c920a8000 ---p 00000000 00:00 0 
7f8c920a8000-7f8c921a6000 rw-p 00000000 00:00 0 
7f8c921a6000-7f8c921a9000 ---p 00000000 00:00 0 
7f8c921a9000-7f8c924a7000 rw-p 00000000 00:00 0 
7f8c924a7000-7f8c924aa000 ---p 00000000 00:00 0 
7f8c924aa000-7f8c925a8000 rw-p 00000000 00:00 0 
7f8c925a8000-7f8c925ab000 ---p 00000000 00:00 0 
7f8c925ab000-7f8c926a9000 rw-p 00000000 00:00 0 
7f8c926a9000-7f8c926ac000 ---p 00000000 00:00 0 
7f8c926ac000-7f8c927aa000 rw-p 00000000 00:00 0 
7f8c927aa000-7f8c927ad000 ---p 00000000 00:00 0 
7f8c927ad000-7f8c928ab000 rw-p 00000000 00:00 0 
7f8c928ab000-7f8c928ae000 ---p 00000000 00:00 0 
7f8c928ae000-7f8c929ac000 rw-p 00000000 00:00 0 
7f8c929ac000-7f8c929af000 ---p 00000000 00:00 0 
7f8c929af000-7f8c92aad000 rw-p 00000000 00:00 0 
7f8c92aad000-7f8c92ab0000 ---p 00000000 00:00 0 
7f8c92ab0000-7f8c92bae000 rw-p 00000000 00:00 0 
7f8c92bfb000-7f8c92dfb000 rw-p 00000000 00:00 0 
7f8c92dfb000-7f8c92ffb000 rw-p 00000000 00:00 0 
7f8c92ffb000-7f8c92ffe000 ---p 00000000 00:00 0 
7f8c92ffe000-7f8c930fc000 rw-p 00000000 00:00 0 
7f8c930fc000-7f8c930ff000 ---p 00000000 00:00 0 
7f8c930ff000-7f8c931fd000 rw-p 00000000 00:00 0 
7f8c931fd000-7f8c93200000 ---p 00000000 00:00 0 
7f8c93200000-7f8c932fe000 rw-p 00000000 00:00 0 
7f8c932fe000-7f8c93301000 ---p 00000000 00:00 0 
7f8c93301000-7f8c935ff000 rw-p 00000000 00:00 0 
7f8c935ff000-7f8c937ff000 rw-p 00000000 00:00 0 
7f8c937ff000-7f8c939ff000 rw-p 00000000 00:00 0 
7f8c939ff000-7f8c93a00000 r-xp 00000000 00:12 1527330                    /usr/lib/jvm/java-8-openjdk/jre/lib/amd64/libjaas_unix.so
7f8c93a00000-7f8c93bff000 ---p 00001000 00:12 1527330                    /usr/lib/jvm/java-8-openjdk/jre/lib/amd64/libjaas_unix.so
7f8c93bff000-7f8c93c00000 rw-p 00000000 00:12 1527330                    /usr/lib/jvm/java-8-openjdk/jre/lib/amd64/libjaas_unix.so
7f8c93c00000-7f8c93e00000 rw-p 00000000 00:00 0 
7f8c93e00000-7f8c94000000 rw-p 00000000 00:00 0 
7f8c94000000-7f8c94021000 rw-p 00000000 00:00 0 
7f8c94021000-7f8c98000000 ---p 00000000 00:00 0 
7f8c98000000-7f8c98021000 rw-p 00000000 00:00 0 
7f8c98021000-7f8c9c000000 ---p 00000000 00:00 0 
7f8c9c000000-7f8c9c021000 rw-p 00000000 00:00 0 
7f8c9c021000-7f8ca0000000 ---p 00000000 00:00 0 
7f8ca0000000-7f8ca0044000 rw-p 00000000 00:00 0 
7f8ca0044000-7f8ca4000000 ---p 00000000 00:00 0 
7f8ca4000000-7f8ca4021000 rw-p 00000000 00:00 0 
7f8ca4021000-7f8ca8000000 ---p 00000000 00:00 0 
7f8ca8000000-7f8ca8021000 rw-p 00000000 00:00 0 
7f8ca8021000-7f8cac000000 ---p 00000000 00:00 0 
7f8cac000000-7f8cac0c8000 rw-p 00000000 00:00 0 
7f8cac0c8000-7f8cb0000000 ---p 00000000 00:00 0 
7f8cb0000000-7f8cb0021000 rw-p 00000000 00:00 0 
7f8cb0021000-7f8cb4000000 ---p 00000000 00:00 0 
7f8cb4000000-7f8cb4027000 rw-p 00000000 00:00 0 
7f8cb4027000-7f8cb8000000 ---p 00000000 00:00 0 
7f8cb8000000-7f8cb81ab000 rw-p 00000000 00:00 0 
7f8cb81ab000-7f8cbc000000 ---p 00000000 00:00 0 
7f8cbc000000-7f8cbc021000 rw-p 00000000 00:00 0 
7f8cbc021000-7f8cc0000000 ---p 00000000 00:00 0 
7f8cc0000000-7f8cc0021000 rw-p 00000000 00:00 0 
7f8cc0021000-7f8cc4000000 ---p 00000000 00:00 0 
7f8cc4000000-7f8cc4021000 rw-p 00000000 00:00 0 
7f8cc4021000-7f8cc8000000 ---p 00000000 00:00 0 
7f8cc8000000-7f8cc8021000 rw-p 00000000 00:00 0 
7f8cc8021000-7f8ccc000000 ---p 00000000 00:00 0 
7f8ccc000000-7f8ccc021000 rw-p 00000000 00:00 0 
7f8ccc021000-7f8cd0000000 ---p 00000000 00:00 0 
7f8cd0000000-7f8cd0021000 rw-p 00000000 00:00 0 
7f8cd0021000-7f8cd4000000 ---p 00000000 00:00 0 
7f8cd4000000-7f8cd4021000 rw-p 00000000 00:00 0 
7f8cd4021000-7f8cd8000000 ---p 00000000 00:00 0 
7f8cd8000000-7f8cd8021000 rw-p 00000000 00:00 0 
7f8cd8021000-7f8cdc000000 ---p 00000000 00:00 0 
7f8cdc000000-7f8cdcd57000 rw-p 00000000 00:00 0 
7f8cdcd57000-7f8ce0000000 ---p 00000000 00:00 0 
7f8ce0000000-7f8ce03cc000 rw-p 00000000 00:00 0 
7f8ce03cc000-7f8ce4000000 ---p 00000000 00:00 0 
7f8ce4000000-7f8ce4021000 rw-p 00000000 00:00 0 
7f8ce4021000-7f8ce8000000 ---p 00000000 00:00 0 
7f8ce8000000-7f8ce9914000 rw-p 00000000 00:00 0 
7f8ce9914000-7f8cec000000 ---p 00000000 00:00 0 
7f8cec000000-7f8cec037000 rw-p 00000000 00:00 0 
7f8cec037000-7f8cf0000000 ---p 00000000 00:00 0 
7f8cf0000000-7f8cf0054000 rw-p 00000000 00:00 0 
7f8cf0054000-7f8cf4000000 ---p 00000000 00:00 0 
7f8cf4000000-7f8cf424f000 rw-p 00000000 00:00 0 
7f8cf424f000-7f8cf8000000 ---p 00000000 00:00 0 
7f8cf8000000-7f8cf802e000 rw-p 00000000 00:00 0 
7f8cf802e000-7f8cfc000000 ---p 00000000 00:00 0 
7f8cfc08e000-7f8cfc091000 ---p 00000000 00:00 0 
7f8cfc091000-7f8cfc0c7000 rw-p 00000000 00:00 0 
7f8cfc0c7000-7f8cfc0ca000 ---p 00000000 00:00 0 
7f8cfc0ca000-7f8cfc1c8000 rw-p 00000000 00:00 0 
7f8cfc1c8000-7f8cfc1d0000 r-xp 00000000 00:12 1527335                    /usr/lib/jvm/java-8-openjdk/jre/lib/amd64/libmanagement.so
7f8cfc1d0000-7f8cfc3d0000 ---p 00008000 00:12 1527335                    /usr/lib/jvm/java-8-openjdk/jre/lib/amd64/libmanagement.so
7f8cfc3d0000-7f8cfc3d1000 rw-p 00008000 00:12 1527335                    /usr/lib/jvm/java-8-openjdk/jre/lib/amd64/libmanagement.so
7f8cfc3d1000-7f8cfc3d4000 ---p 00000000 00:00 0 
7f8cfc3d4000-7f8cfc6d2000 rw-p 00000000 00:00 0 
7f8cfc6d2000-7f8cfc6d5000 ---p 00000000 00:00 0 
7f8cfc6d5000-7f8cfc7d3000 rw-p 00000000 00:00 0 
7f8cfc7d3000-7f8cfc7d6000 ---p 00000000 00:00 0 
7f8cfc7d6000-7f8cfc8d4000 rw-p 00000000 00:00 0 
7f8cfc8d4000-7f8cfc8d7000 ---p 00000000 00:00 0 
7f8cfc8d7000-7f8cfcbd5000 rw-p 00000000 00:00 0 
7f8cfcbd5000-7f8cfcbe6000 r-xp 00000000 00:12 1527339                    /usr/lib/jvm/java-8-openjdk/jre/lib/amd64/libnio.so
7f8cfcbe6000-7f8cfcde5000 ---p 00011000 00:12 1527339                    /usr/lib/jvm/java-8-openjdk/jre/lib/amd64/libnio.so
7f8cfcde5000-7f8cfcde6000 rw-p 00010000 00:12 1527339                    /usr/lib/jvm/java-8-openjdk/jre/lib/amd64/libnio.so
7f8cfcde6000-7f8cfcdea000 r-xp 00000000 00:12 943900                     /usr/lib/libcap.so.2.25
7f8cfcdea000-7f8cfcfe9000 ---p 00004000 00:12 943900                     /usr/lib/libcap.so.2.25
7f8cfcfe9000-7f8cfcfea000 rw-p 00003000 00:12 943900                     /usr/lib/libcap.so.2.25
7f8cfcfea000-7f8cfcffa000 r-xp 00000000 00:12 992291                     /usr/lib/libnss_myhostname.so.2
7f8cfcffa000-7f8cfcffb000 ---p 00010000 00:12 992291                     /usr/lib/libnss_myhostname.so.2
7f8cfcffb000-7f8cfcffd000 r--p 00010000 00:12 992291                     /usr/lib/libnss_myhostname.so.2
7f8cfcffd000-7f8cfcffe000 rw-p 00012000 00:12 992291                     /usr/lib/libnss_myhostname.so.2
7f8cfcffe000-7f8cfd012000 r-xp 00000000 00:12 1709148                    /usr/lib/libresolv-2.23.so
7f8cfd012000-7f8cfd211000 ---p 00014000 00:12 1709148                    /usr/lib/libresolv-2.23.so
7f8cfd211000-7f8cfd212000 r--p 00013000 00:12 1709148                    /usr/lib/libresolv-2.23.so
7f8cfd212000-7f8cfd213000 rw-p 00014000 00:12 1709148                    /usr/lib/libresolv-2.23.so
7f8cfd213000-7f8cfd215000 rw-p 00000000 00:00 0 
7f8cfd215000-7f8cfd21a000 r-xp 00000000 00:12 1709140                    /usr/lib/libnss_dns-2.23.so
7f8cfd21a000-7f8cfd419000 ---p 00005000 00:12 1709140                    /usr/lib/libnss_dns-2.23.so
7f8cfd419000-7f8cfd41a000 r--p 00004000 00:12 1709140                    /usr/lib/libnss_dns-2.23.so
7f8cfd41a000-7f8cfd41b000 rw-p 00005000 00:12 1709140                    /usr/lib/libnss_dns-2.23.so
7f8cfd44d000-7f8cfd450000 ---p 00000000 00:00 0 
7f8cfd450000-7f8cfd54e000 rw-p 00000000 00:00 0 
7f8cfd54e000-7f8cfd551000 ---p 00000000 00:00 0 
7f8cfd551000-7f8cfd64f000 rw-p 00000000 00:00 0 
7f8cfd64f000-7f8cfd652000 ---p 00000000 00:00 0 
7f8cfd652000-7f8cfd688000 rw-p 00000000 00:00 0 
7f8cfd688000-7f8cfd68b000 ---p 00000000 00:00 0 
7f8cfd68b000-7f8cfd789000 rw-p 00000000 00:00 0 
7f8cfd789000-7f8cfd78c000 ---p 00000000 00:00 0 
7f8cfd78c000-7f8cfd88a000 rw-p 00000000 00:00 0 
7f8cfd88a000-7f8cfd88d000 ---p 00000000 00:00 0 
7f8cfd88d000-7f8cfd8c3000 rw-p 00000000 00:00 0 
7f8cfd8c3000-7f8cfd8c6000 ---p 00000000 00:00 0 
7f8cfd8c6000-7f8cfd9c4000 rw-p 00000000 00:00 0 
7f8cfd9c4000-7f8cfd9c7000 ---p 00000000 00:00 0 
7f8cfd9c7000-7f8cfdac5000 rw-p 00000000 00:00 0 
7f8cfdac5000-7f8cfdac8000 ---p 00000000 00:00 0 
7f8cfdac8000-7f8cfdafe000 rw-p 00000000 00:00 0 
7f8cfdafe000-7f8cfdb01000 ---p 00000000 00:00 0 
7f8cfdb01000-7f8cfdbff000 rw-p 00000000 00:00 0 
7f8cfdbff000-7f8cfdc02000 ---p 00000000 00:00 0 
7f8cfdc02000-7f8cfdd00000 rw-p 00000000 00:00 0 
7f8cfdd00000-7f8cfdd03000 ---p 00000000 00:00 0 
7f8cfdd03000-7f8cfdd39000 rw-p 00000000 00:00 0 
7f8cfdd39000-7f8cfdd3c000 ---p 00000000 00:00 0 
7f8cfdd3c000-7f8cfde3a000 rw-p 00000000 00:00 0 
7f8cfde3a000-7f8cfde3d000 ---p 00000000 00:00 0 
7f8cfde3d000-7f8cfdf3b000 rw-p 00000000 00:00 0 
7f8cfdf3b000-7f8cfdf3e000 ---p 00000000 00:00 0 
7f8cfdf3e000-7f8cfe03c000 rw-p 00000000 00:00 0 
7f8cfe03c000-7f8cfe03f000 ---p 00000000 00:00 0 
7f8cfe03f000-7f8cfe075000 rw-p 00000000 00:00 0 
7f8cfe075000-7f8cfe079000 r--s 00097000 00:12 1527267                    /usr/lib/jvm/java-8-openjdk/jre/lib/jsse.jar
7f8cfe079000-7f8cfe07e000 r--s 00034000 00:12 1510685                    /home/mrblati/.gradle/caches/modules-2/files-2.1/commons-beanutils/commons-beanutils/1.8.3/686ef3410bcf4ab8ce7fd0b899e832aaba5facf7/commons-beanutils-1.8.3.jar
7f8cfe07e000-7f8cfe082000 r--s 00034000 00:12 1510709                    /home/mrblati/.gradle/caches/modules-2/files-2.1/com.fasterxml.jackson.core/jackson-core/2.4.2/ceb72830d95c512b4b300a38f29febc85bdf6e4b/jackson-core-2.4.2.jar
7f8cfe082000-7f8cfe083000 r--s 00006000 00:12 1510623                    /home/mrblati/.gradle/caches/modules-2/files-2.1/org.codehaus.jackson/jackson-xc/1.9.13/e3480072bc95c202476ffa1de99ff7ee9149f29c/jackson-xc-1.9.13.jar
7f8cfe083000-7f8cfe084000 r--s 00004000 00:12 1510620                    /home/mrblati/.gradle/caches/modules-2/files-2.1/org.codehaus.jackson/jackson-jaxrs/1.9.13/534d72d2b9d6199dd531dfb27083dd4844082bba/jackson-jaxrs-1.9.13.jar
7f8cfe084000-7f8cfe0f6000 r--s 0065b000 00:12 1510703                    /home/mrblati/.gradle/caches/modules-2/files-2.1/org.scala-lang/scala-library/2.10.5/57ac67a6cf6fd591e235c62f8893438e8d10431d/scala-library-2.10.5.jar
7f8cfe0f6000-7f8cfe10e000 r--s 00115000 00:12 1510700                    /home/mrblati/.gradle/caches/modules-2/files-2.1/io.netty/netty/3.8.0.Final/65e00948a33493081e4f6a8619d82ab3d4024af1/netty-3.8.0.Final.jar
7f8cfe10e000-7f8cfe112000 r--s 00020000 00:12 1510688                    /home/mrblati/.gradle/caches/modules-2/files-2.1/commons-digester/commons-digester/1.8.1/3dec9b9c7ea9342d4dbe8c38560080d85b44a015/commons-digester-1.8.1.jar
7f8cfe112000-7f8cfe119000 r--s 0004f000 00:12 1510682                    /home/mrblati/.gradle/caches/modules-2/files-2.1/commons-configuration/commons-configuration/1.7/3559d47ea9e5f46d8cdc6503f08344b67b255dfd/commons-configuration-1.7.jar
7f8cfe119000-7f8cfe11d000 r--s 00028000 00:12 1510375                    /home/mrblati/.gradle/caches/modules-2/files-2.1/org.mortbay.jetty/jetty-util/6.1.26/e5642fe0399814e1687d55a3862aa5a3417226a9/jetty-util-6.1.26.jar
7f8cfe11d000-7f8cfe122000 r--s 0002a000 00:12 1510477                    /home/mrblati/.gradle/caches/modules-2/files-2.1/com.google.code.gson/gson/2.2.4/a60a5e993c98c864010053cb901b7eab25306568/gson-2.2.4.jar
7f8cfe122000-7f8cfe127000 r--s 00041000 00:12 1510679                    /home/mrblati/.gradle/caches/modules-2/files-2.1/commons-lang/commons-lang/2.6/ce1edb914c94ebc388f086c6827e8bdeec71ac2/commons-lang-2.6.jar
7f8cfe127000-7f8cfe134000 r--s 00083000 00:12 1510691                    /home/mrblati/.gradle/caches/modules-2/files-2.1/commons-collections/commons-collections/3.2.2/8ad72fe39fa8c91eaaf12aadb21e0c3661fe26d5/commons-collections-3.2.2.jar
7f8cfe134000-7f8cfe13b000 r--s 0003a000 00:12 1533608                    /home/mrblati/.gradle/caches/modules-2/files-2.1/commons-codec/commons-codec/1.9/9ce04e34240f674bc72680f8b843b1457383161a/commons-codec-1.9.jar
7f8cfe13b000-7f8cfe13d000 r--s 0000e000 00:12 1533605                    /home/mrblati/.gradle/caches/modules-2/files-2.1/commons-logging/commons-logging/1.2/4bfc12adfe4842bf07b657f0369c4cb522955686/commons-logging-1.2.jar
7f8cfe13d000-7f8cfe146000 r--s 0006f000 00:12 1510670                    /home/mrblati/.gradle/caches/modules-2/files-2.1/log4j/log4j/1.2.17/5af35056b4d257e4b64b9e8069c0746e8b08629f/log4j-1.2.17.jar
7f8cfe146000-7f8cfe148000 r--s 00001000 00:12 1510673                    /home/mrblati/.gradle/caches/modules-2/files-2.1/org.slf4j/slf4j-log4j12/1.7.10/b3eeae7d1765f988a1f45ea81517191315c69c9e/slf4j-log4j12-1.7.10.jar
7f8cfe148000-7f8cfe15b000 r--s 000df000 00:12 1533602                    /home/mrblati/.gradle/caches/modules-2/files-2.1/org.apache.commons/commons-math/2.2/4877b85d388275f994a5cfc7eceb73a8045d3006/commons-math-2.2.jar
7f8cfe15b000-7f8cfe15c000 r--s 00007000 00:12 1510667                    /home/mrblati/.gradle/caches/modules-2/files-2.1/org.slf4j/slf4j-api/1.7.10/5b338f206827d88acd890739f400a9b7664e5984/slf4j-api-1.7.10.jar
7f8cfe15c000-7f8cfe165000 r--s 0007c000 00:12 1589361                    /home/mrblati/.gradle/caches/modules-2/files-2.1/org.apache.zookeeper/zookeeper/3.4.6.2.4.0.0-169/886384fad1b76bf6b473037f9270ff70d4a74bd/zookeeper-3.4.6.2.4.0.0-169-tests.jar
7f8cfe165000-7f8cfe171000 r--s 000b6000 00:12 1510302                    /home/mrblati/.gradle/caches/modules-2/files-2.1/org.apache.zookeeper/zookeeper/3.4.6.2.4.0.0-169/6bf9b52c5e142383b2dbaa36a2405613d7d414ad/zookeeper-3.4.6.2.4.0.0-169.jar
7f8cfe171000-7f8cfe177000 r--s 0004e000 00:12 1589358                    /home/mrblati/.gradle/caches/modules-2/files-2.1/de.ruedigermoeller/fst/2.24/479ba6ffefaef7005511930c3cce721c5a67ecd3/fst-2.24.jar
7f8cfe177000-7f8cfe179000 r--s 00012000 00:12 1510652                    /home/mrblati/.gradle/caches/modules-2/files-2.1/org.apache.directory.api/api-util/1.0.0-M20/a871abf060b3cf83fc6dc4d7e3d151fce50ac3cb/api-util-1.0.0-M20.jar
7f8cfe179000-7f8cfe17b000 r--s 00003000 00:12 1510649                    /home/mrblati/.gradle/caches/modules-2/files-2.1/org.apache.directory.api/api-asn1-api/1.0.0-M20/5e6486ffa3125ba44dc410ead166e1d6ba8ac76d/api-asn1-api-1.0.0-M20.jar
7f8cfe17b000-7f8cfe17c000 r--s 0000a000 00:12 1510646                    /home/mrblati/.gradle/caches/modules-2/files-2.1/org.apache.directory.server/apacheds-i18n/2.0.0-M15/71c61c84683152ec2a6a65f3f96fe534e304fa22/apacheds-i18n-2.0.0-M15.jar
7f8cfe17c000-7f8cfe181000 r--s 00038000 00:12 1589355                    /home/mrblati/.gradle/caches/modules-2/files-2.1/org.apache.hadoop/hadoop-yarn-server-applicationhistoryservice/2.7.1.2.4.0.0-169/30fcec5237d868cdb5d290a3323e81917e8dc26d/hadoop-yarn-server-applicationhistoryservice-2.7.1.2.4.0.0-169.jar
7f8cfe181000-7f8cfe184000 r--s 00016000 00:12 1510655                    /home/mrblati/.gradle/caches/modules-2/files-2.1/org.apache.hadoop/hadoop-yarn-registry/2.7.1.2.4.0.0-169/21a6d46bfa0ffe6fbb6d7e602654e85baccfe12e/hadoop-yarn-registry-2.7.1.2.4.0.0-169.jar
7f8cfe184000-7f8cfe187000 r--s 00007000 00:12 1510640                    /home/mrblati/.gradle/caches/modules-2/files-2.1/com.fasterxml.jackson.core/jackson-annotations/2.4.0/d6a66c7a5f01cf500377bd669507a08cfeba882a/jackson-annotations-2.4.0.jar
7f8cfe187000-7f8cfe18e000 r--s 0003e000 00:12 1510523                    /home/mrblati/.gradle/caches/modules-2/files-2.1/org.sonatype.sisu.inject/cglib/2.2.1-v20090111/7ce5e983fd0e6c78346f4c9cbfa39d83049dda2/cglib-2.2.1-v20090111.jar
7f8cfe18e000-7f8cfe18f000 r--s 00003000 00:12 1510634                    /home/mrblati/.gradle/caches/modules-2/files-2.1/com.sun.jersey.contribs/jersey-guice/1.9/5963c28c47df7e5d6ad34cec80c071c368777f7b/jersey-guice-1.9.jar
7f8cfe18f000-7f8cfe192000 r--s 0001d000 00:12 1510617                    /home/mrblati/.gradle/caches/modules-2/files-2.1/com.sun.jersey/jersey-client/1.9/d3c4b2b5f89db32c96ceddcb863684821910a7bb/jersey-client-1.9.jar
7f8cfe192000-7f8cfe196000 r--s 0002a000 00:12 1510594                    /home/mrblati/.gradle/caches/modules-2/files-2.1/org.apache.hadoop/hadoop-yarn-client/2.7.1.2.4.0.0-169/9734539df6a20cada4e42bbb6118070aac73f000/hadoop-yarn-client-2.7.1.2.4.0.0-169.jar
7f8cfe196000-7f8cfe19e000 r--s 00028000 00:12 1510562                    /home/mrblati/.gradle/caches/modules-2/files-2.1/xml-apis/xml-apis/1.3.04/90b215f48fe42776c8c7f6e3509ec54e84fd65ef/xml-apis-1.3.04.jar
7f8cfe19e000-7f8cfe19f000 r--s 0000f000 00:12 1510558                    /home/mrblati/.gradle/caches/modules-2/files-2.1/com.squareup.okio/okio/1.4.0/5b72bf48563ea8410e650de14aa33ff69a3e8c35/okio-1.4.0.jar
7f8cfe19f000-7f8cfe1a5000 r--s 00028000 00:12 1510547                    /home/mrblati/.gradle/caches/modules-2/files-2.1/org.apache.curator/curator-framework/2.7.1/8c7b1eeb78e43bb91ea737111ba3dec0512be876/curator-framework-2.7.1.jar
7f8cfe1a5000-7f8cfe1b7000 r--s 00097000 00:12 1510541                    /home/mrblati/.gradle/caches/modules-2/files-2.1/org.apache.directory.server/apacheds-kerberos-codec/2.0.0-M15/1c16e4e477183641c5f0dd5cdecd27ec331bacb5/apacheds-kerberos-codec-2.0.0-M15.jar
7f8cfe1b7000-7f8cfe1b8000 r--s 0000a000 00:12 1510637                    /home/mrblati/.gradle/caches/modules-2/files-2.1/asm/asm/3.1/c157def142714c544bdea2e6144645702adf7097/asm-3.1.jar
7f8cfe1b8000-7f8cfe1cb000 r--s 000c7000 00:12 1510661                    /home/mrblati/.gradle/caches/modules-2/files-2.1/com.sun.xml.bind/jaxb-impl/2.2.3-1/56baae106392040a45a06d4a41099173425da1e6/jaxb-impl-2.2.3-1.jar
7f8cfe1cb000-7f8cfe1cd000 r--s 0000f000 00:12 1510658                    /home/mrblati/.gradle/caches/modules-2/files-2.1/org.codehaus.jettison/jettison/1.1/1a01a2a1218fcf9faa2cc2a6ced025bdea687262/jettison-1.1.jar
7f8cfe1cd000-7f8cfe1e4000 r--s 0012f000 00:12 1589346                    /home/mrblati/.gradle/caches/modules-2/files-2.1/org.apache.hadoop/hadoop-yarn-server-resourcemanager/2.7.1.2.4.0.0-169/f64c73ce4c07a84e01648bb95962402c4ea86297/hadoop-yarn-server-resourcemanager-2.7.1.2.4.0.0-169.jar
7f8cfe1e4000-7f8cfe1f3000 r--s 000a8000 00:12 1510613                    /home/mrblati/.gradle/caches/modules-2/files-2.1/org.apache.hadoop/hadoop-yarn-server-nodemanager/2.7.1.2.4.0.0-169/345470cb59a1ce154ed7a76ff9f74d248c392132/hadoop-yarn-server-nodemanager-2.7.1.2.4.0.0-169.jar
7f8cfe1f3000-7f8cfe1fa000 r--s 0005e000 00:12 1510610                    /home/mrblati/.gradle/caches/modules-2/files-2.1/org.apache.hadoop/hadoop-yarn-server-common/2.7.1.2.4.0.0-169/8ce0573456a4b39a9589f398b6ac01961caea59c/hadoop-yarn-server-common-2.7.1.2.4.0.0-169.jar
7f8cfe1fa000-7f8cfe1fc000 r--s 0000b000 00:12 1510535                    /home/mrblati/.gradle/caches/modules-2/files-2.1/com.twitter/chill-java/0.7.4/c4c005297ce8b29749edecd06f97329f25df70d/chill-java-0.7.4.jar
7f8cfe1fc000-7f8cfe20d000 r--s 000f6000 00:12 1510532                    /home/mrblati/.gradle/caches/modules-2/files-2.1/com.fasterxml.jackson.core/jackson-databind/2.4.2/8e31266a272ad25ac4c089734d93e8d811652c1f/jackson-databind-2.4.2.jar
7f8cfe20d000-7f8cfe20f000 r--s 0000a000 00:12 1510529                    /home/mrblati/.gradle/caches/modules-2/files-2.1/org.uncommons.maths/uncommons-maths/1.2.2a/e4e84f879d4160be9508aa3904516ec30c39e815/uncommons-maths-1.2.2a.jar
7f8cfe20f000-7f8cfe213000 r--s 00032000 00:12 1510526                    /home/mrblati/.gradle/caches/modules-2/files-2.1/com.typesafe/config/1.2.1/f771f71fdae3df231bcd54d5ca2d57f0bf93f467/config-1.2.1.jar
7f8cfe213000-7f8cfe216000 r--s 00019000 00:12 1510423                    /home/mrblati/.gradle/caches/modules-2/files-2.1/commons-el/commons-el/1.0/1df2c042b3f2de0124750241ac6c886dbfa2cc2c/commons-el-1.0.jar
7f8cfe216000-7f8cfe218000 r--s 00000000 00:12 1510420                    /home/mrblati/.gradle/caches/modules-2/files-2.1/aopalliance/aopalliance/1.0/235ba8b489512805ac13a8f9ea77a1ca5ebe3e8/aopalliance-1.0.jar
7f8cfe218000-7f8cfe219000 r--s 00000000 00:12 1510417                    /home/mrblati/.gradle/caches/modules-2/files-2.1/javax.inject/javax.inject/1/6975da39a7040257bd51d21a231b76c915872d38/javax.inject-1.jar
7f8cfe219000-7f8cfe228000 r--s 0009f000 00:12 1510414                    /home/mrblati/.gradle/caches/modules-2/files-2.1/com.google.inject/guice/3.0/9d84f15fe35e2c716a02979fb62f50a29f38aefa/guice-3.0.jar
7f8cfe228000-7f8cfe22a000 r--s 0000e000 00:12 1510411                    /home/mrblati/.gradle/caches/modules-2/files-2.1/javax.activation/activation/1.1/e6cb541461c2834bdea3eb920f1884d1eb508b50/activation-1.1.jar
7f8cfe22a000-7f8cfe22c000 r--s 00004000 00:12 1510408                    /home/mrblati/.gradle/caches/modules-2/files-2.1/javax.xml.stream/stax-api/1.0-2/d6337b0de8b25e53e81b922352fbea9f9f57ba0b/stax-api-1.0-2.jar
7f8cfe22c000-7f8cfe22f000 r--s 00017000 00:12 1510405                    /home/mrblati/.gradle/caches/modules-2/files-2.1/javax.xml.bind/jaxb-api/2.2.2/aeb3021ca93dde265796d82015beecdcff95bf09/jaxb-api-2.2.2.jar
7f8cfe22f000-7f8cfe231000 r--s 00005000 00:12 1510399                    /home/mrblati/.gradle/caches/modules-2/files-2.1/commons-beanutils/commons-beanutils-bean-collections/1.8.3/6f74b866fb9e744b6a4064ceeef5fb6803675435/commons-beanutils-bean-collections-1.8.3.jar
7f8cfe231000-7f8cfe235000 r--s 00014000 00:12 1510396                    /home/mrblati/.gradle/caches/modules-2/files-2.1/org.tukaani/xz/1.0/ecff5cb8b1189514c9d1d8d68eb77ac372e000c9/xz-1.0.jar
7f8cfe235000-7f8cfe237000 r--s 00130000 00:12 1510387                    /home/mrblati/.gradle/caches/modules-2/files-2.1/org.xerial.snappy/snappy-java/1.0.5/10cb4550360a0ec6b80f09a5209d00b6058e82bf/snappy-java-1.0.5.jar
7f8cfe237000-7f8cfe239000 r--s 00006000 00:12 1510384                    /home/mrblati/.gradle/caches/modules-2/files-2.1/com.thoughtworks.paranamer/paranamer/2.3/4a85963a752c0a2f715c3924bfc686865e7e1bc6/paranamer-2.3.jar
7f8cfe239000-7f8cfe23a000 r--s 00004000 00:12 1510381                    /home/mrblati/.gradle/caches/modules-2/files-2.1/com.jamesmurty.utils/java-xmlbuilder/0.4/ac5962e48cdee3a0a6e1f8e00fcb594747ac5aaf/java-xmlbuilder-0.4.jar
7f8cfe23a000-7f8cfe23c000 r--s 00009000 00:12 1510520                    /home/mrblati/.gradle/caches/modules-2/files-2.1/org.objenesis/objenesis/2.1/87c0ea803b69252868d09308b4618f766f135a96/objenesis-2.1.jar
7f8cfe23c000-7f8cfe23e000 r--s 00000000 00:12 1510517                    /home/mrblati/.gradle/caches/modules-2/files-2.1/com.esotericsoftware.minlog/minlog/1.2/59bfcd171d82f9981a5e242b9e840191f650e209/minlog-1.2.jar
7f8cfe23e000-7f8cfe241000 r--s 00016000 00:12 1510514                    /home/mrblati/.gradle/caches/modules-2/files-2.1/javax.servlet.jsp/jsp-api/2.1/63f943103f250ef1f3a4d5e94d145a0f961f5316/jsp-api-2.1.jar
7f8cfe241000-7f8cfe259000 r--s 00189000 00:12 1510511                    /home/mrblati/.gradle/caches/modules-2/files-2.1/org.apache.hadoop/hadoop-yarn-common/2.7.1.2.4.0.0-169/6e9caedbe206e8d5687a2914b7c13d001bf33d01/hadoop-yarn-common-2.7.1.2.4.0.0-169.jar
7f8cfe259000-7f8cfe25b000 r--s 0000e000 00:12 1589349                    /home/mrblati/.gradle/caches/modules-2/files-2.1/com.google.inject.extensions/guice-servlet/3.0/610cde0e8da5a8b7d8efb8f0b8987466ffebaaf9/guice-servlet-3.0.jar
7f8cfe25b000-7f8cfe25d000 r--s 0000a000 00:12 1510504                    /home/mrblati/.gradle/caches/modules-2/files-2.1/org.apache.hadoop/hadoop-mapreduce-client-shuffle/2.7.1.2.4.0.0-169/f2bb843935abe8e79c7ae2caea91c2f30f4fe199/hadoop-mapreduce-client-shuffle-2.7.1.2.4.0.0-169.jar
7f8cfe25d000-7f8cfe25f000 r--s 00007000 00:12 1589352                    /home/mrblati/.gradle/caches/modules-2/files-2.1/org.apache.hadoop/hadoop-yarn-server-web-proxy/2.7.1.2.4.0.0-169/a74b7634068e4fd311a34888916c7e51808ee6a9/hadoop-yarn-server-web-proxy-2.7.1.2.4.0.0-169.jar
7f8cfe25f000-7f8cfe26c000 r--s 000ab000 00:12 1510501                    /home/mrblati/.gradle/caches/modules-2/files-2.1/org.apache.hadoop/hadoop-mapreduce-client-common/2.7.1.2.4.0.0-169/e32ef97f66302ebcf18f708218b3420ef52a98ef/hadoop-mapreduce-client-common-2.7.1.2.4.0.0-169.jar
7f8cfe26c000-7f8cfe26f000 r--s 000fd000 00:12 1510498                    /home/mrblati/.gradle/caches/modules-2/files-2.1/org.fusesource.leveldbjni/leveldbjni-all/1.8/707350a2eeb1fa2ed77a32ddb3893ed308e941db/leveldbjni-all-1.8.jar
7f8cfe26f000-7f8cfe287000 r--s 00115000 00:12 1510495                    /home/mrblati/.gradle/caches/modules-2/files-2.1/xerces/xercesImpl/2.9.1/7bc7e49ddfe4fb5f193ed37ecc96c12292c8ceb6/xercesImpl-2.9.1.jar
7f8cfe287000-7f8cfe288000 r--s 00005000 00:12 1510402                    /home/mrblati/.gradle/caches/modules-2/files-2.1/commons-daemon/commons-daemon/1.0.13/750856a1fdb3ddf721ccf73c3518e4211cffc3a3/commons-daemon-1.0.13.jar
7f8cfe288000-7f8cfe28d000 r--s 00049000 00:12 1510492                    /home/mrblati/.gradle/caches/modules-2/files-2.1/com.squareup.okhttp/okhttp/2.4.0/40340c0748190fe897baf7bffbc1b282734294e5/okhttp-2.4.0.jar
7f8cfe28d000-7f8cfe292000 r--s 00036000 00:12 1510393                    /home/mrblati/.gradle/caches/modules-2/files-2.1/org.apache.commons/commons-compress/1.4.1/b02e84a993d88568417536240e970c4b809126fd/commons-compress-1.4.1.jar
7f8cfe292000-7f8cfe295000 r--s 00006000 00:12 1510489                    /home/mrblati/.gradle/caches/modules-2/files-2.1/com.google.code.findbugs/jsr305/3.0.0/5871fb60dc68d67da54a663c3fd636a10a532948/jsr305-3.0.0.jar
7f8cfe295000-7f8cfe29d000 r--s 0003b000 00:12 1510486                    /home/mrblati/.gradle/caches/modules-2/files-2.1/org.apache.curator/curator-recipes/2.7.1/a2c180efc6a38a4f8c9197eb35bb4eb5716cd2fa/curator-recipes-2.7.1.jar
7f8cfe29d000-7f8cfe29f000 r--s 0000f000 00:12 1510483                    /home/mrblati/.gradle/caches/modules-2/files-2.1/org.apache.curator/curator-client/2.7.1/a591dfc085db3e9d4d480381cc7e6ae8a26b34af/curator-client-2.7.1.jar
7f8cfe29f000-7f8cfe2a2000 r--s 0002b000 00:12 1510390                    /home/mrblati/.gradle/caches/modules-2/files-2.1/com.jcraft/jsch/0.1.42/a86104b0f2e0c0bab5b0df836065823a99b5e334/jsch-0.1.42.jar
7f8cfe2a2000-7f8cfe2a4000 r--s 00010000 00:12 1510480                    /home/mrblati/.gradle/caches/modules-2/files-2.1/org.apache.hadoop/hadoop-auth/2.7.1.2.4.0.0-169/8ecb129f3c50aa41dcee58408a95a76a3c5197d5/hadoop-auth-2.7.1.2.4.0.0-169.jar
7f8cfe2a4000-7f8cfe2b2000 r--s 000b1000 00:12 1510697                    /home/mrblati/.gradle/caches/modules-2/files-2.1/org.codehaus.jackson/jackson-mapper-asl/1.9.13/1ee2f2bed0e5dd29d1cb155a166e6f8d50bbddb7/jackson-mapper-asl-1.9.13.jar
7f8cfe2b2000-7f8cfe2b6000 r--s 00035000 00:12 1510694                    /home/mrblati/.gradle/caches/modules-2/files-2.1/org.codehaus.jackson/jackson-core-asl/1.9.13/3c304d70f42f832e0a86d45bd437f692129299a4/jackson-core-asl-1.9.13.jar
7f8cfe2b6000-7f8cfe2bf000 r--s 00086000 00:12 1510471                    /home/mrblati/.gradle/caches/modules-2/files-2.1/com.microsoft.windowsazure.storage/microsoft-windowsazure-storage-sdk/0.6.0/d228312b4b4036140f4149aa699d52a832dfb4d7/microsoft-windowsazure-storage-sdk-0.6.0.jar
7f8cfe2bf000-7f8cfe2c8000 r--s 0007b000 00:12 1510664                    /home/mrblati/.gradle/caches/modules-2/files-2.1/net.java.dev.jets3t/jets3t/0.9.0/792bc96ee7e57b89f472aa0cb5a31015b9f59c96/jets3t-0.9.0.jar
7f8cfe2c8000-7f8cfe2da000 r--s 0009d000 00:12 1510627                    /home/mrblati/.gradle/caches/modules-2/files-2.1/com.sun.jersey/jersey-server/1.9/3a6ea7cc5e15c824953f9f3ece2201b634d90d18/jersey-server-1.9.jar
7f8cfe2da000-7f8cfe2de000 r--s 00021000 00:12 1510631                    /home/mrblati/.gradle/caches/modules-2/files-2.1/com.sun.jersey/jersey-json/1.9/1aa73e1896bcc7013fed247157d7f676226eb432/jersey-json-1.9.jar
7f8cfe2de000-7f8cfe2e8000 r--s 00066000 00:12 1510378                    /home/mrblati/.gradle/caches/modules-2/files-2.1/com.sun.jersey/jersey-core/1.9/8341846f18187013bb9e27e46b7ee00a6395daf4/jersey-core-1.9.jar
7f8cfe2e8000-7f8cfe2ee000 r--s 0007e000 00:12 1532030                    /home/mrblati/.gradle/caches/modules-2/files-2.1/org.mortbay.jetty/jetty/6.1.26.hwx/d9960f657e71772000a346e587218f9c2d87fb65/jetty-6.1.26.hwx.jar
7f8cfe2ee000-7f8cfe2f0000 r--s 00018000 00:12 1510372                    /home/mrblati/.gradle/caches/modules-2/files-2.1/javax.servlet/servlet-api/2.5/5959582d97d8b61f4d154ca9e495aafd16726e34/servlet-api-2.5.jar
7f8cfe2f0000-7f8cfe2f5000 r--s 0003e000 00:12 1510369                    /home/mrblati/.gradle/caches/modules-2/files-2.1/commons-net/commons-net/3.1/2298164a7c2484406f2aa5ac85b205d39019896f/commons-net-3.1.jar
7f8cfe2f5000-7f8cfe2fb000 r--s 00045000 00:12 1510468                    /home/mrblati/.gradle/caches/modules-2/files-2.1/commons-httpclient/commons-httpclient/3.1/964cd74171f427720480efdec40a7c7f6e58426a/commons-httpclient-3.1.jar
7f8cfe2fb000-7f8cfe2fc000 r--s 00003000 00:12 1510366                    /home/mrblati/.gradle/caches/modules-2/files-2.1/xmlenc/xmlenc/0.52/d82554efbe65906d83b3d97bd7509289e9db561a/xmlenc-0.52.jar
7f8cfe2fc000-7f8cfe2fe000 r--s 00005000 00:12 1510465                    /home/mrblati/.gradle/caches/modules-2/files-2.1/regexp/regexp/1.3/973df2b78b67bcd3144c3dbbb88da691065a3f8d/regexp-1.3.jar
7f8cfe2fe000-7f8cfe300000 r--s 00008000 00:12 1510462                    /home/mrblati/.gradle/caches/modules-2/files-2.1/org.apache.maven.scm/maven-scm-provider-svn-commons/1.4/54bc1dc24c5d205b4d251a83f4ea63808c21a628/maven-scm-provider-svn-commons-1.4.jar
7f8cfe300000-7f8cfe305000 r--s 00039000 00:12 1510459                    /home/mrblati/.gradle/caches/modules-2/files-2.1/org.codehaus.plexus/plexus-utils/1.5.6/8fb6b798a4036048b3005e058553bf21a87802ed/plexus-utils-1.5.6.jar
7f8cfe305000-7f8cfe309000 r--s 00025000 00:12 1589343                    /home/mrblati/.gradle/caches/modules-2/files-2.1/org.apache.hadoop/hadoop-mapreduce-client-hs/2.7.1.2.4.0.0-169/c8d8aa2843212cd476a422b38697e0a0eed95075/hadoop-mapreduce-client-hs-2.7.1.2.4.0.0-169.jar
7f8cfe309000-7f8cfe30a000 r--s 0000c000 00:12 1589340                    /home/mrblati/.gradle/caches/modules-2/files-2.1/org.apache.hadoop/hadoop-yarn-server-tests/2.7.1.2.4.0.0-169/299859cb47bd381c72f80aecbe0acda58e2bea93/hadoop-yarn-server-tests-2.7.1.2.4.0.0-169-tests.jar
7f8cfe30a000-7f8cfe312000 r--s 0007b000 00:12 1510474                    /home/mrblati/.gradle/caches/modules-2/files-2.1/com.google.protobuf/protobuf-java/2.5.0/a10732c76bfacdbd633a7eb0f7968b1059a65dfa/protobuf-java-2.5.0.jar
7f8cfe312000-7f8cfe315000 r--s 00016000 00:12 1589337                    /home/mrblati/.gradle/caches/modules-2/files-2.1/org.eclipse.jetty/jetty-io/9.1.5.v20140505/6a509d6bb87ecd5d86d799fd4a3e75a61f0c6ee6/jetty-io-9.1.5.v20140505.jar
7f8cfe315000-7f8cfe318000 r--s 00017000 00:12 1589334                    /home/mrblati/.gradle/caches/modules-2/files-2.1/org.eclipse.jetty/jetty-http/9.1.5.v20140505/a2458ef5c368dd4027d64beed1e5e1b2c1cbebc7/jetty-http-9.1.5.v20140505.jar
7f8cfe318000-7f8cfe31e000 r--s 0004e000 00:12 1589331                    /home/mrblati/.gradle/caches/modules-2/files-2.1/org.eclipse.jetty/jetty-util/9.1.5.v20140505/9d2a23b732c015cc568ec725564543230ee6a7ec/jetty-util-9.1.5.v20140505.jar
7f8cfe31e000-7f8cfe321000 r--s 00019000 00:12 1589328                    /home/mrblati/.gradle/caches/modules-2/files-2.1/org.eclipse.jetty/jetty-servlet/9.1.5.v20140505/7465c90bd6ed51668f624f6328c2a0bee6be2d45/jetty-servlet-9.1.5.v20140505.jar
7f8cfe321000-7f8cfe327000 r--s 0005d000 00:12 1589325                    /home/mrblati/.gradle/caches/modules-2/files-2.1/org.eclipse.jetty/jetty-server/9.1.5.v20140505/73c06d9399cf17b52b3d75def3d1d36638dcd607/jetty-server-9.1.5.v20140505.jar
7f8cfe327000-7f8cfe32a000 r--s 00015000 00:12 1589322                    /home/mrblati/.gradle/caches/modules-2/files-2.1/org.eclipse.jetty/jetty-security/9.1.5.v20140505/7e228ab14f0b3f12780144bc01b1b81c42c84df9/jetty-security-9.1.5.v20140505.jar
7f8cfe32a000-7f8cfe32e000 r--s 0003d000 00:12 1589319                    /home/mrblati/.gradle/caches/modules-2/files-2.1/org.apache.accumulo/accumulo-shell/1.7.0.2.4.0.0-169/ebaf3ed140c02e37870fccae076c200bb7c0a76c/accumulo-shell-1.7.0.2.4.0.0-169.jar
7f8cfe32e000-7f8cfe331000 r--s 00015000 00:12 1589316                    /home/mrblati/.gradle/caches/modules-2/files-2.1/javax.servlet/javax.servlet-api/3.1.0/3cd63d075497751784b2fa84be59432f4905bf7c/javax.servlet-api-3.1.0.jar
7f8cfe331000-7f8cfe336000 r--s 00032000 00:12 1510456                    /home/mrblati/.gradle/caches/modules-2/files-2.1/com.twitter/chill_2.10/0.7.4/9cc9031c9070171da0cbd8a3037656ef70bd65eb/chill_2.10-0.7.4.jar
7f8cfe336000-7f8cfe337000 r--s 00003000 00:12 1510453                    /home/mrblati/.gradle/caches/modules-2/files-2.1/io.dropwizard.metrics/metrics-json/3.1.0/47b1c72af77ca81771422269b807ef6198392741/metrics-json-3.1.0.jar
7f8cfe337000-7f8cfe339000 r--s 00007000 00:12 1510450                    /home/mrblati/.gradle/caches/modules-2/files-2.1/io.dropwizard.metrics/metrics-jvm/3.1.0/56b1ed0c306cc938515d3e321b59f4f836f6892a/metrics-jvm-3.1.0.jar
7f8cfe339000-7f8cfe33d000 r--s 00018000 00:12 1510447                    /home/mrblati/.gradle/caches/modules-2/files-2.1/io.dropwizard.metrics/metrics-core/3.1.0/40e16d596ca49964a88bbce2261e387895b3499e/metrics-core-3.1.0.jar
7f8cfe33d000-7f8cfe341000 r--s 0001b000 00:12 1510444                    /home/mrblati/.gradle/caches/modules-2/files-2.1/com.github.scopt/scopt_2.10/3.2.0/46c4d16a8691f31a80d70237f18de74995d917c8/scopt_2.10-3.2.0.jar
7f8cfe341000-7f8cfe342000 r--s 00001000 00:12 1510441                    /home/mrblati/.gradle/caches/modules-2/files-2.1/org.clapper/grizzled-slf4j_2.10/1.0.2/a996fb026bba0b470d29b251c9f6d482d6d8ecec/grizzled-slf4j_2.10-1.0.2.jar
7f8cfe342000-7f8cfe343000 r--s 00003000 00:12 1510438                    /home/mrblati/.gradle/caches/modules-2/files-2.1/com.typesafe.akka/akka-slf4j_2.10/2.3.7/ac3ca6d382ced97a8797bc2e47c89880eee7884b/akka-slf4j_2.10-2.3.7.jar
7f8cfe343000-7f8cfe358000 r--s 00134000 00:12 1510435                    /home/mrblati/.gradle/caches/modules-2/files-2.1/com.typesafe.akka/akka-remote_2.10/2.3.7/d5603ae49eefde410f5e75f41b4f60bee61b7bfd/akka-remote_2.10-2.3.7.jar
7f8cfe358000-7f8cfe37d000 r--s 00253000 00:12 1510432                    /home/mrblati/.gradle/caches/modules-2/files-2.1/com.typesafe.akka/akka-actor_2.10/2.3.7/b20f18109689918f05238deea29e681946d30ef7/akka-actor_2.10-2.3.7.jar
7f8cfe37d000-7f8cfe387000 r--s 000a5000 00:12 1510429                    /home/mrblati/.gradle/caches/modules-2/files-2.1/org.javassist/javassist/3.18.2-GA/1180a90fbad732b60fb728a6bbe8fcb3151423d7/javassist-3.18.2-GA.jar
7f8cfe387000-7f8cfe3a7000 r--s 001ba000 00:12 1510426                    /home/mrblati/.gradle/caches/modules-2/files-2.1/io.netty/netty-all/4.0.27.Final/3356bba317ac7875014930344bb6e4a592e72e61/netty-all-4.0.27.Final.jar
7f8cfe3a7000-7f8cfe3cf000 rw-p 00000000 00:00 0 
7f8cfe3cf000-7f8cfe4f4000 r--s 01055000 00:12 1510309                    /home/mrblati/.gradle/caches/modules-2/files-2.1/org.apache.flink/flink-shaded-hadoop2/1.0.0/ec937bdfb4d34247c16c81cd9780f80b9b2727af/flink-shaded-hadoop2-1.0.0.jar
7f8cfe4f4000-7f8cfe4fc000 r--s 00060000 00:12 1510363                    /home/mrblati/.gradle/caches/modules-2/files-2.1/org.apache.avro/avro/1.7.6/2b02bff72cffe2c52d336ccbb9cfe8d0fc59be7e/avro-1.7.6.jar
7f8cfe4fc000-7f8cfe502000 r--s 0004d000 00:12 1510360                    /home/mrblati/.gradle/caches/modules-2/files-2.1/com.esotericsoftware.kryo/kryo/2.24.0/c6b206e80cfd97e66a1364003724491c757b92f/kryo-2.24.0.jar
7f8cfe502000-7f8cfe503000 r--s 00002000 00:12 1510357                    /home/mrblati/.gradle/caches/modules-2/files-2.1/org.apache.flink/flink-annotations/1.0.0/bf4ad9ba82052bb642be1c9e3bf313081534817a/flink-annotations-1.0.0.jar
7f8cfe503000-7f8cfe505000 r--s 00003000 00:12 1510354                    /home/mrblati/.gradle/caches/modules-2/files-2.1/org.apache.hadoop/hadoop-annotations/2.7.1.2.4.0.0-169/d26d25a7e19f8f47ad08b41506d9cde783afbc11/hadoop-annotations-2.7.1.2.4.0.0-169.jar
7f8cfe505000-7f8cfe51c000 r--s 00160000 00:12 1589292                    /home/mrblati/.gradle/caches/modules-2/files-2.1/org.apache.hadoop/hadoop-mapreduce-client-jobclient/2.7.1.2.4.0.0-169/edf923397a840b58594831098d9d9753411d537d/hadoop-mapreduce-client-jobclient-2.7.1.2.4.0.0-169-tests.jar
7f8cfe51c000-7f8cfe51e000 r--s 00008000 00:12 1510351                    /home/mrblati/.gradle/caches/modules-2/files-2.1/org.apache.hadoop/hadoop-mapreduce-client-jobclient/2.7.1.2.4.0.0-169/63df0ab69b6d2ede77c497db87d1c39796ae6f04/hadoop-mapreduce-client-jobclient-2.7.1.2.4.0.0-169.jar
7f8cfe51e000-7f8cfe537000 r--s 0015e000 00:12 1510348                    /home/mrblati/.gradle/caches/modules-2/files-2.1/org.apache.hadoop/hadoop-mapreduce-client-core/2.7.1.2.4.0.0-169/61dd1bb75991364f3f78c51d358e3ab3ae8097b1/hadoop-mapreduce-client-core-2.7.1.2.4.0.0-169.jar
7f8cfe537000-7f8cfe555000 r--s 001e5000 00:12 1510345                    /home/mrblati/.gradle/caches/modules-2/files-2.1/org.apache.hadoop/hadoop-yarn-api/2.7.1.2.4.0.0-169/3352865b8e5b584a40e2ee572cb0a0c6f398611c/hadoop-yarn-api-2.7.1.2.4.0.0-169.jar
7f8cfe555000-7f8cfe55f000 r--s 00074000 00:12 1510342                    /home/mrblati/.gradle/caches/modules-2/files-2.1/org.apache.hadoop/hadoop-mapreduce-client-app/2.7.1.2.4.0.0-169/d7a24f2cfd08699afe7160826e23a075370ed107/hadoop-mapreduce-client-app-2.7.1.2.4.0.0-169.jar
7f8cfe55f000-7f8cfe583000 r--s 00311000 00:12 1589289                    /home/mrblati/.gradle/caches/modules-2/files-2.1/org.apache.hadoop/hadoop-hdfs/2.7.1.2.4.0.0-169/6d30c87e5a98c1884e733569f1a47fe8d87fd2b0/hadoop-hdfs-2.7.1.2.4.0.0-169-tests.jar
7f8cfe583000-7f8cfe5ee000 r--s 00786000 00:12 1510339                    /home/mrblati/.gradle/caches/modules-2/files-2.1/org.apache.hadoop/hadoop-hdfs/2.7.1.2.4.0.0-169/d6658485dbe2b061e1f54d57d4362ade6949b646/hadoop-hdfs-2.7.1.2.4.0.0-169.jar
7f8cfe5ee000-7f8cfe60b000 r--s 001b4000 00:12 1589286                    /home/mrblati/.gradle/caches/modules-2/files-2.1/org.apache.hadoop/hadoop-common/2.7.1.2.4.0.0-169/39b3205ccb8eea9e9e78fc8b71f2ce0010847629/hadoop-common-2.7.1.2.4.0.0-169-tests.jar
7f8cfe60b000-7f8cfe642000 r--s 00319000 00:12 1510336                    /home/mrblati/.gradle/caches/modules-2/files-2.1/org.apache.hadoop/hadoop-common/2.7.1.2.4.0.0-169/92996f543e4e968c37f36b1e9f3c3f0032e96ea7/hadoop-common-2.7.1.2.4.0.0-169.jar
7f8cfe642000-7f8cfe645000 r--s 0000f000 00:12 1510333                    /home/mrblati/.gradle/caches/modules-2/files-2.1/org.apache.maven.scm/maven-scm-provider-svnexe/1.4/b3213b40157b701ba079b738baac391e41418c18/maven-scm-provider-svnexe-1.4.jar
7f8cfe645000-7f8cfe649000 r--s 00014000 00:12 1510330                    /home/mrblati/.gradle/caches/modules-2/files-2.1/org.apache.maven.scm/maven-scm-api/1.4/e294693ce217bd6f470b728127854e6ca787fd29/maven-scm-api-1.4.jar
7f8cfe649000-7f8cfe64a000 r--s 00000000 00:12 1589313                    /home/mrblati/.gradle/caches/modules-2/files-2.1/org.apache.hadoop/hadoop-minicluster/2.7.1.2.4.0.0-169/cd8d35537a69e09c8a1d141d1bba8f3b64f7a86e/hadoop-minicluster-2.7.1.2.4.0.0-169.jar
7f8cfe64a000-7f8cfe651000 r--s 0006f000 00:12 1589310                    /home/mrblati/.gradle/caches/modules-2/files-2.1/org.apache.accumulo/accumulo-tserver/1.7.0.2.4.0.0-169/f65d6ef94a40966d281d7e694f273eef872e3365/accumulo-tserver-1.7.0.2.4.0.0-169.jar
7f8cfe651000-7f8cfe654000 r--s 00020000 00:12 1589307                    /home/mrblati/.gradle/caches/modules-2/files-2.1/org.apache.accumulo/accumulo-tracer/1.7.0.2.4.0.0-169/7132506395ca2509e61b58aca9ccb67ece0076af/accumulo-tracer-1.7.0.2.4.0.0-169.jar
7f8cfe654000-7f8cfe65f000 r--s 0009a000 00:12 1589304                    /home/mrblati/.gradle/caches/modules-2/files-2.1/org.apache.accumulo/accumulo-server-base/1.7.0.2.4.0.0-169/ad51e7486441055e86082925de41a50a025725ff/accumulo-server-base-1.7.0.2.4.0.0-169.jar
7f8cfe65f000-7f8cfe663000 r--s 00059000 00:12 1589301                    /home/mrblati/.gradle/caches/modules-2/files-2.1/org.apache.accumulo/accumulo-monitor/1.7.0.2.4.0.0-169/61e80783f6dffe0835ff59734603d3d8cdc442b4/accumulo-monitor-1.7.0.2.4.0.0-169.jar
7f8cfe663000-7f8cfe667000 r--s 00042000 00:12 1589298                    /home/mrblati/.gradle/caches/modules-2/files-2.1/org.apache.accumulo/accumulo-master/1.7.0.2.4.0.0-169/aa8719491283e3c5cacf8ca2e8d97e104db916f0/accumulo-master-1.7.0.2.4.0.0-169.jar
7f8cfe667000-7f8cfe669000 r--s 0000d000 00:12 1589295                    /home/mrblati/.gradle/caches/modules-2/files-2.1/org.apache.accumulo/accumulo-gc/1.7.0.2.4.0.0-169/eb3d9df675bcc5cc768ed1706c36e12b45045765/accumulo-gc-1.7.0.2.4.0.0-169.jar
7f8cfe669000-7f8cfe66b000 r--s 00009000 00:12 1507336                    /home/mrblati/.gradle/caches/modules-2/files-2.1/org.hamcrest/hamcrest-core/1.3/42a25dc3219429f0e5d060061f71acb49bf010a0/hamcrest-core-1.3.jar
7f8cfe66b000-7f8cfe672000 r--s 00049000 00:12 1533599                    /home/mrblati/.gradle/caches/modules-2/files-2.1/org.apache.httpcomponents/httpcore/4.4.4/b31526a230871fbe285fbcbe2813f9c0839ae9b0/httpcore-4.4.4.jar
7f8cfe672000-7f8cfe674000 r--s 00009000 00:12 1510327                    /home/mrblati/.gradle/caches/modules-2/files-2.1/commons-cli/commons-cli/1.2/2bf96b7aa8b611c177d329452af1dc933e14501c/commons-cli-1.2.jar
7f8cfe674000-7f8cfe6b6000 r--s 002b2000 00:12 1510266                    /home/mrblati/.gradle/caches/modules-2/files-2.1/org.apache.flink/flink-java/1.0.0/7c03605642aa0bf75bd3bf58f7753aa2f58d9b7d/flink-java-1.0.0.jar
7f8cfe6b6000-7f8cfe6f0000 r--s 00265000 00:12 1510324                    /home/mrblati/.gradle/caches/modules-2/files-2.1/org.apache.flink/flink-optimizer_2.10/1.0.0/638cb83da6408fcc03ea8117053775e6d8a07ca/flink-optimizer_2.10-1.0.0.jar
7f8cfe6f0000-7f8cfe6f1000 r--s 00001000 00:12 1510318                    /home/mrblati/.gradle/caches/modules-2/files-2.1/org.apache.flink/force-shading/1.0.0/476785c9014fbf68114eea410ea2ec35758aa686/force-shading-1.0.0.jar
7f8cfe6f1000-7f8cfe6f8000 r--s 0005e000 00:12 1510315                    /home/mrblati/.gradle/caches/modules-2/files-2.1/org.apache.commons/commons-lang3/3.3.2/90a3822c38ec8c996e84c16a3477ef632cbc87a3/commons-lang3-3.3.2.jar
7f8cfe6f8000-7f8cfe71c000 r--s 001ce000 00:12 1510312                    /home/mrblati/.gradle/caches/modules-2/files-2.1/org.apache.commons/commons-math3/3.5/13af68e9a11576953f5c4b09436f8207be9d3a27/commons-math3-3.5.jar
7f8cfe71c000-7f8cfe71e000 r--s 0000a000 00:12 1533596                    /home/mrblati/.gradle/caches/modules-2/files-2.1/org.apache.sling/org.apache.sling.commons.json/2.0.6/77c543d494f4f767b949c4c37bc6d3168f3326a3/org.apache.sling.commons.json-2.0.6.jar
7f8cfe71e000-7f8cfe792000 r--s 004ba000 00:12 1510321                    /home/mrblati/.gradle/caches/modules-2/files-2.1/org.apache.flink/flink-runtime_2.10/1.0.0/289f9c14d8555a37f21e5b8ffe1a7c3c12a1adcd/flink-runtime_2.10-1.0.0.jar
7f8cfe792000-7f8cfe7d6000 r--s 002d5000 00:12 1510305                    /home/mrblati/.gradle/caches/modules-2/files-2.1/org.apache.flink/flink-core/1.0.0/f19904b5ac1fbe4c245d1c3d8fb6dd577b3b926b/flink-core-1.0.0.jar
7f8cfe7d6000-7f8cfe7db000 r--s 00030000 00:12 1510299                    /home/mrblati/.gradle/caches/modules-2/files-2.1/org.apache.thrift/libthrift/0.9.1/16c9cccf08caa385b5fc93934cb3216fe6ac6a72/libthrift-0.9.1.jar
7f8cfe7db000-7f8cfe7f4000 r--s 00150000 00:12 1510296                    /home/mrblati/.gradle/caches/modules-2/files-2.1/org.apache.htrace/htrace-core/3.1.0-incubating/f73606e7c9ede5802335c290bf47490ad6d51df3/htrace-core-3.1.0-incubating.jar
7f8cfe7f4000-7f8cfe7fd000 r--s 0005d000 00:12 1510290                    /home/mrblati/.gradle/caches/modules-2/files-2.1/org.apache.commons/commons-vfs2/2.0/b5af3b9c96b060d77c68fa5ac9384b402dd58013/commons-vfs2-2.0.jar
7f8cfe7fd000-7f8cfe7ff000 r--s 0000e000 00:12 1510284                    /home/mrblati/.gradle/caches/modules-2/files-2.1/org.apache.accumulo/accumulo-start/1.7.0.2.4.0.0-169/c191b77dd3806b4e12b8e6afb3573a3ffb0247ca/accumulo-start-1.7.0.2.4.0.0-169.jar
7f8cfe7ff000-7f8cfe802000 r--s 00019000 00:12 1510281                    /home/mrblati/.gradle/caches/modules-2/files-2.1/org.apache.accumulo/accumulo-fate/1.7.0.2.4.0.0-169/3aa65dcfd0dd8a1aa53d45070af55cc590c965f4/accumulo-fate-1.7.0.2.4.0.0-169.jar
7f8cfe802000-7f8cfe808000 r--s 00036000 00:12 1507330                    /home/mrblati/.gradle/caches/modules-2/files-2.1/junit/junit/4.11/4e031bb61df09069aeb2bffb4019e7a5034a4ee0/junit-4.11.jar
7f8cfe808000-7f8cfe815000 r--s 000a7000 00:12 1533593                    /home/mrblati/.gradle/caches/modules-2/files-2.1/org.apache.httpcomponents/httpclient/4.5.2/733db77aa8d9b2d68015189df76ab06304406e50/httpclient-4.5.2.jar
7f8cfe815000-7f8cfe84b000 r--s 00224000 00:12 1533590                    /home/mrblati/.gradle/caches/modules-2/files-2.1/org.apache.flink/flink-connector-twitter_2.10/1.0.0/c0b721501e8d40ebacebdd3e242d800d99f54e06/flink-connector-twitter_2.10-1.0.0.jar
7f8cfe84b000-7f8cfe882000 r--s 00225000 00:12 1510269                    /home/mrblati/.gradle/caches/modules-2/files-2.1/org.apache.flink/flink-clients_2.10/1.0.0/6f666dcfa3d1df29709a713ec3e08ae240b399ce/flink-clients_2.10-1.0.0.jar
7f8cfe882000-7f8cfe8c1000 r--s 00288000 00:12 1533587                    /home/mrblati/.gradle/caches/modules-2/files-2.1/org.apache.flink/flink-streaming-java_2.10/1.0.0/41273a5b5fd8e79aca39fc7efb2a63d5d29d3e76/flink-streaming-java_2.10-1.0.0.jar
7f8cfe8c1000-7f8cfe8d7000 r-xp 00000000 00:12 1527328                    /usr/lib/jvm/java-8-openjdk/jre/lib/amd64/libnet.so
7f8cfe8d7000-7f8cfead7000 ---p 00016000 00:12 1527328                    /usr/lib/jvm/java-8-openjdk/jre/lib/amd64/libnet.so
7f8cfead7000-7f8cfead8000 rw-p 00016000 00:12 1527328                    /usr/lib/jvm/java-8-openjdk/jre/lib/amd64/libnet.so
7f8cfead8000-7f8cfeadb000 ---p 00000000 00:00 0 
7f8cfeadb000-7f8cfebd9000 rw-p 00000000 00:00 0 
7f8cfebd9000-7f8cfebda000 ---p 00000000 00:00 0 
7f8cfebda000-7f8cfecda000 rw-p 00000000 00:00 0 
7f8cfecda000-7f8cfecdd000 ---p 00000000 00:00 0 
7f8cfecdd000-7f8cfeddb000 rw-p 00000000 00:00 0 
7f8cfeddb000-7f8cfedde000 ---p 00000000 00:00 0 
7f8cfedde000-7f8cfeedc000 rw-p 00000000 00:00 0 
7f8cfeedc000-7f8cfeedf000 ---p 00000000 00:00 0 
7f8cfeedf000-7f8cfefdd000 rw-p 00000000 00:00 0 
7f8cfefdd000-7f8cfefe0000 ---p 00000000 00:00 0 
7f8cfefe0000-7f8cff0de000 rw-p 00000000 00:00 0 
7f8cff0de000-7f8cff0e1000 ---p 00000000 00:00 0 
7f8cff0e1000-7f8cff1df000 rw-p 00000000 00:00 0 
7f8cff1df000-7f8cff4f5000 r--p 00000000 00:12 1709414                    /usr/lib/locale/locale-archive
7f8cff4f5000-7f8cff4f8000 ---p 00000000 00:00 0 
7f8cff4f8000-7f8cff5f6000 rw-p 00000000 00:00 0 
7f8cff5f6000-7f8cff5f9000 ---p 00000000 00:00 0 
7f8cff5f9000-7f8cff6f7000 rw-p 00000000 00:00 0 
7f8cff6f7000-7f8cff6f8000 ---p 00000000 00:00 0 
7f8cff6f8000-7f8d00000000 rw-p 00000000 00:00 0 
7f8d00000000-7f8d00021000 rw-p 00000000 00:00 0 
7f8d00021000-7f8d04000000 ---p 00000000 00:00 0 
7f8d04000000-7f8d04021000 rw-p 00000000 00:00 0 
7f8d04021000-7f8d08000000 ---p 00000000 00:00 0 
7f8d08000000-7f8d0802d000 rw-p 00000000 00:00 0 
7f8d0802d000-7f8d0c000000 ---p 00000000 00:00 0 
7f8d0c000000-7f8d0c02c000 r--s 00208000 00:12 1510263                    /home/mrblati/.gradle/caches/modules-2/files-2.1/com.google.guava/guava/19.0/6ce200f6b23222af3d8abb6b6459e6c44f4bb0e9/guava-19.0.jar
7f8d0c02c000-7f8d0c086000 r--s 00458000 00:12 1510260                    /home/mrblati/.gradle/caches/modules-2/files-2.1/org.apache.accumulo/accumulo-core/1.7.0.2.4.0.0-169/4f6d7c41bb075a72aeb9a0d8cb9e1c5ca2a90157/accumulo-core-1.7.0.2.4.0.0-169.jar
7f8d0c086000-7f8d0d000000 rw-p 00000000 00:00 0 
7f8d0d000000-7f8d0d620000 rwxp 00000000 00:00 0 
7f8d0d620000-7f8d1c000000 ---p 00000000 00:00 0 
7f8d1c000000-7f8d1d4d6000 rw-p 00000000 00:00 0 
7f8d1d4d6000-7f8d20000000 ---p 00000000 00:00 0 
7f8d20000000-7f8d20001000 r--s 00000000 00:12 1510293                    /home/mrblati/.gradle/caches/modules-2/files-2.1/org.apache.hadoop/hadoop-client/2.7.1.2.4.0.0-169/83c775f69b705f531cdcc8b58ac96e6ca83ee181/hadoop-client-2.7.1.2.4.0.0-169.jar
7f8d20001000-7f8d20005000 r--s 0002a000 00:12 1510275                    /home/mrblati/.gradle/caches/modules-2/files-2.1/commons-io/commons-io/2.4/b1b6ea3b7e4aa4f492509a4952029cd8e48019ad/commons-io-2.4.jar
7f8d20005000-7f8d20018000 r--s 00345000 00:12 1527268                    /usr/lib/jvm/java-8-openjdk/jre/lib/resources.jar
7f8d20018000-7f8d20086000 rw-p 00000000 00:00 0 
7f8d20086000-7f8d20253000 r--s 03bec000 00:12 1527269                    /usr/lib/jvm/java-8-openjdk/jre/lib/rt.jar
7f8d20253000-7f8d22265000 rw-p 00000000 00:00 0 
7f8d22265000-7f8d22266000 ---p 00000000 00:00 0 
7f8d22266000-7f8d22366000 rw-p 00000000 00:00 0 
7f8d22366000-7f8d22367000 ---p 00000000 00:00 0 
7f8d22367000-7f8d22467000 rw-p 00000000 00:00 0 
7f8d22467000-7f8d22468000 ---p 00000000 00:00 0 
7f8d22468000-7f8d22568000 rw-p 00000000 00:00 0 
7f8d22568000-7f8d22569000 ---p 00000000 00:00 0 
7f8d22569000-7f8d226de000 rw-p 00000000 00:00 0 
7f8d226de000-7f8d227a7000 ---p 00000000 00:00 0 
7f8d227a7000-7f8d2281c000 rw-p 00000000 00:00 0 
7f8d2281c000-7f8d228e4000 ---p 00000000 00:00 0 
7f8d228e4000-7f8d22983000 rw-p 00000000 00:00 0 
7f8d22983000-7f8d2299d000 rw-p 00000000 00:00 0 
7f8d2299d000-7f8d22d44000 ---p 00000000 00:00 0 
7f8d22d44000-7f8d22d4c000 r-xp 00000000 00:12 1527326                    /usr/lib/jvm/java-8-openjdk/jre/lib/amd64/libzip.so
7f8d22d4c000-7f8d22f4b000 ---p 00008000 00:12 1527326                    /usr/lib/jvm/java-8-openjdk/jre/lib/amd64/libzip.so
7f8d22f4b000-7f8d22f4c000 rw-p 00007000 00:12 1527326                    /usr/lib/jvm/java-8-openjdk/jre/lib/amd64/libzip.so
7f8d22f4c000-7f8d22f57000 r-xp 00000000 00:12 1709141                    /usr/lib/libnss_files-2.23.so
7f8d22f57000-7f8d23156000 ---p 0000b000 00:12 1709141                    /usr/lib/libnss_files-2.23.so
7f8d23156000-7f8d23157000 r--p 0000a000 00:12 1709141                    /usr/lib/libnss_files-2.23.so
7f8d23157000-7f8d23158000 rw-p 0000b000 00:12 1709141                    /usr/lib/libnss_files-2.23.so
7f8d23158000-7f8d2315e000 rw-p 00000000 00:00 0 
7f8d2315e000-7f8d2318a000 r-xp 00000000 00:12 1527325                    /usr/lib/jvm/java-8-openjdk/jre/lib/amd64/libjava.so
7f8d2318a000-7f8d2338a000 ---p 0002c000 00:12 1527325                    /usr/lib/jvm/java-8-openjdk/jre/lib/amd64/libjava.so
7f8d2338a000-7f8d2338c000 rw-p 0002c000 00:12 1527325                    /usr/lib/jvm/java-8-openjdk/jre/lib/amd64/libjava.so
7f8d2338c000-7f8d23399000 r-xp 00000000 00:12 1527318                    /usr/lib/jvm/java-8-openjdk/jre/lib/amd64/libverify.so
7f8d23399000-7f8d23598000 ---p 0000d000 00:12 1527318                    /usr/lib/jvm/java-8-openjdk/jre/lib/amd64/libverify.so
7f8d23598000-7f8d2359a000 rw-p 0000c000 00:12 1527318                    /usr/lib/jvm/java-8-openjdk/jre/lib/amd64/libverify.so
7f8d2359a000-7f8d235a1000 r-xp 00000000 00:12 1709149                    /usr/lib/librt-2.23.so
7f8d235a1000-7f8d237a0000 ---p 00007000 00:12 1709149                    /usr/lib/librt-2.23.so
7f8d237a0000-7f8d237a1000 r--p 00006000 00:12 1709149                    /usr/lib/librt-2.23.so
7f8d237a1000-7f8d237a2000 rw-p 00007000 00:12 1709149                    /usr/lib/librt-2.23.so
7f8d237a2000-7f8d238a5000 r-xp 00000000 00:12 1709146                    /usr/lib/libm-2.23.so
7f8d238a5000-7f8d23aa4000 ---p 00103000 00:12 1709146                    /usr/lib/libm-2.23.so
7f8d23aa4000-7f8d23aa5000 r--p 00102000 00:12 1709146                    /usr/lib/libm-2.23.so
7f8d23aa5000-7f8d23aa6000 rw-p 00103000 00:12 1709146                    /usr/lib/libm-2.23.so
7f8d23aa6000-7f8d246fb000 r-xp 00000000 00:12 1527349                    /usr/lib/jvm/java-8-openjdk/jre/lib/amd64/server/libjvm.so
7f8d246fb000-7f8d248fb000 ---p 00c55000 00:12 1527349                    /usr/lib/jvm/java-8-openjdk/jre/lib/amd64/server/libjvm.so
7f8d248fb000-7f8d249b7000 rw-p 00c55000 00:12 1527349                    /usr/lib/jvm/java-8-openjdk/jre/lib/amd64/server/libjvm.so
7f8d249b7000-7f8d249e7000 rw-p 00000000 00:00 0 
7f8d249e7000-7f8d24b7e000 r-xp 00000000 00:12 1709092                    /usr/lib/libc-2.23.so
7f8d24b7e000-7f8d24d7e000 ---p 00197000 00:12 1709092                    /usr/lib/libc-2.23.so
7f8d24d7e000-7f8d24d82000 r--p 00197000 00:12 1709092                    /usr/lib/libc-2.23.so
7f8d24d82000-7f8d24d84000 rw-p 0019b000 00:12 1709092                    /usr/lib/libc-2.23.so
7f8d24d84000-7f8d24d88000 rw-p 00000000 00:00 0 
7f8d24d88000-7f8d24d8a000 r-xp 00000000 00:12 1709145                    /usr/lib/libdl-2.23.so
7f8d24d8a000-7f8d24f8a000 ---p 00002000 00:12 1709145                    /usr/lib/libdl-2.23.so
7f8d24f8a000-7f8d24f8b000 r--p 00002000 00:12 1709145                    /usr/lib/libdl-2.23.so
7f8d24f8b000-7f8d24f8c000 rw-p 00003000 00:12 1709145                    /usr/lib/libdl-2.23.so
7f8d24f8c000-7f8d24f99000 r-xp 00000000 00:12 1527346                    /usr/lib/jvm/java-8-openjdk/jre/lib/amd64/jli/libjli.so
7f8d24f99000-7f8d25198000 ---p 0000d000 00:12 1527346                    /usr/lib/jvm/java-8-openjdk/jre/lib/amd64/jli/libjli.so
7f8d25198000-7f8d25199000 rw-p 0000c000 00:12 1527346                    /usr/lib/jvm/java-8-openjdk/jre/lib/amd64/jli/libjli.so
7f8d25199000-7f8d251ae000 r-xp 00000000 00:12 7053                       /usr/lib/libz.so.1.2.8
7f8d251ae000-7f8d253ad000 ---p 00015000 00:12 7053                       /usr/lib/libz.so.1.2.8
7f8d253ad000-7f8d253ae000 r--p 00014000 00:12 7053                       /usr/lib/libz.so.1.2.8
7f8d253ae000-7f8d253af000 rw-p 00015000 00:12 7053                       /usr/lib/libz.so.1.2.8
7f8d253af000-7f8d253c7000 r-xp 00000000 00:12 1709073                    /usr/lib/libpthread-2.23.so
7f8d253c7000-7f8d255c6000 ---p 00018000 00:12 1709073                    /usr/lib/libpthread-2.23.so
7f8d255c6000-7f8d255c7000 r--p 00017000 00:12 1709073                    /usr/lib/libpthread-2.23.so
7f8d255c7000-7f8d255c8000 rw-p 00018000 00:12 1709073                    /usr/lib/libpthread-2.23.so
7f8d255c8000-7f8d255cc000 rw-p 00000000 00:00 0 
7f8d255cc000-7f8d255ef000 r-xp 00000000 00:12 1709091                    /usr/lib/ld-2.23.so
7f8d255ef000-7f8d255f2000 r--s 00030000 00:12 1510278                    /home/mrblati/.gradle/caches/modules-2/files-2.1/jline/jline/2.11/9504d5e2da5d78237239c5226e8200ec21182040/jline-2.11.jar
7f8d255f2000-7f8d256b7000 rw-p 00000000 00:00 0 
7f8d256b7000-7f8d256ba000 ---p 00000000 00:00 0 
7f8d256ba000-7f8d257bc000 rw-p 00000000 00:00 0 
7f8d257bc000-7f8d257be000 r--s 0000d000 00:12 1510272                    /home/mrblati/.gradle/caches/modules-2/files-2.1/com.beust/jcommander/1.32/d85d7f3b1895c02065b5f96cd02e514dd233a1aa/jcommander-1.32.jar
7f8d257be000-7f8d257c0000 r--s 00013000 00:12 1589283                    /home/mrblati/.gradle/caches/modules-2/files-2.1/org.apache.accumulo/accumulo-minicluster/1.7.0.2.4.0.0-169/97d04dc25388118e3cd9010795d2f52eb3096cdd/accumulo-minicluster-1.7.0.2.4.0.0-169.jar
7f8d257c0000-7f8d257c1000 r--s 00000000 00:12 1527264                    /usr/lib/jvm/java-8-openjdk/jre/lib/management-agent.jar
7f8d257c1000-7f8d257c5000 r--s 00097000 00:12 1527267                    /usr/lib/jvm/java-8-openjdk/jre/lib/jsse.jar
7f8d257c5000-7f8d257c8000 r--s 00015000 00:12 1527263                    /usr/lib/jvm/java-8-openjdk/jre/lib/jce.jar
7f8d257c8000-7f8d257cd000 r--s 002f9000 00:12 1527266                    /usr/lib/jvm/java-8-openjdk/jre/lib/charsets.jar
7f8d257cd000-7f8d257cf000 r--s 00023000 00:12 1736047                    /usr/share/intellijidea-ce/plugins/junit/lib/junit-rt.jar
7f8d257cf000-7f8d257d1000 r--s 0001e000 00:12 1736178                    /usr/share/intellijidea-ce/lib/idea_rt.jar
7f8d257d1000-7f8d257e4000 rw-p 00000000 00:00 0 
7f8d257e4000-7f8d257ec000 rw-s 00000000 00:24 169742                     /tmp/hsperfdata_mrblati/8582
7f8d257ec000-7f8d257ed000 rw-p 00000000 00:00 0 
7f8d257ed000-7f8d257ee000 ---p 00000000 00:00 0 
7f8d257ee000-7f8d257ef000 rw-p 00000000 00:00 0 
7f8d257ef000-7f8d257f0000 r--p 00023000 00:12 1709091                    /usr/lib/ld-2.23.so
7f8d257f0000-7f8d257f1000 rw-p 00024000 00:12 1709091                    /usr/lib/ld-2.23.so
7f8d257f1000-7f8d257f2000 rw-p 00000000 00:00 0 
7ffd1795a000-7ffd17982000 rw-p 00000000 00:00 0                          [stack]
7ffd17982000-7ffd17985000 r--p 00000000 00:00 0                          [vvar]
7ffd17985000-7ffd17987000 r-xp 00000000 00:00 0                          [vdso]
ffffffffff600000-ffffffffff601000 r-xp 00000000 00:00 0                  [vsyscall]

VM Arguments:
jvm_args: -ea -Didea.launcher.port=7539 -Didea.launcher.bin.path=/usr/share/intellijidea-ce/bin -Didea.junit.sm_runner -Dfile.encoding=UTF-8 
java_command: com.intellij.rt.execution.application.AppMain com.intellij.rt.execution.junit.JUnitStarter -ideVersion5 org.iidp.ostmap.batch_processing.areacalc.CalcTest
java_class_path (initial): /usr/share/intellijidea-ce/lib/idea_rt.jar:/usr/share/intellijidea-ce/plugins/junit/lib/junit-rt.jar:/usr/lib/jvm/java-8-openjdk/jre/lib/charsets.jar:/usr/lib/jvm/java-8-openjdk/jre/lib/ext/cldrdata.jar:/usr/lib/jvm/java-8-openjdk/jre/lib/ext/dnsns.jar:/usr/lib/jvm/java-8-openjdk/jre/lib/ext/jaccess.jar:/usr/lib/jvm/java-8-openjdk/jre/lib/ext/localedata.jar:/usr/lib/jvm/java-8-openjdk/jre/lib/ext/nashorn.jar:/usr/lib/jvm/java-8-openjdk/jre/lib/ext/sunec.jar:/usr/lib/jvm/java-8-openjdk/jre/lib/ext/sunjce_provider.jar:/usr/lib/jvm/java-8-openjdk/jre/lib/ext/sunpkcs11.jar:/usr/lib/jvm/java-8-openjdk/jre/lib/ext/zipfs.jar:/usr/lib/jvm/java-8-openjdk/jre/lib/jce.jar:/usr/lib/jvm/java-8-openjdk/jre/lib/jsse.jar:/usr/lib/jvm/java-8-openjdk/jre/lib/management-agent.jar:/usr/lib/jvm/java-8-openjdk/jre/lib/resources.jar:/usr/lib/jvm/java-8-openjdk/jre/lib/rt.jar:/data/repos/OSTMap/batch_processing/build/classes/test:/data/repos/OSTMap/batch_processing/build/classes/main:/data/repos/OSTMap/commons/build/classes/main:/home/mrblati/.gradle/caches/modules-2/files-2.1/org.apache.accumulo/accumulo-core/1.7.0.2.4.0.0-169/4f6d7c41bb075a72aeb9a0d8cb9e1c5ca2a90157/accumulo-core-1.7.0.2.4.0.0-169.jar:/home/mrblati/.gradle/caches/modules-2/files-2.1/com.google.guava/guava/19.0/6ce200f6b23222af3d8abb6b6459e6c44f4bb0e9/guava-19.0.jar:/home/mrblati/.gradle/caches/modules-2/files-2.1/org.apache.flink/flink-streaming-java_2.10/1.0.0/41273a5b5fd8e79aca39fc7efb2a63d5d29d3e76/flink-streaming-java_2.10-1.0.0.jar:/home/mrblati/.gradle/caches/modules-2/files-2.1/org.apache.flink/flink-clients_2.10/1.0.0/6f666dcfa3d1df29709a713ec3e08ae240b399ce/flink-clients_2.10-1.0.0.jar:/home/mrblati/.gradle/caches/modules-2/files-2.1/org.apache.flink/flink-connector-twitter_2.10/1.0.0/c0b721501e8d40ebacebdd3e242d800d99f54e06/flink-connector-twitter_2.10-1.0.0.jar:/home/mrblati/.gradle/caches/modules-2/files-2.1/org.apache.httpcomponents/httpclient/4.5.2/733db77aa8d9b2d68015189df76ab0
Launcher Type: SUN_STANDARD

Environment Variables:
PATH=/usr/local/sbin:/usr/local/bin:/usr/bin:/opt/android-sdk/platform-tools:/opt/android-sdk/tools:/usr/lib/jvm/default/bin:/usr/bin/site_perl:/usr/bin/vendor_perl:/usr/bin/core_perl
USERNAME=mrblati
LD_LIBRARY_PATH=.:
SHELL=/bin/bash
DISPLAY=:0

Signal Handlers:
SIGSEGV: [libjvm.so+0xa5a220], sa_mask[0]=11111111011111111101111111111110, sa_flags=SA_RESTART|SA_SIGINFO
SIGBUS: [libjvm.so+0xa5a220], sa_mask[0]=11111111011111111101111111111110, sa_flags=SA_RESTART|SA_SIGINFO
SIGFPE: [libjvm.so+0x8a5a90], sa_mask[0]=11111111011111111101111111111110, sa_flags=SA_RESTART|SA_SIGINFO
SIGPIPE: [libjvm.so+0x8a5a90], sa_mask[0]=11111111011111111101111111111110, sa_flags=SA_RESTART|SA_SIGINFO
SIGXFSZ: [libjvm.so+0x8a5a90], sa_mask[0]=11111111011111111101111111111110, sa_flags=SA_RESTART|SA_SIGINFO
SIGILL: [libjvm.so+0x8a5a90], sa_mask[0]=11111111011111111101111111111110, sa_flags=SA_RESTART|SA_SIGINFO
SIGUSR1: SIG_DFL, sa_mask[0]=00000000000000000000000000000000, sa_flags=none
SIGUSR2: [libjvm.so+0x8a5940], sa_mask[0]=00100000000000000000000000000000, sa_flags=SA_RESTART|SA_SIGINFO
SIGHUP: [libjvm.so+0x8a5e10], sa_mask[0]=11111111011111111101111111111110, sa_flags=SA_RESTART|SA_SIGINFO
SIGINT: [libjvm.so+0x8a5e10], sa_mask[0]=11111111011111111101111111111110, sa_flags=SA_RESTART|SA_SIGINFO
SIGTERM: [libjvm.so+0x8a5e10], sa_mask[0]=11111111011111111101111111111110, sa_flags=SA_RESTART|SA_SIGINFO
SIGQUIT: [libjvm.so+0x8a5e10], sa_mask[0]=11111111011111111101111111111110, sa_flags=SA_RESTART|SA_SIGINFO


---------------  S Y S T E M  ---------------

OS:NAME="Arch Linux"
ID=arch
PRETTY_NAME="Arch Linux"
ANSI_COLOR="0;36"
HOME_URL="https://www.archlinux.org/"
SUPPORT_URL="https://bbs.archlinux.org/"
BUG_REPORT_URL="https://bugs.archlinux.org/"


uname:Linux 4.5.4-1-ARCH #1 SMP PREEMPT Wed May 11 22:21:28 CEST 2016 x86_64
libc:glibc 2.23 NPTL 2.23 
rlimit: STACK 8192k, CORE infinity, NPROC 14403, NOFILE 4096, AS infinity
load average:2,31 1,90 1,33

/proc/meminfo:
MemTotal:        3893484 kB
MemFree:          117324 kB
MemAvailable:      24420 kB
Buffers:             160 kB
Cached:           291644 kB
SwapCached:            0 kB
Active:          3339788 kB
Inactive:         262612 kB
Active(anon):    3327552 kB
Inactive(anon):   251844 kB
Active(file):      12236 kB
Inactive(file):    10768 kB
Unevictable:           0 kB
Mlocked:               0 kB
SwapTotal:             0 kB
SwapFree:              0 kB
Dirty:               436 kB
Writeback:             0 kB
AnonPages:       3311416 kB
Mapped:            60204 kB
Shmem:            267948 kB
Slab:              75344 kB
SReclaimable:      35716 kB
SUnreclaim:        39628 kB
KernelStack:       14752 kB
PageTables:        35096 kB
NFS_Unstable:          0 kB
Bounce:                0 kB
WritebackTmp:          0 kB
CommitLimit:     1946740 kB
Committed_AS:    7581604 kB
VmallocTotal:   34359738367 kB
VmallocUsed:           0 kB
VmallocChunk:          0 kB
HardwareCorrupted:     0 kB
AnonHugePages:   1204224 kB
HugePages_Total:       0
HugePages_Free:        0
HugePages_Rsvd:        0
HugePages_Surp:        0
Hugepagesize:       2048 kB
DirectMap4k:       92472 kB
DirectMap2M:     3944448 kB


CPU:total 4 (2 cores per cpu, 2 threads per core) family 6 model 58 stepping 9, cmov, cx8, fxsr, mmx, sse, sse2, sse3, ssse3, sse4.1, sse4.2, popcnt, avx, clmul, erms, ht, tsc, tscinvbit, tscinv

/proc/cpuinfo:
processor	: 0
vendor_id	: GenuineIntel
cpu family	: 6
model		: 58
model name	: Intel(R) Core(TM) i5-3210M CPU @ 2.50GHz
stepping	: 9
microcode	: 0x12
cpu MHz		: 2899.902
cache size	: 3072 KB
physical id	: 0
siblings	: 4
core id		: 0
cpu cores	: 2
apicid		: 0
initial apicid	: 0
fpu		: yes
fpu_exception	: yes
cpuid level	: 13
wp		: yes
flags		: fpu vme de pse tsc msr pae mce cx8 apic sep mtrr pge mca cmov pat pse36 clflush dts acpi mmx fxsr sse sse2 ss ht tm pbe syscall nx rdtscp lm constant_tsc arch_perfmon pebs bts rep_good nopl xtopology nonstop_tsc aperfmperf eagerfpu pni pclmulqdq dtes64 monitor ds_cpl vmx est tm2 ssse3 cx16 xtpr pdcm pcid sse4_1 sse4_2 x2apic popcnt tsc_deadline_timer xsave avx f16c rdrand lahf_lm epb tpr_shadow vnmi flexpriority ept vpid fsgsbase smep erms xsaveopt dtherm ida arat pln pts
bugs		:
bogomips	: 4990.16
clflush size	: 64
cache_alignment	: 64
address sizes	: 36 bits physical, 48 bits virtual
power management:

processor	: 1
vendor_id	: GenuineIntel
cpu family	: 6
model		: 58
model name	: Intel(R) Core(TM) i5-3210M CPU @ 2.50GHz
stepping	: 9
microcode	: 0x12
cpu MHz		: 2906.054
cache size	: 3072 KB
physical id	: 0
siblings	: 4
core id		: 0
cpu cores	: 2
apicid		: 1
initial apicid	: 1
fpu		: yes
fpu_exception	: yes
cpuid level	: 13
wp		: yes
flags		: fpu vme de pse tsc msr pae mce cx8 apic sep mtrr pge mca cmov pat pse36 clflush dts acpi mmx fxsr sse sse2 ss ht tm pbe syscall nx rdtscp lm constant_tsc arch_perfmon pebs bts rep_good nopl xtopology nonstop_tsc aperfmperf eagerfpu pni pclmulqdq dtes64 monitor ds_cpl vmx est tm2 ssse3 cx16 xtpr pdcm pcid sse4_1 sse4_2 x2apic popcnt tsc_deadline_timer xsave avx f16c rdrand lahf_lm epb tpr_shadow vnmi flexpriority ept vpid fsgsbase smep erms xsaveopt dtherm ida arat pln pts
bugs		:
bogomips	: 4990.16
clflush size	: 64
cache_alignment	: 64
address sizes	: 36 bits physical, 48 bits virtual
power management:

processor	: 2
vendor_id	: GenuineIntel
cpu family	: 6
model		: 58
model name	: Intel(R) Core(TM) i5-3210M CPU @ 2.50GHz
stepping	: 9
microcode	: 0x12
cpu MHz		: 2900.000
cache size	: 3072 KB
physical id	: 0
siblings	: 4
core id		: 1
cpu cores	: 2
apicid		: 2
initial apicid	: 2
fpu		: yes
fpu_exception	: yes
cpuid level	: 13
wp		: yes
flags		: fpu vme de pse tsc msr pae mce cx8 apic sep mtrr pge mca cmov pat pse36 clflush dts acpi mmx fxsr sse sse2 ss ht tm pbe syscall nx rdtscp lm constant_tsc arch_perfmon pebs bts rep_good nopl xtopology nonstop_tsc aperfmperf eagerfpu pni pclmulqdq dtes64 monitor ds_cpl vmx est tm2 ssse3 cx16 xtpr pdcm pcid sse4_1 sse4_2 x2apic popcnt tsc_deadline_timer xsave avx f16c rdrand lahf_lm epb tpr_shadow vnmi flexpriority ept vpid fsgsbase smep erms xsaveopt dtherm ida arat pln pts
bugs		:
bogomips	: 4990.16
clflush size	: 64
cache_alignment	: 64
address sizes	: 36 bits physical, 48 bits virtual
power management:

processor	: 3
vendor_id	: GenuineIntel
cpu family	: 6
model		: 58
model name	: Intel(R) Core(TM) i5-3210M CPU @ 2.50GHz
stepping	: 9
microcode	: 0x12
cpu MHz		: 2900.000
cache size	: 3072 KB
physical id	: 0
siblings	: 4
core id		: 1
cpu cores	: 2
apicid		: 3
initial apicid	: 3
fpu		: yes
fpu_exception	: yes
cpuid level	: 13
wp		: yes
flags		: fpu vme de pse tsc msr pae mce cx8 apic sep mtrr pge mca cmov pat pse36 clflush dts acpi mmx fxsr sse sse2 ss ht tm pbe syscall nx rdtscp lm constant_tsc arch_perfmon pebs bts rep_good nopl xtopology nonstop_tsc aperfmperf eagerfpu pni pclmulqdq dtes64 monitor ds_cpl vmx est tm2 ssse3 cx16 xtpr pdcm pcid sse4_1 sse4_2 x2apic popcnt tsc_deadline_timer xsave avx f16c rdrand lahf_lm epb tpr_shadow vnmi flexpriority ept vpid fsgsbase smep erms xsaveopt dtherm ida arat pln pts
bugs		:
bogomips	: 4990.16
clflush size	: 64
cache_alignment	: 64
address sizes	: 36 bits physical, 48 bits virtual
power management:



Memory: 4k page, physical 3893484k(117324k free), swap 0k(0k free)

vm_info: OpenJDK 64-Bit Server VM (25.92-b14) for linux-amd64 JRE (1.8.0_92-b14), built on Apr 24 2016 15:02:36 by "builduser" with gcc 5.3.0

time: Tue May 17 15:34:02 2016
elapsed time: 20 seconds (0d 0h 0m 20s)

