#
# There is insufficient memory for the Java Runtime Environment to continue.
# Native memory allocation (mmap) failed to map 33554432 bytes for committing reserved memory.
# Possible reasons:
#   The system is out of physical RAM or swap space
#   In 32 bit mode, the process size limit was hit
# Possible solutions:
#   Reduce memory load on the system
#   Increase physical memory or swap space
#   Check if swap backing store is full
#   Use 64 bit Java on a 64 bit OS
#   Decrease Java heap size (-Xmx/-Xms)
#   Decrease number of Java threads
#   Decrease Java thread stack sizes (-Xss)
#   Set larger code cache with -XX:ReservedCodeCacheSize=
# This output file may be truncated or incomplete.
#
#  Out of Memory Error (os_linux.cpp:2627), pid=3583, tid=0x00007f0028518700
#
# JRE version:  (8.0_92-b14) (build )
# Java VM: OpenJDK 64-Bit Server VM (25.92-b14 mixed mode linux-amd64 compressed oops)
# Core dump written. Default location: /data/repos/OSTMap/batch_processing/core or core.3583
#

---------------  T H R E A D  ---------------

Current thread (0x00007f0020015000):  JavaThread "Unknown thread" [_thread_in_vm, id=3590, stack(0x00007f0028418000,0x00007f0028519000)]

Stack: [0x00007f0028418000,0x00007f0028519000],  sp=0x00007f0028517650,  free space=1021k
Native frames: (J=compiled Java code, j=interpreted, Vv=VM code, C=native code)
V  [libjvm.so+0xa596cb]
V  [libjvm.so+0x4c344c]
V  [libjvm.so+0x8aa3f0]
V  [libjvm.so+0x8a491e]
V  [libjvm.so+0xa55fe4]
V  [libjvm.so+0x49afb1]
V  [libjvm.so+0x4a27ab]
V  [libjvm.so+0x5b4901]
V  [libjvm.so+0x5b4f22]
V  [libjvm.so+0xa1d199]
V  [libjvm.so+0xa1d3e2]
V  [libjvm.so+0x60cc5f]
V  [libjvm.so+0xa02b2a]
V  [libjvm.so+0x681e1f]  JNI_CreateJavaVM+0x5f
C  [libjli.so+0x2d1f]
C  [libpthread.so.0+0x7474]  start_thread+0xc4


---------------  P R O C E S S  ---------------

Java Threads: ( => current thread )

Other Threads:

=>0x00007f0020015000 (exited) JavaThread "Unknown thread" [_thread_in_vm, id=3590, stack(0x00007f0028418000,0x00007f0028519000)]

VM state:not at safepoint (not fully initialized)

VM Mutex/Monitor currently owned by a thread: None

GC Heap History (0 events):
No events

Deoptimization events (0 events):
No events

Internal exceptions (0 events):
No events

Events (0 events):
No events


Dynamic libraries:
00400000-00401000 r-xp 00000000 00:12 1527358                            /usr/lib/jvm/java-8-openjdk/jre/bin/java
00600000-00601000 rw-p 00000000 00:12 1527358                            /usr/lib/jvm/java-8-openjdk/jre/bin/java
0252b000-0254c000 rw-p 00000000 00:00 0                                  [heap]
f8000000-f9400000 rw-p 00000000 00:00 0 
f9400000-faaa0000 ---p 00000000 00:00 0 
faaa0000-fd2a0000 rw-p 00000000 00:00 0 
fd2a0000-100000000 ---p 00000000 00:00 0 
7efffc000000-7efffc021000 rw-p 00000000 00:00 0 
7efffc021000-7f0000000000 ---p 00000000 00:00 0 
7f0004000000-7f0004021000 rw-p 00000000 00:00 0 
7f0004021000-7f0008000000 ---p 00000000 00:00 0 
7f0008000000-7f0008021000 rw-p 00000000 00:00 0 
7f0008021000-7f000c000000 ---p 00000000 00:00 0 
7f000c000000-7f000c021000 rw-p 00000000 00:00 0 
7f000c021000-7f0010000000 ---p 00000000 00:00 0 
7f0011000000-7f0011270000 rwxp 00000000 00:00 0 
7f0011270000-7f0020000000 ---p 00000000 00:00 0 
7f0020000000-7f0020085000 rw-p 00000000 00:00 0 
7f0020085000-7f0024000000 ---p 00000000 00:00 0 
7f0024f99000-7f00254f3000 rw-p 00000000 00:00 0 
7f00254f3000-7f00254f4000 ---p 00000000 00:00 0 
7f00254f4000-7f00255f4000 rw-p 00000000 00:00 0 
7f00255f4000-7f00255f5000 ---p 00000000 00:00 0 
7f00255f5000-7f00256f5000 rw-p 00000000 00:00 0 
7f00256f5000-7f00256f6000 ---p 00000000 00:00 0 
7f00256f6000-7f00257f6000 rw-p 00000000 00:00 0 
7f00257f6000-7f00257f7000 ---p 00000000 00:00 0 
7f00257f7000-7f0025901000 rw-p 00000000 00:00 0 
7f0025901000-7f0025cb7000 ---p 00000000 00:00 0 
7f0025cb7000-7f0025cbf000 r-xp 00000000 00:12 1527326                    /usr/lib/jvm/java-8-openjdk/jre/lib/amd64/libzip.so
7f0025cbf000-7f0025ebe000 ---p 00008000 00:12 1527326                    /usr/lib/jvm/java-8-openjdk/jre/lib/amd64/libzip.so
7f0025ebe000-7f0025ebf000 rw-p 00007000 00:12 1527326                    /usr/lib/jvm/java-8-openjdk/jre/lib/amd64/libzip.so
7f0025ebf000-7f0025eeb000 r-xp 00000000 00:12 1527325                    /usr/lib/jvm/java-8-openjdk/jre/lib/amd64/libjava.so
7f0025eeb000-7f00260eb000 ---p 0002c000 00:12 1527325                    /usr/lib/jvm/java-8-openjdk/jre/lib/amd64/libjava.so
7f00260eb000-7f00260ed000 rw-p 0002c000 00:12 1527325                    /usr/lib/jvm/java-8-openjdk/jre/lib/amd64/libjava.so
7f00260ed000-7f00260fa000 r-xp 00000000 00:12 1527318                    /usr/lib/jvm/java-8-openjdk/jre/lib/amd64/libverify.so
7f00260fa000-7f00262f9000 ---p 0000d000 00:12 1527318                    /usr/lib/jvm/java-8-openjdk/jre/lib/amd64/libverify.so
7f00262f9000-7f00262fb000 rw-p 0000c000 00:12 1527318                    /usr/lib/jvm/java-8-openjdk/jre/lib/amd64/libverify.so
7f00262fb000-7f0026302000 r-xp 00000000 00:12 1709149                    /usr/lib/librt-2.23.so
7f0026302000-7f0026501000 ---p 00007000 00:12 1709149                    /usr/lib/librt-2.23.so
7f0026501000-7f0026502000 r--p 00006000 00:12 1709149                    /usr/lib/librt-2.23.so
7f0026502000-7f0026503000 rw-p 00007000 00:12 1709149                    /usr/lib/librt-2.23.so
7f0026503000-7f0026606000 r-xp 00000000 00:12 1709146                    /usr/lib/libm-2.23.so
7f0026606000-7f0026805000 ---p 00103000 00:12 1709146                    /usr/lib/libm-2.23.so
7f0026805000-7f0026806000 r--p 00102000 00:12 1709146                    /usr/lib/libm-2.23.so
7f0026806000-7f0026807000 rw-p 00103000 00:12 1709146                    /usr/lib/libm-2.23.so
7f0026807000-7f002745c000 r-xp 00000000 00:12 1527349                    /usr/lib/jvm/java-8-openjdk/jre/lib/amd64/server/libjvm.so
7f002745c000-7f002765c000 ---p 00c55000 00:12 1527349                    /usr/lib/jvm/java-8-openjdk/jre/lib/amd64/server/libjvm.so
7f002765c000-7f0027718000 rw-p 00c55000 00:12 1527349                    /usr/lib/jvm/java-8-openjdk/jre/lib/amd64/server/libjvm.so
7f0027718000-7f0027748000 rw-p 00000000 00:00 0 
7f0027748000-7f00278df000 r-xp 00000000 00:12 1709092                    /usr/lib/libc-2.23.so
7f00278df000-7f0027adf000 ---p 00197000 00:12 1709092                    /usr/lib/libc-2.23.so
7f0027adf000-7f0027ae3000 r--p 00197000 00:12 1709092                    /usr/lib/libc-2.23.so
7f0027ae3000-7f0027ae5000 rw-p 0019b000 00:12 1709092                    /usr/lib/libc-2.23.so
7f0027ae5000-7f0027ae9000 rw-p 00000000 00:00 0 
7f0027ae9000-7f0027aeb000 r-xp 00000000 00:12 1709145                    /usr/lib/libdl-2.23.so
7f0027aeb000-7f0027ceb000 ---p 00002000 00:12 1709145                    /usr/lib/libdl-2.23.so
7f0027ceb000-7f0027cec000 r--p 00002000 00:12 1709145                    /usr/lib/libdl-2.23.so
7f0027cec000-7f0027ced000 rw-p 00003000 00:12 1709145                    /usr/lib/libdl-2.23.so
7f0027ced000-7f0027cfa000 r-xp 00000000 00:12 1527346                    /usr/lib/jvm/java-8-openjdk/jre/lib/amd64/jli/libjli.so
7f0027cfa000-7f0027ef9000 ---p 0000d000 00:12 1527346                    /usr/lib/jvm/java-8-openjdk/jre/lib/amd64/jli/libjli.so
7f0027ef9000-7f0027efa000 rw-p 0000c000 00:12 1527346                    /usr/lib/jvm/java-8-openjdk/jre/lib/amd64/jli/libjli.so
7f0027efa000-7f0027f0f000 r-xp 00000000 00:12 7053                       /usr/lib/libz.so.1.2.8
7f0027f0f000-7f002810e000 ---p 00015000 00:12 7053                       /usr/lib/libz.so.1.2.8
7f002810e000-7f002810f000 r--p 00014000 00:12 7053                       /usr/lib/libz.so.1.2.8
7f002810f000-7f0028110000 rw-p 00015000 00:12 7053                       /usr/lib/libz.so.1.2.8
7f0028110000-7f0028128000 r-xp 00000000 00:12 1709073                    /usr/lib/libpthread-2.23.so
7f0028128000-7f0028327000 ---p 00018000 00:12 1709073                    /usr/lib/libpthread-2.23.so
7f0028327000-7f0028328000 r--p 00017000 00:12 1709073                    /usr/lib/libpthread-2.23.so
7f0028328000-7f0028329000 rw-p 00018000 00:12 1709073                    /usr/lib/libpthread-2.23.so
7f0028329000-7f002832d000 rw-p 00000000 00:00 0 
7f002832d000-7f0028350000 r-xp 00000000 00:12 1709091                    /usr/lib/ld-2.23.so
7f00283ac000-7f00283c1000 rw-p 00000000 00:00 0 
7f00283c1000-7f00283d7000 ---p 00000000 00:00 0 
7f00283d7000-7f00283e1000 rw-p 00000000 00:00 0 
7f00283e1000-7f00283ec000 ---p 00000000 00:00 0 
7f00283ec000-7f0028401000 rw-p 00000000 00:00 0 
7f0028401000-7f0028417000 ---p 00000000 00:00 0 
7f0028417000-7f0028418000 rw-p 00000000 00:00 0 
7f0028418000-7f002841b000 ---p 00000000 00:00 0 
7f002841b000-7f002851d000 rw-p 00000000 00:00 0 
7f002853f000-7f002854e000 rw-p 00000000 00:00 0 
7f002854e000-7f002854f000 r--p 00000000 00:00 0 
7f002854f000-7f0028550000 rw-p 00000000 00:00 0 
7f0028550000-7f0028551000 r--p 00023000 00:12 1709091                    /usr/lib/ld-2.23.so
7f0028551000-7f0028552000 rw-p 00024000 00:12 1709091                    /usr/lib/ld-2.23.so
7f0028552000-7f0028553000 rw-p 00000000 00:00 0 
7fff64080000-7fff640a8000 rw-p 00000000 00:00 0                          [stack]
7fff641c4000-7fff641c7000 r--p 00000000 00:00 0                          [vvar]
7fff641c7000-7fff641c9000 r-xp 00000000 00:00 0                          [vdso]
ffffffffff600000-ffffffffff601000 r-xp 00000000 00:00 0                  [vsyscall]

VM Arguments:
jvm_args: -Dproc=Main -Xmx134217728 -XX:+UseConcMarkSweepGC -XX:CMSInitiatingOccupancyFraction=75 -Dapple.awt.UIElement=true -Djava.net.preferIPv4Stack=true -XX:+PerfDisableSharedMem -XX:+AlwaysPreTouch 
java_command: org.apache.accumulo.start.Main org.apache.accumulo.start.Main org.apache.accumulo.master.state.SetGoalState NORMAL
java_class_path (initial): /tmp/junit2954427859595201502/conf:/usr/share/intellijidea-ce/lib/idea_rt.jar:/usr/share/intellijidea-ce/plugins/junit/lib/junit-rt.jar:/usr/lib/jvm/java-8-openjdk/jre/lib/charsets.jar:/usr/lib/jvm/java-8-openjdk/jre/lib/ext/cldrdata.jar:/usr/lib/jvm/java-8-openjdk/jre/lib/ext/dnsns.jar:/usr/lib/jvm/java-8-openjdk/jre/lib/ext/jaccess.jar:/usr/lib/jvm/java-8-openjdk/jre/lib/ext/localedata.jar:/usr/lib/jvm/java-8-openjdk/jre/lib/ext/nashorn.jar:/usr/lib/jvm/java-8-openjdk/jre/lib/ext/sunec.jar:/usr/lib/jvm/java-8-openjdk/jre/lib/ext/sunjce_provider.jar:/usr/lib/jvm/java-8-openjdk/jre/lib/ext/sunpkcs11.jar:/usr/lib/jvm/java-8-openjdk/jre/lib/ext/zipfs.jar:/usr/lib/jvm/java-8-openjdk/jre/lib/jce.jar:/usr/lib/jvm/java-8-openjdk/jre/lib/jsse.jar:/usr/lib/jvm/java-8-openjdk/jre/lib/management-agent.jar:/usr/lib/jvm/java-8-openjdk/jre/lib/resources.jar:/usr/lib/jvm/java-8-openjdk/jre/lib/rt.jar:/data/repos/OSTMap/batch_processing/build/classes/test:/data/repos/OSTMap/batch_processing/build/classes/main:/data/repos/OSTMap/commons/build/classes/main:/home/mrblati/.gradle/caches/modules-2/files-2.1/org.apache.accumulo/accumulo-core/1.7.0.2.4.0.0-169/4f6d7c41bb075a72aeb9a0d8cb9e1c5ca2a90157/accumulo-core-1.7.0.2.4.0.0-169.jar:/home/mrblati/.gradle/caches/modules-2/files-2.1/com.google.guava/guava/19.0/6ce200f6b23222af3d8abb6b6459e6c44f4bb0e9/guava-19.0.jar:/home/mrblati/.gradle/caches/modules-2/files-2.1/org.apache.flink/flink-streaming-java_2.10/1.0.0/41273a5b5fd8e79aca39fc7efb2a63d5d29d3e76/flink-streaming-java_2.10-1.0.0.jar:/home/mrblati/.gradle/caches/modules-2/files-2.1/org.apache.flink/flink-clients_2.10/1.0.0/6f666dcfa3d1df29709a713ec3e08ae240b399ce/flink-clients_2.10-1.0.0.jar:/home/mrblati/.gradle/caches/modules-2/files-2.1/org.apache.flink/flink-connector-twitter_2.10/1.0.0/c0b721501e8d40ebacebdd3e242d800d99f54e06/flink-connector-twitter_2.10-1.0.0.jar:/home/mrblati/.gradle/caches/modules-2/files-2.1/org.apache.httpcomponents/httpclient/4
Launcher Type: SUN_STANDARD

Environment Variables:
PATH=/usr/local/sbin:/usr/local/bin:/usr/bin:/opt/android-sdk/platform-tools:/opt/android-sdk/tools:/usr/lib/jvm/default/bin:/usr/bin/site_perl:/usr/bin/vendor_perl:/usr/bin/core_perl
USERNAME=mrblati
LD_LIBRARY_PATH=
SHELL=/bin/bash
DISPLAY=:0
DYLD_LIBRARY_PATH=

Signal Handlers:
SIGSEGV: [libjvm.so+0xa5a220], sa_mask[0]=11111111011111111101111111111110, sa_flags=SA_RESTART|SA_SIGINFO
SIGBUS: [libjvm.so+0xa5a220], sa_mask[0]=11111111011111111101111111111110, sa_flags=SA_RESTART|SA_SIGINFO
SIGFPE: [libjvm.so+0x8a5a90], sa_mask[0]=11111111011111111101111111111110, sa_flags=SA_RESTART|SA_SIGINFO
SIGPIPE: [libjvm.so+0x8a5a90], sa_mask[0]=11111111011111111101111111111110, sa_flags=SA_RESTART|SA_SIGINFO
SIGXFSZ: [libjvm.so+0x8a5a90], sa_mask[0]=11111111011111111101111111111110, sa_flags=SA_RESTART|SA_SIGINFO
SIGILL: [libjvm.so+0x8a5a90], sa_mask[0]=11111111011111111101111111111110, sa_flags=SA_RESTART|SA_SIGINFO
SIGUSR1: SIG_DFL, sa_mask[0]=00000000000000000000000000000000, sa_flags=none
SIGUSR2: [libjvm.so+0x8a5940], sa_mask[0]=00100000000000000000000000000000, sa_flags=SA_RESTART|SA_SIGINFO
SIGHUP: SIG_DFL, sa_mask[0]=00000000000000000000000000000000, sa_flags=none
SIGINT: SIG_DFL, sa_mask[0]=00000000000000000000000000000000, sa_flags=none
SIGTERM: SIG_DFL, sa_mask[0]=00000000000000000000000000000000, sa_flags=none
SIGQUIT: SIG_DFL, sa_mask[0]=00000000000000000000000000000000, sa_flags=none


---------------  S Y S T E M  ---------------

OS:NAME="Arch Linux"
ID=arch
PRETTY_NAME="Arch Linux"
ANSI_COLOR="0;36"
HOME_URL="https://www.archlinux.org/"
SUPPORT_URL="https://bbs.archlinux.org/"
BUG_REPORT_URL="https://bugs.archlinux.org/"


uname:Linux 4.5.4-1-ARCH #1 SMP PREEMPT Wed May 11 22:21:28 CEST 2016 x86_64
libc:glibc 2.23 NPTL 2.23 
rlimit: STACK 8192k, CORE infinity, NPROC 14403, NOFILE 4096, AS infinity
load average:3.92 1.94 1.23

/proc/meminfo:
MemTotal:        3893484 kB
MemFree:          118044 kB
MemAvailable:      77272 kB
Buffers:             112 kB
Cached:           361104 kB
SwapCached:            0 kB
Active:          3322792 kB
Inactive:         276320 kB
Active(anon):    3258644 kB
Inactive(anon):   215396 kB
Active(file):      64148 kB
Inactive(file):    60924 kB
Unevictable:           0 kB
Mlocked:               0 kB
SwapTotal:             0 kB
SwapFree:              0 kB
Dirty:              1436 kB
Writeback:           624 kB
AnonPages:       3238840 kB
Mapped:            84940 kB
Shmem:            235160 kB
Slab:              78772 kB
SReclaimable:      37920 kB
SUnreclaim:        40852 kB
KernelStack:       13760 kB
PageTables:        35008 kB
NFS_Unstable:          0 kB
Bounce:                0 kB
WritebackTmp:          0 kB
CommitLimit:     1946740 kB
Committed_AS:    7274532 kB
VmallocTotal:   34359738367 kB
VmallocUsed:           0 kB
VmallocChunk:          0 kB
HardwareCorrupted:     0 kB
AnonHugePages:    864256 kB
HugePages_Total:       0
HugePages_Free:        0
HugePages_Rsvd:        0
HugePages_Surp:        0
Hugepagesize:       2048 kB
DirectMap4k:      100664 kB
DirectMap2M:     3936256 kB


CPU:total 4 (2 cores per cpu, 2 threads per core) family 6 model 58 stepping 9, cmov, cx8, fxsr, mmx, sse, sse2, sse3, ssse3, sse4.1, sse4.2, popcnt, avx, clmul, erms, ht, tsc, tscinvbit, tscinv

/proc/cpuinfo:
processor	: 0
vendor_id	: GenuineIntel
cpu family	: 6
model		: 58
model name	: Intel(R) Core(TM) i5-3210M CPU @ 2.50GHz
stepping	: 9
microcode	: 0x12
cpu MHz		: 2318.066
cache size	: 3072 KB
physical id	: 0
siblings	: 4
core id		: 0
cpu cores	: 2
apicid		: 0
initial apicid	: 0
fpu		: yes
fpu_exception	: yes
cpuid level	: 13
wp		: yes
flags		: fpu vme de pse tsc msr pae mce cx8 apic sep mtrr pge mca cmov pat pse36 clflush dts acpi mmx fxsr sse sse2 ss ht tm pbe syscall nx rdtscp lm constant_tsc arch_perfmon pebs bts rep_good nopl xtopology nonstop_tsc aperfmperf eagerfpu pni pclmulqdq dtes64 monitor ds_cpl vmx est tm2 ssse3 cx16 xtpr pdcm pcid sse4_1 sse4_2 x2apic popcnt tsc_deadline_timer xsave avx f16c rdrand lahf_lm epb tpr_shadow vnmi flexpriority ept vpid fsgsbase smep erms xsaveopt dtherm ida arat pln pts
bugs		:
bogomips	: 4990.50
clflush size	: 64
cache_alignment	: 64
address sizes	: 36 bits physical, 48 bits virtual
power management:

processor	: 1
vendor_id	: GenuineIntel
cpu family	: 6
model		: 58
model name	: Intel(R) Core(TM) i5-3210M CPU @ 2.50GHz
stepping	: 9
microcode	: 0x12
cpu MHz		: 2880.859
cache size	: 3072 KB
physical id	: 0
siblings	: 4
core id		: 0
cpu cores	: 2
apicid		: 1
initial apicid	: 1
fpu		: yes
fpu_exception	: yes
cpuid level	: 13
wp		: yes
flags		: fpu vme de pse tsc msr pae mce cx8 apic sep mtrr pge mca cmov pat pse36 clflush dts acpi mmx fxsr sse sse2 ss ht tm pbe syscall nx rdtscp lm constant_tsc arch_perfmon pebs bts rep_good nopl xtopology nonstop_tsc aperfmperf eagerfpu pni pclmulqdq dtes64 monitor ds_cpl vmx est tm2 ssse3 cx16 xtpr pdcm pcid sse4_1 sse4_2 x2apic popcnt tsc_deadline_timer xsave avx f16c rdrand lahf_lm epb tpr_shadow vnmi flexpriority ept vpid fsgsbase smep erms xsaveopt dtherm ida arat pln pts
bugs		:
bogomips	: 4990.50
clflush size	: 64
cache_alignment	: 64
address sizes	: 36 bits physical, 48 bits virtual
power management:

processor	: 2
vendor_id	: GenuineIntel
cpu family	: 6
model		: 58
model name	: Intel(R) Core(TM) i5-3210M CPU @ 2.50GHz
stepping	: 9
microcode	: 0x12
cpu MHz		: 2870.312
cache size	: 3072 KB
physical id	: 0
siblings	: 4
core id		: 1
cpu cores	: 2
apicid		: 2
initial apicid	: 2
fpu		: yes
fpu_exception	: yes
cpuid level	: 13
wp		: yes
flags		: fpu vme de pse tsc msr pae mce cx8 apic sep mtrr pge mca cmov pat pse36 clflush dts acpi mmx fxsr sse sse2 ss ht tm pbe syscall nx rdtscp lm constant_tsc arch_perfmon pebs bts rep_good nopl xtopology nonstop_tsc aperfmperf eagerfpu pni pclmulqdq dtes64 monitor ds_cpl vmx est tm2 ssse3 cx16 xtpr pdcm pcid sse4_1 sse4_2 x2apic popcnt tsc_deadline_timer xsave avx f16c rdrand lahf_lm epb tpr_shadow vnmi flexpriority ept vpid fsgsbase smep erms xsaveopt dtherm ida arat pln pts
bugs		:
bogomips	: 4990.50
clflush size	: 64
cache_alignment	: 64
address sizes	: 36 bits physical, 48 bits virtual
power management:

processor	: 3
vendor_id	: GenuineIntel
cpu family	: 6
model		: 58
model name	: Intel(R) Core(TM) i5-3210M CPU @ 2.50GHz
stepping	: 9
microcode	: 0x12
cpu MHz		: 2727.246
cache size	: 3072 KB
physical id	: 0
siblings	: 4
core id		: 1
cpu cores	: 2
apicid		: 3
initial apicid	: 3
fpu		: yes
fpu_exception	: yes
cpuid level	: 13
wp		: yes
flags		: fpu vme de pse tsc msr pae mce cx8 apic sep mtrr pge mca cmov pat pse36 clflush dts acpi mmx fxsr sse sse2 ss ht tm pbe syscall nx rdtscp lm constant_tsc arch_perfmon pebs bts rep_good nopl xtopology nonstop_tsc aperfmperf eagerfpu pni pclmulqdq dtes64 monitor ds_cpl vmx est tm2 ssse3 cx16 xtpr pdcm pcid sse4_1 sse4_2 x2apic popcnt tsc_deadline_timer xsave avx f16c rdrand lahf_lm epb tpr_shadow vnmi flexpriority ept vpid fsgsbase smep erms xsaveopt dtherm ida arat pln pts
bugs		:
bogomips	: 4990.50
clflush size	: 64
cache_alignment	: 64
address sizes	: 36 bits physical, 48 bits virtual
power management:



Memory: 4k page, physical 3893484k(118044k free), swap 0k(0k free)

vm_info: OpenJDK 64-Bit Server VM (25.92-b14) for linux-amd64 JRE (1.8.0_92-b14), built on Apr 24 2016 15:02:36 by "builduser" with gcc 5.3.0

time: Sun May 15 16:42:38 2016
elapsed time: 4 seconds (0d 0h 0m 4s)

