#
# There is insufficient memory for the Java Runtime Environment to continue.
# Native memory allocation (mmap) failed to map 137887744 bytes for committing reserved memory.
# Possible reasons:
#   The system is out of physical RAM or swap space
#   In 32 bit mode, the process size limit was hit
# Possible solutions:
#   Reduce memory load on the system
#   Increase physical memory or swap space
#   Check if swap backing store is full
#   Use 64 bit Java on a 64 bit OS
#   Decrease Java heap size (-Xmx/-Xms)
#   Decrease number of Java threads
#   Decrease Java thread stack sizes (-Xss)
#   Set larger code cache with -XX:ReservedCodeCacheSize=
# This output file may be truncated or incomplete.
#
#  Out of Memory Error (os_linux.cpp:2627), pid=21709, tid=0x00007f50ca936700
#
# JRE version: OpenJDK Runtime Environment (8.0_92-b14) (build 1.8.0_92-b14)
# Java VM: OpenJDK 64-Bit Server VM (25.92-b14 mixed mode linux-amd64 compressed oops)
# Core dump written. Default location: /data/repos/OSTMap/batch_processing/core or core.21709
#

---------------  T H R E A D  ---------------

Current thread (0x00007f50dc083000):  VMThread [stack: 0x00007f50ca836000,0x00007f50ca937000] [id=21717]

Stack: [0x00007f50ca836000,0x00007f50ca937000],  sp=0x00007f50ca935480,  free space=1021k
Native frames: (J=compiled Java code, j=interpreted, Vv=VM code, C=native code)
V  [libjvm.so+0xa596cb]
V  [libjvm.so+0x4c344c]
V  [libjvm.so+0x8aa3f0]
V  [libjvm.so+0x8a491e]
V  [libjvm.so+0x91e90b]
V  [libjvm.so+0x90df9a]
V  [libjvm.so+0x90e1a3]
V  [libjvm.so+0x90eb08]
V  [libjvm.so+0x914dce]
V  [libjvm.so+0x91c78d]
V  [libjvm.so+0x8ce953]
V  [libjvm.so+0xa5b312]
V  [libjvm.so+0xa602e7]
V  [libjvm.so+0xa5db2c]
V  [libjvm.so+0xa5ef0f]
V  [libjvm.so+0xa5f401]
V  [libjvm.so+0x8a7902]

VM_Operation (0x00007f50516852b0): ParallelGCFailedAllocation, mode: safepoint, requested by thread 0x00007f5088001000


---------------  P R O C E S S  ---------------

Java Threads: ( => current thread )
  0x00007f50bc01a800 JavaThread "SortMerger spilling thread" daemon [_thread_blocked, id=22253, stack(0x00007f504bafb000,0x00007f504bbfc000)]
  0x00007f507807f000 JavaThread "flink-akka.actor.default-dispatcher-9" daemon [_thread_blocked, id=22246, stack(0x00007f504beff000,0x00007f504c000000)]
  0x00007f507400c800 JavaThread "flink-akka.actor.default-dispatcher-8" daemon [_thread_blocked, id=22245, stack(0x00007f5050075000,0x00007f5050176000)]
  0x00007f5088009000 JavaThread "GroupReduce (GroupReduce at testCalcProcess(FlatMapsAndReduceTest.java:253)) (3/4)" daemon [_thread_blocked, id=22244, stack(0x00007f5050176000,0x00007f5050277000)]
  0x00007f5088007000 JavaThread "GroupReduce (GroupReduce at testCalcProcess(FlatMapsAndReduceTest.java:253)) (4/4)" daemon [_thread_blocked, id=22243, stack(0x00007f5050277000,0x00007f5050378000)]
  0x00007f5088001000 JavaThread "GroupReduce (GroupReduce at testCalcProcess(FlatMapsAndReduceTest.java:253)) (2/4)" daemon [_thread_blocked, id=22242, stack(0x00007f5051586000,0x00007f5051687000)]
  0x00007f5080005800 JavaThread "ForkJoinPool-7-worker-5" daemon [_thread_blocked, id=22241, stack(0x00007f50523db000,0x00007f50524dc000)]
  0x00007f5088006800 JavaThread "GroupReduce (GroupReduce at testCalcProcess(FlatMapsAndReduceTest.java:253)) (1/4)" daemon [_thread_blocked, id=22240, stack(0x00007f5051184000,0x00007f5051285000)]
  0x00007f50ac017000 JavaThread "ForkJoinPool-7-worker-7" daemon [_thread_blocked, id=22239, stack(0x00007f505077a000,0x00007f505087b000)]
  0x00007f5078016000 JavaThread "Timer-3" daemon [_thread_blocked, id=22234, stack(0x00007f5051687000,0x00007f5051788000)]
  0x00007f5078017800 JavaThread "ForkJoinPool-6-worker-7" daemon [_thread_blocked, id=22233, stack(0x00007f50522da000,0x00007f50523db000)]
  0x00007f5094001000 JavaThread "ForkJoinPool-6-worker-1" daemon [_thread_blocked, id=22232, stack(0x00007f50519d6000,0x00007f5051ad7000)]
  0x00007f5078014800 JavaThread "ForkJoinPool-6-worker-3" daemon [_thread_blocked, id=22231, stack(0x00007f5051ad7000,0x00007f5051bd8000)]
  0x00007f507807d000 JavaThread "ForkJoinPool-6-worker-5" daemon [_thread_blocked, id=22230, stack(0x00007f5051fd9000,0x00007f50520da000)]
  0x00007f50dd4cd800 JavaThread "IOManager reader thread #1" daemon [_thread_blocked, id=22229, stack(0x00007f5051dda000,0x00007f5051edb000)]
  0x00007f50dd4cc800 JavaThread "IOManager writer thread #1" daemon [_thread_blocked, id=22228, stack(0x00007f5051cd9000,0x00007f5051dda000)]
  0x00007f50dd4c9000 JavaThread "Timer-2" daemon [_thread_blocked, id=22227, stack(0x00007f50533e7000,0x00007f50534e8000)]
  0x00007f50dd4c8000 JavaThread "BLOB Server listener at 36898" daemon [_thread_in_native, id=22226, stack(0x00007f5050d80000,0x00007f5050e81000)]
  0x00007f5078076000 JavaThread "flink-akka.actor.default-dispatcher-6" daemon [_thread_blocked, id=22225, stack(0x00007f5050378000,0x00007f5050479000)]
  0x00007f50dd1c4800 JavaThread "flink-akka.actor.default-dispatcher-7" daemon [_thread_blocked, id=22224, stack(0x00007f5050e81000,0x00007f5050f82000)]
  0x00007f50dd1c3800 JavaThread "flink-akka.actor.default-dispatcher-5" daemon [_thread_blocked, id=22223, stack(0x00007f50530dd000,0x00007f50531de000)]
  0x00007f506c024000 JavaThread "flink-akka.actor.default-dispatcher-4" daemon [_thread_blocked, id=22222, stack(0x00007f5050c7f000,0x00007f5050d80000)]
  0x00007f50dd3ee800 JavaThread "flink-akka.actor.default-dispatcher-3" daemon [_thread_blocked, id=22221, stack(0x00007f50c8540000,0x00007f50c8641000)]
  0x00007f50dd251800 JavaThread "flink-akka.actor.default-dispatcher-2" daemon [_thread_blocked, id=22220, stack(0x00007f50c8641000,0x00007f50c8742000)]
  0x00007f50dd1ba000 JavaThread "flink-scheduler-1" daemon [_thread_blocked, id=22219, stack(0x00007f5050479000,0x00007f505057a000)]
  0x00007f50b0013800 JavaThread "ForkJoinPool-4-worker-3" daemon [_thread_blocked, id=22210, stack(0x00007f505087b000,0x00007f505097c000)]
  0x00007f50a401b000 JavaThread "ForkJoinPool-4-worker-7" daemon [_thread_blocked, id=22209, stack(0x00007f505097c000,0x00007f5050a7d000)]
  0x00007f50bc003000 JavaThread "ForkJoinPool-4-worker-1" daemon [_thread_blocked, id=22208, stack(0x00007f5050a7d000,0x00007f5050b7e000)]
  0x00007f50b81cc000 JavaThread "ForkJoinPool-4-worker-5" daemon [_thread_blocked, id=22207, stack(0x00007f5050b7e000,0x00007f5050c7f000)]
  0x00007f5090002000 JavaThread "ForkJoinPool-1-worker-3" daemon [_thread_blocked, id=22198, stack(0x00007f5051485000,0x00007f5051586000)]
  0x00007f50dd430800 JavaThread "ForkJoinPool-1-worker-7" daemon [_thread_blocked, id=22192, stack(0x00007f5051bd8000,0x00007f5051cd9000)]
  0x00007f50dcd98000 JavaThread "process reaper" daemon [_thread_blocked, id=22170, stack(0x00007f50c80a4000,0x00007f50c80dd000)]
  0x00007f50dcaad800 JavaThread "Thrift Connection Pool Checker" daemon [_thread_blocked, id=22020, stack(0x00007f50536e8000,0x00007f50537e9000)]
  0x00007f50dca7c800 JavaThread "main-EventThread" daemon [_thread_blocked, id=22013, stack(0x00007f50537e9000,0x00007f50538ea000)]
  0x00007f50dca62000 JavaThread "main-SendThread(localhost.localdomain:45151)" daemon [_thread_in_native, id=22012, stack(0x00007f50538ea000,0x00007f50539eb000)]
  0x00007f50dc64a000 JavaThread "process reaper" daemon [_thread_blocked, id=21978, stack(0x00007f50c8742000,0x00007f50c877b000)]
  0x00007f50dc642000 JavaThread "Thread-12" daemon [_thread_in_native, id=21972, stack(0x00007f50c887c000,0x00007f50c897d000)]
  0x00007f50dc641000 JavaThread "Thread-11" daemon [_thread_in_native, id=21969, stack(0x00007f50c877b000,0x00007f50c887c000)]
  0x00007f50dc94c000 JavaThread "process reaper" daemon [_thread_in_native, id=21852, stack(0x00007f50c897d000,0x00007f50c89b6000)]
  0x00007f50dc904800 JavaThread "Thread-8" daemon [_thread_in_native, id=21845, stack(0x00007f50c89b6000,0x00007f50c8ab7000)]
  0x00007f50dc903000 JavaThread "Thread-7" daemon [_thread_in_native, id=21843, stack(0x00007f50c8ab7000,0x00007f50c8bb8000)]
  0x00007f50dc902000 JavaThread "process reaper" daemon [_thread_in_native, id=21842, stack(0x00007f50c8bb8000,0x00007f50c8bf1000)]
  0x00007f50dc900000 JavaThread "Thread-6" daemon [_thread_in_native, id=21835, stack(0x00007f50c8bf1000,0x00007f50c8cf2000)]
  0x00007f50dca43800 JavaThread "Thread-5" daemon [_thread_in_native, id=21834, stack(0x00007f50c8cf2000,0x00007f50c8df3000)]
  0x00007f50dca44800 JavaThread "process reaper" daemon [_thread_in_native, id=21780, stack(0x00007f50c8df3000,0x00007f50c8e2c000)]
  0x00007f50dca40800 JavaThread "Thread-2" daemon [_thread_in_native, id=21745, stack(0x00007f50c8e2c000,0x00007f50c8f2d000)]
  0x00007f50dca3f000 JavaThread "Thread-1" daemon [_thread_in_native, id=21743, stack(0x00007f50c8f2d000,0x00007f50c902e000)]
  0x00007f50dca3d800 JavaThread "SimpleTimer-0" daemon [_thread_blocked, id=21742, stack(0x00007f50c902e000,0x00007f50c912f000)]
  0x00007f50dca33000 JavaThread "process reaper" daemon [_thread_in_native, id=21741, stack(0x00007f50c912f000,0x00007f50c9168000)]
  0x00007f50dc104000 JavaThread "Monitor Ctrl-Break" daemon [_thread_in_native, id=21733, stack(0x00007f50c9c17000,0x00007f50c9d18000)]
  0x00007f50dc0cc800 JavaThread "Service Thread" daemon [_thread_blocked, id=21731, stack(0x00007f50c9e19000,0x00007f50c9f1a000)]
  0x00007f50dc0c9800 JavaThread "C1 CompilerThread2" daemon [_thread_blocked, id=21730, stack(0x00007f50c9f1a000,0x00007f50ca01b000)]
  0x00007f50dc0c7800 JavaThread "C2 CompilerThread1" daemon [_thread_blocked, id=21729, stack(0x00007f50ca01b000,0x00007f50ca11c000)]
  0x00007f50dc0c4800 JavaThread "C2 CompilerThread0" daemon [_thread_blocked, id=21728, stack(0x00007f50ca11c000,0x00007f50ca21d000)]
  0x00007f50dc0c3000 JavaThread "Signal Dispatcher" daemon [_thread_blocked, id=21727, stack(0x00007f50ca21d000,0x00007f50ca31e000)]
  0x00007f50dc08f800 JavaThread "Finalizer" daemon [_thread_blocked, id=21720, stack(0x00007f50ca634000,0x00007f50ca735000)]
  0x00007f50dc08a800 JavaThread "Reference Handler" daemon [_thread_blocked, id=21719, stack(0x00007f50ca735000,0x00007f50ca836000)]
  0x00007f50dc015800 JavaThread "main" [_thread_blocked, id=21711, stack(0x00007f50e47aa000,0x00007f50e48ab000)]

Other Threads:
=>0x00007f50dc083000 VMThread [stack: 0x00007f50ca836000,0x00007f50ca937000] [id=21717]
  0x00007f50dc0cf800 WatcherThread [stack: 0x00007f50c9d18000,0x00007f50c9e19000] [id=21732]

VM state:at safepoint (normal execution)

VM Mutex/Monitor currently owned by a thread:  ([mutex/lock_event])
[0x00007f50dc012ff0] ExpandHeap_lock - owner thread: 0x00007f50dc083000
[0x00007f50dc013670] Threads_lock - owner thread: 0x00007f50dc083000
[0x00007f50dc013b70] Heap_lock - owner thread: 0x00007f5088001000

Heap:
 PSYoungGen      total 171520K, used 60413K [0x00000000ec300000, 0x0000000100000000, 0x0000000100000000)
  eden space 108544K, 0% used [0x00000000ec300000,0x00000000ec300000,0x00000000f2d00000)
  from space 62976K, 95% used [0x00000000fb780000,0x00000000ff27f538,0x00000000ff500000)
  to   space 108032K, 0% used [0x00000000f2d00000,0x00000000f2d00000,0x00000000f9680000)
 ParOldGen       total 227840K, used 227726K [0x00000000c4800000, 0x00000000d2680000, 0x00000000ec300000)
  object space 227840K, 99% used [0x00000000c4800000,0x00000000d2663808,0x00000000d2680000)
 Metaspace       used 34216K, capacity 34540K, committed 34688K, reserved 1079296K
  class space    used 4593K, capacity 4698K, committed 4736K, reserved 1048576K

Card table byte_map: [0x00007f50e189f000,0x00007f50e1a7c000] byte_map_base: 0x00007f50e127b000

Marking Bits: (ParMarkBitMap*) 0x00007f50e3ac2540
 Begin Bits: [0x00007f50cb240000, 0x00007f50cc120000)
 End Bits:   [0x00007f50cc120000, 0x00007f50cd000000)

Polling page: 0x00007f50e48e0000

CodeCache: size=245760Kb used=6767Kb max_used=6773Kb free=238992Kb
 bounds [0x00007f50cd000000, 0x00007f50cd6b0000, 0x00007f50dc000000]
 total_blobs=2812 nmethods=2333 adapters=392
 compilation: enabled

Compilation events (10 events):
Event: 19,664 Thread 0x00007f50dc0c9800 nmethod 2649 0x00007f50cd1c3310 code [0x00007f50cd1c34c0, 0x00007f50cd1c3b70]
Event: 19,675 Thread 0x00007f50dc0c9800 2650       3       java.io.OutputStreamWriter::write (11 bytes)
Event: 19,675 Thread 0x00007f50dc0c9800 nmethod 2650 0x00007f50cd1c2f10 code [0x00007f50cd1c3080, 0x00007f50cd1c3228]
Event: 19,675 Thread 0x00007f50dc0c9800 2651       3       sun.nio.cs.StreamEncoder::write (37 bytes)
Event: 19,675 Thread 0x00007f50dc0c9800 nmethod 2651 0x00007f50cd17c950 code [0x00007f50cd17cae0, 0x00007f50cd17cec8]
Event: 19,675 Thread 0x00007f50dc0c9800 2652       3       java.util.Date::getTime (5 bytes)
Event: 19,676 Thread 0x00007f50dc0c9800 nmethod 2652 0x00007f50cd3df550 code [0x00007f50cd3df6c0, 0x00007f50cd3df9c8]
Event: 19,676 Thread 0x00007f50dc0c9800 2653       3       java.util.Date::getTimeImpl (27 bytes)
Event: 19,676 Thread 0x00007f50dc0c9800 nmethod 2653 0x00007f50cd3df050 code [0x00007f50cd3df1c0, 0x00007f50cd3df468]
Event: 19,676 Thread 0x00007f50dc0c9800 2654   !   3       org.apache.log4j.helpers.QuietWriter::write (52 bytes)

GC Heap History (10 events):
Event: 19,078 GC heap after
Heap after GC invocations=13 (full 3):
 PSYoungGen      total 160768K, used 15631K [0x00000000ec300000, 0x00000000fcd80000, 0x0000000100000000)
  eden space 144896K, 0% used [0x00000000ec300000,0x00000000ec300000,0x00000000f5080000)
  from space 15872K, 98% used [0x00000000fbe00000,0x00000000fcd43fc0,0x00000000fcd80000)
  to   space 30208K, 0% used [0x00000000f9280000,0x00000000f9280000,0x00000000fb000000)
 ParOldGen       total 111104K, used 58846K [0x00000000c4800000, 0x00000000cb480000, 0x00000000ec300000)
  object space 111104K, 52% used [0x00000000c4800000,0x00000000c8177bc8,0x00000000cb480000)
 Metaspace       used 33685K, capacity 34006K, committed 34176K, reserved 1079296K
  class space    used 4548K, capacity 4657K, committed 4736K, reserved 1048576K
}
Event: 19,078 GC heap before
{Heap before GC invocations=14 (full 4):
 PSYoungGen      total 160768K, used 15631K [0x00000000ec300000, 0x00000000fcd80000, 0x0000000100000000)
  eden space 144896K, 0% used [0x00000000ec300000,0x00000000ec300000,0x00000000f5080000)
  from space 15872K, 98% used [0x00000000fbe00000,0x00000000fcd43fc0,0x00000000fcd80000)
  to   space 30208K, 0% used [0x00000000f9280000,0x00000000f9280000,0x00000000fb000000)
 ParOldGen       total 111104K, used 58846K [0x00000000c4800000, 0x00000000cb480000, 0x00000000ec300000)
  object space 111104K, 52% used [0x00000000c4800000,0x00000000c8177bc8,0x00000000cb480000)
 Metaspace       used 33685K, capacity 34006K, committed 34176K, reserved 1079296K
  class space    used 4548K, capacity 4657K, committed 4736K, reserved 1048576K
Event: 19,134 GC heap after
Heap after GC invocations=14 (full 4):
 PSYoungGen      total 160768K, used 0K [0x00000000ec300000, 0x00000000fcd80000, 0x0000000100000000)
  eden space 144896K, 0% used [0x00000000ec300000,0x00000000ec300000,0x00000000f5080000)
  from space 15872K, 0% used [0x00000000fbe00000,0x00000000fbe00000,0x00000000fcd80000)
  to   space 30208K, 0% used [0x00000000f9280000,0x00000000f9280000,0x00000000fb000000)
 ParOldGen       total 111104K, used 13832K [0x00000000c4800000, 0x00000000cb480000, 0x00000000ec300000)
  object space 111104K, 12% used [0x00000000c4800000,0x00000000c5582390,0x00000000cb480000)
 Metaspace       used 33685K, capacity 34006K, committed 34176K, reserved 1079296K
  class space    used 4548K, capacity 4657K, committed 4736K, reserved 1048576K
}
Event: 19,482 GC heap before
{Heap before GC invocations=15 (full 4):
 PSYoungGen      total 160768K, used 144884K [0x00000000ec300000, 0x00000000fcd80000, 0x0000000100000000)
  eden space 144896K, 99% used [0x00000000ec300000,0x00000000f507d090,0x00000000f5080000)
  from space 15872K, 0% used [0x00000000fbe00000,0x00000000fbe00000,0x00000000fcd80000)
  to   space 30208K, 0% used [0x00000000f9280000,0x00000000f9280000,0x00000000fb000000)
 ParOldGen       total 111104K, used 13832K [0x00000000c4800000, 0x00000000cb480000, 0x00000000ec300000)
  object space 111104K, 12% used [0x00000000c4800000,0x00000000c5582390,0x00000000cb480000)
 Metaspace       used 34080K, capacity 34412K, committed 34688K, reserved 1079296K
  class space    used 4575K, capacity 4698K, committed 4736K, reserved 1048576K
Event: 19,519 GC heap after
Heap after GC invocations=15 (full 4):
 PSYoungGen      total 217600K, used 30203K [0x00000000ec300000, 0x00000000ff500000, 0x0000000100000000)
  eden space 187392K, 0% used [0x00000000ec300000,0x00000000ec300000,0x00000000f7a00000)
  from space 30208K, 99% used [0x00000000f9280000,0x00000000faffecc8,0x00000000fb000000)
  to   space 62976K, 0% used [0x00000000fb780000,0x00000000fb780000,0x00000000ff500000)
 ParOldGen       total 111104K, used 87580K [0x00000000c4800000, 0x00000000cb480000, 0x00000000ec300000)
  object space 111104K, 78% used [0x00000000c4800000,0x00000000c9d87170,0x00000000cb480000)
 Metaspace       used 34080K, capacity 34412K, committed 34688K, reserved 1079296K
  class space    used 4575K, capacity 4698K, committed 4736K, reserved 1048576K
}
Event: 19,519 GC heap before
{Heap before GC invocations=16 (full 5):
 PSYoungGen      total 217600K, used 30203K [0x00000000ec300000, 0x00000000ff500000, 0x0000000100000000)
  eden space 187392K, 0% used [0x00000000ec300000,0x00000000ec300000,0x00000000f7a00000)
  from space 30208K, 99% used [0x00000000f9280000,0x00000000faffecc8,0x00000000fb000000)
  to   space 62976K, 0% used [0x00000000fb780000,0x00000000fb780000,0x00000000ff500000)
 ParOldGen       total 111104K, used 87580K [0x00000000c4800000, 0x00000000cb480000, 0x00000000ec300000)
  object space 111104K, 78% used [0x00000000c4800000,0x00000000c9d87170,0x00000000cb480000)
 Metaspace       used 34080K, capacity 34412K, committed 34688K, reserved 1079296K
  class space    used 4575K, capacity 4698K, committed 4736K, reserved 1048576K
Event: 19,581 GC heap after
Heap after GC invocations=16 (full 5):
 PSYoungGen      total 217600K, used 0K [0x00000000ec300000, 0x00000000ff500000, 0x0000000100000000)
  eden space 187392K, 0% used [0x00000000ec300000,0x00000000ec300000,0x00000000f7a00000)
  from space 30208K, 0% used [0x00000000f9280000,0x00000000f9280000,0x00000000fb000000)
  to   space 62976K, 0% used [0x00000000fb780000,0x00000000fb780000,0x00000000ff500000)
 ParOldGen       total 197120K, used 110767K [0x00000000c4800000, 0x00000000d0880000, 0x00000000ec300000)
  object space 197120K, 56% used [0x00000000c4800000,0x00000000cb42bf20,0x00000000d0880000)
 Metaspace       used 34080K, capacity 34412K, committed 34688K, reserved 1079296K
  class space    used 4575K, capacity 4698K, committed 4736K, reserved 1048576K
}
Event: 19,676 GC heap before
{Heap before GC invocations=17 (full 5):
 PSYoungGen      total 217600K, used 187390K [0x00000000ec300000, 0x00000000ff500000, 0x0000000100000000)
  eden space 187392K, 99% used [0x00000000ec300000,0x00000000f79ffb58,0x00000000f7a00000)
  from space 30208K, 0% used [0x00000000f9280000,0x00000000f9280000,0x00000000fb000000)
  to   space 62976K, 0% used [0x00000000fb780000,0x00000000fb780000,0x00000000ff500000)
 ParOldGen       total 197120K, used 110767K [0x00000000c4800000, 0x00000000d0880000, 0x00000000ec300000)
  object space 197120K, 56% used [0x00000000c4800000,0x00000000cb42bf20,0x00000000d0880000)
 Metaspace       used 34216K, capacity 34540K, committed 34688K, reserved 1079296K
  class space    used 4593K, capacity 4698K, committed 4736K, reserved 1048576K
Event: 19,774 GC heap after
Heap after GC invocations=17 (full 5):
 PSYoungGen      total 171520K, used 62974K [0x00000000ec300000, 0x0000000100000000, 0x0000000100000000)
  eden space 108544K, 0% used [0x00000000ec300000,0x00000000ec300000,0x00000000f2d00000)
  from space 62976K, 99% used [0x00000000fb780000,0x00000000ff4ffa80,0x00000000ff500000)
  to   space 108032K, 0% used [0x00000000f2d00000,0x00000000f2d00000,0x00000000f9680000)
 ParOldGen       total 227840K, used 226488K [0x00000000c4800000, 0x00000000d2680000, 0x00000000ec300000)
  object space 227840K, 99% used [0x00000000c4800000,0x00000000d252e1e0,0x00000000d2680000)
 Metaspace       used 34216K, capacity 34540K, committed 34688K, reserved 1079296K
  class space    used 4593K, capacity 4698K, committed 4736K, reserved 1048576K
}
Event: 19,774 GC heap before
{Heap before GC invocations=18 (full 6):
 PSYoungGen      total 171520K, used 62974K [0x00000000ec300000, 0x0000000100000000, 0x0000000100000000)
  eden space 108544K, 0% used [0x00000000ec300000,0x00000000ec300000,0x00000000f2d00000)
  from space 62976K, 99% used [0x00000000fb780000,0x00000000ff4ffa80,0x00000000ff500000)
  to   space 108032K, 0% used [0x00000000f2d00000,0x00000000f2d00000,0x00000000f9680000)
 ParOldGen       total 227840K, used 226488K [0x00000000c4800000, 0x00000000d2680000, 0x00000000ec300000)
  object space 227840K, 99% used [0x00000000c4800000,0x00000000d252e1e0,0x00000000d2680000)
 Metaspace       used 34216K, capacity 34540K, committed 34688K, reserved 1079296K
  class space    used 4593K, capacity 4698K, committed 4736K, reserved 1048576K

Deoptimization events (10 events):
Event: 18,468 Thread 0x00007f50dd1c3800 Uncommon trap: reason=class_check action=maybe_recompile pc=0x00007f50cd48578c method=java.util.zip.InflaterInputStream.read([BII)I @ 100
Event: 18,468 Thread 0x00007f50dd1c3800 Uncommon trap: reason=class_check action=maybe_recompile pc=0x00007f50cd48578c method=java.util.zip.InflaterInputStream.read([BII)I @ 100
Event: 18,819 Thread 0x00007f5078079800 Uncommon trap: reason=unstable_if action=reinterpret pc=0x00007f50cd3f7bd8 method=java.util.concurrent.ConcurrentHashMap.putVal(Ljava/lang/Object;Ljava/lang/Object;Z)Ljava/lang/Object; @ 98
Event: 18,975 Thread 0x00007f506c024000 Uncommon trap: reason=unstable_if action=reinterpret pc=0x00007f50cd16ca00 method=java.lang.ThreadLocal$ThreadLocalMap.getEntry(Ljava/lang/ThreadLocal;)Ljava/lang/ThreadLocal$ThreadLocalMap$Entry; @ 29
Event: 19,168 Thread 0x00007f50dd1c3800 Uncommon trap: reason=unstable_if action=reinterpret pc=0x00007f50cd5e44f4 method=scala.concurrent.forkjoin.ForkJoinPool.scan(Lscala/concurrent/forkjoin/ForkJoinPool$WorkQueue;)Lscala/concurrent/forkjoin/ForkJoinTask; @ 182
Event: 19,254 Thread 0x00007f5078076000 Uncommon trap: reason=predicate action=maybe_recompile pc=0x00007f50cd6247b0 method=java.util.LinkedList.toArray([Ljava/lang/Object;)[Ljava/lang/Object; @ 45
Event: 19,260 Thread 0x00007f5078076000 Uncommon trap: reason=array_check action=maybe_recompile pc=0x00007f50cd637eb4 method=java.util.LinkedList.toArray([Ljava/lang/Object;)[Ljava/lang/Object; @ 55
Event: 19,260 Thread 0x00007f5078076000 Uncommon trap: reason=array_check action=maybe_recompile pc=0x00007f50cd637eb4 method=java.util.LinkedList.toArray([Ljava/lang/Object;)[Ljava/lang/Object; @ 55
Event: 19,260 Thread 0x00007f5078076000 Uncommon trap: reason=array_check action=maybe_recompile pc=0x00007f50cd637eb4 method=java.util.LinkedList.toArray([Ljava/lang/Object;)[Ljava/lang/Object; @ 55
Event: 19,260 Thread 0x00007f5078076000 Uncommon trap: reason=array_check action=maybe_recompile pc=0x00007f50cd637eb4 method=java.util.LinkedList.toArray([Ljava/lang/Object;)[Ljava/lang/Object; @ 55

Internal exceptions (10 events):
Event: 18,255 Thread 0x00007f50dc015800 Exception <a 'java/lang/NoSuchMethodError': <clinit>> (0x00000000efa3b598) thrown at [/build/java8-openjdk/src/jdk8u-jdk8u92-b14/hotspot/src/share/vm/prims/jni.cpp, line 1613]
Event: 18,838 Thread 0x00007f507807d000 Exception <a 'java/lang/NoSuchMethodError': <clinit>> (0x00000000f164a628) thrown at [/build/java8-openjdk/src/jdk8u-jdk8u92-b14/hotspot/src/share/vm/prims/jni.cpp, line 1613]
Event: 18,964 Thread 0x00007f506c024000 Exception <a 'java/lang/NoSuchMethodError': <clinit>> (0x00000000f2d93868) thrown at [/build/java8-openjdk/src/jdk8u-jdk8u92-b14/hotspot/src/share/vm/prims/jni.cpp, line 1613]
Event: 19,002 Thread 0x00007f50dd251800 Exception <a 'java/net/SocketException': Socket closed> (0x00000000f3061560) thrown at [/build/java8-openjdk/src/jdk8u-jdk8u92-b14/hotspot/src/share/vm/prims/jni.cpp, line 735]
Event: 19,052 Thread 0x00007f50dc015800 Exception <a 'java/lang/NoSuchMethodError': <clinit>> (0x00000000efe3ea80) thrown at [/build/java8-openjdk/src/jdk8u-jdk8u92-b14/hotspot/src/share/vm/prims/jni.cpp, line 1613]
Event: 19,197 Thread 0x00007f5078076000 Exception <a 'java/io/IOException'> (0x00000000eca2c2e0) thrown at [/build/java8-openjdk/src/jdk8u-jdk8u92-b14/hotspot/src/share/vm/prims/jni.cpp, line 709]
Event: 19,222 Thread 0x00007f50dc015800 Exception <a 'java/lang/NoSuchMethodError': <clinit>> (0x00000000f0d1c0c0) thrown at [/build/java8-openjdk/src/jdk8u-jdk8u92-b14/hotspot/src/share/vm/prims/jni.cpp, line 1613]
Event: 19,223 Thread 0x00007f50dc015800 Exception <a 'java/lang/NoSuchMethodError': <clinit>> (0x00000000f0d30a50) thrown at [/build/java8-openjdk/src/jdk8u-jdk8u92-b14/hotspot/src/share/vm/prims/jni.cpp, line 1613]
Event: 19,669 Thread 0x00007f5088009000 Exception <a 'java/lang/ClassCastException'> (0x00000000f60dacc8) thrown at [/build/java8-openjdk/src/jdk8u-jdk8u92-b14/hotspot/src/share/vm/runtime/sharedRuntime.cpp, line 605]
Event: 19,670 Thread 0x00007f5088007000 Exception <a 'java/lang/ClassCastException'> (0x00000000f6a05c60) thrown at [/build/java8-openjdk/src/jdk8u-jdk8u92-b14/hotspot/src/share/vm/runtime/sharedRuntime.cpp, line 605]

Events (10 events):
Event: 19,672 Executing VM operation: RevokeBias done
Event: 19,673 loading class org/apache/log4j/spi/ThrowableRenderer
Event: 19,673 loading class org/apache/log4j/spi/ThrowableRenderer done
Event: 19,674 loading class java/lang/Throwable$WrappedPrintWriter
Event: 19,674 loading class java/lang/Throwable$PrintStreamOrWriter
Event: 19,674 loading class java/lang/Throwable$PrintStreamOrWriter done
Event: 19,674 loading class java/lang/Throwable$WrappedPrintWriter done
Event: 19,674 loading class java/util/IdentityHashMap$KeySet
Event: 19,674 loading class java/util/IdentityHashMap$KeySet done
Event: 19,676 Executing VM operation: ParallelGCFailedAllocation


Dynamic libraries:
00400000-00401000 r-xp 00000000 00:12 1527358                            /usr/lib/jvm/java-8-openjdk/jre/bin/java
00600000-00601000 rw-p 00000000 00:12 1527358                            /usr/lib/jvm/java-8-openjdk/jre/bin/java
01183000-011c5000 rw-p 00000000 00:00 0                                  [heap]
c4800000-d2680000 rw-p 00000000 00:00 0 
daa00000-ec300000 ---p 00000000 00:00 0 
ec300000-100000000 rw-p 00000000 00:00 0 
100000000-1004a0000 rw-p 00000000 00:00 0 
1004a0000-140000000 ---p 00000000 00:00 0 
7f504b8f9000-7f504b8fc000 ---p 00000000 00:00 0 
7f504b8fc000-7f504b9fa000 rw-p 00000000 00:00 0 
7f504b9fa000-7f504b9fd000 ---p 00000000 00:00 0 
7f504b9fd000-7f504bafb000 rw-p 00000000 00:00 0 
7f504bafb000-7f504bafe000 ---p 00000000 00:00 0 
7f504bafe000-7f504bbfc000 rw-p 00000000 00:00 0 
7f504bbfc000-7f504bbff000 ---p 00000000 00:00 0 
7f504bbff000-7f504bcfd000 rw-p 00000000 00:00 0 
7f504bcfd000-7f504bd00000 ---p 00000000 00:00 0 
7f504bd00000-7f504bdfe000 rw-p 00000000 00:00 0 
7f504bdfe000-7f504be01000 ---p 00000000 00:00 0 
7f504be01000-7f504beff000 rw-p 00000000 00:00 0 
7f504beff000-7f504bf02000 ---p 00000000 00:00 0 
7f504bf02000-7f504c000000 rw-p 00000000 00:00 0 
7f504c000000-7f504c021000 rw-p 00000000 00:00 0 
7f504c021000-7f5050000000 ---p 00000000 00:00 0 
7f5050075000-7f5050078000 ---p 00000000 00:00 0 
7f5050078000-7f5050176000 rw-p 00000000 00:00 0 
7f5050176000-7f5050179000 ---p 00000000 00:00 0 
7f5050179000-7f5050277000 rw-p 00000000 00:00 0 
7f5050277000-7f505027a000 ---p 00000000 00:00 0 
7f505027a000-7f5050378000 rw-p 00000000 00:00 0 
7f5050378000-7f505037b000 ---p 00000000 00:00 0 
7f505037b000-7f5050479000 rw-p 00000000 00:00 0 
7f5050479000-7f505047c000 ---p 00000000 00:00 0 
7f505047c000-7f50506ba000 rw-p 00000000 00:00 0 
7f50506ba000-7f505077a000 ---p 00000000 00:00 0 
7f505077a000-7f505077d000 ---p 00000000 00:00 0 
7f505077d000-7f505087b000 rw-p 00000000 00:00 0 
7f505087b000-7f505087e000 ---p 00000000 00:00 0 
7f505087e000-7f505097c000 rw-p 00000000 00:00 0 
7f505097c000-7f505097f000 ---p 00000000 00:00 0 
7f505097f000-7f5050a7d000 rw-p 00000000 00:00 0 
7f5050a7d000-7f5050a80000 ---p 00000000 00:00 0 
7f5050a80000-7f5050b7e000 rw-p 00000000 00:00 0 
7f5050b7e000-7f5050b81000 ---p 00000000 00:00 0 
7f5050b81000-7f5050c7f000 rw-p 00000000 00:00 0 
7f5050c7f000-7f5050c82000 ---p 00000000 00:00 0 
7f5050c82000-7f5050d80000 rw-p 00000000 00:00 0 
7f5050d80000-7f5050d83000 ---p 00000000 00:00 0 
7f5050d83000-7f5050e81000 rw-p 00000000 00:00 0 
7f5050e81000-7f5050e84000 ---p 00000000 00:00 0 
7f5050e84000-7f5050f82000 rw-p 00000000 00:00 0 
7f5050f82000-7f5050f85000 ---p 00000000 00:00 0 
7f5050f85000-7f5051083000 rw-p 00000000 00:00 0 
7f5051083000-7f5051086000 ---p 00000000 00:00 0 
7f5051086000-7f5051184000 rw-p 00000000 00:00 0 
7f5051184000-7f5051187000 ---p 00000000 00:00 0 
7f5051187000-7f5051485000 rw-p 00000000 00:00 0 
7f5051485000-7f5051488000 ---p 00000000 00:00 0 
7f5051488000-7f5051586000 rw-p 00000000 00:00 0 
7f5051586000-7f5051589000 ---p 00000000 00:00 0 
7f5051589000-7f5051687000 rw-p 00000000 00:00 0 
7f5051687000-7f505168a000 ---p 00000000 00:00 0 
7f505168a000-7f5051988000 rw-p 00000000 00:00 0 
7f50519d6000-7f50519d9000 ---p 00000000 00:00 0 
7f50519d9000-7f5051ad7000 rw-p 00000000 00:00 0 
7f5051ad7000-7f5051ada000 ---p 00000000 00:00 0 
7f5051ada000-7f5051bd8000 rw-p 00000000 00:00 0 
7f5051bd8000-7f5051bdb000 ---p 00000000 00:00 0 
7f5051bdb000-7f5051cd9000 rw-p 00000000 00:00 0 
7f5051cd9000-7f5051cdc000 ---p 00000000 00:00 0 
7f5051cdc000-7f5051dda000 rw-p 00000000 00:00 0 
7f5051dda000-7f5051ddd000 ---p 00000000 00:00 0 
7f5051ddd000-7f5051edb000 rw-p 00000000 00:00 0 
7f5051fd9000-7f5051fdc000 ---p 00000000 00:00 0 
7f5051fdc000-7f50522da000 rw-p 00000000 00:00 0 
7f50522da000-7f50522dd000 ---p 00000000 00:00 0 
7f50522dd000-7f50523db000 rw-p 00000000 00:00 0 
7f50523db000-7f50523de000 ---p 00000000 00:00 0 
7f50523de000-7f50526dc000 rw-p 00000000 00:00 0 
7f50526dc000-7f50528dc000 rw-p 00000000 00:00 0 
7f50528dc000-7f5052adc000 rw-p 00000000 00:00 0 
7f5052adc000-7f5052add000 r-xp 00000000 00:12 1527330                    /usr/lib/jvm/java-8-openjdk/jre/lib/amd64/libjaas_unix.so
7f5052add000-7f5052cdc000 ---p 00001000 00:12 1527330                    /usr/lib/jvm/java-8-openjdk/jre/lib/amd64/libjaas_unix.so
7f5052cdc000-7f5052cdd000 rw-p 00000000 00:12 1527330                    /usr/lib/jvm/java-8-openjdk/jre/lib/amd64/libjaas_unix.so
7f5052cdd000-7f5052edd000 rw-p 00000000 00:00 0 
7f5052edd000-7f50530dd000 rw-p 00000000 00:00 0 
7f50530dd000-7f50530e0000 ---p 00000000 00:00 0 
7f50530e0000-7f50531de000 rw-p 00000000 00:00 0 
7f50531de000-7f50531e6000 r-xp 00000000 00:12 1527335                    /usr/lib/jvm/java-8-openjdk/jre/lib/amd64/libmanagement.so
7f50531e6000-7f50533e6000 ---p 00008000 00:12 1527335                    /usr/lib/jvm/java-8-openjdk/jre/lib/amd64/libmanagement.so
7f50533e6000-7f50533e7000 rw-p 00008000 00:12 1527335                    /usr/lib/jvm/java-8-openjdk/jre/lib/amd64/libmanagement.so
7f50533e7000-7f50533ea000 ---p 00000000 00:00 0 
7f50533ea000-7f50536e8000 rw-p 00000000 00:00 0 
7f50536e8000-7f50536eb000 ---p 00000000 00:00 0 
7f50536eb000-7f50537e9000 rw-p 00000000 00:00 0 
7f50537e9000-7f50537ec000 ---p 00000000 00:00 0 
7f50537ec000-7f50538ea000 rw-p 00000000 00:00 0 
7f50538ea000-7f50538ed000 ---p 00000000 00:00 0 
7f50538ed000-7f50539eb000 rw-p 00000000 00:00 0 
7f50539eb000-7f50539fc000 r-xp 00000000 00:12 1527339                    /usr/lib/jvm/java-8-openjdk/jre/lib/amd64/libnio.so
7f50539fc000-7f5053bfb000 ---p 00011000 00:12 1527339                    /usr/lib/jvm/java-8-openjdk/jre/lib/amd64/libnio.so
7f5053bfb000-7f5053bfc000 rw-p 00010000 00:12 1527339                    /usr/lib/jvm/java-8-openjdk/jre/lib/amd64/libnio.so
7f5053bfc000-7f5053dfc000 rw-p 00000000 00:00 0 
7f5053dfc000-7f5053e00000 r-xp 00000000 00:12 943900                     /usr/lib/libcap.so.2.25
7f5053e00000-7f5053fff000 ---p 00004000 00:12 943900                     /usr/lib/libcap.so.2.25
7f5053fff000-7f5054000000 rw-p 00003000 00:12 943900                     /usr/lib/libcap.so.2.25
7f5054000000-7f5054021000 rw-p 00000000 00:00 0 
7f5054021000-7f5058000000 ---p 00000000 00:00 0 
7f5058000000-7f5058021000 rw-p 00000000 00:00 0 
7f5058021000-7f505c000000 ---p 00000000 00:00 0 
7f505c000000-7f505c021000 rw-p 00000000 00:00 0 
7f505c021000-7f5060000000 ---p 00000000 00:00 0 
7f5060000000-7f506008c000 rw-p 00000000 00:00 0 
7f506008c000-7f5064000000 ---p 00000000 00:00 0 
7f5064000000-7f5064021000 rw-p 00000000 00:00 0 
7f5064021000-7f5068000000 ---p 00000000 00:00 0 
7f5068000000-7f5068021000 rw-p 00000000 00:00 0 
7f5068021000-7f506c000000 ---p 00000000 00:00 0 
7f506c000000-7f506c034000 rw-p 00000000 00:00 0 
7f506c034000-7f5070000000 ---p 00000000 00:00 0 
7f5070000000-7f5070021000 rw-p 00000000 00:00 0 
7f5070021000-7f5074000000 ---p 00000000 00:00 0 
7f5074000000-7f5074334000 rw-p 00000000 00:00 0 
7f5074334000-7f5078000000 ---p 00000000 00:00 0 
7f5078000000-7f50780a2000 rw-p 00000000 00:00 0 
7f50780a2000-7f507c000000 ---p 00000000 00:00 0 
7f507c000000-7f507c021000 rw-p 00000000 00:00 0 
7f507c021000-7f5080000000 ---p 00000000 00:00 0 
7f5080000000-7f5080021000 rw-p 00000000 00:00 0 
7f5080021000-7f5084000000 ---p 00000000 00:00 0 
7f5084000000-7f5084021000 rw-p 00000000 00:00 0 
7f5084021000-7f5088000000 ---p 00000000 00:00 0 
7f5088000000-7f5088048000 rw-p 00000000 00:00 0 
7f5088048000-7f508c000000 ---p 00000000 00:00 0 
7f508c000000-7f508c021000 rw-p 00000000 00:00 0 
7f508c021000-7f5090000000 ---p 00000000 00:00 0 
7f5090000000-7f5090021000 rw-p 00000000 00:00 0 
7f5090021000-7f5094000000 ---p 00000000 00:00 0 
7f5094000000-7f5094021000 rw-p 00000000 00:00 0 
7f5094021000-7f5098000000 ---p 00000000 00:00 0 
7f5098000000-7f5098021000 rw-p 00000000 00:00 0 
7f5098021000-7f509c000000 ---p 00000000 00:00 0 
7f509c000000-7f509d76d000 rw-p 00000000 00:00 0 
7f509d76d000-7f50a0000000 ---p 00000000 00:00 0 
7f50a0000000-7f50a01d0000 rw-p 00000000 00:00 0 
7f50a01d0000-7f50a4000000 ---p 00000000 00:00 0 
7f50a4000000-7f50a4029000 rw-p 00000000 00:00 0 
7f50a4029000-7f50a8000000 ---p 00000000 00:00 0 
7f50a8000000-7f50a9459000 rw-p 00000000 00:00 0 
7f50a9459000-7f50ac000000 ---p 00000000 00:00 0 
7f50ac000000-7f50ac05d000 rw-p 00000000 00:00 0 
7f50ac05d000-7f50b0000000 ---p 00000000 00:00 0 
7f50b0000000-7f50b0021000 rw-p 00000000 00:00 0 
7f50b0021000-7f50b4000000 ---p 00000000 00:00 0 
7f50b4000000-7f50b404b000 rw-p 00000000 00:00 0 
7f50b404b000-7f50b8000000 ---p 00000000 00:00 0 
7f50b8000000-7f50b8218000 rw-p 00000000 00:00 0 
7f50b8218000-7f50bc000000 ---p 00000000 00:00 0 
7f50bc000000-7f50bc021000 rw-p 00000000 00:00 0 
7f50bc021000-7f50c0000000 ---p 00000000 00:00 0 
7f50c0000000-7f50c0021000 rw-p 00000000 00:00 0 
7f50c0021000-7f50c4000000 ---p 00000000 00:00 0 
7f50c4000000-7f50c402e000 rw-p 00000000 00:00 0 
7f50c402e000-7f50c8000000 ---p 00000000 00:00 0 
7f50c80a4000-7f50c80a7000 ---p 00000000 00:00 0 
7f50c80a7000-7f50c80dd000 rw-p 00000000 00:00 0 
7f50c80dd000-7f50c80ed000 r-xp 00000000 00:12 992291                     /usr/lib/libnss_myhostname.so.2
7f50c80ed000-7f50c80ee000 ---p 00010000 00:12 992291                     /usr/lib/libnss_myhostname.so.2
7f50c80ee000-7f50c80f0000 r--p 00010000 00:12 992291                     /usr/lib/libnss_myhostname.so.2
7f50c80f0000-7f50c80f1000 rw-p 00012000 00:12 992291                     /usr/lib/libnss_myhostname.so.2
7f50c80f1000-7f50c8105000 r-xp 00000000 00:12 1709148                    /usr/lib/libresolv-2.23.so
7f50c8105000-7f50c8304000 ---p 00014000 00:12 1709148                    /usr/lib/libresolv-2.23.so
7f50c8304000-7f50c8305000 r--p 00013000 00:12 1709148                    /usr/lib/libresolv-2.23.so
7f50c8305000-7f50c8306000 rw-p 00014000 00:12 1709148                    /usr/lib/libresolv-2.23.so
7f50c8306000-7f50c8308000 rw-p 00000000 00:00 0 
7f50c8308000-7f50c830d000 r-xp 00000000 00:12 1709140                    /usr/lib/libnss_dns-2.23.so
7f50c830d000-7f50c850c000 ---p 00005000 00:12 1709140                    /usr/lib/libnss_dns-2.23.so
7f50c850c000-7f50c850d000 r--p 00004000 00:12 1709140                    /usr/lib/libnss_dns-2.23.so
7f50c850d000-7f50c850e000 rw-p 00005000 00:12 1709140                    /usr/lib/libnss_dns-2.23.so
7f50c8540000-7f50c8543000 ---p 00000000 00:00 0 
7f50c8543000-7f50c8641000 rw-p 00000000 00:00 0 
7f50c8641000-7f50c8644000 ---p 00000000 00:00 0 
7f50c8644000-7f50c8742000 rw-p 00000000 00:00 0 
7f50c8742000-7f50c8745000 ---p 00000000 00:00 0 
7f50c8745000-7f50c877b000 rw-p 00000000 00:00 0 
7f50c877b000-7f50c877e000 ---p 00000000 00:00 0 
7f50c877e000-7f50c887c000 rw-p 00000000 00:00 0 
7f50c887c000-7f50c887f000 ---p 00000000 00:00 0 
7f50c887f000-7f50c897d000 rw-p 00000000 00:00 0 
7f50c897d000-7f50c8980000 ---p 00000000 00:00 0 
7f50c8980000-7f50c89b6000 rw-p 00000000 00:00 0 
7f50c89b6000-7f50c89b9000 ---p 00000000 00:00 0 
7f50c89b9000-7f50c8ab7000 rw-p 00000000 00:00 0 
7f50c8ab7000-7f50c8aba000 ---p 00000000 00:00 0 
7f50c8aba000-7f50c8bb8000 rw-p 00000000 00:00 0 
7f50c8bb8000-7f50c8bbb000 ---p 00000000 00:00 0 
7f50c8bbb000-7f50c8bf1000 rw-p 00000000 00:00 0 
7f50c8bf1000-7f50c8bf4000 ---p 00000000 00:00 0 
7f50c8bf4000-7f50c8cf2000 rw-p 00000000 00:00 0 
7f50c8cf2000-7f50c8cf5000 ---p 00000000 00:00 0 
7f50c8cf5000-7f50c8df3000 rw-p 00000000 00:00 0 
7f50c8df3000-7f50c8df6000 ---p 00000000 00:00 0 
7f50c8df6000-7f50c8e2c000 rw-p 00000000 00:00 0 
7f50c8e2c000-7f50c8e2f000 ---p 00000000 00:00 0 
7f50c8e2f000-7f50c8f2d000 rw-p 00000000 00:00 0 
7f50c8f2d000-7f50c8f30000 ---p 00000000 00:00 0 
7f50c8f30000-7f50c902e000 rw-p 00000000 00:00 0 
7f50c902e000-7f50c9031000 ---p 00000000 00:00 0 
7f50c9031000-7f50c912f000 rw-p 00000000 00:00 0 
7f50c912f000-7f50c9132000 ---p 00000000 00:00 0 
7f50c9132000-7f50c9168000 rw-p 00000000 00:00 0 
7f50c9168000-7f50c916c000 r--s 00097000 00:12 1527267                    /usr/lib/jvm/java-8-openjdk/jre/lib/jsse.jar
7f50c916c000-7f50c9171000 r--s 00034000 00:12 1510685                    /home/mrblati/.gradle/caches/modules-2/files-2.1/commons-beanutils/commons-beanutils/1.8.3/686ef3410bcf4ab8ce7fd0b899e832aaba5facf7/commons-beanutils-1.8.3.jar
7f50c9171000-7f50c9175000 r--s 00034000 00:12 1510709                    /home/mrblati/.gradle/caches/modules-2/files-2.1/com.fasterxml.jackson.core/jackson-core/2.4.2/ceb72830d95c512b4b300a38f29febc85bdf6e4b/jackson-core-2.4.2.jar
7f50c9175000-7f50c9176000 r--s 00006000 00:12 1510623                    /home/mrblati/.gradle/caches/modules-2/files-2.1/org.codehaus.jackson/jackson-xc/1.9.13/e3480072bc95c202476ffa1de99ff7ee9149f29c/jackson-xc-1.9.13.jar
7f50c9176000-7f50c9177000 r--s 00004000 00:12 1510620                    /home/mrblati/.gradle/caches/modules-2/files-2.1/org.codehaus.jackson/jackson-jaxrs/1.9.13/534d72d2b9d6199dd531dfb27083dd4844082bba/jackson-jaxrs-1.9.13.jar
7f50c9177000-7f50c91e9000 r--s 0065b000 00:12 1510703                    /home/mrblati/.gradle/caches/modules-2/files-2.1/org.scala-lang/scala-library/2.10.5/57ac67a6cf6fd591e235c62f8893438e8d10431d/scala-library-2.10.5.jar
7f50c91e9000-7f50c9201000 r--s 00115000 00:12 1510700                    /home/mrblati/.gradle/caches/modules-2/files-2.1/io.netty/netty/3.8.0.Final/65e00948a33493081e4f6a8619d82ab3d4024af1/netty-3.8.0.Final.jar
7f50c9201000-7f50c9205000 r--s 00020000 00:12 1510688                    /home/mrblati/.gradle/caches/modules-2/files-2.1/commons-digester/commons-digester/1.8.1/3dec9b9c7ea9342d4dbe8c38560080d85b44a015/commons-digester-1.8.1.jar
7f50c9205000-7f50c920c000 r--s 0004f000 00:12 1510682                    /home/mrblati/.gradle/caches/modules-2/files-2.1/commons-configuration/commons-configuration/1.7/3559d47ea9e5f46d8cdc6503f08344b67b255dfd/commons-configuration-1.7.jar
7f50c920c000-7f50c9210000 r--s 00028000 00:12 1510375                    /home/mrblati/.gradle/caches/modules-2/files-2.1/org.mortbay.jetty/jetty-util/6.1.26/e5642fe0399814e1687d55a3862aa5a3417226a9/jetty-util-6.1.26.jar
7f50c9210000-7f50c9215000 r--s 0002a000 00:12 1510477                    /home/mrblati/.gradle/caches/modules-2/files-2.1/com.google.code.gson/gson/2.2.4/a60a5e993c98c864010053cb901b7eab25306568/gson-2.2.4.jar
7f50c9215000-7f50c921a000 r--s 00041000 00:12 1510679                    /home/mrblati/.gradle/caches/modules-2/files-2.1/commons-lang/commons-lang/2.6/ce1edb914c94ebc388f086c6827e8bdeec71ac2/commons-lang-2.6.jar
7f50c921a000-7f50c9227000 r--s 00083000 00:12 1510691                    /home/mrblati/.gradle/caches/modules-2/files-2.1/commons-collections/commons-collections/3.2.2/8ad72fe39fa8c91eaaf12aadb21e0c3661fe26d5/commons-collections-3.2.2.jar
7f50c9227000-7f50c922e000 r--s 0003a000 00:12 1533608                    /home/mrblati/.gradle/caches/modules-2/files-2.1/commons-codec/commons-codec/1.9/9ce04e34240f674bc72680f8b843b1457383161a/commons-codec-1.9.jar
7f50c922e000-7f50c9230000 r--s 0000e000 00:12 1533605                    /home/mrblati/.gradle/caches/modules-2/files-2.1/commons-logging/commons-logging/1.2/4bfc12adfe4842bf07b657f0369c4cb522955686/commons-logging-1.2.jar
7f50c9230000-7f50c9239000 r--s 0006f000 00:12 1510670                    /home/mrblati/.gradle/caches/modules-2/files-2.1/log4j/log4j/1.2.17/5af35056b4d257e4b64b9e8069c0746e8b08629f/log4j-1.2.17.jar
7f50c9239000-7f50c923b000 r--s 00001000 00:12 1510673                    /home/mrblati/.gradle/caches/modules-2/files-2.1/org.slf4j/slf4j-log4j12/1.7.10/b3eeae7d1765f988a1f45ea81517191315c69c9e/slf4j-log4j12-1.7.10.jar
7f50c923b000-7f50c924e000 r--s 000df000 00:12 1533602                    /home/mrblati/.gradle/caches/modules-2/files-2.1/org.apache.commons/commons-math/2.2/4877b85d388275f994a5cfc7eceb73a8045d3006/commons-math-2.2.jar
7f50c924e000-7f50c924f000 r--s 00007000 00:12 1510667                    /home/mrblati/.gradle/caches/modules-2/files-2.1/org.slf4j/slf4j-api/1.7.10/5b338f206827d88acd890739f400a9b7664e5984/slf4j-api-1.7.10.jar
7f50c924f000-7f50c9258000 r--s 0007c000 00:12 1589361                    /home/mrblati/.gradle/caches/modules-2/files-2.1/org.apache.zookeeper/zookeeper/3.4.6.2.4.0.0-169/886384fad1b76bf6b473037f9270ff70d4a74bd/zookeeper-3.4.6.2.4.0.0-169-tests.jar
7f50c9258000-7f50c9264000 r--s 000b6000 00:12 1510302                    /home/mrblati/.gradle/caches/modules-2/files-2.1/org.apache.zookeeper/zookeeper/3.4.6.2.4.0.0-169/6bf9b52c5e142383b2dbaa36a2405613d7d414ad/zookeeper-3.4.6.2.4.0.0-169.jar
7f50c9264000-7f50c926a000 r--s 0004e000 00:12 1589358                    /home/mrblati/.gradle/caches/modules-2/files-2.1/de.ruedigermoeller/fst/2.24/479ba6ffefaef7005511930c3cce721c5a67ecd3/fst-2.24.jar
7f50c926a000-7f50c926c000 r--s 00012000 00:12 1510652                    /home/mrblati/.gradle/caches/modules-2/files-2.1/org.apache.directory.api/api-util/1.0.0-M20/a871abf060b3cf83fc6dc4d7e3d151fce50ac3cb/api-util-1.0.0-M20.jar
7f50c926c000-7f50c926e000 r--s 00003000 00:12 1510649                    /home/mrblati/.gradle/caches/modules-2/files-2.1/org.apache.directory.api/api-asn1-api/1.0.0-M20/5e6486ffa3125ba44dc410ead166e1d6ba8ac76d/api-asn1-api-1.0.0-M20.jar
7f50c926e000-7f50c926f000 r--s 0000a000 00:12 1510646                    /home/mrblati/.gradle/caches/modules-2/files-2.1/org.apache.directory.server/apacheds-i18n/2.0.0-M15/71c61c84683152ec2a6a65f3f96fe534e304fa22/apacheds-i18n-2.0.0-M15.jar
7f50c926f000-7f50c9274000 r--s 00038000 00:12 1589355                    /home/mrblati/.gradle/caches/modules-2/files-2.1/org.apache.hadoop/hadoop-yarn-server-applicationhistoryservice/2.7.1.2.4.0.0-169/30fcec5237d868cdb5d290a3323e81917e8dc26d/hadoop-yarn-server-applicationhistoryservice-2.7.1.2.4.0.0-169.jar
7f50c9274000-7f50c9277000 r--s 00016000 00:12 1510655                    /home/mrblati/.gradle/caches/modules-2/files-2.1/org.apache.hadoop/hadoop-yarn-registry/2.7.1.2.4.0.0-169/21a6d46bfa0ffe6fbb6d7e602654e85baccfe12e/hadoop-yarn-registry-2.7.1.2.4.0.0-169.jar
7f50c9277000-7f50c927a000 r--s 00007000 00:12 1510640                    /home/mrblati/.gradle/caches/modules-2/files-2.1/com.fasterxml.jackson.core/jackson-annotations/2.4.0/d6a66c7a5f01cf500377bd669507a08cfeba882a/jackson-annotations-2.4.0.jar
7f50c927a000-7f50c9281000 r--s 0003e000 00:12 1510523                    /home/mrblati/.gradle/caches/modules-2/files-2.1/org.sonatype.sisu.inject/cglib/2.2.1-v20090111/7ce5e983fd0e6c78346f4c9cbfa39d83049dda2/cglib-2.2.1-v20090111.jar
7f50c9281000-7f50c9282000 r--s 00003000 00:12 1510634                    /home/mrblati/.gradle/caches/modules-2/files-2.1/com.sun.jersey.contribs/jersey-guice/1.9/5963c28c47df7e5d6ad34cec80c071c368777f7b/jersey-guice-1.9.jar
7f50c9282000-7f50c9285000 r--s 0001d000 00:12 1510617                    /home/mrblati/.gradle/caches/modules-2/files-2.1/com.sun.jersey/jersey-client/1.9/d3c4b2b5f89db32c96ceddcb863684821910a7bb/jersey-client-1.9.jar
7f50c9285000-7f50c9289000 r--s 0002a000 00:12 1510594                    /home/mrblati/.gradle/caches/modules-2/files-2.1/org.apache.hadoop/hadoop-yarn-client/2.7.1.2.4.0.0-169/9734539df6a20cada4e42bbb6118070aac73f000/hadoop-yarn-client-2.7.1.2.4.0.0-169.jar
7f50c9289000-7f50c9291000 r--s 00028000 00:12 1510562                    /home/mrblati/.gradle/caches/modules-2/files-2.1/xml-apis/xml-apis/1.3.04/90b215f48fe42776c8c7f6e3509ec54e84fd65ef/xml-apis-1.3.04.jar
7f50c9291000-7f50c9292000 r--s 0000f000 00:12 1510558                    /home/mrblati/.gradle/caches/modules-2/files-2.1/com.squareup.okio/okio/1.4.0/5b72bf48563ea8410e650de14aa33ff69a3e8c35/okio-1.4.0.jar
7f50c9292000-7f50c9298000 r--s 00028000 00:12 1510547                    /home/mrblati/.gradle/caches/modules-2/files-2.1/org.apache.curator/curator-framework/2.7.1/8c7b1eeb78e43bb91ea737111ba3dec0512be876/curator-framework-2.7.1.jar
7f50c9298000-7f50c92aa000 r--s 00097000 00:12 1510541                    /home/mrblati/.gradle/caches/modules-2/files-2.1/org.apache.directory.server/apacheds-kerberos-codec/2.0.0-M15/1c16e4e477183641c5f0dd5cdecd27ec331bacb5/apacheds-kerberos-codec-2.0.0-M15.jar
7f50c92aa000-7f50c92ab000 r--s 0000a000 00:12 1510637                    /home/mrblati/.gradle/caches/modules-2/files-2.1/asm/asm/3.1/c157def142714c544bdea2e6144645702adf7097/asm-3.1.jar
7f50c92ab000-7f50c92be000 r--s 000c7000 00:12 1510661                    /home/mrblati/.gradle/caches/modules-2/files-2.1/com.sun.xml.bind/jaxb-impl/2.2.3-1/56baae106392040a45a06d4a41099173425da1e6/jaxb-impl-2.2.3-1.jar
7f50c92be000-7f50c92c0000 r--s 0000f000 00:12 1510658                    /home/mrblati/.gradle/caches/modules-2/files-2.1/org.codehaus.jettison/jettison/1.1/1a01a2a1218fcf9faa2cc2a6ced025bdea687262/jettison-1.1.jar
7f50c92c0000-7f50c92d7000 r--s 0012f000 00:12 1589346                    /home/mrblati/.gradle/caches/modules-2/files-2.1/org.apache.hadoop/hadoop-yarn-server-resourcemanager/2.7.1.2.4.0.0-169/f64c73ce4c07a84e01648bb95962402c4ea86297/hadoop-yarn-server-resourcemanager-2.7.1.2.4.0.0-169.jar
7f50c92d7000-7f50c92e6000 r--s 000a8000 00:12 1510613                    /home/mrblati/.gradle/caches/modules-2/files-2.1/org.apache.hadoop/hadoop-yarn-server-nodemanager/2.7.1.2.4.0.0-169/345470cb59a1ce154ed7a76ff9f74d248c392132/hadoop-yarn-server-nodemanager-2.7.1.2.4.0.0-169.jar
7f50c92e6000-7f50c92ed000 r--s 0005e000 00:12 1510610                    /home/mrblati/.gradle/caches/modules-2/files-2.1/org.apache.hadoop/hadoop-yarn-server-common/2.7.1.2.4.0.0-169/8ce0573456a4b39a9589f398b6ac01961caea59c/hadoop-yarn-server-common-2.7.1.2.4.0.0-169.jar
7f50c92ed000-7f50c92ef000 r--s 0000b000 00:12 1510535                    /home/mrblati/.gradle/caches/modules-2/files-2.1/com.twitter/chill-java/0.7.4/c4c005297ce8b29749edecd06f97329f25df70d/chill-java-0.7.4.jar
7f50c92ef000-7f50c9300000 r--s 000f6000 00:12 1510532                    /home/mrblati/.gradle/caches/modules-2/files-2.1/com.fasterxml.jackson.core/jackson-databind/2.4.2/8e31266a272ad25ac4c089734d93e8d811652c1f/jackson-databind-2.4.2.jar
7f50c9300000-7f50c9302000 r--s 0000a000 00:12 1510529                    /home/mrblati/.gradle/caches/modules-2/files-2.1/org.uncommons.maths/uncommons-maths/1.2.2a/e4e84f879d4160be9508aa3904516ec30c39e815/uncommons-maths-1.2.2a.jar
7f50c9302000-7f50c9306000 r--s 00032000 00:12 1510526                    /home/mrblati/.gradle/caches/modules-2/files-2.1/com.typesafe/config/1.2.1/f771f71fdae3df231bcd54d5ca2d57f0bf93f467/config-1.2.1.jar
7f50c9306000-7f50c9309000 r--s 00019000 00:12 1510423                    /home/mrblati/.gradle/caches/modules-2/files-2.1/commons-el/commons-el/1.0/1df2c042b3f2de0124750241ac6c886dbfa2cc2c/commons-el-1.0.jar
7f50c9309000-7f50c930b000 r--s 00000000 00:12 1510420                    /home/mrblati/.gradle/caches/modules-2/files-2.1/aopalliance/aopalliance/1.0/235ba8b489512805ac13a8f9ea77a1ca5ebe3e8/aopalliance-1.0.jar
7f50c930b000-7f50c930c000 r--s 00000000 00:12 1510417                    /home/mrblati/.gradle/caches/modules-2/files-2.1/javax.inject/javax.inject/1/6975da39a7040257bd51d21a231b76c915872d38/javax.inject-1.jar
7f50c930c000-7f50c931b000 r--s 0009f000 00:12 1510414                    /home/mrblati/.gradle/caches/modules-2/files-2.1/com.google.inject/guice/3.0/9d84f15fe35e2c716a02979fb62f50a29f38aefa/guice-3.0.jar
7f50c931b000-7f50c931d000 r--s 0000e000 00:12 1510411                    /home/mrblati/.gradle/caches/modules-2/files-2.1/javax.activation/activation/1.1/e6cb541461c2834bdea3eb920f1884d1eb508b50/activation-1.1.jar
7f50c931d000-7f50c931f000 r--s 00004000 00:12 1510408                    /home/mrblati/.gradle/caches/modules-2/files-2.1/javax.xml.stream/stax-api/1.0-2/d6337b0de8b25e53e81b922352fbea9f9f57ba0b/stax-api-1.0-2.jar
7f50c931f000-7f50c9322000 r--s 00017000 00:12 1510405                    /home/mrblati/.gradle/caches/modules-2/files-2.1/javax.xml.bind/jaxb-api/2.2.2/aeb3021ca93dde265796d82015beecdcff95bf09/jaxb-api-2.2.2.jar
7f50c9322000-7f50c9324000 r--s 00005000 00:12 1510399                    /home/mrblati/.gradle/caches/modules-2/files-2.1/commons-beanutils/commons-beanutils-bean-collections/1.8.3/6f74b866fb9e744b6a4064ceeef5fb6803675435/commons-beanutils-bean-collections-1.8.3.jar
7f50c9324000-7f50c9328000 r--s 00014000 00:12 1510396                    /home/mrblati/.gradle/caches/modules-2/files-2.1/org.tukaani/xz/1.0/ecff5cb8b1189514c9d1d8d68eb77ac372e000c9/xz-1.0.jar
7f50c9328000-7f50c932a000 r--s 00130000 00:12 1510387                    /home/mrblati/.gradle/caches/modules-2/files-2.1/org.xerial.snappy/snappy-java/1.0.5/10cb4550360a0ec6b80f09a5209d00b6058e82bf/snappy-java-1.0.5.jar
7f50c932a000-7f50c932c000 r--s 00006000 00:12 1510384                    /home/mrblati/.gradle/caches/modules-2/files-2.1/com.thoughtworks.paranamer/paranamer/2.3/4a85963a752c0a2f715c3924bfc686865e7e1bc6/paranamer-2.3.jar
7f50c932c000-7f50c932d000 r--s 00004000 00:12 1510381                    /home/mrblati/.gradle/caches/modules-2/files-2.1/com.jamesmurty.utils/java-xmlbuilder/0.4/ac5962e48cdee3a0a6e1f8e00fcb594747ac5aaf/java-xmlbuilder-0.4.jar
7f50c932d000-7f50c932f000 r--s 00009000 00:12 1510520                    /home/mrblati/.gradle/caches/modules-2/files-2.1/org.objenesis/objenesis/2.1/87c0ea803b69252868d09308b4618f766f135a96/objenesis-2.1.jar
7f50c932f000-7f50c9331000 r--s 00000000 00:12 1510517                    /home/mrblati/.gradle/caches/modules-2/files-2.1/com.esotericsoftware.minlog/minlog/1.2/59bfcd171d82f9981a5e242b9e840191f650e209/minlog-1.2.jar
7f50c9331000-7f50c9334000 r--s 00016000 00:12 1510514                    /home/mrblati/.gradle/caches/modules-2/files-2.1/javax.servlet.jsp/jsp-api/2.1/63f943103f250ef1f3a4d5e94d145a0f961f5316/jsp-api-2.1.jar
7f50c9334000-7f50c934c000 r--s 00189000 00:12 1510511                    /home/mrblati/.gradle/caches/modules-2/files-2.1/org.apache.hadoop/hadoop-yarn-common/2.7.1.2.4.0.0-169/6e9caedbe206e8d5687a2914b7c13d001bf33d01/hadoop-yarn-common-2.7.1.2.4.0.0-169.jar
7f50c934c000-7f50c934e000 r--s 0000e000 00:12 1589349                    /home/mrblati/.gradle/caches/modules-2/files-2.1/com.google.inject.extensions/guice-servlet/3.0/610cde0e8da5a8b7d8efb8f0b8987466ffebaaf9/guice-servlet-3.0.jar
7f50c934e000-7f50c9350000 r--s 0000a000 00:12 1510504                    /home/mrblati/.gradle/caches/modules-2/files-2.1/org.apache.hadoop/hadoop-mapreduce-client-shuffle/2.7.1.2.4.0.0-169/f2bb843935abe8e79c7ae2caea91c2f30f4fe199/hadoop-mapreduce-client-shuffle-2.7.1.2.4.0.0-169.jar
7f50c9350000-7f50c9352000 r--s 00007000 00:12 1589352                    /home/mrblati/.gradle/caches/modules-2/files-2.1/org.apache.hadoop/hadoop-yarn-server-web-proxy/2.7.1.2.4.0.0-169/a74b7634068e4fd311a34888916c7e51808ee6a9/hadoop-yarn-server-web-proxy-2.7.1.2.4.0.0-169.jar
7f50c9352000-7f50c935f000 r--s 000ab000 00:12 1510501                    /home/mrblati/.gradle/caches/modules-2/files-2.1/org.apache.hadoop/hadoop-mapreduce-client-common/2.7.1.2.4.0.0-169/e32ef97f66302ebcf18f708218b3420ef52a98ef/hadoop-mapreduce-client-common-2.7.1.2.4.0.0-169.jar
7f50c935f000-7f50c9362000 r--s 000fd000 00:12 1510498                    /home/mrblati/.gradle/caches/modules-2/files-2.1/org.fusesource.leveldbjni/leveldbjni-all/1.8/707350a2eeb1fa2ed77a32ddb3893ed308e941db/leveldbjni-all-1.8.jar
7f50c9362000-7f50c937a000 r--s 00115000 00:12 1510495                    /home/mrblati/.gradle/caches/modules-2/files-2.1/xerces/xercesImpl/2.9.1/7bc7e49ddfe4fb5f193ed37ecc96c12292c8ceb6/xercesImpl-2.9.1.jar
7f50c937a000-7f50c937b000 r--s 00005000 00:12 1510402                    /home/mrblati/.gradle/caches/modules-2/files-2.1/commons-daemon/commons-daemon/1.0.13/750856a1fdb3ddf721ccf73c3518e4211cffc3a3/commons-daemon-1.0.13.jar
7f50c937b000-7f50c9380000 r--s 00049000 00:12 1510492                    /home/mrblati/.gradle/caches/modules-2/files-2.1/com.squareup.okhttp/okhttp/2.4.0/40340c0748190fe897baf7bffbc1b282734294e5/okhttp-2.4.0.jar
7f50c9380000-7f50c9385000 r--s 00036000 00:12 1510393                    /home/mrblati/.gradle/caches/modules-2/files-2.1/org.apache.commons/commons-compress/1.4.1/b02e84a993d88568417536240e970c4b809126fd/commons-compress-1.4.1.jar
7f50c9385000-7f50c9388000 r--s 00006000 00:12 1510489                    /home/mrblati/.gradle/caches/modules-2/files-2.1/com.google.code.findbugs/jsr305/3.0.0/5871fb60dc68d67da54a663c3fd636a10a532948/jsr305-3.0.0.jar
7f50c9388000-7f50c9390000 r--s 0003b000 00:12 1510486                    /home/mrblati/.gradle/caches/modules-2/files-2.1/org.apache.curator/curator-recipes/2.7.1/a2c180efc6a38a4f8c9197eb35bb4eb5716cd2fa/curator-recipes-2.7.1.jar
7f50c9390000-7f50c9392000 r--s 0000f000 00:12 1510483                    /home/mrblati/.gradle/caches/modules-2/files-2.1/org.apache.curator/curator-client/2.7.1/a591dfc085db3e9d4d480381cc7e6ae8a26b34af/curator-client-2.7.1.jar
7f50c9392000-7f50c9395000 r--s 0002b000 00:12 1510390                    /home/mrblati/.gradle/caches/modules-2/files-2.1/com.jcraft/jsch/0.1.42/a86104b0f2e0c0bab5b0df836065823a99b5e334/jsch-0.1.42.jar
7f50c9395000-7f50c9397000 r--s 00010000 00:12 1510480                    /home/mrblati/.gradle/caches/modules-2/files-2.1/org.apache.hadoop/hadoop-auth/2.7.1.2.4.0.0-169/8ecb129f3c50aa41dcee58408a95a76a3c5197d5/hadoop-auth-2.7.1.2.4.0.0-169.jar
7f50c9397000-7f50c93a5000 r--s 000b1000 00:12 1510697                    /home/mrblati/.gradle/caches/modules-2/files-2.1/org.codehaus.jackson/jackson-mapper-asl/1.9.13/1ee2f2bed0e5dd29d1cb155a166e6f8d50bbddb7/jackson-mapper-asl-1.9.13.jar
7f50c93a5000-7f50c93a9000 r--s 00035000 00:12 1510694                    /home/mrblati/.gradle/caches/modules-2/files-2.1/org.codehaus.jackson/jackson-core-asl/1.9.13/3c304d70f42f832e0a86d45bd437f692129299a4/jackson-core-asl-1.9.13.jar
7f50c93a9000-7f50c93b2000 r--s 00086000 00:12 1510471                    /home/mrblati/.gradle/caches/modules-2/files-2.1/com.microsoft.windowsazure.storage/microsoft-windowsazure-storage-sdk/0.6.0/d228312b4b4036140f4149aa699d52a832dfb4d7/microsoft-windowsazure-storage-sdk-0.6.0.jar
7f50c93b2000-7f50c93bb000 r--s 0007b000 00:12 1510664                    /home/mrblati/.gradle/caches/modules-2/files-2.1/net.java.dev.jets3t/jets3t/0.9.0/792bc96ee7e57b89f472aa0cb5a31015b9f59c96/jets3t-0.9.0.jar
7f50c93bb000-7f50c93cd000 r--s 0009d000 00:12 1510627                    /home/mrblati/.gradle/caches/modules-2/files-2.1/com.sun.jersey/jersey-server/1.9/3a6ea7cc5e15c824953f9f3ece2201b634d90d18/jersey-server-1.9.jar
7f50c93cd000-7f50c93d1000 r--s 00021000 00:12 1510631                    /home/mrblati/.gradle/caches/modules-2/files-2.1/com.sun.jersey/jersey-json/1.9/1aa73e1896bcc7013fed247157d7f676226eb432/jersey-json-1.9.jar
7f50c93d1000-7f50c93db000 r--s 00066000 00:12 1510378                    /home/mrblati/.gradle/caches/modules-2/files-2.1/com.sun.jersey/jersey-core/1.9/8341846f18187013bb9e27e46b7ee00a6395daf4/jersey-core-1.9.jar
7f50c93db000-7f50c93e1000 r--s 0007e000 00:12 1532030                    /home/mrblati/.gradle/caches/modules-2/files-2.1/org.mortbay.jetty/jetty/6.1.26.hwx/d9960f657e71772000a346e587218f9c2d87fb65/jetty-6.1.26.hwx.jar
7f50c93e1000-7f50c93e3000 r--s 00018000 00:12 1510372                    /home/mrblati/.gradle/caches/modules-2/files-2.1/javax.servlet/servlet-api/2.5/5959582d97d8b61f4d154ca9e495aafd16726e34/servlet-api-2.5.jar
7f50c93e3000-7f50c93e8000 r--s 0003e000 00:12 1510369                    /home/mrblati/.gradle/caches/modules-2/files-2.1/commons-net/commons-net/3.1/2298164a7c2484406f2aa5ac85b205d39019896f/commons-net-3.1.jar
7f50c93e8000-7f50c93ee000 r--s 00045000 00:12 1510468                    /home/mrblati/.gradle/caches/modules-2/files-2.1/commons-httpclient/commons-httpclient/3.1/964cd74171f427720480efdec40a7c7f6e58426a/commons-httpclient-3.1.jar
7f50c93ee000-7f50c93ef000 r--s 00003000 00:12 1510366                    /home/mrblati/.gradle/caches/modules-2/files-2.1/xmlenc/xmlenc/0.52/d82554efbe65906d83b3d97bd7509289e9db561a/xmlenc-0.52.jar
7f50c93ef000-7f50c93f1000 r--s 00005000 00:12 1510465                    /home/mrblati/.gradle/caches/modules-2/files-2.1/regexp/regexp/1.3/973df2b78b67bcd3144c3dbbb88da691065a3f8d/regexp-1.3.jar
7f50c93f1000-7f50c93f3000 r--s 00008000 00:12 1510462                    /home/mrblati/.gradle/caches/modules-2/files-2.1/org.apache.maven.scm/maven-scm-provider-svn-commons/1.4/54bc1dc24c5d205b4d251a83f4ea63808c21a628/maven-scm-provider-svn-commons-1.4.jar
7f50c93f3000-7f50c93f8000 r--s 00039000 00:12 1510459                    /home/mrblati/.gradle/caches/modules-2/files-2.1/org.codehaus.plexus/plexus-utils/1.5.6/8fb6b798a4036048b3005e058553bf21a87802ed/plexus-utils-1.5.6.jar
7f50c93f8000-7f50c93fc000 r--s 00025000 00:12 1589343                    /home/mrblati/.gradle/caches/modules-2/files-2.1/org.apache.hadoop/hadoop-mapreduce-client-hs/2.7.1.2.4.0.0-169/c8d8aa2843212cd476a422b38697e0a0eed95075/hadoop-mapreduce-client-hs-2.7.1.2.4.0.0-169.jar
7f50c93fc000-7f50c93fd000 r--s 0000c000 00:12 1589340                    /home/mrblati/.gradle/caches/modules-2/files-2.1/org.apache.hadoop/hadoop-yarn-server-tests/2.7.1.2.4.0.0-169/299859cb47bd381c72f80aecbe0acda58e2bea93/hadoop-yarn-server-tests-2.7.1.2.4.0.0-169-tests.jar
7f50c93fd000-7f50c9405000 r--s 0007b000 00:12 1510474                    /home/mrblati/.gradle/caches/modules-2/files-2.1/com.google.protobuf/protobuf-java/2.5.0/a10732c76bfacdbd633a7eb0f7968b1059a65dfa/protobuf-java-2.5.0.jar
7f50c9405000-7f50c9408000 r--s 00016000 00:12 1589337                    /home/mrblati/.gradle/caches/modules-2/files-2.1/org.eclipse.jetty/jetty-io/9.1.5.v20140505/6a509d6bb87ecd5d86d799fd4a3e75a61f0c6ee6/jetty-io-9.1.5.v20140505.jar
7f50c9408000-7f50c940b000 r--s 00017000 00:12 1589334                    /home/mrblati/.gradle/caches/modules-2/files-2.1/org.eclipse.jetty/jetty-http/9.1.5.v20140505/a2458ef5c368dd4027d64beed1e5e1b2c1cbebc7/jetty-http-9.1.5.v20140505.jar
7f50c940b000-7f50c9411000 r--s 0004e000 00:12 1589331                    /home/mrblati/.gradle/caches/modules-2/files-2.1/org.eclipse.jetty/jetty-util/9.1.5.v20140505/9d2a23b732c015cc568ec725564543230ee6a7ec/jetty-util-9.1.5.v20140505.jar
7f50c9411000-7f50c9414000 r--s 00019000 00:12 1589328                    /home/mrblati/.gradle/caches/modules-2/files-2.1/org.eclipse.jetty/jetty-servlet/9.1.5.v20140505/7465c90bd6ed51668f624f6328c2a0bee6be2d45/jetty-servlet-9.1.5.v20140505.jar
7f50c9414000-7f50c941a000 r--s 0005d000 00:12 1589325                    /home/mrblati/.gradle/caches/modules-2/files-2.1/org.eclipse.jetty/jetty-server/9.1.5.v20140505/73c06d9399cf17b52b3d75def3d1d36638dcd607/jetty-server-9.1.5.v20140505.jar
7f50c941a000-7f50c941d000 r--s 00015000 00:12 1589322                    /home/mrblati/.gradle/caches/modules-2/files-2.1/org.eclipse.jetty/jetty-security/9.1.5.v20140505/7e228ab14f0b3f12780144bc01b1b81c42c84df9/jetty-security-9.1.5.v20140505.jar
7f50c941d000-7f50c9421000 r--s 0003d000 00:12 1589319                    /home/mrblati/.gradle/caches/modules-2/files-2.1/org.apache.accumulo/accumulo-shell/1.7.0.2.4.0.0-169/ebaf3ed140c02e37870fccae076c200bb7c0a76c/accumulo-shell-1.7.0.2.4.0.0-169.jar
7f50c9421000-7f50c9424000 r--s 00015000 00:12 1589316                    /home/mrblati/.gradle/caches/modules-2/files-2.1/javax.servlet/javax.servlet-api/3.1.0/3cd63d075497751784b2fa84be59432f4905bf7c/javax.servlet-api-3.1.0.jar
7f50c9424000-7f50c9429000 r--s 00032000 00:12 1510456                    /home/mrblati/.gradle/caches/modules-2/files-2.1/com.twitter/chill_2.10/0.7.4/9cc9031c9070171da0cbd8a3037656ef70bd65eb/chill_2.10-0.7.4.jar
7f50c9429000-7f50c942a000 r--s 00003000 00:12 1510453                    /home/mrblati/.gradle/caches/modules-2/files-2.1/io.dropwizard.metrics/metrics-json/3.1.0/47b1c72af77ca81771422269b807ef6198392741/metrics-json-3.1.0.jar
7f50c942a000-7f50c942c000 r--s 00007000 00:12 1510450                    /home/mrblati/.gradle/caches/modules-2/files-2.1/io.dropwizard.metrics/metrics-jvm/3.1.0/56b1ed0c306cc938515d3e321b59f4f836f6892a/metrics-jvm-3.1.0.jar
7f50c942c000-7f50c9430000 r--s 00018000 00:12 1510447                    /home/mrblati/.gradle/caches/modules-2/files-2.1/io.dropwizard.metrics/metrics-core/3.1.0/40e16d596ca49964a88bbce2261e387895b3499e/metrics-core-3.1.0.jar
7f50c9430000-7f50c9434000 r--s 0001b000 00:12 1510444                    /home/mrblati/.gradle/caches/modules-2/files-2.1/com.github.scopt/scopt_2.10/3.2.0/46c4d16a8691f31a80d70237f18de74995d917c8/scopt_2.10-3.2.0.jar
7f50c9434000-7f50c9435000 r--s 00001000 00:12 1510441                    /home/mrblati/.gradle/caches/modules-2/files-2.1/org.clapper/grizzled-slf4j_2.10/1.0.2/a996fb026bba0b470d29b251c9f6d482d6d8ecec/grizzled-slf4j_2.10-1.0.2.jar
7f50c9435000-7f50c9436000 r--s 00003000 00:12 1510438                    /home/mrblati/.gradle/caches/modules-2/files-2.1/com.typesafe.akka/akka-slf4j_2.10/2.3.7/ac3ca6d382ced97a8797bc2e47c89880eee7884b/akka-slf4j_2.10-2.3.7.jar
7f50c9436000-7f50c944b000 r--s 00134000 00:12 1510435                    /home/mrblati/.gradle/caches/modules-2/files-2.1/com.typesafe.akka/akka-remote_2.10/2.3.7/d5603ae49eefde410f5e75f41b4f60bee61b7bfd/akka-remote_2.10-2.3.7.jar
7f50c944b000-7f50c9470000 r--s 00253000 00:12 1510432                    /home/mrblati/.gradle/caches/modules-2/files-2.1/com.typesafe.akka/akka-actor_2.10/2.3.7/b20f18109689918f05238deea29e681946d30ef7/akka-actor_2.10-2.3.7.jar
7f50c9470000-7f50c947a000 r--s 000a5000 00:12 1510429                    /home/mrblati/.gradle/caches/modules-2/files-2.1/org.javassist/javassist/3.18.2-GA/1180a90fbad732b60fb728a6bbe8fcb3151423d7/javassist-3.18.2-GA.jar
7f50c947a000-7f50c949a000 r--s 001ba000 00:12 1510426                    /home/mrblati/.gradle/caches/modules-2/files-2.1/io.netty/netty-all/4.0.27.Final/3356bba317ac7875014930344bb6e4a592e72e61/netty-all-4.0.27.Final.jar
7f50c949a000-7f50c94c2000 rw-p 00000000 00:00 0 
7f50c94c2000-7f50c95e7000 r--s 01055000 00:12 1510309                    /home/mrblati/.gradle/caches/modules-2/files-2.1/org.apache.flink/flink-shaded-hadoop2/1.0.0/ec937bdfb4d34247c16c81cd9780f80b9b2727af/flink-shaded-hadoop2-1.0.0.jar
7f50c95e7000-7f50c95ef000 r--s 00060000 00:12 1510363                    /home/mrblati/.gradle/caches/modules-2/files-2.1/org.apache.avro/avro/1.7.6/2b02bff72cffe2c52d336ccbb9cfe8d0fc59be7e/avro-1.7.6.jar
7f50c95ef000-7f50c95f5000 r--s 0004d000 00:12 1510360                    /home/mrblati/.gradle/caches/modules-2/files-2.1/com.esotericsoftware.kryo/kryo/2.24.0/c6b206e80cfd97e66a1364003724491c757b92f/kryo-2.24.0.jar
7f50c95f5000-7f50c95f6000 r--s 00002000 00:12 1510357                    /home/mrblati/.gradle/caches/modules-2/files-2.1/org.apache.flink/flink-annotations/1.0.0/bf4ad9ba82052bb642be1c9e3bf313081534817a/flink-annotations-1.0.0.jar
7f50c95f6000-7f50c95f8000 r--s 00003000 00:12 1510354                    /home/mrblati/.gradle/caches/modules-2/files-2.1/org.apache.hadoop/hadoop-annotations/2.7.1.2.4.0.0-169/d26d25a7e19f8f47ad08b41506d9cde783afbc11/hadoop-annotations-2.7.1.2.4.0.0-169.jar
7f50c95f8000-7f50c960f000 r--s 00160000 00:12 1589292                    /home/mrblati/.gradle/caches/modules-2/files-2.1/org.apache.hadoop/hadoop-mapreduce-client-jobclient/2.7.1.2.4.0.0-169/edf923397a840b58594831098d9d9753411d537d/hadoop-mapreduce-client-jobclient-2.7.1.2.4.0.0-169-tests.jar
7f50c960f000-7f50c9611000 r--s 00008000 00:12 1510351                    /home/mrblati/.gradle/caches/modules-2/files-2.1/org.apache.hadoop/hadoop-mapreduce-client-jobclient/2.7.1.2.4.0.0-169/63df0ab69b6d2ede77c497db87d1c39796ae6f04/hadoop-mapreduce-client-jobclient-2.7.1.2.4.0.0-169.jar
7f50c9611000-7f50c962a000 r--s 0015e000 00:12 1510348                    /home/mrblati/.gradle/caches/modules-2/files-2.1/org.apache.hadoop/hadoop-mapreduce-client-core/2.7.1.2.4.0.0-169/61dd1bb75991364f3f78c51d358e3ab3ae8097b1/hadoop-mapreduce-client-core-2.7.1.2.4.0.0-169.jar
7f50c962a000-7f50c9648000 r--s 001e5000 00:12 1510345                    /home/mrblati/.gradle/caches/modules-2/files-2.1/org.apache.hadoop/hadoop-yarn-api/2.7.1.2.4.0.0-169/3352865b8e5b584a40e2ee572cb0a0c6f398611c/hadoop-yarn-api-2.7.1.2.4.0.0-169.jar
7f50c9648000-7f50c9652000 r--s 00074000 00:12 1510342                    /home/mrblati/.gradle/caches/modules-2/files-2.1/org.apache.hadoop/hadoop-mapreduce-client-app/2.7.1.2.4.0.0-169/d7a24f2cfd08699afe7160826e23a075370ed107/hadoop-mapreduce-client-app-2.7.1.2.4.0.0-169.jar
7f50c9652000-7f50c9676000 r--s 00311000 00:12 1589289                    /home/mrblati/.gradle/caches/modules-2/files-2.1/org.apache.hadoop/hadoop-hdfs/2.7.1.2.4.0.0-169/6d30c87e5a98c1884e733569f1a47fe8d87fd2b0/hadoop-hdfs-2.7.1.2.4.0.0-169-tests.jar
7f50c9676000-7f50c96e1000 r--s 00786000 00:12 1510339                    /home/mrblati/.gradle/caches/modules-2/files-2.1/org.apache.hadoop/hadoop-hdfs/2.7.1.2.4.0.0-169/d6658485dbe2b061e1f54d57d4362ade6949b646/hadoop-hdfs-2.7.1.2.4.0.0-169.jar
7f50c96e1000-7f50c96fe000 r--s 001b4000 00:12 1589286                    /home/mrblati/.gradle/caches/modules-2/files-2.1/org.apache.hadoop/hadoop-common/2.7.1.2.4.0.0-169/39b3205ccb8eea9e9e78fc8b71f2ce0010847629/hadoop-common-2.7.1.2.4.0.0-169-tests.jar
7f50c96fe000-7f50c9735000 r--s 00319000 00:12 1510336                    /home/mrblati/.gradle/caches/modules-2/files-2.1/org.apache.hadoop/hadoop-common/2.7.1.2.4.0.0-169/92996f543e4e968c37f36b1e9f3c3f0032e96ea7/hadoop-common-2.7.1.2.4.0.0-169.jar
7f50c9735000-7f50c9738000 r--s 0000f000 00:12 1510333                    /home/mrblati/.gradle/caches/modules-2/files-2.1/org.apache.maven.scm/maven-scm-provider-svnexe/1.4/b3213b40157b701ba079b738baac391e41418c18/maven-scm-provider-svnexe-1.4.jar
7f50c9738000-7f50c973c000 r--s 00014000 00:12 1510330                    /home/mrblati/.gradle/caches/modules-2/files-2.1/org.apache.maven.scm/maven-scm-api/1.4/e294693ce217bd6f470b728127854e6ca787fd29/maven-scm-api-1.4.jar
7f50c973c000-7f50c973d000 r--s 00000000 00:12 1589313                    /home/mrblati/.gradle/caches/modules-2/files-2.1/org.apache.hadoop/hadoop-minicluster/2.7.1.2.4.0.0-169/cd8d35537a69e09c8a1d141d1bba8f3b64f7a86e/hadoop-minicluster-2.7.1.2.4.0.0-169.jar
7f50c973d000-7f50c9744000 r--s 0006f000 00:12 1589310                    /home/mrblati/.gradle/caches/modules-2/files-2.1/org.apache.accumulo/accumulo-tserver/1.7.0.2.4.0.0-169/f65d6ef94a40966d281d7e694f273eef872e3365/accumulo-tserver-1.7.0.2.4.0.0-169.jar
7f50c9744000-7f50c9747000 r--s 00020000 00:12 1589307                    /home/mrblati/.gradle/caches/modules-2/files-2.1/org.apache.accumulo/accumulo-tracer/1.7.0.2.4.0.0-169/7132506395ca2509e61b58aca9ccb67ece0076af/accumulo-tracer-1.7.0.2.4.0.0-169.jar
7f50c9747000-7f50c9752000 r--s 0009a000 00:12 1589304                    /home/mrblati/.gradle/caches/modules-2/files-2.1/org.apache.accumulo/accumulo-server-base/1.7.0.2.4.0.0-169/ad51e7486441055e86082925de41a50a025725ff/accumulo-server-base-1.7.0.2.4.0.0-169.jar
7f50c9752000-7f50c9756000 r--s 00059000 00:12 1589301                    /home/mrblati/.gradle/caches/modules-2/files-2.1/org.apache.accumulo/accumulo-monitor/1.7.0.2.4.0.0-169/61e80783f6dffe0835ff59734603d3d8cdc442b4/accumulo-monitor-1.7.0.2.4.0.0-169.jar
7f50c9756000-7f50c975a000 r--s 00042000 00:12 1589298                    /home/mrblati/.gradle/caches/modules-2/files-2.1/org.apache.accumulo/accumulo-master/1.7.0.2.4.0.0-169/aa8719491283e3c5cacf8ca2e8d97e104db916f0/accumulo-master-1.7.0.2.4.0.0-169.jar
7f50c975a000-7f50c975c000 r--s 0000d000 00:12 1589295                    /home/mrblati/.gradle/caches/modules-2/files-2.1/org.apache.accumulo/accumulo-gc/1.7.0.2.4.0.0-169/eb3d9df675bcc5cc768ed1706c36e12b45045765/accumulo-gc-1.7.0.2.4.0.0-169.jar
7f50c975c000-7f50c975e000 r--s 00009000 00:12 1507336                    /home/mrblati/.gradle/caches/modules-2/files-2.1/org.hamcrest/hamcrest-core/1.3/42a25dc3219429f0e5d060061f71acb49bf010a0/hamcrest-core-1.3.jar
7f50c975e000-7f50c9765000 r--s 00049000 00:12 1533599                    /home/mrblati/.gradle/caches/modules-2/files-2.1/org.apache.httpcomponents/httpcore/4.4.4/b31526a230871fbe285fbcbe2813f9c0839ae9b0/httpcore-4.4.4.jar
7f50c9765000-7f50c9767000 r--s 00009000 00:12 1510327                    /home/mrblati/.gradle/caches/modules-2/files-2.1/commons-cli/commons-cli/1.2/2bf96b7aa8b611c177d329452af1dc933e14501c/commons-cli-1.2.jar
7f50c9767000-7f50c97a9000 r--s 002b2000 00:12 1510266                    /home/mrblati/.gradle/caches/modules-2/files-2.1/org.apache.flink/flink-java/1.0.0/7c03605642aa0bf75bd3bf58f7753aa2f58d9b7d/flink-java-1.0.0.jar
7f50c97a9000-7f50c97e3000 r--s 00265000 00:12 1510324                    /home/mrblati/.gradle/caches/modules-2/files-2.1/org.apache.flink/flink-optimizer_2.10/1.0.0/638cb83da6408fcc03ea8117053775e6d8a07ca/flink-optimizer_2.10-1.0.0.jar
7f50c97e3000-7f50c97ea000 r--s 0005e000 00:12 1510315                    /home/mrblati/.gradle/caches/modules-2/files-2.1/org.apache.commons/commons-lang3/3.3.2/90a3822c38ec8c996e84c16a3477ef632cbc87a3/commons-lang3-3.3.2.jar
7f50c97ea000-7f50c980e000 r--s 001ce000 00:12 1510312                    /home/mrblati/.gradle/caches/modules-2/files-2.1/org.apache.commons/commons-math3/3.5/13af68e9a11576953f5c4b09436f8207be9d3a27/commons-math3-3.5.jar
7f50c980e000-7f50c9882000 r--s 004ba000 00:12 1510321                    /home/mrblati/.gradle/caches/modules-2/files-2.1/org.apache.flink/flink-runtime_2.10/1.0.0/289f9c14d8555a37f21e5b8ffe1a7c3c12a1adcd/flink-runtime_2.10-1.0.0.jar
7f50c9882000-7f50c98c6000 r--s 002d5000 00:12 1510305                    /home/mrblati/.gradle/caches/modules-2/files-2.1/org.apache.flink/flink-core/1.0.0/f19904b5ac1fbe4c245d1c3d8fb6dd577b3b926b/flink-core-1.0.0.jar
7f50c98c6000-7f50c98cb000 r--s 00030000 00:12 1510299                    /home/mrblati/.gradle/caches/modules-2/files-2.1/org.apache.thrift/libthrift/0.9.1/16c9cccf08caa385b5fc93934cb3216fe6ac6a72/libthrift-0.9.1.jar
7f50c98cb000-7f50c98e4000 r--s 00150000 00:12 1510296                    /home/mrblati/.gradle/caches/modules-2/files-2.1/org.apache.htrace/htrace-core/3.1.0-incubating/f73606e7c9ede5802335c290bf47490ad6d51df3/htrace-core-3.1.0-incubating.jar
7f50c98e4000-7f50c98ed000 r--s 0005d000 00:12 1510290                    /home/mrblati/.gradle/caches/modules-2/files-2.1/org.apache.commons/commons-vfs2/2.0/b5af3b9c96b060d77c68fa5ac9384b402dd58013/commons-vfs2-2.0.jar
7f50c98ed000-7f50c98fa000 r--s 000a7000 00:12 1533593                    /home/mrblati/.gradle/caches/modules-2/files-2.1/org.apache.httpcomponents/httpclient/4.5.2/733db77aa8d9b2d68015189df76ab06304406e50/httpclient-4.5.2.jar
7f50c98fa000-7f50c9930000 r--s 00224000 00:12 1533590                    /home/mrblati/.gradle/caches/modules-2/files-2.1/org.apache.flink/flink-connector-twitter_2.10/1.0.0/c0b721501e8d40ebacebdd3e242d800d99f54e06/flink-connector-twitter_2.10-1.0.0.jar
7f50c9930000-7f50c9967000 r--s 00225000 00:12 1510269                    /home/mrblati/.gradle/caches/modules-2/files-2.1/org.apache.flink/flink-clients_2.10/1.0.0/6f666dcfa3d1df29709a713ec3e08ae240b399ce/flink-clients_2.10-1.0.0.jar
7f50c9967000-7f50c99a6000 r--s 00288000 00:12 1533587                    /home/mrblati/.gradle/caches/modules-2/files-2.1/org.apache.flink/flink-streaming-java_2.10/1.0.0/41273a5b5fd8e79aca39fc7efb2a63d5d29d3e76/flink-streaming-java_2.10-1.0.0.jar
7f50c99a6000-7f50c9a00000 r--s 00458000 00:12 1510260                    /home/mrblati/.gradle/caches/modules-2/files-2.1/org.apache.accumulo/accumulo-core/1.7.0.2.4.0.0-169/4f6d7c41bb075a72aeb9a0d8cb9e1c5ca2a90157/accumulo-core-1.7.0.2.4.0.0-169.jar
7f50c9a00000-7f50c9a16000 r-xp 00000000 00:12 1527328                    /usr/lib/jvm/java-8-openjdk/jre/lib/amd64/libnet.so
7f50c9a16000-7f50c9c16000 ---p 00016000 00:12 1527328                    /usr/lib/jvm/java-8-openjdk/jre/lib/amd64/libnet.so
7f50c9c16000-7f50c9c17000 rw-p 00016000 00:12 1527328                    /usr/lib/jvm/java-8-openjdk/jre/lib/amd64/libnet.so
7f50c9c17000-7f50c9c1a000 ---p 00000000 00:00 0 
7f50c9c1a000-7f50c9d18000 rw-p 00000000 00:00 0 
7f50c9d18000-7f50c9d19000 ---p 00000000 00:00 0 
7f50c9d19000-7f50c9e19000 rw-p 00000000 00:00 0 
7f50c9e19000-7f50c9e1c000 ---p 00000000 00:00 0 
7f50c9e1c000-7f50c9f1a000 rw-p 00000000 00:00 0 
7f50c9f1a000-7f50c9f1d000 ---p 00000000 00:00 0 
7f50c9f1d000-7f50ca01b000 rw-p 00000000 00:00 0 
7f50ca01b000-7f50ca01e000 ---p 00000000 00:00 0 
7f50ca01e000-7f50ca11c000 rw-p 00000000 00:00 0 
7f50ca11c000-7f50ca11f000 ---p 00000000 00:00 0 
7f50ca11f000-7f50ca21d000 rw-p 00000000 00:00 0 
7f50ca21d000-7f50ca220000 ---p 00000000 00:00 0 
7f50ca220000-7f50ca31e000 rw-p 00000000 00:00 0 
7f50ca31e000-7f50ca634000 r--p 00000000 00:12 1709414                    /usr/lib/locale/locale-archive
7f50ca634000-7f50ca637000 ---p 00000000 00:00 0 
7f50ca637000-7f50ca735000 rw-p 00000000 00:00 0 
7f50ca735000-7f50ca738000 ---p 00000000 00:00 0 
7f50ca738000-7f50ca836000 rw-p 00000000 00:00 0 
7f50ca836000-7f50ca837000 ---p 00000000 00:00 0 
7f50ca837000-7f50cd000000 rw-p 00000000 00:00 0 
7f50cd000000-7f50cd6b0000 rwxp 00000000 00:00 0 
7f50cd6b0000-7f50dc000000 ---p 00000000 00:00 0 
7f50dc000000-7f50dd519000 rw-p 00000000 00:00 0 
7f50dd519000-7f50e0000000 ---p 00000000 00:00 0 
7f50e0000000-7f50e0001000 r--s 00001000 00:12 1510318                    /home/mrblati/.gradle/caches/modules-2/files-2.1/org.apache.flink/force-shading/1.0.0/476785c9014fbf68114eea410ea2ec35758aa686/force-shading-1.0.0.jar
7f50e0001000-7f50e0003000 r--s 0000a000 00:12 1533596                    /home/mrblati/.gradle/caches/modules-2/files-2.1/org.apache.sling/org.apache.sling.commons.json/2.0.6/77c543d494f4f767b949c4c37bc6d3168f3326a3/org.apache.sling.commons.json-2.0.6.jar
7f50e0003000-7f50e0004000 r--s 00000000 00:12 1510293                    /home/mrblati/.gradle/caches/modules-2/files-2.1/org.apache.hadoop/hadoop-client/2.7.1.2.4.0.0-169/83c775f69b705f531cdcc8b58ac96e6ca83ee181/hadoop-client-2.7.1.2.4.0.0-169.jar
7f50e0004000-7f50e0007000 r--s 00019000 00:12 1510281                    /home/mrblati/.gradle/caches/modules-2/files-2.1/org.apache.accumulo/accumulo-fate/1.7.0.2.4.0.0-169/3aa65dcfd0dd8a1aa53d45070af55cc590c965f4/accumulo-fate-1.7.0.2.4.0.0-169.jar
7f50e0007000-7f50e000a000 r--s 00030000 00:12 1510278                    /home/mrblati/.gradle/caches/modules-2/files-2.1/jline/jline/2.11/9504d5e2da5d78237239c5226e8200ec21182040/jline-2.11.jar
7f50e000a000-7f50e0036000 r--s 00208000 00:12 1510263                    /home/mrblati/.gradle/caches/modules-2/files-2.1/com.google.guava/guava/19.0/6ce200f6b23222af3d8abb6b6459e6c44f4bb0e9/guava-19.0.jar
7f50e0036000-7f50e073e000 rw-p 00000000 00:00 0 
7f50e073e000-7f50e090b000 r--s 03bec000 00:12 1527269                    /usr/lib/jvm/java-8-openjdk/jre/lib/rt.jar
7f50e090b000-7f50e135d000 rw-p 00000000 00:00 0 
7f50e135d000-7f50e135e000 ---p 00000000 00:00 0 
7f50e135e000-7f50e145e000 rw-p 00000000 00:00 0 
7f50e145e000-7f50e145f000 ---p 00000000 00:00 0 
7f50e145f000-7f50e155f000 rw-p 00000000 00:00 0 
7f50e155f000-7f50e1560000 ---p 00000000 00:00 0 
7f50e1560000-7f50e1660000 rw-p 00000000 00:00 0 
7f50e1660000-7f50e1661000 ---p 00000000 00:00 0 
7f50e1661000-7f50e17d1000 rw-p 00000000 00:00 0 
7f50e17d1000-7f50e189f000 ---p 00000000 00:00 0 
7f50e189f000-7f50e190f000 rw-p 00000000 00:00 0 
7f50e190f000-7f50e19dc000 ---p 00000000 00:00 0 
7f50e19dc000-7f50e1a7b000 rw-p 00000000 00:00 0 
7f50e1a7b000-7f50e1a97000 rw-p 00000000 00:00 0 
7f50e1a97000-7f50e1e3c000 ---p 00000000 00:00 0 
7f50e1e3c000-7f50e1e44000 r-xp 00000000 00:12 1527326                    /usr/lib/jvm/java-8-openjdk/jre/lib/amd64/libzip.so
7f50e1e44000-7f50e2043000 ---p 00008000 00:12 1527326                    /usr/lib/jvm/java-8-openjdk/jre/lib/amd64/libzip.so
7f50e2043000-7f50e2044000 rw-p 00007000 00:12 1527326                    /usr/lib/jvm/java-8-openjdk/jre/lib/amd64/libzip.so
7f50e2044000-7f50e204f000 r-xp 00000000 00:12 1709141                    /usr/lib/libnss_files-2.23.so
7f50e204f000-7f50e224e000 ---p 0000b000 00:12 1709141                    /usr/lib/libnss_files-2.23.so
7f50e224e000-7f50e224f000 r--p 0000a000 00:12 1709141                    /usr/lib/libnss_files-2.23.so
7f50e224f000-7f50e2250000 rw-p 0000b000 00:12 1709141                    /usr/lib/libnss_files-2.23.so
7f50e2250000-7f50e2256000 rw-p 00000000 00:00 0 
7f50e2256000-7f50e2282000 r-xp 00000000 00:12 1527325                    /usr/lib/jvm/java-8-openjdk/jre/lib/amd64/libjava.so
7f50e2282000-7f50e2482000 ---p 0002c000 00:12 1527325                    /usr/lib/jvm/java-8-openjdk/jre/lib/amd64/libjava.so
7f50e2482000-7f50e2484000 rw-p 0002c000 00:12 1527325                    /usr/lib/jvm/java-8-openjdk/jre/lib/amd64/libjava.so
7f50e2484000-7f50e2491000 r-xp 00000000 00:12 1527318                    /usr/lib/jvm/java-8-openjdk/jre/lib/amd64/libverify.so
7f50e2491000-7f50e2690000 ---p 0000d000 00:12 1527318                    /usr/lib/jvm/java-8-openjdk/jre/lib/amd64/libverify.so
7f50e2690000-7f50e2692000 rw-p 0000c000 00:12 1527318                    /usr/lib/jvm/java-8-openjdk/jre/lib/amd64/libverify.so
7f50e2692000-7f50e2699000 r-xp 00000000 00:12 1709149                    /usr/lib/librt-2.23.so
7f50e2699000-7f50e2898000 ---p 00007000 00:12 1709149                    /usr/lib/librt-2.23.so
7f50e2898000-7f50e2899000 r--p 00006000 00:12 1709149                    /usr/lib/librt-2.23.so
7f50e2899000-7f50e289a000 rw-p 00007000 00:12 1709149                    /usr/lib/librt-2.23.so
7f50e289a000-7f50e299d000 r-xp 00000000 00:12 1709146                    /usr/lib/libm-2.23.so
7f50e299d000-7f50e2b9c000 ---p 00103000 00:12 1709146                    /usr/lib/libm-2.23.so
7f50e2b9c000-7f50e2b9d000 r--p 00102000 00:12 1709146                    /usr/lib/libm-2.23.so
7f50e2b9d000-7f50e2b9e000 rw-p 00103000 00:12 1709146                    /usr/lib/libm-2.23.so
7f50e2b9e000-7f50e37f3000 r-xp 00000000 00:12 1527349                    /usr/lib/jvm/java-8-openjdk/jre/lib/amd64/server/libjvm.so
7f50e37f3000-7f50e39f3000 ---p 00c55000 00:12 1527349                    /usr/lib/jvm/java-8-openjdk/jre/lib/amd64/server/libjvm.so
7f50e39f3000-7f50e3aaf000 rw-p 00c55000 00:12 1527349                    /usr/lib/jvm/java-8-openjdk/jre/lib/amd64/server/libjvm.so
7f50e3aaf000-7f50e3adf000 rw-p 00000000 00:00 0 
7f50e3adf000-7f50e3c76000 r-xp 00000000 00:12 1709092                    /usr/lib/libc-2.23.so
7f50e3c76000-7f50e3e76000 ---p 00197000 00:12 1709092                    /usr/lib/libc-2.23.so
7f50e3e76000-7f50e3e7a000 r--p 00197000 00:12 1709092                    /usr/lib/libc-2.23.so
7f50e3e7a000-7f50e3e7c000 rw-p 0019b000 00:12 1709092                    /usr/lib/libc-2.23.so
7f50e3e7c000-7f50e3e80000 rw-p 00000000 00:00 0 
7f50e3e80000-7f50e3e82000 r-xp 00000000 00:12 1709145                    /usr/lib/libdl-2.23.so
7f50e3e82000-7f50e4082000 ---p 00002000 00:12 1709145                    /usr/lib/libdl-2.23.so
7f50e4082000-7f50e4083000 r--p 00002000 00:12 1709145                    /usr/lib/libdl-2.23.so
7f50e4083000-7f50e4084000 rw-p 00003000 00:12 1709145                    /usr/lib/libdl-2.23.so
7f50e4084000-7f50e4091000 r-xp 00000000 00:12 1527346                    /usr/lib/jvm/java-8-openjdk/jre/lib/amd64/jli/libjli.so
7f50e4091000-7f50e4290000 ---p 0000d000 00:12 1527346                    /usr/lib/jvm/java-8-openjdk/jre/lib/amd64/jli/libjli.so
7f50e4290000-7f50e4291000 rw-p 0000c000 00:12 1527346                    /usr/lib/jvm/java-8-openjdk/jre/lib/amd64/jli/libjli.so
7f50e4291000-7f50e42a6000 r-xp 00000000 00:12 7053                       /usr/lib/libz.so.1.2.8
7f50e42a6000-7f50e44a5000 ---p 00015000 00:12 7053                       /usr/lib/libz.so.1.2.8
7f50e44a5000-7f50e44a6000 r--p 00014000 00:12 7053                       /usr/lib/libz.so.1.2.8
7f50e44a6000-7f50e44a7000 rw-p 00015000 00:12 7053                       /usr/lib/libz.so.1.2.8
7f50e44a7000-7f50e44bf000 r-xp 00000000 00:12 1709073                    /usr/lib/libpthread-2.23.so
7f50e44bf000-7f50e46be000 ---p 00018000 00:12 1709073                    /usr/lib/libpthread-2.23.so
7f50e46be000-7f50e46bf000 r--p 00017000 00:12 1709073                    /usr/lib/libpthread-2.23.so
7f50e46bf000-7f50e46c0000 rw-p 00018000 00:12 1709073                    /usr/lib/libpthread-2.23.so
7f50e46c0000-7f50e46c4000 rw-p 00000000 00:00 0 
7f50e46c4000-7f50e46e7000 r-xp 00000000 00:12 1709091                    /usr/lib/ld-2.23.so
7f50e46e7000-7f50e46e9000 r--s 0000e000 00:12 1510284                    /home/mrblati/.gradle/caches/modules-2/files-2.1/org.apache.accumulo/accumulo-start/1.7.0.2.4.0.0-169/c191b77dd3806b4e12b8e6afb3573a3ffb0247ca/accumulo-start-1.7.0.2.4.0.0-169.jar
7f50e46e9000-7f50e46ed000 r--s 0002a000 00:12 1510275                    /home/mrblati/.gradle/caches/modules-2/files-2.1/commons-io/commons-io/2.4/b1b6ea3b7e4aa4f492509a4952029cd8e48019ad/commons-io-2.4.jar
7f50e46ed000-7f50e46f3000 r--s 00036000 00:12 1507330                    /home/mrblati/.gradle/caches/modules-2/files-2.1/junit/junit/4.11/4e031bb61df09069aeb2bffb4019e7a5034a4ee0/junit-4.11.jar
7f50e46f3000-7f50e4706000 r--s 00345000 00:12 1527268                    /usr/lib/jvm/java-8-openjdk/jre/lib/resources.jar
7f50e4706000-7f50e47aa000 rw-p 00000000 00:00 0 
7f50e47aa000-7f50e47ad000 ---p 00000000 00:00 0 
7f50e47ad000-7f50e48af000 rw-p 00000000 00:00 0 
7f50e48af000-7f50e48b1000 r--s 0000d000 00:12 1510272                    /home/mrblati/.gradle/caches/modules-2/files-2.1/com.beust/jcommander/1.32/d85d7f3b1895c02065b5f96cd02e514dd233a1aa/jcommander-1.32.jar
7f50e48b1000-7f50e48b3000 r--s 00013000 00:12 1589283                    /home/mrblati/.gradle/caches/modules-2/files-2.1/org.apache.accumulo/accumulo-minicluster/1.7.0.2.4.0.0-169/97d04dc25388118e3cd9010795d2f52eb3096cdd/accumulo-minicluster-1.7.0.2.4.0.0-169.jar
7f50e48b3000-7f50e48b4000 r--s 00000000 00:12 1527264                    /usr/lib/jvm/java-8-openjdk/jre/lib/management-agent.jar
7f50e48b4000-7f50e48b8000 r--s 00097000 00:12 1527267                    /usr/lib/jvm/java-8-openjdk/jre/lib/jsse.jar
7f50e48b8000-7f50e48bb000 r--s 00015000 00:12 1527263                    /usr/lib/jvm/java-8-openjdk/jre/lib/jce.jar
7f50e48bb000-7f50e48c0000 r--s 002f9000 00:12 1527266                    /usr/lib/jvm/java-8-openjdk/jre/lib/charsets.jar
7f50e48c0000-7f50e48c2000 r--s 00023000 00:12 1736047                    /usr/share/intellijidea-ce/plugins/junit/lib/junit-rt.jar
7f50e48c2000-7f50e48c4000 r--s 0001e000 00:12 1736178                    /usr/share/intellijidea-ce/lib/idea_rt.jar
7f50e48c4000-7f50e48d7000 rw-p 00000000 00:00 0 
7f50e48d7000-7f50e48df000 rw-s 00000000 00:26 420814                     /tmp/hsperfdata_mrblati/21709
7f50e48df000-7f50e48e0000 rw-p 00000000 00:00 0 
7f50e48e0000-7f50e48e1000 ---p 00000000 00:00 0 
7f50e48e1000-7f50e48e2000 rw-p 00000000 00:00 0 
7f50e48e2000-7f50e48e5000 r--p 00000000 00:00 0                          [vvar]
7f50e48e5000-7f50e48e7000 r-xp 00000000 00:00 0                          [vdso]
7f50e48e7000-7f50e48e8000 r--p 00023000 00:12 1709091                    /usr/lib/ld-2.23.so
7f50e48e8000-7f50e48e9000 rw-p 00024000 00:12 1709091                    /usr/lib/ld-2.23.so
7f50e48e9000-7f50e48ea000 rw-p 00000000 00:00 0 
7fff935da000-7fff93602000 rw-p 00000000 00:00 0                          [stack]
ffffffffff600000-ffffffffff601000 r-xp 00000000 00:00 0                  [vsyscall]

VM Arguments:
jvm_args: -ea -Didea.launcher.port=7537 -Didea.launcher.bin.path=/usr/share/intellijidea-ce/bin -Didea.junit.sm_runner -Dfile.encoding=UTF-8 
java_command: com.intellij.rt.execution.application.AppMain com.intellij.rt.execution.junit.JUnitStarter -ideVersion5 org.iidp.ostmap.batch_processing.areacalc.FlatMapsAndReduceTest
java_class_path (initial): /usr/share/intellijidea-ce/lib/idea_rt.jar:/usr/share/intellijidea-ce/plugins/junit/lib/junit-rt.jar:/usr/lib/jvm/java-8-openjdk/jre/lib/charsets.jar:/usr/lib/jvm/java-8-openjdk/jre/lib/ext/cldrdata.jar:/usr/lib/jvm/java-8-openjdk/jre/lib/ext/dnsns.jar:/usr/lib/jvm/java-8-openjdk/jre/lib/ext/jaccess.jar:/usr/lib/jvm/java-8-openjdk/jre/lib/ext/localedata.jar:/usr/lib/jvm/java-8-openjdk/jre/lib/ext/nashorn.jar:/usr/lib/jvm/java-8-openjdk/jre/lib/ext/sunec.jar:/usr/lib/jvm/java-8-openjdk/jre/lib/ext/sunjce_provider.jar:/usr/lib/jvm/java-8-openjdk/jre/lib/ext/sunpkcs11.jar:/usr/lib/jvm/java-8-openjdk/jre/lib/ext/zipfs.jar:/usr/lib/jvm/java-8-openjdk/jre/lib/jce.jar:/usr/lib/jvm/java-8-openjdk/jre/lib/jsse.jar:/usr/lib/jvm/java-8-openjdk/jre/lib/management-agent.jar:/usr/lib/jvm/java-8-openjdk/jre/lib/resources.jar:/usr/lib/jvm/java-8-openjdk/jre/lib/rt.jar:/data/repos/OSTMap/batch_processing/build/classes/test:/data/repos/OSTMap/batch_processing/build/classes/main:/data/repos/OSTMap/commons/build/classes/main:/home/mrblati/.gradle/caches/modules-2/files-2.1/org.apache.accumulo/accumulo-core/1.7.0.2.4.0.0-169/4f6d7c41bb075a72aeb9a0d8cb9e1c5ca2a90157/accumulo-core-1.7.0.2.4.0.0-169.jar:/home/mrblati/.gradle/caches/modules-2/files-2.1/com.google.guava/guava/19.0/6ce200f6b23222af3d8abb6b6459e6c44f4bb0e9/guava-19.0.jar:/home/mrblati/.gradle/caches/modules-2/files-2.1/org.apache.flink/flink-streaming-java_2.10/1.0.0/41273a5b5fd8e79aca39fc7efb2a63d5d29d3e76/flink-streaming-java_2.10-1.0.0.jar:/home/mrblati/.gradle/caches/modules-2/files-2.1/org.apache.flink/flink-clients_2.10/1.0.0/6f666dcfa3d1df29709a713ec3e08ae240b399ce/flink-clients_2.10-1.0.0.jar:/home/mrblati/.gradle/caches/modules-2/files-2.1/org.apache.flink/flink-connector-twitter_2.10/1.0.0/c0b721501e8d40ebacebdd3e242d800d99f54e06/flink-connector-twitter_2.10-1.0.0.jar:/home/mrblati/.gradle/caches/modules-2/files-2.1/org.apache.httpcomponents/httpclient/4.5.2/733db77aa8d9b2d68015189df76ab0
Launcher Type: SUN_STANDARD

Environment Variables:
PATH=/usr/local/sbin:/usr/local/bin:/usr/bin:/opt/android-sdk/platform-tools:/opt/android-sdk/tools:/usr/lib/jvm/default/bin:/usr/bin/site_perl:/usr/bin/vendor_perl:/usr/bin/core_perl
USERNAME=mrblati
LD_LIBRARY_PATH=.:
SHELL=/bin/bash
DISPLAY=:0

Signal Handlers:
SIGSEGV: [libjvm.so+0xa5a220], sa_mask[0]=11111111011111111101111111111110, sa_flags=SA_RESTART|SA_SIGINFO
SIGBUS: [libjvm.so+0xa5a220], sa_mask[0]=11111111011111111101111111111110, sa_flags=SA_RESTART|SA_SIGINFO
SIGFPE: [libjvm.so+0x8a5a90], sa_mask[0]=11111111011111111101111111111110, sa_flags=SA_RESTART|SA_SIGINFO
SIGPIPE: [libjvm.so+0x8a5a90], sa_mask[0]=11111111011111111101111111111110, sa_flags=SA_RESTART|SA_SIGINFO
SIGXFSZ: [libjvm.so+0x8a5a90], sa_mask[0]=11111111011111111101111111111110, sa_flags=SA_RESTART|SA_SIGINFO
SIGILL: [libjvm.so+0x8a5a90], sa_mask[0]=11111111011111111101111111111110, sa_flags=SA_RESTART|SA_SIGINFO
SIGUSR1: SIG_DFL, sa_mask[0]=00000000000000000000000000000000, sa_flags=none
SIGUSR2: [libjvm.so+0x8a5940], sa_mask[0]=00100000000000000000000000000000, sa_flags=SA_RESTART|SA_SIGINFO
SIGHUP: [libjvm.so+0x8a5e10], sa_mask[0]=11111111011111111101111111111110, sa_flags=SA_RESTART|SA_SIGINFO
SIGINT: [libjvm.so+0x8a5e10], sa_mask[0]=11111111011111111101111111111110, sa_flags=SA_RESTART|SA_SIGINFO
SIGTERM: [libjvm.so+0x8a5e10], sa_mask[0]=11111111011111111101111111111110, sa_flags=SA_RESTART|SA_SIGINFO
SIGQUIT: [libjvm.so+0x8a5e10], sa_mask[0]=11111111011111111101111111111110, sa_flags=SA_RESTART|SA_SIGINFO


---------------  S Y S T E M  ---------------

OS:NAME="Arch Linux"
ID=arch
PRETTY_NAME="Arch Linux"
ANSI_COLOR="0;36"
HOME_URL="https://www.archlinux.org/"
SUPPORT_URL="https://bbs.archlinux.org/"
BUG_REPORT_URL="https://bugs.archlinux.org/"


uname:Linux 4.5.4-1-ARCH #1 SMP PREEMPT Wed May 11 22:21:28 CEST 2016 x86_64
libc:glibc 2.23 NPTL 2.23 
rlimit: STACK 8192k, CORE infinity, NPROC 14403, NOFILE 4096, AS infinity
load average:1,97 1,22 1,09

/proc/meminfo:
MemTotal:        3893484 kB
MemFree:          136736 kB
MemAvailable:      57012 kB
Buffers:             176 kB
Cached:           272272 kB
SwapCached:            0 kB
Active:          3348024 kB
Inactive:         231160 kB
Active(anon):    3324536 kB
Inactive(anon):   208712 kB
Active(file):      23488 kB
Inactive(file):    22448 kB
Unevictable:           0 kB
Mlocked:               0 kB
SwapTotal:             0 kB
SwapFree:              0 kB
Dirty:              8072 kB
Writeback:             0 kB
AnonPages:       3307024 kB
Mapped:            57028 kB
Shmem:            225812 kB
Slab:              79788 kB
SReclaimable:      39148 kB
SUnreclaim:        40640 kB
KernelStack:       13840 kB
PageTables:        34588 kB
NFS_Unstable:          0 kB
Bounce:                0 kB
WritebackTmp:          0 kB
CommitLimit:     1946740 kB
Committed_AS:    7179232 kB
VmallocTotal:   34359738367 kB
VmallocUsed:           0 kB
VmallocChunk:          0 kB
HardwareCorrupted:     0 kB
AnonHugePages:   1742848 kB
HugePages_Total:       0
HugePages_Free:        0
HugePages_Rsvd:        0
HugePages_Surp:        0
Hugepagesize:       2048 kB
DirectMap4k:       96568 kB
DirectMap2M:     3940352 kB


CPU:total 4 (2 cores per cpu, 2 threads per core) family 6 model 58 stepping 9, cmov, cx8, fxsr, mmx, sse, sse2, sse3, ssse3, sse4.1, sse4.2, popcnt, avx, clmul, erms, ht, tsc, tscinvbit, tscinv

/proc/cpuinfo:
processor	: 0
vendor_id	: GenuineIntel
cpu family	: 6
model		: 58
model name	: Intel(R) Core(TM) i5-3210M CPU @ 2.50GHz
stepping	: 9
microcode	: 0x12
cpu MHz		: 2900.000
cache size	: 3072 KB
physical id	: 0
siblings	: 4
core id		: 0
cpu cores	: 2
apicid		: 0
initial apicid	: 0
fpu		: yes
fpu_exception	: yes
cpuid level	: 13
wp		: yes
flags		: fpu vme de pse tsc msr pae mce cx8 apic sep mtrr pge mca cmov pat pse36 clflush dts acpi mmx fxsr sse sse2 ss ht tm pbe syscall nx rdtscp lm constant_tsc arch_perfmon pebs bts rep_good nopl xtopology nonstop_tsc aperfmperf eagerfpu pni pclmulqdq dtes64 monitor ds_cpl vmx est tm2 ssse3 cx16 xtpr pdcm pcid sse4_1 sse4_2 x2apic popcnt tsc_deadline_timer xsave avx f16c rdrand lahf_lm epb tpr_shadow vnmi flexpriority ept vpid fsgsbase smep erms xsaveopt dtherm ida arat pln pts
bugs		:
bogomips	: 4990.45
clflush size	: 64
cache_alignment	: 64
address sizes	: 36 bits physical, 48 bits virtual
power management:

processor	: 1
vendor_id	: GenuineIntel
cpu family	: 6
model		: 58
model name	: Intel(R) Core(TM) i5-3210M CPU @ 2.50GHz
stepping	: 9
microcode	: 0x12
cpu MHz		: 2900.000
cache size	: 3072 KB
physical id	: 0
siblings	: 4
core id		: 0
cpu cores	: 2
apicid		: 1
initial apicid	: 1
fpu		: yes
fpu_exception	: yes
cpuid level	: 13
wp		: yes
flags		: fpu vme de pse tsc msr pae mce cx8 apic sep mtrr pge mca cmov pat pse36 clflush dts acpi mmx fxsr sse sse2 ss ht tm pbe syscall nx rdtscp lm constant_tsc arch_perfmon pebs bts rep_good nopl xtopology nonstop_tsc aperfmperf eagerfpu pni pclmulqdq dtes64 monitor ds_cpl vmx est tm2 ssse3 cx16 xtpr pdcm pcid sse4_1 sse4_2 x2apic popcnt tsc_deadline_timer xsave avx f16c rdrand lahf_lm epb tpr_shadow vnmi flexpriority ept vpid fsgsbase smep erms xsaveopt dtherm ida arat pln pts
bugs		:
bogomips	: 4990.45
clflush size	: 64
cache_alignment	: 64
address sizes	: 36 bits physical, 48 bits virtual
power management:

processor	: 2
vendor_id	: GenuineIntel
cpu family	: 6
model		: 58
model name	: Intel(R) Core(TM) i5-3210M CPU @ 2.50GHz
stepping	: 9
microcode	: 0x12
cpu MHz		: 2945.117
cache size	: 3072 KB
physical id	: 0
siblings	: 4
core id		: 1
cpu cores	: 2
apicid		: 2
initial apicid	: 2
fpu		: yes
fpu_exception	: yes
cpuid level	: 13
wp		: yes
flags		: fpu vme de pse tsc msr pae mce cx8 apic sep mtrr pge mca cmov pat pse36 clflush dts acpi mmx fxsr sse sse2 ss ht tm pbe syscall nx rdtscp lm constant_tsc arch_perfmon pebs bts rep_good nopl xtopology nonstop_tsc aperfmperf eagerfpu pni pclmulqdq dtes64 monitor ds_cpl vmx est tm2 ssse3 cx16 xtpr pdcm pcid sse4_1 sse4_2 x2apic popcnt tsc_deadline_timer xsave avx f16c rdrand lahf_lm epb tpr_shadow vnmi flexpriority ept vpid fsgsbase smep erms xsaveopt dtherm ida arat pln pts
bugs		:
bogomips	: 4990.45
clflush size	: 64
cache_alignment	: 64
address sizes	: 36 bits physical, 48 bits virtual
power management:

processor	: 3
vendor_id	: GenuineIntel
cpu family	: 6
model		: 58
model name	: Intel(R) Core(TM) i5-3210M CPU @ 2.50GHz
stepping	: 9
microcode	: 0x12
cpu MHz		: 2901.660
cache size	: 3072 KB
physical id	: 0
siblings	: 4
core id		: 1
cpu cores	: 2
apicid		: 3
initial apicid	: 3
fpu		: yes
fpu_exception	: yes
cpuid level	: 13
wp		: yes
flags		: fpu vme de pse tsc msr pae mce cx8 apic sep mtrr pge mca cmov pat pse36 clflush dts acpi mmx fxsr sse sse2 ss ht tm pbe syscall nx rdtscp lm constant_tsc arch_perfmon pebs bts rep_good nopl xtopology nonstop_tsc aperfmperf eagerfpu pni pclmulqdq dtes64 monitor ds_cpl vmx est tm2 ssse3 cx16 xtpr pdcm pcid sse4_1 sse4_2 x2apic popcnt tsc_deadline_timer xsave avx f16c rdrand lahf_lm epb tpr_shadow vnmi flexpriority ept vpid fsgsbase smep erms xsaveopt dtherm ida arat pln pts
bugs		:
bogomips	: 4990.45
clflush size	: 64
cache_alignment	: 64
address sizes	: 36 bits physical, 48 bits virtual
power management:



Memory: 4k page, physical 3893484k(136736k free), swap 0k(0k free)

vm_info: OpenJDK 64-Bit Server VM (25.92-b14) for linux-amd64 JRE (1.8.0_92-b14), built on Apr 24 2016 15:02:36 by "builduser" with gcc 5.3.0

time: Sun May 15 18:06:28 2016
elapsed time: 20 seconds (0d 0h 0m 20s)

